2019-11-11 08:57:18,693 INFO (StartupInfoLogger.java:50)- Starting Application on DESKTOP-H8FS49Q with PID 11444 (D:\eclipse-workspace\spring-boot-ledediter\target\classes started by 86139 in D:\eclipse-workspace\spring-boot-ledediter)
2019-11-11 08:57:18,708 INFO (SpringApplication.java:675)- No active profile set, falling back to default profiles: default
2019-11-11 08:57:18,849 INFO (DeferredLog.java:227)- Devtools property defaults active! Set 'spring.devtools.add-properties' to 'false' to disable
2019-11-11 08:57:18,864 INFO (DeferredLog.java:227)- For additional web related logging consider setting the 'logging.level.web' property to 'DEBUG'
2019-11-11 08:57:23,035 INFO (PostProcessorRegistrationDelegate.java:330)- Bean 'shiroConfig' of type [org.hds.config.ShiroConfig$$EnhancerBySpringCGLIB$$e7e6eac4] is not eligible for getting processed by all BeanPostProcessors (for example: not eligible for auto-proxying)
2019-11-11 08:57:24,222 INFO (PostProcessorRegistrationDelegate.java:330)- Bean 'mybatis-org.mybatis.spring.boot.autoconfigure.MybatisProperties' of type [org.mybatis.spring.boot.autoconfigure.MybatisProperties] is not eligible for getting processed by all BeanPostProcessors (for example: not eligible for auto-proxying)
2019-11-11 08:57:24,232 INFO (PostProcessorRegistrationDelegate.java:330)- Bean 'org.mybatis.spring.boot.autoconfigure.MybatisAutoConfiguration' of type [org.mybatis.spring.boot.autoconfigure.MybatisAutoConfiguration$$EnhancerBySpringCGLIB$$a342c527] is not eligible for getting processed by all BeanPostProcessors (for example: not eligible for auto-proxying)
2019-11-11 08:57:24,232 INFO (PostProcessorRegistrationDelegate.java:330)- Bean 'druidDBConfig' of type [org.hds.config.DruidDBConfig$$EnhancerBySpringCGLIB$$ef920833] is not eligible for getting processed by all BeanPostProcessors (for example: not eligible for auto-proxying)
2019-11-11 08:57:24,388 INFO (PostProcessorRegistrationDelegate.java:330)- Bean 'dataSource' of type [com.alibaba.druid.pool.DruidDataSource] is not eligible for getting processed by all BeanPostProcessors (for example: not eligible for auto-proxying)
2019-11-11 08:57:24,529 INFO (PostProcessorRegistrationDelegate.java:330)- Bean 'sqlSessionFactory' of type [org.apache.ibatis.session.defaults.DefaultSqlSessionFactory] is not eligible for getting processed by all BeanPostProcessors (for example: not eligible for auto-proxying)
2019-11-11 08:57:24,545 INFO (PostProcessorRegistrationDelegate.java:330)- Bean 'sqlSessionTemplate' of type [org.mybatis.spring.SqlSessionTemplate] is not eligible for getting processed by all BeanPostProcessors (for example: not eligible for auto-proxying)
2019-11-11 08:57:24,670 INFO (PostProcessorRegistrationDelegate.java:330)- Bean 'userMapper' of type [org.mybatis.spring.mapper.MapperFactoryBean] is not eligible for getting processed by all BeanPostProcessors (for example: not eligible for auto-proxying)
2019-11-11 08:57:24,670 INFO (PostProcessorRegistrationDelegate.java:330)- Bean 'userMapper' of type [com.sun.proxy.$Proxy66] is not eligible for getting processed by all BeanPostProcessors (for example: not eligible for auto-proxying)
2019-11-11 08:57:24,670 INFO (PostProcessorRegistrationDelegate.java:330)- Bean 'customRealm' of type [org.hds.config.MyShiroRealm] is not eligible for getting processed by all BeanPostProcessors (for example: not eligible for auto-proxying)
2019-11-11 08:57:24,685 INFO (PostProcessorRegistrationDelegate.java:330)- Bean 'securityManager' of type [org.apache.shiro.web.mgt.DefaultWebSecurityManager] is not eligible for getting processed by all BeanPostProcessors (for example: not eligible for auto-proxying)
2019-11-11 08:57:24,857 INFO (PostProcessorRegistrationDelegate.java:330)- Bean 'org.springframework.transaction.annotation.ProxyTransactionManagementConfiguration' of type [org.springframework.transaction.annotation.ProxyTransactionManagementConfiguration$$EnhancerBySpringCGLIB$$706e73f7] is not eligible for getting processed by all BeanPostProcessors (for example: not eligible for auto-proxying)
2019-11-11 08:57:24,873 INFO (PostProcessorRegistrationDelegate.java:330)- Bean 'authorizationAttributeSourceAdvisor' of type [org.apache.shiro.spring.security.interceptor.AuthorizationAttributeSourceAdvisor] is not eligible for getting processed by all BeanPostProcessors (for example: not eligible for auto-proxying)
2019-11-11 08:57:25,732 INFO (TomcatWebServer.java:90)- Tomcat initialized with port(s): 8011 (http)
2019-11-11 08:57:25,755 INFO (DirectJDKLog.java:173)- Initializing ProtocolHandler ["http-nio-8011"]
2019-11-11 08:57:25,771 INFO (DirectJDKLog.java:173)- Starting service [Tomcat]
2019-11-11 08:57:25,771 INFO (DirectJDKLog.java:173)- Starting Servlet engine: [Apache Tomcat/9.0.16]
2019-11-11 08:57:25,802 INFO (DirectJDKLog.java:173)- The APR based Apache Tomcat Native library which allows optimal performance in production environments was not found on the java.library.path: [C:\Program Files\Java\jre1.8.0_211\bin;C:\Windows\Sun\Java\bin;C:\Windows\system32;C:\Windows;C:/Program Files/Java/jre1.8.0_211/bin/server;C:/Program Files/Java/jre1.8.0_211/bin;C:/Program Files/Java/jre1.8.0_211/lib/amd64;C:\Program Files (x86)\Common Files\Oracle\Java\javapath;C:\Program Files (x86)\Intel\Intel(R) Management Engine Components\iCLS\;C:\Program Files\Intel\Intel(R) Management Engine Components\iCLS\;C:\Windows\system32;C:\Windows;C:\Windows\System32\Wbem;C:\Windows\System32\WindowsPowerShell\v1.0\;C:\Windows\System32\OpenSSH\;C:\Program Files (x86)\Intel\Intel(R) Management Engine Components\DAL;C:\Program Files\Intel\Intel(R) Management Engine Components\DAL;C:\Program Files (x86)\Intel\Intel(R) Management Engine Components\IPT;C:\Program Files\Intel\Intel(R) Management Engine Components\IPT;C:\Program Files (x86)\NVIDIA Corporation\PhysX\Common;C:\Program Files\NVIDIA Corporation\NVIDIA NvDLISR;C:\Program Files\MySQL\bin;C:\Program Files\Java\jre1.8.0_202\bin;C:\Program Files\Microsoft\Web Platform Installer\;C:\Program Files (x86)\Microsoft ASP.NET\ASP.NET Web Pages\v1.0\;C:\Program Files (x86)\Windows Kits\8.0\Windows Performance Toolkit\;C:\Program Files\Microsoft SQL Server\110\Tools\Binn\;C:\Program Files (x86)\Microsoft SQL Server\100\Tools\Binn\;C:\Program Files\Microsoft SQL Server\100\Tools\Binn\;C:\Program Files\Microsoft SQL Server\100\DTS\Binn\;C:\Program Files (x86)\Microsoft SQL Server\100\Tools\Binn\VSShell\Common7\IDE\;C:\Program Files (x86)\Microsoft Visual Studio 9.0\Common7\IDE\PrivateAssemblies\;C:\Program Files (x86)\Microsoft SQL Server\100\DTS\Binn\;d:\Program Files\Git\cmd;C:\Users\86139\AppData\Local\Microsoft\WindowsApps;;D:\eclipse;;.]
2019-11-11 08:57:25,995 INFO (DirectJDKLog.java:173)- Initializing Spring embedded WebApplicationContext
2019-11-11 08:57:25,995 INFO (ServletWebServerApplicationContext.java:296)- Root WebApplicationContext: initialization completed in 7131 ms
2019-11-11 08:57:27,221 INFO (ExecutorConfigurationSupport.java:171)- Initializing ExecutorService 'applicationTaskExecutor'
2019-11-11 08:57:27,521 WARN (TemplateMode.java:150)- [THYMELEAF][restartedMain] Template Mode 'LEGACYHTML5' is deprecated. Using Template Mode 'HTML' instead.
2019-11-11 08:57:27,599 INFO (WelcomePageHandlerMapping.java:61)- Adding welcome page template: index
2019-11-11 08:57:29,146 INFO (OptionalLiveReloadServer.java:57)- LiveReload server is running on port 35729
2019-11-11 08:57:29,208 INFO (DirectJDKLog.java:173)- Starting ProtocolHandler ["http-nio-8011"]
2019-11-11 08:57:29,287 INFO (TomcatWebServer.java:204)- Tomcat started on port(s): 8011 (http) with context path ''
2019-11-11 08:57:29,287 INFO (StartupInfoLogger.java:59)- Started Application in 12.137 seconds (JVM running for 13.419)
2019-11-11 09:29:25,032 INFO (ExecutorConfigurationSupport.java:208)- Shutting down ExecutorService 'applicationTaskExecutor'
2019-11-11 09:29:25,990 INFO (StartupInfoLogger.java:50)- Starting Application on DESKTOP-H8FS49Q with PID 11444 (D:\eclipse-workspace\spring-boot-ledediter\target\classes started by 86139 in D:\eclipse-workspace\spring-boot-ledediter)
2019-11-11 09:29:25,990 INFO (SpringApplication.java:675)- No active profile set, falling back to default profiles: default
2019-11-11 09:29:29,049 INFO (PostProcessorRegistrationDelegate.java:330)- Bean 'shiroConfig' of type [org.hds.config.ShiroConfig$$EnhancerBySpringCGLIB$$e7e6eac4] is not eligible for getting processed by all BeanPostProcessors (for example: not eligible for auto-proxying)
2019-11-11 09:29:29,082 INFO (PostProcessorRegistrationDelegate.java:330)- Bean 'mybatis-org.mybatis.spring.boot.autoconfigure.MybatisProperties' of type [org.mybatis.spring.boot.autoconfigure.MybatisProperties] is not eligible for getting processed by all BeanPostProcessors (for example: not eligible for auto-proxying)
2019-11-11 09:29:29,098 INFO (PostProcessorRegistrationDelegate.java:330)- Bean 'org.mybatis.spring.boot.autoconfigure.MybatisAutoConfiguration' of type [org.mybatis.spring.boot.autoconfigure.MybatisAutoConfiguration$$EnhancerBySpringCGLIB$$a342c527] is not eligible for getting processed by all BeanPostProcessors (for example: not eligible for auto-proxying)
2019-11-11 09:29:29,098 INFO (PostProcessorRegistrationDelegate.java:330)- Bean 'druidDBConfig' of type [org.hds.config.DruidDBConfig$$EnhancerBySpringCGLIB$$ef920833] is not eligible for getting processed by all BeanPostProcessors (for example: not eligible for auto-proxying)
2019-11-11 09:29:29,113 INFO (PostProcessorRegistrationDelegate.java:330)- Bean 'dataSource' of type [com.alibaba.druid.pool.DruidDataSource] is not eligible for getting processed by all BeanPostProcessors (for example: not eligible for auto-proxying)
2019-11-11 09:29:29,129 INFO (PostProcessorRegistrationDelegate.java:330)- Bean 'sqlSessionFactory' of type [org.apache.ibatis.session.defaults.DefaultSqlSessionFactory] is not eligible for getting processed by all BeanPostProcessors (for example: not eligible for auto-proxying)
2019-11-11 09:29:29,129 INFO (PostProcessorRegistrationDelegate.java:330)- Bean 'sqlSessionTemplate' of type [org.mybatis.spring.SqlSessionTemplate] is not eligible for getting processed by all BeanPostProcessors (for example: not eligible for auto-proxying)
2019-11-11 09:29:29,145 INFO (PostProcessorRegistrationDelegate.java:330)- Bean 'userMapper' of type [org.mybatis.spring.mapper.MapperFactoryBean] is not eligible for getting processed by all BeanPostProcessors (for example: not eligible for auto-proxying)
2019-11-11 09:29:29,160 INFO (PostProcessorRegistrationDelegate.java:330)- Bean 'userMapper' of type [com.sun.proxy.$Proxy99] is not eligible for getting processed by all BeanPostProcessors (for example: not eligible for auto-proxying)
2019-11-11 09:29:29,160 INFO (PostProcessorRegistrationDelegate.java:330)- Bean 'customRealm' of type [org.hds.config.MyShiroRealm] is not eligible for getting processed by all BeanPostProcessors (for example: not eligible for auto-proxying)
2019-11-11 09:29:29,160 INFO (PostProcessorRegistrationDelegate.java:330)- Bean 'securityManager' of type [org.apache.shiro.web.mgt.DefaultWebSecurityManager] is not eligible for getting processed by all BeanPostProcessors (for example: not eligible for auto-proxying)
2019-11-11 09:29:29,236 INFO (PostProcessorRegistrationDelegate.java:330)- Bean 'org.springframework.transaction.annotation.ProxyTransactionManagementConfiguration' of type [org.springframework.transaction.annotation.ProxyTransactionManagementConfiguration$$EnhancerBySpringCGLIB$$706e73f7] is not eligible for getting processed by all BeanPostProcessors (for example: not eligible for auto-proxying)
2019-11-11 09:29:29,236 INFO (PostProcessorRegistrationDelegate.java:330)- Bean 'authorizationAttributeSourceAdvisor' of type [org.apache.shiro.spring.security.interceptor.AuthorizationAttributeSourceAdvisor] is not eligible for getting processed by all BeanPostProcessors (for example: not eligible for auto-proxying)
2019-11-11 09:29:29,510 INFO (TomcatWebServer.java:90)- Tomcat initialized with port(s): 8011 (http)
2019-11-11 09:29:29,510 INFO (DirectJDKLog.java:173)- Initializing ProtocolHandler ["http-nio-8011"]
2019-11-11 09:29:29,510 INFO (DirectJDKLog.java:173)- Starting service [Tomcat]
2019-11-11 09:29:29,510 INFO (DirectJDKLog.java:173)- Starting Servlet engine: [Apache Tomcat/9.0.16]
2019-11-11 09:29:29,541 INFO (DirectJDKLog.java:173)- Initializing Spring embedded WebApplicationContext
2019-11-11 09:29:29,541 INFO (ServletWebServerApplicationContext.java:296)- Root WebApplicationContext: initialization completed in 3535 ms
2019-11-11 09:29:30,291 INFO (ExecutorConfigurationSupport.java:171)- Initializing ExecutorService 'applicationTaskExecutor'
2019-11-11 09:29:30,358 WARN (TemplateMode.java:150)- [THYMELEAF][restartedMain] Template Mode 'LEGACYHTML5' is deprecated. Using Template Mode 'HTML' instead.
2019-11-11 09:29:30,389 INFO (WelcomePageHandlerMapping.java:61)- Adding welcome page template: index
2019-11-11 09:29:31,768 INFO (OptionalLiveReloadServer.java:57)- LiveReload server is running on port 35729
2019-11-11 09:29:31,777 INFO (DirectJDKLog.java:173)- Starting ProtocolHandler ["http-nio-8011"]
2019-11-11 09:29:31,793 INFO (TomcatWebServer.java:204)- Tomcat started on port(s): 8011 (http) with context path ''
2019-11-11 09:29:31,793 INFO (StartupInfoLogger.java:59)- Started Application in 6.022 seconds (JVM running for 1935.918)
2019-11-11 09:29:31,793 INFO (ConditionEvaluationDeltaLoggingListener.java:70)- Condition evaluation unchanged
2019-11-11 09:47:02,935 INFO (ExecutorConfigurationSupport.java:208)- Shutting down ExecutorService 'applicationTaskExecutor'
2019-11-11 09:47:03,713 INFO (StartupInfoLogger.java:50)- Starting Application on DESKTOP-H8FS49Q with PID 11444 (D:\eclipse-workspace\spring-boot-ledediter\target\classes started by 86139 in D:\eclipse-workspace\spring-boot-ledediter)
2019-11-11 09:47:03,713 INFO (SpringApplication.java:675)- No active profile set, falling back to default profiles: default
2019-11-11 09:47:06,090 INFO (PostProcessorRegistrationDelegate.java:330)- Bean 'shiroConfig' of type [org.hds.config.ShiroConfig$$EnhancerBySpringCGLIB$$e7e6eac4] is not eligible for getting processed by all BeanPostProcessors (for example: not eligible for auto-proxying)
2019-11-11 09:47:06,119 INFO (PostProcessorRegistrationDelegate.java:330)- Bean 'mybatis-org.mybatis.spring.boot.autoconfigure.MybatisProperties' of type [org.mybatis.spring.boot.autoconfigure.MybatisProperties] is not eligible for getting processed by all BeanPostProcessors (for example: not eligible for auto-proxying)
2019-11-11 09:47:06,119 INFO (PostProcessorRegistrationDelegate.java:330)- Bean 'org.mybatis.spring.boot.autoconfigure.MybatisAutoConfiguration' of type [org.mybatis.spring.boot.autoconfigure.MybatisAutoConfiguration$$EnhancerBySpringCGLIB$$a342c527] is not eligible for getting processed by all BeanPostProcessors (for example: not eligible for auto-proxying)
2019-11-11 09:47:06,135 INFO (PostProcessorRegistrationDelegate.java:330)- Bean 'druidDBConfig' of type [org.hds.config.DruidDBConfig$$EnhancerBySpringCGLIB$$ef920833] is not eligible for getting processed by all BeanPostProcessors (for example: not eligible for auto-proxying)
2019-11-11 09:47:06,135 INFO (PostProcessorRegistrationDelegate.java:330)- Bean 'dataSource' of type [com.alibaba.druid.pool.DruidDataSource] is not eligible for getting processed by all BeanPostProcessors (for example: not eligible for auto-proxying)
2019-11-11 09:47:06,150 INFO (PostProcessorRegistrationDelegate.java:330)- Bean 'sqlSessionFactory' of type [org.apache.ibatis.session.defaults.DefaultSqlSessionFactory] is not eligible for getting processed by all BeanPostProcessors (for example: not eligible for auto-proxying)
2019-11-11 09:47:06,150 INFO (PostProcessorRegistrationDelegate.java:330)- Bean 'sqlSessionTemplate' of type [org.mybatis.spring.SqlSessionTemplate] is not eligible for getting processed by all BeanPostProcessors (for example: not eligible for auto-proxying)
2019-11-11 09:47:06,166 INFO (PostProcessorRegistrationDelegate.java:330)- Bean 'userMapper' of type [org.mybatis.spring.mapper.MapperFactoryBean] is not eligible for getting processed by all BeanPostProcessors (for example: not eligible for auto-proxying)
2019-11-11 09:47:06,182 INFO (PostProcessorRegistrationDelegate.java:330)- Bean 'userMapper' of type [com.sun.proxy.$Proxy114] is not eligible for getting processed by all BeanPostProcessors (for example: not eligible for auto-proxying)
2019-11-11 09:47:06,182 INFO (PostProcessorRegistrationDelegate.java:330)- Bean 'customRealm' of type [org.hds.config.MyShiroRealm] is not eligible for getting processed by all BeanPostProcessors (for example: not eligible for auto-proxying)
2019-11-11 09:47:06,182 INFO (PostProcessorRegistrationDelegate.java:330)- Bean 'securityManager' of type [org.apache.shiro.web.mgt.DefaultWebSecurityManager] is not eligible for getting processed by all BeanPostProcessors (for example: not eligible for auto-proxying)
2019-11-11 09:47:06,197 INFO (PostProcessorRegistrationDelegate.java:330)- Bean 'org.springframework.transaction.annotation.ProxyTransactionManagementConfiguration' of type [org.springframework.transaction.annotation.ProxyTransactionManagementConfiguration$$EnhancerBySpringCGLIB$$706e73f7] is not eligible for getting processed by all BeanPostProcessors (for example: not eligible for auto-proxying)
2019-11-11 09:47:06,197 INFO (PostProcessorRegistrationDelegate.java:330)- Bean 'authorizationAttributeSourceAdvisor' of type [org.apache.shiro.spring.security.interceptor.AuthorizationAttributeSourceAdvisor] is not eligible for getting processed by all BeanPostProcessors (for example: not eligible for auto-proxying)
2019-11-11 09:47:06,353 INFO (TomcatWebServer.java:90)- Tomcat initialized with port(s): 8011 (http)
2019-11-11 09:47:06,353 INFO (DirectJDKLog.java:173)- Initializing ProtocolHandler ["http-nio-8011"]
2019-11-11 09:47:06,353 INFO (DirectJDKLog.java:173)- Starting service [Tomcat]
2019-11-11 09:47:06,353 INFO (DirectJDKLog.java:173)- Starting Servlet engine: [Apache Tomcat/9.0.16]
2019-11-11 09:47:06,385 INFO (DirectJDKLog.java:173)- Initializing Spring embedded WebApplicationContext
2019-11-11 09:47:06,385 INFO (ServletWebServerApplicationContext.java:296)- Root WebApplicationContext: initialization completed in 2659 ms
2019-11-11 09:47:06,822 INFO (ExecutorConfigurationSupport.java:171)- Initializing ExecutorService 'applicationTaskExecutor'
2019-11-11 09:47:06,900 WARN (TemplateMode.java:150)- [THYMELEAF][restartedMain] Template Mode 'LEGACYHTML5' is deprecated. Using Template Mode 'HTML' instead.
2019-11-11 09:47:06,916 INFO (WelcomePageHandlerMapping.java:61)- Adding welcome page template: index
2019-11-11 09:47:08,150 INFO (OptionalLiveReloadServer.java:57)- LiveReload server is running on port 35729
2019-11-11 09:47:08,164 INFO (DirectJDKLog.java:173)- Starting ProtocolHandler ["http-nio-8011"]
2019-11-11 09:47:08,175 INFO (TomcatWebServer.java:204)- Tomcat started on port(s): 8011 (http) with context path ''
2019-11-11 09:47:08,176 INFO (StartupInfoLogger.java:59)- Started Application in 4.647 seconds (JVM running for 2992.298)
2019-11-11 09:47:08,179 INFO (ConditionEvaluationDeltaLoggingListener.java:70)- Condition evaluation unchanged
2019-11-11 09:47:21,603 INFO (DirectJDKLog.java:173)- Initializing Spring DispatcherServlet 'dispatcherServlet'
2019-11-11 09:47:21,605 INFO (FrameworkServlet.java:524)- Initializing Servlet 'dispatcherServlet'
2019-11-11 09:47:21,617 INFO (FrameworkServlet.java:546)- Completed initialization in 12 ms
2019-11-11 09:47:22,147 INFO (DruidDataSource.java:930)- {dataSource-1} inited
2019-11-11 09:47:22,533 INFO (operateLog.java:25)- ===用户登录:admin返回结果:{"result":"success","adminInfo":{"adminRemarks":"VmpGYVYyRXhWWGxXYmtwT1ZteGFiMXBYZUV0VU1YQllaRWhPVDFKc1NuaFZWM1JMWVVaR1ZVMUVhejA9","admincount":0,"adminid":1,"adminlevel":1,"adminname":"admin","adminpermission":"1111111","adminpwd":"","adminstatus":0,"delindex":0,"grpcount":0,"issuperuser":1,"parentid":0,"projectid":""}}===
2019-11-11 09:47:22,784 INFO (MainController.java:27)- /main Open
2019-11-11 09:47:23,567 INFO (operateLog.java:25)- ===用户:admin/getGroup===
2019-11-11 09:47:25,085 INFO (operateLog.java:25)- ===用户:admin/getadvEditListbyGrpid===
2019-11-11 09:47:25,217 INFO (operateLog.java:25)- ===用户:admin 广告id:358获取显示项返回结果:{"result":"success","itemlist":[]}===
2019-11-11 09:47:32,882 INFO (operateLog.java:25)- ===用户:admin 广告id:358保存显示项返回结果:{"result":"success","infoID":358}===
2019-11-11 09:55:41,233 INFO (ExecutorConfigurationSupport.java:208)- Shutting down ExecutorService 'applicationTaskExecutor'
2019-11-11 09:55:41,241 INFO (DruidDataSource.java:1825)- {dataSource-1} closed
2019-11-11 09:55:42,375 INFO (StartupInfoLogger.java:50)- Starting Application on DESKTOP-H8FS49Q with PID 11444 (D:\eclipse-workspace\spring-boot-ledediter\target\classes started by 86139 in D:\eclipse-workspace\spring-boot-ledediter)
2019-11-11 09:55:42,375 INFO (SpringApplication.java:675)- No active profile set, falling back to default profiles: default
2019-11-11 09:55:45,476 INFO (PostProcessorRegistrationDelegate.java:330)- Bean 'shiroConfig' of type [org.hds.config.ShiroConfig$$EnhancerBySpringCGLIB$$e7e6eac4] is not eligible for getting processed by all BeanPostProcessors (for example: not eligible for auto-proxying)
2019-11-11 09:55:45,552 INFO (PostProcessorRegistrationDelegate.java:330)- Bean 'mybatis-org.mybatis.spring.boot.autoconfigure.MybatisProperties' of type [org.mybatis.spring.boot.autoconfigure.MybatisProperties] is not eligible for getting processed by all BeanPostProcessors (for example: not eligible for auto-proxying)
2019-11-11 09:55:45,556 INFO (PostProcessorRegistrationDelegate.java:330)- Bean 'org.mybatis.spring.boot.autoconfigure.MybatisAutoConfiguration' of type [org.mybatis.spring.boot.autoconfigure.MybatisAutoConfiguration$$EnhancerBySpringCGLIB$$a342c527] is not eligible for getting processed by all BeanPostProcessors (for example: not eligible for auto-proxying)
2019-11-11 09:55:45,568 INFO (PostProcessorRegistrationDelegate.java:330)- Bean 'druidDBConfig' of type [org.hds.config.DruidDBConfig$$EnhancerBySpringCGLIB$$ef920833] is not eligible for getting processed by all BeanPostProcessors (for example: not eligible for auto-proxying)
2019-11-11 09:55:45,575 INFO (PostProcessorRegistrationDelegate.java:330)- Bean 'dataSource' of type [com.alibaba.druid.pool.DruidDataSource] is not eligible for getting processed by all BeanPostProcessors (for example: not eligible for auto-proxying)
2019-11-11 09:55:45,616 INFO (PostProcessorRegistrationDelegate.java:330)- Bean 'sqlSessionFactory' of type [org.apache.ibatis.session.defaults.DefaultSqlSessionFactory] is not eligible for getting processed by all BeanPostProcessors (for example: not eligible for auto-proxying)
2019-11-11 09:55:45,619 INFO (PostProcessorRegistrationDelegate.java:330)- Bean 'sqlSessionTemplate' of type [org.mybatis.spring.SqlSessionTemplate] is not eligible for getting processed by all BeanPostProcessors (for example: not eligible for auto-proxying)
2019-11-11 09:55:45,703 INFO (PostProcessorRegistrationDelegate.java:330)- Bean 'userMapper' of type [org.mybatis.spring.mapper.MapperFactoryBean] is not eligible for getting processed by all BeanPostProcessors (for example: not eligible for auto-proxying)
2019-11-11 09:55:45,735 INFO (PostProcessorRegistrationDelegate.java:330)- Bean 'userMapper' of type [com.sun.proxy.$Proxy132] is not eligible for getting processed by all BeanPostProcessors (for example: not eligible for auto-proxying)
2019-11-11 09:55:45,737 INFO (PostProcessorRegistrationDelegate.java:330)- Bean 'customRealm' of type [org.hds.config.MyShiroRealm] is not eligible for getting processed by all BeanPostProcessors (for example: not eligible for auto-proxying)
2019-11-11 09:55:45,747 INFO (PostProcessorRegistrationDelegate.java:330)- Bean 'securityManager' of type [org.apache.shiro.web.mgt.DefaultWebSecurityManager] is not eligible for getting processed by all BeanPostProcessors (for example: not eligible for auto-proxying)
2019-11-11 09:55:45,795 INFO (PostProcessorRegistrationDelegate.java:330)- Bean 'org.springframework.transaction.annotation.ProxyTransactionManagementConfiguration' of type [org.springframework.transaction.annotation.ProxyTransactionManagementConfiguration$$EnhancerBySpringCGLIB$$706e73f7] is not eligible for getting processed by all BeanPostProcessors (for example: not eligible for auto-proxying)
2019-11-11 09:55:45,800 INFO (PostProcessorRegistrationDelegate.java:330)- Bean 'authorizationAttributeSourceAdvisor' of type [org.apache.shiro.spring.security.interceptor.AuthorizationAttributeSourceAdvisor] is not eligible for getting processed by all BeanPostProcessors (for example: not eligible for auto-proxying)
2019-11-11 09:55:46,316 INFO (TomcatWebServer.java:90)- Tomcat initialized with port(s): 8011 (http)
2019-11-11 09:55:46,320 INFO (DirectJDKLog.java:173)- Initializing ProtocolHandler ["http-nio-8011"]
2019-11-11 09:55:46,330 INFO (DirectJDKLog.java:173)- Starting service [Tomcat]
2019-11-11 09:55:46,331 INFO (DirectJDKLog.java:173)- Starting Servlet engine: [Apache Tomcat/9.0.16]
2019-11-11 09:55:46,398 INFO (DirectJDKLog.java:173)- Initializing Spring embedded WebApplicationContext
2019-11-11 09:55:46,399 INFO (ServletWebServerApplicationContext.java:296)- Root WebApplicationContext: initialization completed in 3997 ms
2019-11-11 09:55:46,548 WARN (DirectJDKLog.java:173)- Cannot deserialize session attribute [org.apache.shiro.subject.support.DefaultSubjectContext_PRINCIPALS_SESSION_KEY] for session [366019CA3A774465415602AB3D377C57]
2019-11-11 09:55:47,411 INFO (ExecutorConfigurationSupport.java:171)- Initializing ExecutorService 'applicationTaskExecutor'
2019-11-11 09:55:47,595 WARN (TemplateMode.java:150)- [THYMELEAF][restartedMain] Template Mode 'LEGACYHTML5' is deprecated. Using Template Mode 'HTML' instead.
2019-11-11 09:55:47,656 INFO (WelcomePageHandlerMapping.java:61)- Adding welcome page template: index
2019-11-11 09:55:49,135 INFO (OptionalLiveReloadServer.java:57)- LiveReload server is running on port 35729
2019-11-11 09:55:49,153 INFO (DirectJDKLog.java:173)- Starting ProtocolHandler ["http-nio-8011"]
2019-11-11 09:55:49,157 INFO (TomcatWebServer.java:204)- Tomcat started on port(s): 8011 (http) with context path ''
2019-11-11 09:55:49,158 INFO (StartupInfoLogger.java:59)- Started Application in 7.042 seconds (JVM running for 3513.279)
2019-11-11 09:55:49,160 INFO (ConditionEvaluationDeltaLoggingListener.java:70)- Condition evaluation unchanged
2019-11-11 09:56:02,815 INFO (ExecutorConfigurationSupport.java:208)- Shutting down ExecutorService 'applicationTaskExecutor'
2019-11-11 09:56:03,758 INFO (StartupInfoLogger.java:50)- Starting Application on DESKTOP-H8FS49Q with PID 11444 (D:\eclipse-workspace\spring-boot-ledediter\target\classes started by 86139 in D:\eclipse-workspace\spring-boot-ledediter)
2019-11-11 09:56:03,759 INFO (SpringApplication.java:675)- No active profile set, falling back to default profiles: default
2019-11-11 09:56:06,591 INFO (PostProcessorRegistrationDelegate.java:330)- Bean 'shiroConfig' of type [org.hds.config.ShiroConfig$$EnhancerBySpringCGLIB$$e7e6eac4] is not eligible for getting processed by all BeanPostProcessors (for example: not eligible for auto-proxying)
2019-11-11 09:56:06,624 INFO (PostProcessorRegistrationDelegate.java:330)- Bean 'mybatis-org.mybatis.spring.boot.autoconfigure.MybatisProperties' of type [org.mybatis.spring.boot.autoconfigure.MybatisProperties] is not eligible for getting processed by all BeanPostProcessors (for example: not eligible for auto-proxying)
2019-11-11 09:56:06,627 INFO (PostProcessorRegistrationDelegate.java:330)- Bean 'org.mybatis.spring.boot.autoconfigure.MybatisAutoConfiguration' of type [org.mybatis.spring.boot.autoconfigure.MybatisAutoConfiguration$$EnhancerBySpringCGLIB$$a342c527] is not eligible for getting processed by all BeanPostProcessors (for example: not eligible for auto-proxying)
2019-11-11 09:56:06,634 INFO (PostProcessorRegistrationDelegate.java:330)- Bean 'druidDBConfig' of type [org.hds.config.DruidDBConfig$$EnhancerBySpringCGLIB$$ef920833] is not eligible for getting processed by all BeanPostProcessors (for example: not eligible for auto-proxying)
2019-11-11 09:56:06,639 INFO (PostProcessorRegistrationDelegate.java:330)- Bean 'dataSource' of type [com.alibaba.druid.pool.DruidDataSource] is not eligible for getting processed by all BeanPostProcessors (for example: not eligible for auto-proxying)
2019-11-11 09:56:06,660 INFO (PostProcessorRegistrationDelegate.java:330)- Bean 'sqlSessionFactory' of type [org.apache.ibatis.session.defaults.DefaultSqlSessionFactory] is not eligible for getting processed by all BeanPostProcessors (for example: not eligible for auto-proxying)
2019-11-11 09:56:06,667 INFO (PostProcessorRegistrationDelegate.java:330)- Bean 'sqlSessionTemplate' of type [org.mybatis.spring.SqlSessionTemplate] is not eligible for getting processed by all BeanPostProcessors (for example: not eligible for auto-proxying)
2019-11-11 09:56:06,715 INFO (PostProcessorRegistrationDelegate.java:330)- Bean 'userMapper' of type [org.mybatis.spring.mapper.MapperFactoryBean] is not eligible for getting processed by all BeanPostProcessors (for example: not eligible for auto-proxying)
2019-11-11 09:56:06,737 INFO (PostProcessorRegistrationDelegate.java:330)- Bean 'userMapper' of type [com.sun.proxy.$Proxy147] is not eligible for getting processed by all BeanPostProcessors (for example: not eligible for auto-proxying)
2019-11-11 09:56:06,740 INFO (PostProcessorRegistrationDelegate.java:330)- Bean 'customRealm' of type [org.hds.config.MyShiroRealm] is not eligible for getting processed by all BeanPostProcessors (for example: not eligible for auto-proxying)
2019-11-11 09:56:06,741 INFO (PostProcessorRegistrationDelegate.java:330)- Bean 'securityManager' of type [org.apache.shiro.web.mgt.DefaultWebSecurityManager] is not eligible for getting processed by all BeanPostProcessors (for example: not eligible for auto-proxying)
2019-11-11 09:56:06,771 INFO (PostProcessorRegistrationDelegate.java:330)- Bean 'org.springframework.transaction.annotation.ProxyTransactionManagementConfiguration' of type [org.springframework.transaction.annotation.ProxyTransactionManagementConfiguration$$EnhancerBySpringCGLIB$$706e73f7] is not eligible for getting processed by all BeanPostProcessors (for example: not eligible for auto-proxying)
2019-11-11 09:56:06,772 INFO (PostProcessorRegistrationDelegate.java:330)- Bean 'authorizationAttributeSourceAdvisor' of type [org.apache.shiro.spring.security.interceptor.AuthorizationAttributeSourceAdvisor] is not eligible for getting processed by all BeanPostProcessors (for example: not eligible for auto-proxying)
2019-11-11 09:56:06,974 INFO (TomcatWebServer.java:90)- Tomcat initialized with port(s): 8011 (http)
2019-11-11 09:56:06,976 INFO (DirectJDKLog.java:173)- Initializing ProtocolHandler ["http-nio-8011"]
2019-11-11 09:56:06,978 INFO (DirectJDKLog.java:173)- Starting service [Tomcat]
2019-11-11 09:56:06,979 INFO (DirectJDKLog.java:173)- Starting Servlet engine: [Apache Tomcat/9.0.16]
2019-11-11 09:56:07,021 INFO (DirectJDKLog.java:173)- Initializing Spring embedded WebApplicationContext
2019-11-11 09:56:07,022 INFO (ServletWebServerApplicationContext.java:296)- Root WebApplicationContext: initialization completed in 3247 ms
2019-11-11 09:56:07,521 INFO (ExecutorConfigurationSupport.java:171)- Initializing ExecutorService 'applicationTaskExecutor'
2019-11-11 09:56:07,575 WARN (TemplateMode.java:150)- [THYMELEAF][restartedMain] Template Mode 'LEGACYHTML5' is deprecated. Using Template Mode 'HTML' instead.
2019-11-11 09:56:07,604 INFO (WelcomePageHandlerMapping.java:61)- Adding welcome page template: index
2019-11-11 09:56:08,908 INFO (OptionalLiveReloadServer.java:57)- LiveReload server is running on port 35729
2019-11-11 09:56:08,924 INFO (DirectJDKLog.java:173)- Starting ProtocolHandler ["http-nio-8011"]
2019-11-11 09:56:08,930 INFO (TomcatWebServer.java:204)- Tomcat started on port(s): 8011 (http) with context path ''
2019-11-11 09:56:08,930 INFO (StartupInfoLogger.java:59)- Started Application in 5.355 seconds (JVM running for 3533.052)
2019-11-11 09:56:08,932 INFO (ConditionEvaluationDeltaLoggingListener.java:70)- Condition evaluation unchanged
2019-11-11 09:56:33,770 INFO (DirectJDKLog.java:173)- Initializing Spring DispatcherServlet 'dispatcherServlet'
2019-11-11 09:56:33,772 INFO (FrameworkServlet.java:524)- Initializing Servlet 'dispatcherServlet'
2019-11-11 09:56:33,800 INFO (FrameworkServlet.java:546)- Completed initialization in 28 ms
2019-11-11 09:56:35,150 INFO (DruidDataSource.java:930)- {dataSource-2} inited
2019-11-11 09:56:35,187 INFO (operateLog.java:25)- ===用户:admin/getadvEditListbyGrpid===
2019-11-11 09:56:35,229 INFO (operateLog.java:25)- ===用户:admin 广告id:358获取显示项返回结果:{"result":"success","itemlist":[{"delindex":0,"infoSN":358,"itembackcolor":"","itembackopacity":100,"itemcontext":"<p>文明驾驶av安全行车</p>","itemcontextjson":"[[{\"fontName\":\"SimSun\",\"fontSize\":16,\"foreColor\":\"#ffff00\",\"backColor\":\"#000000\",\"itemType\":0,\"value\":\"文明驾驶av安全行车\"}]]","itemfontno":0,"itemforecolor":"","itemforeopacity":100,"itemheight":21,"itemid":1,"itemleft":0,"itemstyle":"{\"linkmove\":0,\"rollstop\":0,\"playtype\":1,\"Mandatorytime\":0,\"MandatorytimeLength\":5,\"stoptime\":0,\"playtime\":8.16,\"playspeed\":5,\"looptime\":1,\"gamma\":20}","itemtop":0,"itemtype":0,"itemwidth":128,"pageid":1}]}===
2019-11-11 09:56:38,094 INFO (LoginController.java:49)- /Index Open
2019-11-11 09:56:40,572 INFO (operateLog.java:25)- ===用户登录:admin返回结果:{"result":"success","adminInfo":{"adminRemarks":"VmpGYVYyRXhWWGxXYmtwT1ZteGFiMXBYZUV0VU1YQllaRWhPVDFKc1NuaFZWM1JMWVVaR1ZVMUVhejA9","admincount":0,"adminid":1,"adminlevel":1,"adminname":"admin","adminpermission":"1111111","adminpwd":"","adminstatus":0,"delindex":0,"grpcount":0,"issuperuser":1,"parentid":0,"projectid":""}}===
2019-11-11 09:56:40,638 INFO (MainController.java:27)- /main Open
2019-11-11 09:56:40,891 INFO (operateLog.java:25)- ===用户:admin/getGroup===
2019-11-11 09:56:41,992 INFO (operateLog.java:25)- ===用户:admin/getadvEditListbyGrpid===
2019-11-11 09:56:42,069 INFO (operateLog.java:25)- ===用户:admin 广告id:358获取显示项返回结果:{"result":"success","itemlist":[{"delindex":0,"infoSN":358,"itembackcolor":"","itembackopacity":100,"itemcontext":"<p>文明驾驶av安全行车</p>","itemcontextjson":"[[{\"fontName\":\"SimSun\",\"fontSize\":16,\"foreColor\":\"#ffff00\",\"backColor\":\"#000000\",\"itemType\":0,\"value\":\"文明驾驶av安全行车\"}]]","itemfontno":0,"itemforecolor":"","itemforeopacity":100,"itemheight":21,"itemid":1,"itemleft":0,"itemstyle":"{\"linkmove\":0,\"rollstop\":0,\"playtype\":1,\"Mandatorytime\":0,\"MandatorytimeLength\":5,\"stoptime\":0,\"playtime\":8.16,\"playspeed\":5,\"looptime\":1,\"gamma\":20}","itemtop":0,"itemtype":0,"itemwidth":128,"pageid":1}]}===
2019-11-11 09:56:45,523 INFO (operateLog.java:25)- ===用户:admin 广告id:358保存显示项返回结果:{"result":"success","infoID":358}===
2019-11-11 09:57:19,057 INFO (ExecutorConfigurationSupport.java:208)- Shutting down ExecutorService 'applicationTaskExecutor'
2019-11-11 09:57:19,061 INFO (DruidDataSource.java:1825)- {dataSource-2} closed
2019-11-11 09:57:20,575 INFO (StartupInfoLogger.java:50)- Starting Application on DESKTOP-H8FS49Q with PID 11444 (D:\eclipse-workspace\spring-boot-ledediter\target\classes started by 86139 in D:\eclipse-workspace\spring-boot-ledediter)
2019-11-11 09:57:20,576 INFO (SpringApplication.java:675)- No active profile set, falling back to default profiles: default
2019-11-11 09:57:24,284 INFO (PostProcessorRegistrationDelegate.java:330)- Bean 'shiroConfig' of type [org.hds.config.ShiroConfig$$EnhancerBySpringCGLIB$$e7e6eac4] is not eligible for getting processed by all BeanPostProcessors (for example: not eligible for auto-proxying)
2019-11-11 09:57:24,313 INFO (PostProcessorRegistrationDelegate.java:330)- Bean 'mybatis-org.mybatis.spring.boot.autoconfigure.MybatisProperties' of type [org.mybatis.spring.boot.autoconfigure.MybatisProperties] is not eligible for getting processed by all BeanPostProcessors (for example: not eligible for auto-proxying)
2019-11-11 09:57:24,315 INFO (PostProcessorRegistrationDelegate.java:330)- Bean 'org.mybatis.spring.boot.autoconfigure.MybatisAutoConfiguration' of type [org.mybatis.spring.boot.autoconfigure.MybatisAutoConfiguration$$EnhancerBySpringCGLIB$$a342c527] is not eligible for getting processed by all BeanPostProcessors (for example: not eligible for auto-proxying)
2019-11-11 09:57:24,319 INFO (PostProcessorRegistrationDelegate.java:330)- Bean 'druidDBConfig' of type [org.hds.config.DruidDBConfig$$EnhancerBySpringCGLIB$$ef920833] is not eligible for getting processed by all BeanPostProcessors (for example: not eligible for auto-proxying)
2019-11-11 09:57:24,324 INFO (PostProcessorRegistrationDelegate.java:330)- Bean 'dataSource' of type [com.alibaba.druid.pool.DruidDataSource] is not eligible for getting processed by all BeanPostProcessors (for example: not eligible for auto-proxying)
2019-11-11 09:57:24,341 INFO (PostProcessorRegistrationDelegate.java:330)- Bean 'sqlSessionFactory' of type [org.apache.ibatis.session.defaults.DefaultSqlSessionFactory] is not eligible for getting processed by all BeanPostProcessors (for example: not eligible for auto-proxying)
2019-11-11 09:57:24,342 INFO (PostProcessorRegistrationDelegate.java:330)- Bean 'sqlSessionTemplate' of type [org.mybatis.spring.SqlSessionTemplate] is not eligible for getting processed by all BeanPostProcessors (for example: not eligible for auto-proxying)
2019-11-11 09:57:24,364 INFO (PostProcessorRegistrationDelegate.java:330)- Bean 'userMapper' of type [org.mybatis.spring.mapper.MapperFactoryBean] is not eligible for getting processed by all BeanPostProcessors (for example: not eligible for auto-proxying)
2019-11-11 09:57:24,379 INFO (PostProcessorRegistrationDelegate.java:330)- Bean 'userMapper' of type [com.sun.proxy.$Proxy162] is not eligible for getting processed by all BeanPostProcessors (for example: not eligible for auto-proxying)
2019-11-11 09:57:24,379 INFO (PostProcessorRegistrationDelegate.java:330)- Bean 'customRealm' of type [org.hds.config.MyShiroRealm] is not eligible for getting processed by all BeanPostProcessors (for example: not eligible for auto-proxying)
2019-11-11 09:57:24,380 INFO (PostProcessorRegistrationDelegate.java:330)- Bean 'securityManager' of type [org.apache.shiro.web.mgt.DefaultWebSecurityManager] is not eligible for getting processed by all BeanPostProcessors (for example: not eligible for auto-proxying)
2019-11-11 09:57:24,401 INFO (PostProcessorRegistrationDelegate.java:330)- Bean 'org.springframework.transaction.annotation.ProxyTransactionManagementConfiguration' of type [org.springframework.transaction.annotation.ProxyTransactionManagementConfiguration$$EnhancerBySpringCGLIB$$706e73f7] is not eligible for getting processed by all BeanPostProcessors (for example: not eligible for auto-proxying)
2019-11-11 09:57:24,405 INFO (PostProcessorRegistrationDelegate.java:330)- Bean 'authorizationAttributeSourceAdvisor' of type [org.apache.shiro.spring.security.interceptor.AuthorizationAttributeSourceAdvisor] is not eligible for getting processed by all BeanPostProcessors (for example: not eligible for auto-proxying)
2019-11-11 09:57:24,648 INFO (TomcatWebServer.java:90)- Tomcat initialized with port(s): 8011 (http)
2019-11-11 09:57:24,651 INFO (DirectJDKLog.java:173)- Initializing ProtocolHandler ["http-nio-8011"]
2019-11-11 09:57:24,652 INFO (DirectJDKLog.java:173)- Starting service [Tomcat]
2019-11-11 09:57:24,653 INFO (DirectJDKLog.java:173)- Starting Servlet engine: [Apache Tomcat/9.0.16]
2019-11-11 09:57:24,705 INFO (DirectJDKLog.java:173)- Initializing Spring embedded WebApplicationContext
2019-11-11 09:57:24,706 INFO (ServletWebServerApplicationContext.java:296)- Root WebApplicationContext: initialization completed in 4106 ms
2019-11-11 09:57:24,811 WARN (DirectJDKLog.java:173)- Cannot deserialize session attribute [org.apache.shiro.subject.support.DefaultSubjectContext_PRINCIPALS_SESSION_KEY] for session [366019CA3A774465415602AB3D377C57]
2019-11-11 09:57:25,418 INFO (ExecutorConfigurationSupport.java:171)- Initializing ExecutorService 'applicationTaskExecutor'
2019-11-11 09:57:25,496 WARN (TemplateMode.java:150)- [THYMELEAF][restartedMain] Template Mode 'LEGACYHTML5' is deprecated. Using Template Mode 'HTML' instead.
2019-11-11 09:57:25,538 INFO (WelcomePageHandlerMapping.java:61)- Adding welcome page template: index
2019-11-11 09:57:27,328 INFO (OptionalLiveReloadServer.java:57)- LiveReload server is running on port 35729
2019-11-11 09:57:27,342 INFO (DirectJDKLog.java:173)- Starting ProtocolHandler ["http-nio-8011"]
2019-11-11 09:57:27,346 INFO (TomcatWebServer.java:204)- Tomcat started on port(s): 8011 (http) with context path ''
2019-11-11 09:57:27,346 INFO (StartupInfoLogger.java:59)- Started Application in 7.1 seconds (JVM running for 3611.468)
2019-11-11 09:57:27,348 INFO (ConditionEvaluationDeltaLoggingListener.java:70)- Condition evaluation unchanged
2019-11-11 10:02:39,316 INFO (ExecutorConfigurationSupport.java:208)- Shutting down ExecutorService 'applicationTaskExecutor'
2019-11-11 10:02:40,317 INFO (StartupInfoLogger.java:50)- Starting Application on DESKTOP-H8FS49Q with PID 11444 (D:\eclipse-workspace\spring-boot-ledediter\target\classes started by 86139 in D:\eclipse-workspace\spring-boot-ledediter)
2019-11-11 10:02:40,317 INFO (SpringApplication.java:675)- No active profile set, falling back to default profiles: default
2019-11-11 10:02:43,281 INFO (PostProcessorRegistrationDelegate.java:330)- Bean 'shiroConfig' of type [org.hds.config.ShiroConfig$$EnhancerBySpringCGLIB$$e7e6eac4] is not eligible for getting processed by all BeanPostProcessors (for example: not eligible for auto-proxying)
2019-11-11 10:02:43,311 INFO (PostProcessorRegistrationDelegate.java:330)- Bean 'mybatis-org.mybatis.spring.boot.autoconfigure.MybatisProperties' of type [org.mybatis.spring.boot.autoconfigure.MybatisProperties] is not eligible for getting processed by all BeanPostProcessors (for example: not eligible for auto-proxying)
2019-11-11 10:02:43,313 INFO (PostProcessorRegistrationDelegate.java:330)- Bean 'org.mybatis.spring.boot.autoconfigure.MybatisAutoConfiguration' of type [org.mybatis.spring.boot.autoconfigure.MybatisAutoConfiguration$$EnhancerBySpringCGLIB$$a342c527] is not eligible for getting processed by all BeanPostProcessors (for example: not eligible for auto-proxying)
2019-11-11 10:02:43,319 INFO (PostProcessorRegistrationDelegate.java:330)- Bean 'druidDBConfig' of type [org.hds.config.DruidDBConfig$$EnhancerBySpringCGLIB$$ef920833] is not eligible for getting processed by all BeanPostProcessors (for example: not eligible for auto-proxying)
2019-11-11 10:02:43,322 INFO (PostProcessorRegistrationDelegate.java:330)- Bean 'dataSource' of type [com.alibaba.druid.pool.DruidDataSource] is not eligible for getting processed by all BeanPostProcessors (for example: not eligible for auto-proxying)
2019-11-11 10:02:43,338 INFO (PostProcessorRegistrationDelegate.java:330)- Bean 'sqlSessionFactory' of type [org.apache.ibatis.session.defaults.DefaultSqlSessionFactory] is not eligible for getting processed by all BeanPostProcessors (for example: not eligible for auto-proxying)
2019-11-11 10:02:43,341 INFO (PostProcessorRegistrationDelegate.java:330)- Bean 'sqlSessionTemplate' of type [org.mybatis.spring.SqlSessionTemplate] is not eligible for getting processed by all BeanPostProcessors (for example: not eligible for auto-proxying)
2019-11-11 10:02:43,361 INFO (PostProcessorRegistrationDelegate.java:330)- Bean 'userMapper' of type [org.mybatis.spring.mapper.MapperFactoryBean] is not eligible for getting processed by all BeanPostProcessors (for example: not eligible for auto-proxying)
2019-11-11 10:02:43,371 INFO (PostProcessorRegistrationDelegate.java:330)- Bean 'userMapper' of type [com.sun.proxy.$Proxy177] is not eligible for getting processed by all BeanPostProcessors (for example: not eligible for auto-proxying)
2019-11-11 10:02:43,372 INFO (PostProcessorRegistrationDelegate.java:330)- Bean 'customRealm' of type [org.hds.config.MyShiroRealm] is not eligible for getting processed by all BeanPostProcessors (for example: not eligible for auto-proxying)
2019-11-11 10:02:43,374 INFO (PostProcessorRegistrationDelegate.java:330)- Bean 'securityManager' of type [org.apache.shiro.web.mgt.DefaultWebSecurityManager] is not eligible for getting processed by all BeanPostProcessors (for example: not eligible for auto-proxying)
2019-11-11 10:02:43,394 INFO (PostProcessorRegistrationDelegate.java:330)- Bean 'org.springframework.transaction.annotation.ProxyTransactionManagementConfiguration' of type [org.springframework.transaction.annotation.ProxyTransactionManagementConfiguration$$EnhancerBySpringCGLIB$$706e73f7] is not eligible for getting processed by all BeanPostProcessors (for example: not eligible for auto-proxying)
2019-11-11 10:02:43,395 INFO (PostProcessorRegistrationDelegate.java:330)- Bean 'authorizationAttributeSourceAdvisor' of type [org.apache.shiro.spring.security.interceptor.AuthorizationAttributeSourceAdvisor] is not eligible for getting processed by all BeanPostProcessors (for example: not eligible for auto-proxying)
2019-11-11 10:02:43,526 INFO (TomcatWebServer.java:90)- Tomcat initialized with port(s): 8011 (http)
2019-11-11 10:02:43,527 INFO (DirectJDKLog.java:173)- Initializing ProtocolHandler ["http-nio-8011"]
2019-11-11 10:02:43,528 INFO (DirectJDKLog.java:173)- Starting service [Tomcat]
2019-11-11 10:02:43,528 INFO (DirectJDKLog.java:173)- Starting Servlet engine: [Apache Tomcat/9.0.16]
2019-11-11 10:02:43,552 INFO (DirectJDKLog.java:173)- Initializing Spring embedded WebApplicationContext
2019-11-11 10:02:43,553 INFO (ServletWebServerApplicationContext.java:296)- Root WebApplicationContext: initialization completed in 3223 ms
2019-11-11 10:02:44,059 INFO (ExecutorConfigurationSupport.java:171)- Initializing ExecutorService 'applicationTaskExecutor'
2019-11-11 10:02:44,127 WARN (TemplateMode.java:150)- [THYMELEAF][restartedMain] Template Mode 'LEGACYHTML5' is deprecated. Using Template Mode 'HTML' instead.
2019-11-11 10:02:44,151 INFO (WelcomePageHandlerMapping.java:61)- Adding welcome page template: index
2019-11-11 10:02:45,580 INFO (OptionalLiveReloadServer.java:57)- LiveReload server is running on port 35729
2019-11-11 10:02:45,612 INFO (DirectJDKLog.java:173)- Starting ProtocolHandler ["http-nio-8011"]
2019-11-11 10:02:45,615 INFO (TomcatWebServer.java:204)- Tomcat started on port(s): 8011 (http) with context path ''
2019-11-11 10:02:45,616 INFO (StartupInfoLogger.java:59)- Started Application in 5.495 seconds (JVM running for 3929.737)
2019-11-11 10:02:45,617 INFO (ConditionEvaluationDeltaLoggingListener.java:70)- Condition evaluation unchanged
2019-11-11 10:16:53,589 INFO (ExecutorConfigurationSupport.java:208)- Shutting down ExecutorService 'applicationTaskExecutor'
2019-11-11 10:16:54,937 INFO (StartupInfoLogger.java:50)- Starting Application on DESKTOP-H8FS49Q with PID 11444 (D:\eclipse-workspace\spring-boot-ledediter\target\classes started by 86139 in D:\eclipse-workspace\spring-boot-ledediter)
2019-11-11 10:16:54,938 INFO (SpringApplication.java:675)- No active profile set, falling back to default profiles: default
2019-11-11 10:16:58,208 INFO (PostProcessorRegistrationDelegate.java:330)- Bean 'shiroConfig' of type [org.hds.config.ShiroConfig$$EnhancerBySpringCGLIB$$e7e6eac4] is not eligible for getting processed by all BeanPostProcessors (for example: not eligible for auto-proxying)
2019-11-11 10:16:58,230 INFO (PostProcessorRegistrationDelegate.java:330)- Bean 'mybatis-org.mybatis.spring.boot.autoconfigure.MybatisProperties' of type [org.mybatis.spring.boot.autoconfigure.MybatisProperties] is not eligible for getting processed by all BeanPostProcessors (for example: not eligible for auto-proxying)
2019-11-11 10:16:58,232 INFO (PostProcessorRegistrationDelegate.java:330)- Bean 'org.mybatis.spring.boot.autoconfigure.MybatisAutoConfiguration' of type [org.mybatis.spring.boot.autoconfigure.MybatisAutoConfiguration$$EnhancerBySpringCGLIB$$a342c527] is not eligible for getting processed by all BeanPostProcessors (for example: not eligible for auto-proxying)
2019-11-11 10:16:58,238 INFO (PostProcessorRegistrationDelegate.java:330)- Bean 'druidDBConfig' of type [org.hds.config.DruidDBConfig$$EnhancerBySpringCGLIB$$ef920833] is not eligible for getting processed by all BeanPostProcessors (for example: not eligible for auto-proxying)
2019-11-11 10:16:58,242 INFO (PostProcessorRegistrationDelegate.java:330)- Bean 'dataSource' of type [com.alibaba.druid.pool.DruidDataSource] is not eligible for getting processed by all BeanPostProcessors (for example: not eligible for auto-proxying)
2019-11-11 10:16:58,273 INFO (PostProcessorRegistrationDelegate.java:330)- Bean 'sqlSessionFactory' of type [org.apache.ibatis.session.defaults.DefaultSqlSessionFactory] is not eligible for getting processed by all BeanPostProcessors (for example: not eligible for auto-proxying)
2019-11-11 10:16:58,275 INFO (PostProcessorRegistrationDelegate.java:330)- Bean 'sqlSessionTemplate' of type [org.mybatis.spring.SqlSessionTemplate] is not eligible for getting processed by all BeanPostProcessors (for example: not eligible for auto-proxying)
2019-11-11 10:16:58,301 INFO (PostProcessorRegistrationDelegate.java:330)- Bean 'userMapper' of type [org.mybatis.spring.mapper.MapperFactoryBean] is not eligible for getting processed by all BeanPostProcessors (for example: not eligible for auto-proxying)
2019-11-11 10:16:58,311 INFO (PostProcessorRegistrationDelegate.java:330)- Bean 'userMapper' of type [com.sun.proxy.$Proxy192] is not eligible for getting processed by all BeanPostProcessors (for example: not eligible for auto-proxying)
2019-11-11 10:16:58,312 INFO (PostProcessorRegistrationDelegate.java:330)- Bean 'customRealm' of type [org.hds.config.MyShiroRealm] is not eligible for getting processed by all BeanPostProcessors (for example: not eligible for auto-proxying)
2019-11-11 10:16:58,312 INFO (PostProcessorRegistrationDelegate.java:330)- Bean 'securityManager' of type [org.apache.shiro.web.mgt.DefaultWebSecurityManager] is not eligible for getting processed by all BeanPostProcessors (for example: not eligible for auto-proxying)
2019-11-11 10:16:58,330 INFO (PostProcessorRegistrationDelegate.java:330)- Bean 'org.springframework.transaction.annotation.ProxyTransactionManagementConfiguration' of type [org.springframework.transaction.annotation.ProxyTransactionManagementConfiguration$$EnhancerBySpringCGLIB$$706e73f7] is not eligible for getting processed by all BeanPostProcessors (for example: not eligible for auto-proxying)
2019-11-11 10:16:58,331 INFO (PostProcessorRegistrationDelegate.java:330)- Bean 'authorizationAttributeSourceAdvisor' of type [org.apache.shiro.spring.security.interceptor.AuthorizationAttributeSourceAdvisor] is not eligible for getting processed by all BeanPostProcessors (for example: not eligible for auto-proxying)
2019-11-11 10:16:58,509 INFO (TomcatWebServer.java:90)- Tomcat initialized with port(s): 8011 (http)
2019-11-11 10:16:58,511 INFO (DirectJDKLog.java:173)- Initializing ProtocolHandler ["http-nio-8011"]
2019-11-11 10:16:58,512 INFO (DirectJDKLog.java:173)- Starting service [Tomcat]
2019-11-11 10:16:58,513 INFO (DirectJDKLog.java:173)- Starting Servlet engine: [Apache Tomcat/9.0.16]
2019-11-11 10:16:58,542 INFO (DirectJDKLog.java:173)- Initializing Spring embedded WebApplicationContext
2019-11-11 10:16:58,543 INFO (ServletWebServerApplicationContext.java:296)- Root WebApplicationContext: initialization completed in 3589 ms
2019-11-11 10:16:59,288 INFO (ExecutorConfigurationSupport.java:171)- Initializing ExecutorService 'applicationTaskExecutor'
2019-11-11 10:16:59,371 WARN (TemplateMode.java:150)- [THYMELEAF][restartedMain] Template Mode 'LEGACYHTML5' is deprecated. Using Template Mode 'HTML' instead.
2019-11-11 10:16:59,429 INFO (WelcomePageHandlerMapping.java:61)- Adding welcome page template: index
2019-11-11 10:17:00,967 INFO (OptionalLiveReloadServer.java:57)- LiveReload server is running on port 35729
2019-11-11 10:17:00,988 INFO (DirectJDKLog.java:173)- Starting ProtocolHandler ["http-nio-8011"]
2019-11-11 10:17:00,997 INFO (TomcatWebServer.java:204)- Tomcat started on port(s): 8011 (http) with context path ''
2019-11-11 10:17:00,998 INFO (StartupInfoLogger.java:59)- Started Application in 6.364 seconds (JVM running for 4785.119)
2019-11-11 10:17:01,000 INFO (ConditionEvaluationDeltaLoggingListener.java:70)- Condition evaluation unchanged
2019-11-11 13:13:24,469 INFO (StartupInfoLogger.java:50)- Starting Application on DESKTOP-H8FS49Q with PID 8848 (D:\eclipse-workspace\spring-boot-ledediter\target\classes started by 86139 in D:\eclipse-workspace\spring-boot-ledediter)
2019-11-11 13:13:24,476 INFO (SpringApplication.java:675)- No active profile set, falling back to default profiles: default
2019-11-11 13:13:24,627 INFO (DeferredLog.java:227)- Devtools property defaults active! Set 'spring.devtools.add-properties' to 'false' to disable
2019-11-11 13:13:24,628 INFO (DeferredLog.java:227)- For additional web related logging consider setting the 'logging.level.web' property to 'DEBUG'
2019-11-11 13:13:29,174 INFO (PostProcessorRegistrationDelegate.java:330)- Bean 'shiroConfig' of type [org.hds.config.ShiroConfig$$EnhancerBySpringCGLIB$$e7b4b14a] is not eligible for getting processed by all BeanPostProcessors (for example: not eligible for auto-proxying)
2019-11-11 13:13:30,376 INFO (PostProcessorRegistrationDelegate.java:330)- Bean 'mybatis-org.mybatis.spring.boot.autoconfigure.MybatisProperties' of type [org.mybatis.spring.boot.autoconfigure.MybatisProperties] is not eligible for getting processed by all BeanPostProcessors (for example: not eligible for auto-proxying)
2019-11-11 13:13:30,381 INFO (PostProcessorRegistrationDelegate.java:330)- Bean 'org.mybatis.spring.boot.autoconfigure.MybatisAutoConfiguration' of type [org.mybatis.spring.boot.autoconfigure.MybatisAutoConfiguration$$EnhancerBySpringCGLIB$$a3108bad] is not eligible for getting processed by all BeanPostProcessors (for example: not eligible for auto-proxying)
2019-11-11 13:13:30,391 INFO (PostProcessorRegistrationDelegate.java:330)- Bean 'druidDBConfig' of type [org.hds.config.DruidDBConfig$$EnhancerBySpringCGLIB$$ef5fceb9] is not eligible for getting processed by all BeanPostProcessors (for example: not eligible for auto-proxying)
2019-11-11 13:13:30,513 INFO (PostProcessorRegistrationDelegate.java:330)- Bean 'dataSource' of type [com.alibaba.druid.pool.DruidDataSource] is not eligible for getting processed by all BeanPostProcessors (for example: not eligible for auto-proxying)
2019-11-11 13:13:30,627 INFO (PostProcessorRegistrationDelegate.java:330)- Bean 'sqlSessionFactory' of type [org.apache.ibatis.session.defaults.DefaultSqlSessionFactory] is not eligible for getting processed by all BeanPostProcessors (for example: not eligible for auto-proxying)
2019-11-11 13:13:30,641 INFO (PostProcessorRegistrationDelegate.java:330)- Bean 'sqlSessionTemplate' of type [org.mybatis.spring.SqlSessionTemplate] is not eligible for getting processed by all BeanPostProcessors (for example: not eligible for auto-proxying)
2019-11-11 13:13:30,735 INFO (PostProcessorRegistrationDelegate.java:330)- Bean 'userMapper' of type [org.mybatis.spring.mapper.MapperFactoryBean] is not eligible for getting processed by all BeanPostProcessors (for example: not eligible for auto-proxying)
2019-11-11 13:13:30,748 INFO (PostProcessorRegistrationDelegate.java:330)- Bean 'userMapper' of type [com.sun.proxy.$Proxy66] is not eligible for getting processed by all BeanPostProcessors (for example: not eligible for auto-proxying)
2019-11-11 13:13:30,749 INFO (PostProcessorRegistrationDelegate.java:330)- Bean 'customRealm' of type [org.hds.config.MyShiroRealm] is not eligible for getting processed by all BeanPostProcessors (for example: not eligible for auto-proxying)
2019-11-11 13:13:30,752 INFO (PostProcessorRegistrationDelegate.java:330)- Bean 'securityManager' of type [org.apache.shiro.web.mgt.DefaultWebSecurityManager] is not eligible for getting processed by all BeanPostProcessors (for example: not eligible for auto-proxying)
2019-11-11 13:13:30,907 INFO (PostProcessorRegistrationDelegate.java:330)- Bean 'org.springframework.transaction.annotation.ProxyTransactionManagementConfiguration' of type [org.springframework.transaction.annotation.ProxyTransactionManagementConfiguration$$EnhancerBySpringCGLIB$$703c3a7d] is not eligible for getting processed by all BeanPostProcessors (for example: not eligible for auto-proxying)
2019-11-11 13:13:30,928 INFO (PostProcessorRegistrationDelegate.java:330)- Bean 'authorizationAttributeSourceAdvisor' of type [org.apache.shiro.spring.security.interceptor.AuthorizationAttributeSourceAdvisor] is not eligible for getting processed by all BeanPostProcessors (for example: not eligible for auto-proxying)
2019-11-11 13:13:31,857 INFO (TomcatWebServer.java:90)- Tomcat initialized with port(s): 8011 (http)
2019-11-11 13:13:31,894 INFO (DirectJDKLog.java:173)- Initializing ProtocolHandler ["http-nio-8011"]
2019-11-11 13:13:31,913 INFO (DirectJDKLog.java:173)- Starting service [Tomcat]
2019-11-11 13:13:31,914 INFO (DirectJDKLog.java:173)- Starting Servlet engine: [Apache Tomcat/9.0.16]
2019-11-11 13:13:31,934 INFO (DirectJDKLog.java:173)- The APR based Apache Tomcat Native library which allows optimal performance in production environments was not found on the java.library.path: [C:\Program Files\Java\jre1.8.0_211\bin;C:\Windows\Sun\Java\bin;C:\Windows\system32;C:\Windows;C:/Program Files/Java/jre1.8.0_211/bin/server;C:/Program Files/Java/jre1.8.0_211/bin;C:/Program Files/Java/jre1.8.0_211/lib/amd64;C:\Program Files (x86)\Common Files\Oracle\Java\javapath;C:\Program Files (x86)\Intel\Intel(R) Management Engine Components\iCLS\;C:\Program Files\Intel\Intel(R) Management Engine Components\iCLS\;C:\Windows\system32;C:\Windows;C:\Windows\System32\Wbem;C:\Windows\System32\WindowsPowerShell\v1.0\;C:\Windows\System32\OpenSSH\;C:\Program Files (x86)\Intel\Intel(R) Management Engine Components\DAL;C:\Program Files\Intel\Intel(R) Management Engine Components\DAL;C:\Program Files (x86)\Intel\Intel(R) Management Engine Components\IPT;C:\Program Files\Intel\Intel(R) Management Engine Components\IPT;C:\Program Files (x86)\NVIDIA Corporation\PhysX\Common;C:\Program Files\NVIDIA Corporation\NVIDIA NvDLISR;C:\Program Files\MySQL\bin;C:\Program Files\Java\jre1.8.0_202\bin;C:\Program Files\Microsoft\Web Platform Installer\;C:\Program Files (x86)\Microsoft ASP.NET\ASP.NET Web Pages\v1.0\;C:\Program Files (x86)\Windows Kits\8.0\Windows Performance Toolkit\;C:\Program Files\Microsoft SQL Server\110\Tools\Binn\;C:\Program Files (x86)\Microsoft SQL Server\100\Tools\Binn\;C:\Program Files\Microsoft SQL Server\100\Tools\Binn\;C:\Program Files\Microsoft SQL Server\100\DTS\Binn\;C:\Program Files (x86)\Microsoft SQL Server\100\Tools\Binn\VSShell\Common7\IDE\;C:\Program Files (x86)\Microsoft Visual Studio 9.0\Common7\IDE\PrivateAssemblies\;C:\Program Files (x86)\Microsoft SQL Server\100\DTS\Binn\;d:\Program Files\Git\cmd;C:\Users\86139\AppData\Local\Microsoft\WindowsApps;;D:\eclipse;;.]
2019-11-11 13:13:32,146 INFO (DirectJDKLog.java:173)- Initializing Spring embedded WebApplicationContext
2019-11-11 13:13:32,146 INFO (ServletWebServerApplicationContext.java:296)- Root WebApplicationContext: initialization completed in 7518 ms
2019-11-11 13:13:33,352 INFO (ExecutorConfigurationSupport.java:171)- Initializing ExecutorService 'applicationTaskExecutor'
2019-11-11 13:13:33,646 WARN (TemplateMode.java:150)- [THYMELEAF][restartedMain] Template Mode 'LEGACYHTML5' is deprecated. Using Template Mode 'HTML' instead.
2019-11-11 13:13:33,712 INFO (WelcomePageHandlerMapping.java:61)- Adding welcome page template: index
2019-11-11 13:13:35,228 INFO (OptionalLiveReloadServer.java:57)- LiveReload server is running on port 35729
2019-11-11 13:13:35,276 INFO (DirectJDKLog.java:173)- Starting ProtocolHandler ["http-nio-8011"]
2019-11-11 13:13:35,341 INFO (TomcatWebServer.java:204)- Tomcat started on port(s): 8011 (http) with context path ''
2019-11-11 13:13:35,347 INFO (StartupInfoLogger.java:59)- Started Application in 11.987 seconds (JVM running for 13.049)
2019-11-11 13:13:54,345 INFO (DirectJDKLog.java:173)- Initializing Spring DispatcherServlet 'dispatcherServlet'
2019-11-11 13:13:54,345 INFO (FrameworkServlet.java:524)- Initializing Servlet 'dispatcherServlet'
2019-11-11 13:13:54,356 INFO (FrameworkServlet.java:546)- Completed initialization in 11 ms
2019-11-11 13:13:54,436 INFO (LoginController.java:49)- /Index Open
2019-11-11 13:13:56,886 INFO (DruidDataSource.java:930)- {dataSource-1} inited
2019-11-11 13:13:57,219 INFO (operateLog.java:25)- ===用户登录:admin返回结果:{"result":"success","adminInfo":{"adminRemarks":"VmpGYVYyRXhWWGxXYmtwT1ZteGFiMXBYZUV0VU1YQllaRWhPVDFKc1NuaFZWM1JMWVVaR1ZVMUVhejA9","admincount":0,"adminid":1,"adminlevel":1,"adminname":"admin","adminpermission":"1111111","adminpwd":"","adminstatus":0,"delindex":0,"grpcount":0,"issuperuser":1,"parentid":0,"projectid":""}}===
2019-11-11 13:13:57,361 INFO (MainController.java:27)- /main Open
2019-11-11 13:13:57,653 INFO (operateLog.java:25)- ===用户:admin/getGroup===
2019-11-11 13:18:12,239 INFO (operateLog.java:25)- ===用户:admin/getadvEditListbyGrpid===
2019-11-11 13:18:12,384 INFO (operateLog.java:25)- ===用户:admin 广告id:3713获取显示项返回结果:{"result":"success","itemlist":[{"delindex":0,"infoSN":3713,"itembackcolor":"","itembackopacity":100,"itemcontext":"<p><span style=\"font-size: 18px;\">文明驾驶安全行车</span></p>","itemcontextjson":"[[{\"fontName\":\"SimSun\",\"fontSize\":18,\"foreColor\":\"#ff0000\",\"backColor\":\"#000000\",\"itemType\":0,\"value\":\"文明驾驶安全行车\"}]]","itemfontno":0,"itemforecolor":"","itemforeopacity":100,"itemheight":24,"itemid":1,"itemleft":0,"itemstyle":"{\"special\":{\"shadow\":{\"shadowBlur\":\"1\",\"shadowColor\":\"#2a2da6\"},\"scale\":{\"scaleX\":80,\"scaleY\":100}},\"linkmove\":0,\"rollstop\":0,\"playtype\":1,\"Mandatorytime\":0,\"MandatorytimeLength\":5,\"stoptime\":0,\"playtime\":7.92,\"playspeed\":5,\"looptime\":1,\"gamma\":20}","itemtop":0,"itemtype":0,"itemwidth":144,"pageid":1}]}===
2019-11-11 13:18:13,891 INFO (auditMangerController.java:33)- /auditManger Open
2019-11-11 13:18:14,020 INFO (operateLog.java:25)- ===用户:admin/getadvListbyGrpidState===
2019-11-11 13:18:15,436 INFO (operateLog.java:25)- ===用户:admin 获取广告播放列表返回结果:[{"Playlistname":"111","Programlist":"[{\"infoid\":3669,\"timelenght\":24,\"indexNo\":0,\"lifeAct\":\"\",\"lifeDie\":\"\",\"infoname\":\"大凡双11\"}]","Playlistlifedie":"","pubid":"275","id":3537,"Timequantum":"{\"listcycle\":\"300\",\"timelist\":[{\"lifeAct\":\"0\",\"lifeDie\":\"0\"}]}","Delindex":0,"Grpid":2,"Playlistlevel":1,"Scheduletype":2,"Playlistlifeact":""}]===
2019-11-11 13:18:15,456 INFO (operateLog.java:25)- ===用户:admin 获取已发布广告信息返回结果:[{"playTimelength":23,"Advname":"1025联通集团号","publishDate":"2019-10-25 16:55:19","id":3436,"lifeAct":"","Pubidid":253,"lifeDie":""},{"playTimelength":10,"Advname":"万通","publishDate":"2019-11-01 13:54:30","id":3613,"lifeAct":"","Pubidid":261,"lifeDie":""},{"playTimelength":26,"Advname":"万通双11","publishDate":"2019-11-01 13:54:30","id":3612,"lifeAct":"","Pubidid":260,"lifeDie":""},{"playTimelength":25,"Advname":"九毛九","publishDate":"2019-11-01 10:44:22","id":3607,"lifeAct":"","Pubidid":256,"lifeDie":""},{"playTimelength":24,"Advname":"大凡双11","publishDate":"2019-11-02 16:57:02","id":3669,"lifeAct":"","Pubidid":265,"lifeDie":""},{"playTimelength":21,"Advname":"奥普","publishDate":"2019-11-01 13:54:30","id":3614,"lifeAct":"","Pubidid":262,"lifeDie":""},{"playTimelength":18,"Advname":"宏科","publishDate":"2019-11-02 09:26:22","id":3655,"lifeAct":"","Pubidid":263,"lifeDie":""},{"playTimelength":23,"Advname":"宏科1","publishDate":"2019-11-02 12:20:17","id":3657,"lifeAct":"","Pubidid":264,"lifeDie":""},{"playTimelength":14,"Advname":"宣传","publishDate":"2019-09-27 16:37:12","id":2763,"lifeAct":"","Pubidid":223,"lifeDie":""},{"playTimelength":15,"Advname":"宣传1","publishDate":"2019-09-27 16:57:31","id":2765,"lifeAct":"","Pubidid":224,"lifeDie":""},{"playTimelength":15,"Advname":"宣传11","publishDate":"2019-11-01 13:54:30","id":2767,"lifeAct":"","Pubidid":225,"lifeDie":""},{"playTimelength":27,"Advname":"我爱我家","publishDate":"2019-09-28 15:07:09","id":2775,"lifeAct":"","Pubidid":226,"lifeDie":""},{"playTimelength":9,"Advname":"扇子","publishDate":"2019-8-29 10:46:12","id":2109,"lifeAct":"","Pubidid":219,"lifeDie":""},{"playTimelength":18,"Advname":"日立","publishDate":"2019-11-01 10:46:11","id":3608,"lifeAct":"","Pubidid":257,"lifeDie":""},{"playTimelength":9,"Advname":"日立2","publishDate":"2019-11-01 08:42:36","id":3600,"lifeAct":"","Pubidid":255,"lifeDie":""},{"playTimelength":9,"Advname":"梵蒂冈","id":3711,"lifeAct":"","Pubidid":304,"lifeDie":""},{"playTimelength":9,"Advname":"联通","id":3611,"lifeAct":"","Pubidid":270,"lifeDie":""},{"playTimelength":9,"Advname":"联通_copy1","id":3707,"lifeAct":"","Pubidid":271,"lifeDie":""},{"playTimelength":9,"Advname":"联通_copy2","id":3708,"lifeAct":"","Pubidid":272,"lifeDie":""}]===
2019-11-11 13:18:16,968 INFO (auditMangerController.java:33)- /auditManger Open
2019-11-11 13:18:17,053 INFO (operateLog.java:25)- ===用户:admin/getadvListbyGrpidState===
2019-11-11 13:18:18,213 INFO (operateLog.java:25)- ===用户:admin/getadvEditListbyGrpid===
2019-11-11 13:18:18,276 INFO (operateLog.java:25)- ===用户:admin 广告id:3713获取显示项返回结果:{"result":"success","itemlist":[{"delindex":0,"infoSN":3713,"itembackcolor":"","itembackopacity":100,"itemcontext":"<p><span style=\"font-size: 18px;\">文明驾驶安全行车</span></p>","itemcontextjson":"[[{\"fontName\":\"SimSun\",\"fontSize\":18,\"foreColor\":\"#ff0000\",\"backColor\":\"#000000\",\"itemType\":0,\"value\":\"文明驾驶安全行车\"}]]","itemfontno":0,"itemforecolor":"","itemforeopacity":100,"itemheight":24,"itemid":1,"itemleft":0,"itemstyle":"{\"special\":{\"shadow\":{\"shadowBlur\":\"1\",\"shadowColor\":\"#2a2da6\"},\"scale\":{\"scaleX\":80,\"scaleY\":100}},\"linkmove\":0,\"rollstop\":0,\"playtype\":1,\"Mandatorytime\":0,\"MandatorytimeLength\":5,\"stoptime\":0,\"playtime\":7.92,\"playspeed\":5,\"looptime\":1,\"gamma\":20}","itemtop":0,"itemtype":0,"itemwidth":144,"pageid":1}]}===
2019-11-11 13:18:18,871 INFO (auditMangerController.java:33)- /auditManger Open
2019-11-11 13:18:18,973 INFO (operateLog.java:25)- ===用户:admin/getadvListbyGrpidState===
2019-11-11 13:18:19,576 INFO (operateLog.java:25)- ===用户:admin 获取广告播放列表返回结果:[{"Playlistname":"111","Programlist":"[{\"infoid\":3669,\"timelenght\":24,\"indexNo\":0,\"lifeAct\":\"\",\"lifeDie\":\"\",\"infoname\":\"大凡双11\"}]","Playlistlifedie":"","pubid":"275","id":3537,"Timequantum":"{\"listcycle\":\"300\",\"timelist\":[{\"lifeAct\":\"0\",\"lifeDie\":\"0\"}]}","Delindex":0,"Grpid":2,"Playlistlevel":1,"Scheduletype":2,"Playlistlifeact":""}]===
2019-11-11 13:18:19,692 INFO (operateLog.java:25)- ===用户:admin 获取已发布广告信息返回结果:[{"playTimelength":23,"Advname":"1025联通集团号","publishDate":"2019-10-25 16:55:19","id":3436,"lifeAct":"","Pubidid":253,"lifeDie":""},{"playTimelength":10,"Advname":"万通","publishDate":"2019-11-01 13:54:30","id":3613,"lifeAct":"","Pubidid":261,"lifeDie":""},{"playTimelength":26,"Advname":"万通双11","publishDate":"2019-11-01 13:54:30","id":3612,"lifeAct":"","Pubidid":260,"lifeDie":""},{"playTimelength":25,"Advname":"九毛九","publishDate":"2019-11-01 10:44:22","id":3607,"lifeAct":"","Pubidid":256,"lifeDie":""},{"playTimelength":24,"Advname":"大凡双11","publishDate":"2019-11-02 16:57:02","id":3669,"lifeAct":"","Pubidid":265,"lifeDie":""},{"playTimelength":21,"Advname":"奥普","publishDate":"2019-11-01 13:54:30","id":3614,"lifeAct":"","Pubidid":262,"lifeDie":""},{"playTimelength":18,"Advname":"宏科","publishDate":"2019-11-02 09:26:22","id":3655,"lifeAct":"","Pubidid":263,"lifeDie":""},{"playTimelength":23,"Advname":"宏科1","publishDate":"2019-11-02 12:20:17","id":3657,"lifeAct":"","Pubidid":264,"lifeDie":""},{"playTimelength":14,"Advname":"宣传","publishDate":"2019-09-27 16:37:12","id":2763,"lifeAct":"","Pubidid":223,"lifeDie":""},{"playTimelength":15,"Advname":"宣传1","publishDate":"2019-09-27 16:57:31","id":2765,"lifeAct":"","Pubidid":224,"lifeDie":""},{"playTimelength":15,"Advname":"宣传11","publishDate":"2019-11-01 13:54:30","id":2767,"lifeAct":"","Pubidid":225,"lifeDie":""},{"playTimelength":27,"Advname":"我爱我家","publishDate":"2019-09-28 15:07:09","id":2775,"lifeAct":"","Pubidid":226,"lifeDie":""},{"playTimelength":9,"Advname":"扇子","publishDate":"2019-8-29 10:46:12","id":2109,"lifeAct":"","Pubidid":219,"lifeDie":""},{"playTimelength":18,"Advname":"日立","publishDate":"2019-11-01 10:46:11","id":3608,"lifeAct":"","Pubidid":257,"lifeDie":""},{"playTimelength":9,"Advname":"日立2","publishDate":"2019-11-01 08:42:36","id":3600,"lifeAct":"","Pubidid":255,"lifeDie":""},{"playTimelength":9,"Advname":"梵蒂冈","id":3711,"lifeAct":"","Pubidid":304,"lifeDie":""},{"playTimelength":9,"Advname":"联通","id":3611,"lifeAct":"","Pubidid":270,"lifeDie":""},{"playTimelength":9,"Advname":"联通_copy1","id":3707,"lifeAct":"","Pubidid":271,"lifeDie":""},{"playTimelength":9,"Advname":"联通_copy2","id":3708,"lifeAct":"","Pubidid":272,"lifeDie":""}]===
2019-11-11 13:18:20,685 INFO (recycleMangerController.java:31)- /recycleManger Open
2019-11-11 13:18:20,871 INFO (operateLog.java:25)- ===用户:admin/getDelinfolistbypageNum===
2019-11-11 13:18:22,239 INFO (operateLog.java:25)- ===用户:admin/getadvEditListbyGrpid===
2019-11-11 13:18:22,311 INFO (operateLog.java:25)- ===用户:admin 广告id:3713获取显示项返回结果:{"result":"success","itemlist":[{"delindex":0,"infoSN":3713,"itembackcolor":"","itembackopacity":100,"itemcontext":"<p><span style=\"font-size: 18px;\">文明驾驶安全行车</span></p>","itemcontextjson":"[[{\"fontName\":\"SimSun\",\"fontSize\":18,\"foreColor\":\"#ff0000\",\"backColor\":\"#000000\",\"itemType\":0,\"value\":\"文明驾驶安全行车\"}]]","itemfontno":0,"itemforecolor":"","itemforeopacity":100,"itemheight":24,"itemid":1,"itemleft":0,"itemstyle":"{\"special\":{\"shadow\":{\"shadowBlur\":\"1\",\"shadowColor\":\"#2a2da6\"},\"scale\":{\"scaleX\":80,\"scaleY\":100}},\"linkmove\":0,\"rollstop\":0,\"playtype\":1,\"Mandatorytime\":0,\"MandatorytimeLength\":5,\"stoptime\":0,\"playtime\":7.92,\"playspeed\":5,\"looptime\":1,\"gamma\":20}","itemtop":0,"itemtype":0,"itemwidth":144,"pageid":1}]}===
2019-11-11 13:20:14,588 INFO (ExecutorConfigurationSupport.java:208)- Shutting down ExecutorService 'applicationTaskExecutor'
2019-11-11 13:20:14,596 INFO (DruidDataSource.java:1825)- {dataSource-1} closed
2019-11-11 13:20:15,606 INFO (StartupInfoLogger.java:50)- Starting Application on DESKTOP-H8FS49Q with PID 8848 (D:\eclipse-workspace\spring-boot-ledediter\target\classes started by 86139 in D:\eclipse-workspace\spring-boot-ledediter)
2019-11-11 13:20:15,606 INFO (SpringApplication.java:675)- No active profile set, falling back to default profiles: default
2019-11-11 13:20:18,766 INFO (PostProcessorRegistrationDelegate.java:330)- Bean 'shiroConfig' of type [org.hds.config.ShiroConfig$$EnhancerBySpringCGLIB$$e7b4b14a] is not eligible for getting processed by all BeanPostProcessors (for example: not eligible for auto-proxying)
2019-11-11 13:20:18,805 INFO (PostProcessorRegistrationDelegate.java:330)- Bean 'mybatis-org.mybatis.spring.boot.autoconfigure.MybatisProperties' of type [org.mybatis.spring.boot.autoconfigure.MybatisProperties] is not eligible for getting processed by all BeanPostProcessors (for example: not eligible for auto-proxying)
2019-11-11 13:20:18,809 INFO (PostProcessorRegistrationDelegate.java:330)- Bean 'org.mybatis.spring.boot.autoconfigure.MybatisAutoConfiguration' of type [org.mybatis.spring.boot.autoconfigure.MybatisAutoConfiguration$$EnhancerBySpringCGLIB$$a3108bad] is not eligible for getting processed by all BeanPostProcessors (for example: not eligible for auto-proxying)
2019-11-11 13:20:18,817 INFO (PostProcessorRegistrationDelegate.java:330)- Bean 'druidDBConfig' of type [org.hds.config.DruidDBConfig$$EnhancerBySpringCGLIB$$ef5fceb9] is not eligible for getting processed by all BeanPostProcessors (for example: not eligible for auto-proxying)
2019-11-11 13:20:18,824 INFO (PostProcessorRegistrationDelegate.java:330)- Bean 'dataSource' of type [com.alibaba.druid.pool.DruidDataSource] is not eligible for getting processed by all BeanPostProcessors (for example: not eligible for auto-proxying)
2019-11-11 13:20:18,843 INFO (PostProcessorRegistrationDelegate.java:330)- Bean 'sqlSessionFactory' of type [org.apache.ibatis.session.defaults.DefaultSqlSessionFactory] is not eligible for getting processed by all BeanPostProcessors (for example: not eligible for auto-proxying)
2019-11-11 13:20:18,846 INFO (PostProcessorRegistrationDelegate.java:330)- Bean 'sqlSessionTemplate' of type [org.mybatis.spring.SqlSessionTemplate] is not eligible for getting processed by all BeanPostProcessors (for example: not eligible for auto-proxying)
2019-11-11 13:20:18,872 INFO (PostProcessorRegistrationDelegate.java:330)- Bean 'userMapper' of type [org.mybatis.spring.mapper.MapperFactoryBean] is not eligible for getting processed by all BeanPostProcessors (for example: not eligible for auto-proxying)
2019-11-11 13:20:18,887 INFO (PostProcessorRegistrationDelegate.java:330)- Bean 'userMapper' of type [com.sun.proxy.$Proxy102] is not eligible for getting processed by all BeanPostProcessors (for example: not eligible for auto-proxying)
2019-11-11 13:20:18,887 INFO (PostProcessorRegistrationDelegate.java:330)- Bean 'customRealm' of type [org.hds.config.MyShiroRealm] is not eligible for getting processed by all BeanPostProcessors (for example: not eligible for auto-proxying)
2019-11-11 13:20:18,888 INFO (PostProcessorRegistrationDelegate.java:330)- Bean 'securityManager' of type [org.apache.shiro.web.mgt.DefaultWebSecurityManager] is not eligible for getting processed by all BeanPostProcessors (for example: not eligible for auto-proxying)
2019-11-11 13:20:18,916 INFO (PostProcessorRegistrationDelegate.java:330)- Bean 'org.springframework.transaction.annotation.ProxyTransactionManagementConfiguration' of type [org.springframework.transaction.annotation.ProxyTransactionManagementConfiguration$$EnhancerBySpringCGLIB$$703c3a7d] is not eligible for getting processed by all BeanPostProcessors (for example: not eligible for auto-proxying)
2019-11-11 13:20:18,918 INFO (PostProcessorRegistrationDelegate.java:330)- Bean 'authorizationAttributeSourceAdvisor' of type [org.apache.shiro.spring.security.interceptor.AuthorizationAttributeSourceAdvisor] is not eligible for getting processed by all BeanPostProcessors (for example: not eligible for auto-proxying)
2019-11-11 13:20:19,134 INFO (TomcatWebServer.java:90)- Tomcat initialized with port(s): 8011 (http)
2019-11-11 13:20:19,136 INFO (DirectJDKLog.java:173)- Initializing ProtocolHandler ["http-nio-8011"]
2019-11-11 13:20:19,136 INFO (DirectJDKLog.java:173)- Starting service [Tomcat]
2019-11-11 13:20:19,137 INFO (DirectJDKLog.java:173)- Starting Servlet engine: [Apache Tomcat/9.0.16]
2019-11-11 13:20:19,171 INFO (DirectJDKLog.java:173)- Initializing Spring embedded WebApplicationContext
2019-11-11 13:20:19,172 INFO (ServletWebServerApplicationContext.java:296)- Root WebApplicationContext: initialization completed in 3548 ms
2019-11-11 13:20:19,258 WARN (DirectJDKLog.java:173)- Cannot deserialize session attribute [org.apache.shiro.subject.support.DefaultSubjectContext_PRINCIPALS_SESSION_KEY] for session [9C6FE2E6DDBBBEC509929EEF00936AB1]
2019-11-11 13:20:19,779 INFO (ExecutorConfigurationSupport.java:171)- Initializing ExecutorService 'applicationTaskExecutor'
2019-11-11 13:20:19,871 WARN (TemplateMode.java:150)- [THYMELEAF][restartedMain] Template Mode 'LEGACYHTML5' is deprecated. Using Template Mode 'HTML' instead.
2019-11-11 13:20:20,027 INFO (WelcomePageHandlerMapping.java:61)- Adding welcome page template: index
2019-11-11 13:20:22,269 INFO (OptionalLiveReloadServer.java:57)- LiveReload server is running on port 35729
2019-11-11 13:20:22,296 INFO (DirectJDKLog.java:173)- Starting ProtocolHandler ["http-nio-8011"]
2019-11-11 13:20:22,303 INFO (TomcatWebServer.java:204)- Tomcat started on port(s): 8011 (http) with context path ''
2019-11-11 13:20:22,305 INFO (StartupInfoLogger.java:59)- Started Application in 6.894 seconds (JVM running for 420.006)
2019-11-11 13:20:22,309 INFO (ConditionEvaluationDeltaLoggingListener.java:70)- Condition evaluation unchanged
2019-11-11 13:22:42,520 INFO (DirectJDKLog.java:173)- Initializing Spring DispatcherServlet 'dispatcherServlet'
2019-11-11 13:22:42,523 INFO (FrameworkServlet.java:524)- Initializing Servlet 'dispatcherServlet'
2019-11-11 13:22:42,534 INFO (FrameworkServlet.java:546)- Completed initialization in 10 ms
2019-11-11 13:22:42,848 INFO (DruidDataSource.java:930)- {dataSource-2} inited
2019-11-11 13:22:42,864 INFO (operateLog.java:25)- ===用户:admin/getadvEditListbyGrpid===
2019-11-11 13:22:42,892 INFO (operateLog.java:25)- ===用户:admin 广告id:3611获取显示项返回结果:{"result":"success","itemlist":[]}===
2019-11-11 13:22:45,335 INFO (LoginController.java:49)- /Index Open
2019-11-11 13:22:48,082 INFO (operateLog.java:25)- ===用户登录:admin返回结果:{"result":"success","adminInfo":{"adminRemarks":"VmpGYVYyRXhWWGxXYmtwT1ZteGFiMXBYZUV0VU1YQllaRWhPVDFKc1NuaFZWM1JMWVVaR1ZVMUVhejA9","admincount":0,"adminid":1,"adminlevel":1,"adminname":"admin","adminpermission":"1111111","adminpwd":"","adminstatus":0,"delindex":0,"grpcount":0,"issuperuser":1,"parentid":0,"projectid":""}}===
2019-11-11 13:22:48,229 INFO (MainController.java:27)- /main Open
2019-11-11 13:22:48,361 INFO (operateLog.java:25)- ===用户:admin/getGroup===
2019-11-11 13:22:50,162 INFO (historyMangerController.java:32)- /historyManger Open
2019-11-11 13:22:50,425 INFO (operateLog.java:25)- ===用户:admin/gethistorybypageNum===
2019-11-11 13:22:55,046 INFO (operateLog.java:25)- ===用户:admin/gethistorybypageNum===
2019-11-11 13:23:05,489 INFO (historyMangerController.java:32)- /historyManger Open
2019-11-11 13:25:06,661 INFO (operateLog.java:25)- ===用户:admin/gethistorybypageNum===
2019-11-11 13:29:14,064 INFO (operateLog.java:25)- ===用户:admin/gethistorybypageNum===
2019-11-11 13:33:51,036 INFO (operateLog.java:25)- ===用户:admin 列表id:3751获取显示项返回结果:{"result":"success","itemlist":[{"advlist":[{"infoid":3867,"timelenght":3,"offsetlist":[15,51,87,123,159,195,231,267,303,339,375,411,447,483,519,555,591,627,663,699,735,771,807,843,879,915,951,987,1023,1059],"infoname":"国商品1"},{"infoid":3914,"timelenght":15,"offsetlist":[162,342,522,702,882,1062],"infoname":"10-60个体项目改造_copy1"},{"infoid":3903,"timelenght":3,"offsetlist":[33,69,105,141,177,213,249,285,321,357,393,429,465,501,537,573,609,645,681,717,753,789,825,861,897,933,969,1005,1041,1077],"infoname":"万科品2_"},{"infoid":3916,"timelenght":15,"offsetlist":[486,774,1026],"infoname":"28 44 58儒易华宴"},{"infoid":3907,"timelenght":15,"offsetlist":[216,612,990],"infoname":"13 35 56圣鲸海鲜自助"},{"infoid":3910,"timelenght":15,"offsetlist":[144,432,720,972],"infoname":"09 25 41 55晶远国际"},{"infoid":3905,"timelenght":15,"offsetlist":[108,252,396,540,666,810],"infoname":"07 15 23 31 38 46印象"},{"infoid":3906,"timelenght":15,"offsetlist":[90,234,378,504,648,792,936,1044],"infoname":"06 14 22 29 37 45 53 59卖场"},{"infoid":3909,"timelenght":15,"offsetlist":[18,288,576,846],"infoname":"02 17 33 48好旺角"},{"infoid":3904,"timelenght":15,"offsetlist":[0,54,126,198,270,324,414,468,558,684,756,828,900,954,1008],"infoname":"01 4 8 12 16 19 24 27 32 39 43 47 51 54 57万科"},{"infoid":3928,"timelenght":15,"offsetlist":[36,180,306,450,594,738,864],"infoname":"03 11 18 26 34 42 49商都2"},{"infoid":3935,"timelenght":15,"offsetlist":[72,360,630,918],"infoname":"05 21 36 52红旗汽车"}],"totalTimeLength":0,"lifeAct":"2019-11-09 0:00:00","lifeDie":"2019-11-09 0:00:00"},{"advlist":[{"infoid":3914,"timelenght":15,"offsetlist":[162,342,522,702,882,1062],"infoname":"10-60个体项目改造_copy1"},{"infoid":3903,"timelenght":3,"offsetlist":[33,69,105,141,177,213,249,285,321,357,393,429,465,501,537,573,609,645,681,717,753,789,825,861,897,933,969,1005,1041,1077],"infoname":"万科品2_"},{"infoid":3913,"timelenght":15,"offsetlist":[612],"infoname":"35金大洲1"},{"infoid":3916,"timelenght":15,"offsetlist":[486,774,1026],"infoname":"28 44 58儒易华宴"},{"infoid":3917,"timelenght":15,"offsetlist":[216],"infoname":"13儒易华宴"},{"infoid":3912,"timelenght":15,"offsetlist":[144,432,720,972],"infoname":"09 25 41 55圣鲸海鲜自助"},{"infoid":3905,"timelenght":15,"offsetlist":[108,252,396,540,666,810],"infoname":"07 15 23 31 38 46印象"},{"infoid":3906,"timelenght":15,"offsetlist":[90,234,378,504,648,792,936,1044],"infoname":"06 14 22 29 37 45 53 59卖场"},{"infoid":3909,"timelenght":15,"offsetlist":[18,288,576,846],"infoname":"02 17 33 48好旺角"},{"infoid":3904,"timelenght":15,"offsetlist":[0,54,126,198,270,324,414,468,558,684,756,828,900,954,1008],"infoname":"01 4 8 12 16 19 24 27 32 39 43 47 51 54 57万科"},{"infoid":3926,"timelenght":3,"offsetlist":[15,51,87,123,159,195,231,267,303,339,375,411,447,483,519,555,591,627,663,699,735,771,807,843,879,915,951,987,1023,1059],"infoname":"商都品2"},{"infoid":3911,"timelenght":15,"offsetlist":[990],"infoname":"56商都2"},{"infoid":3928,"timelenght":15,"offsetlist":[36,180,306,450,594,738,864],"infoname":"03 11 18 26 34 42 49商都2"},{"infoid":3931,"timelenght":15,"offsetlist":[360,630,918,72],"infoname":"05 21 36 52红旗汽车_"}],"totalTimeLength":0,"lifeAct":"2019-11-10 0:00:00","lifeDie":"2019-11-10 0:00:00"},{"advlist":[{"infoid":3914,"timelenght":15,"offsetlist":[162,342,522,702,882,1062],"infoname":"10-60个体项目改造_copy1"},{"infoid":3943,"timelenght":3,"offsetlist":[15,51,87,123,159,195,231,267,303,339,375,411,447,483,519,555,591,627,663,699,735,771,807,843,879,915,951,987,1023,1059,33,69,105,141,177,213,249,285,321,357,393,429,465,501,537,573,609,645,681,717,753,789,825,861,897,933,969,1005,1041,1077],"infoname":"卖场品2"},{"infoid":3951,"timelenght":15,"offsetlist":[0,54,90,126,198,270,324,414,468,558,612,648,684,756,828,900,954,1008],"infoname":"01 4 6 8 12 16 19 24 27 32 35 37 39 43 47 51 54 57万科"},{"infoid":3944,"timelenght":15,"offsetlist":[18,288,576,846],"infoname":"02 17 33 48好旺角_"},{"infoid":3950,"timelenght":15,"offsetlist":[36,180,306,450,594,738,792,864,990,1044,234],"infoname":"03 11 14 18 26 34 4245  49 56 59恒大净月公馆"},{"infoid":3945,"timelenght":15,"offsetlist":[72,360,630,918],"infoname":"05 21 36 52红旗汽车-"},{"infoid":3946,"timelenght":15,"offsetlist":[108,252,396,540,666,810],"infoname":"07 15 23 31 38 46印象_"},{"infoid":3941,"timelenght":15,"offsetlist":[144,432,720,972],"infoname":"09 25 41 55圣鲸海鲜自助_"},{"infoid":3940,"timelenght":15,"offsetlist":[216,486,774,1026],"infoname":"13 28 44 58儒易华宴"},{"infoid":3942,"timelenght":15,"offsetlist":[378],"infoname":"22金大洲1"},{"infoid":3872,"timelenght":15,"offsetlist":[504],"infoname":"29金大洲2"},{"infoid":3948,"timelenght":15,"offsetlist":[936],"infoname":"53金大洲3"}],"totalTimeLength":0,"lifeAct":"2019-11-11 0:00:00","lifeDie":"2019-11-11 0:00:00"}]}===
2019-11-11 13:56:47,533 INFO (operateLog.java:25)- ===用户:admin/gethistorybypageNum===
2019-11-11 13:57:05,848 INFO (operateLog.java:25)- ===用户:admin/gethistorybypageNum===
2019-11-11 13:57:53,010 INFO (operateLog.java:25)- ===用户:admin/gethistorybypageNum===
2019-11-11 13:58:00,615 INFO (operateLog.java:25)- ===用户:admin/gethistorybypageNum===
2019-11-11 13:58:08,061 INFO (operateLog.java:25)- ===用户:admin/gethistorybypageNum===
2019-11-11 13:58:15,229 INFO (operateLog.java:25)- ===用户:admin/gethistorybypageNum===
2019-11-11 14:36:14,757 INFO (LoginController.java:49)- /Index Open
2019-11-11 14:36:26,082 INFO (LoginController.java:49)- /Index Open
2019-11-11 14:36:28,662 INFO (operateLog.java:25)- ===用户登录:admin返回结果:{"result":"success","adminInfo":{"adminRemarks":"VmpGYVYyRXhWWGxXYmtwT1ZteGFiMXBYZUV0VU1YQllaRWhPVDFKc1NuaFZWM1JMWVVaR1ZVMUVhejA9","admincount":0,"adminid":1,"adminlevel":1,"adminname":"admin","adminpermission":"1111111","adminpwd":"","adminstatus":0,"delindex":0,"grpcount":0,"issuperuser":1,"parentid":0,"projectid":""}}===
2019-11-11 14:36:28,686 INFO (MainController.java:27)- /main Open
2019-11-11 14:36:28,904 INFO (operateLog.java:25)- ===用户:admin/getGroup===
2019-11-11 14:36:31,929 INFO (historyMangerController.java:32)- /historyManger Open
2019-11-11 14:36:36,800 INFO (operateLog.java:25)- ===用户:admin/gethistorybypageNum===
2019-11-11 14:37:35,024 INFO (operateLog.java:25)- ===用户:admin/gethistorybypageNum===
2019-11-11 14:58:57,654 INFO (operateLog.java:25)- ===用户:admin/gethistorybypageNum===
2019-11-11 15:00:13,180 INFO (ExecutorConfigurationSupport.java:208)- Shutting down ExecutorService 'applicationTaskExecutor'
2019-11-11 15:00:13,187 INFO (DruidDataSource.java:1825)- {dataSource-2} closed
2019-11-11 15:00:14,104 INFO (StartupInfoLogger.java:50)- Starting Application on DESKTOP-H8FS49Q with PID 8848 (D:\eclipse-workspace\spring-boot-ledediter\target\classes started by 86139 in D:\eclipse-workspace\spring-boot-ledediter)
2019-11-11 15:00:14,104 INFO (SpringApplication.java:675)- No active profile set, falling back to default profiles: default
2019-11-11 15:00:16,844 INFO (PostProcessorRegistrationDelegate.java:330)- Bean 'shiroConfig' of type [org.hds.config.ShiroConfig$$EnhancerBySpringCGLIB$$e7b4b14a] is not eligible for getting processed by all BeanPostProcessors (for example: not eligible for auto-proxying)
2019-11-11 15:00:16,880 INFO (PostProcessorRegistrationDelegate.java:330)- Bean 'mybatis-org.mybatis.spring.boot.autoconfigure.MybatisProperties' of type [org.mybatis.spring.boot.autoconfigure.MybatisProperties] is not eligible for getting processed by all BeanPostProcessors (for example: not eligible for auto-proxying)
2019-11-11 15:00:16,883 INFO (PostProcessorRegistrationDelegate.java:330)- Bean 'org.mybatis.spring.boot.autoconfigure.MybatisAutoConfiguration' of type [org.mybatis.spring.boot.autoconfigure.MybatisAutoConfiguration$$EnhancerBySpringCGLIB$$a3108bad] is not eligible for getting processed by all BeanPostProcessors (for example: not eligible for auto-proxying)
2019-11-11 15:00:16,890 INFO (PostProcessorRegistrationDelegate.java:330)- Bean 'druidDBConfig' of type [org.hds.config.DruidDBConfig$$EnhancerBySpringCGLIB$$ef5fceb9] is not eligible for getting processed by all BeanPostProcessors (for example: not eligible for auto-proxying)
2019-11-11 15:00:16,898 INFO (PostProcessorRegistrationDelegate.java:330)- Bean 'dataSource' of type [com.alibaba.druid.pool.DruidDataSource] is not eligible for getting processed by all BeanPostProcessors (for example: not eligible for auto-proxying)
2019-11-11 15:00:16,917 INFO (PostProcessorRegistrationDelegate.java:330)- Bean 'sqlSessionFactory' of type [org.apache.ibatis.session.defaults.DefaultSqlSessionFactory] is not eligible for getting processed by all BeanPostProcessors (for example: not eligible for auto-proxying)
2019-11-11 15:00:16,920 INFO (PostProcessorRegistrationDelegate.java:330)- Bean 'sqlSessionTemplate' of type [org.mybatis.spring.SqlSessionTemplate] is not eligible for getting processed by all BeanPostProcessors (for example: not eligible for auto-proxying)
2019-11-11 15:00:16,947 INFO (PostProcessorRegistrationDelegate.java:330)- Bean 'userMapper' of type [org.mybatis.spring.mapper.MapperFactoryBean] is not eligible for getting processed by all BeanPostProcessors (for example: not eligible for auto-proxying)
2019-11-11 15:00:16,960 INFO (PostProcessorRegistrationDelegate.java:330)- Bean 'userMapper' of type [com.sun.proxy.$Proxy117] is not eligible for getting processed by all BeanPostProcessors (for example: not eligible for auto-proxying)
2019-11-11 15:00:16,961 INFO (PostProcessorRegistrationDelegate.java:330)- Bean 'customRealm' of type [org.hds.config.MyShiroRealm] is not eligible for getting processed by all BeanPostProcessors (for example: not eligible for auto-proxying)
2019-11-11 15:00:16,963 INFO (PostProcessorRegistrationDelegate.java:330)- Bean 'securityManager' of type [org.apache.shiro.web.mgt.DefaultWebSecurityManager] is not eligible for getting processed by all BeanPostProcessors (for example: not eligible for auto-proxying)
2019-11-11 15:00:16,989 INFO (PostProcessorRegistrationDelegate.java:330)- Bean 'org.springframework.transaction.annotation.ProxyTransactionManagementConfiguration' of type [org.springframework.transaction.annotation.ProxyTransactionManagementConfiguration$$EnhancerBySpringCGLIB$$703c3a7d] is not eligible for getting processed by all BeanPostProcessors (for example: not eligible for auto-proxying)
2019-11-11 15:00:16,991 INFO (PostProcessorRegistrationDelegate.java:330)- Bean 'authorizationAttributeSourceAdvisor' of type [org.apache.shiro.spring.security.interceptor.AuthorizationAttributeSourceAdvisor] is not eligible for getting processed by all BeanPostProcessors (for example: not eligible for auto-proxying)
2019-11-11 15:00:17,230 INFO (TomcatWebServer.java:90)- Tomcat initialized with port(s): 8011 (http)
2019-11-11 15:00:17,231 INFO (DirectJDKLog.java:173)- Initializing ProtocolHandler ["http-nio-8011"]
2019-11-11 15:00:17,232 INFO (DirectJDKLog.java:173)- Starting service [Tomcat]
2019-11-11 15:00:17,232 INFO (DirectJDKLog.java:173)- Starting Servlet engine: [Apache Tomcat/9.0.16]
2019-11-11 15:00:17,257 INFO (DirectJDKLog.java:173)- Initializing Spring embedded WebApplicationContext
2019-11-11 15:00:17,258 INFO (ServletWebServerApplicationContext.java:296)- Root WebApplicationContext: initialization completed in 3139 ms
2019-11-11 15:00:17,330 WARN (DirectJDKLog.java:173)- Cannot deserialize session attribute [org.apache.shiro.subject.support.DefaultSubjectContext_PRINCIPALS_SESSION_KEY] for session [0F3F6BCB6251F8891366598810118DC8]
2019-11-11 15:00:17,990 INFO (ExecutorConfigurationSupport.java:171)- Initializing ExecutorService 'applicationTaskExecutor'
2019-11-11 15:00:18,072 WARN (TemplateMode.java:150)- [THYMELEAF][restartedMain] Template Mode 'LEGACYHTML5' is deprecated. Using Template Mode 'HTML' instead.
2019-11-11 15:00:18,123 INFO (WelcomePageHandlerMapping.java:61)- Adding welcome page template: index
2019-11-11 15:00:19,495 INFO (OptionalLiveReloadServer.java:57)- LiveReload server is running on port 35729
2019-11-11 15:00:19,514 INFO (DirectJDKLog.java:173)- Starting ProtocolHandler ["http-nio-8011"]
2019-11-11 15:00:19,520 INFO (TomcatWebServer.java:204)- Tomcat started on port(s): 8011 (http) with context path ''
2019-11-11 15:00:19,521 INFO (StartupInfoLogger.java:59)- Started Application in 5.658 seconds (JVM running for 6417.223)
2019-11-11 15:00:19,524 INFO (ConditionEvaluationDeltaLoggingListener.java:70)- Condition evaluation unchanged
2019-11-11 15:07:14,491 INFO (DirectJDKLog.java:173)- Initializing Spring DispatcherServlet 'dispatcherServlet'
2019-11-11 15:07:14,492 INFO (FrameworkServlet.java:524)- Initializing Servlet 'dispatcherServlet'
2019-11-11 15:07:14,505 INFO (FrameworkServlet.java:546)- Completed initialization in 12 ms
2019-11-11 15:07:17,514 INFO (DruidDataSource.java:930)- {dataSource-3} inited
2019-11-11 15:07:33,187 INFO (operateLog.java:25)- ===用户:admin/gethistorybypageNum===
2019-11-11 15:07:57,944 INFO (operateLog.java:25)- ===用户:admin 列表id:3751获取显示项返回结果:{"result":"success","itemlist":[{"advlist":[{"infoid":3867,"timelenght":3,"offsetlist":[15,51,87,123,159,195,231,267,303,339,375,411,447,483,519,555,591,627,663,699,735,771,807,843,879,915,951,987,1023,1059],"infoname":"国商品1"},{"infoid":3914,"timelenght":15,"offsetlist":[162,342,522,702,882,1062],"infoname":"10-60个体项目改造_copy1"},{"infoid":3903,"timelenght":3,"offsetlist":[33,69,105,141,177,213,249,285,321,357,393,429,465,501,537,573,609,645,681,717,753,789,825,861,897,933,969,1005,1041,1077],"infoname":"万科品2_"},{"infoid":3916,"timelenght":15,"offsetlist":[486,774,1026],"infoname":"28 44 58儒易华宴"},{"infoid":3907,"timelenght":15,"offsetlist":[216,612,990],"infoname":"13 35 56圣鲸海鲜自助"},{"infoid":3910,"timelenght":15,"offsetlist":[144,432,720,972],"infoname":"09 25 41 55晶远国际"},{"infoid":3905,"timelenght":15,"offsetlist":[108,252,396,540,666,810],"infoname":"07 15 23 31 38 46印象"},{"infoid":3906,"timelenght":15,"offsetlist":[90,234,378,504,648,792,936,1044],"infoname":"06 14 22 29 37 45 53 59卖场"},{"infoid":3909,"timelenght":15,"offsetlist":[18,288,576,846],"infoname":"02 17 33 48好旺角"},{"infoid":3904,"timelenght":15,"offsetlist":[0,54,126,198,270,324,414,468,558,684,756,828,900,954,1008],"infoname":"01 4 8 12 16 19 24 27 32 39 43 47 51 54 57万科"},{"infoid":3928,"timelenght":15,"offsetlist":[36,180,306,450,594,738,864],"infoname":"03 11 18 26 34 42 49商都2"},{"infoid":3935,"timelenght":15,"offsetlist":[72,360,630,918],"infoname":"05 21 36 52红旗汽车"}],"totalTimeLength":0,"lifeAct":"2019-11-09 0:00:00","lifeDie":"2019-11-09 0:00:00"},{"advlist":[{"infoid":3914,"timelenght":15,"offsetlist":[162,342,522,702,882,1062],"infoname":"10-60个体项目改造_copy1"},{"infoid":3903,"timelenght":3,"offsetlist":[33,69,105,141,177,213,249,285,321,357,393,429,465,501,537,573,609,645,681,717,753,789,825,861,897,933,969,1005,1041,1077],"infoname":"万科品2_"},{"infoid":3913,"timelenght":15,"offsetlist":[612],"infoname":"35金大洲1"},{"infoid":3916,"timelenght":15,"offsetlist":[486,774,1026],"infoname":"28 44 58儒易华宴"},{"infoid":3917,"timelenght":15,"offsetlist":[216],"infoname":"13儒易华宴"},{"infoid":3912,"timelenght":15,"offsetlist":[144,432,720,972],"infoname":"09 25 41 55圣鲸海鲜自助"},{"infoid":3905,"timelenght":15,"offsetlist":[108,252,396,540,666,810],"infoname":"07 15 23 31 38 46印象"},{"infoid":3906,"timelenght":15,"offsetlist":[90,234,378,504,648,792,936,1044],"infoname":"06 14 22 29 37 45 53 59卖场"},{"infoid":3909,"timelenght":15,"offsetlist":[18,288,576,846],"infoname":"02 17 33 48好旺角"},{"infoid":3904,"timelenght":15,"offsetlist":[0,54,126,198,270,324,414,468,558,684,756,828,900,954,1008],"infoname":"01 4 8 12 16 19 24 27 32 39 43 47 51 54 57万科"},{"infoid":3926,"timelenght":3,"offsetlist":[15,51,87,123,159,195,231,267,303,339,375,411,447,483,519,555,591,627,663,699,735,771,807,843,879,915,951,987,1023,1059],"infoname":"商都品2"},{"infoid":3911,"timelenght":15,"offsetlist":[990],"infoname":"56商都2"},{"infoid":3928,"timelenght":15,"offsetlist":[36,180,306,450,594,738,864],"infoname":"03 11 18 26 34 42 49商都2"},{"infoid":3931,"timelenght":15,"offsetlist":[360,630,918,72],"infoname":"05 21 36 52红旗汽车_"}],"totalTimeLength":0,"lifeAct":"2019-11-10 0:00:00","lifeDie":"2019-11-10 0:00:00"},{"advlist":[{"infoid":3914,"timelenght":15,"offsetlist":[162,342,522,702,882,1062],"infoname":"10-60个体项目改造_copy1"},{"infoid":3943,"timelenght":3,"offsetlist":[15,51,87,123,159,195,231,267,303,339,375,411,447,483,519,555,591,627,663,699,735,771,807,843,879,915,951,987,1023,1059,33,69,105,141,177,213,249,285,321,357,393,429,465,501,537,573,609,645,681,717,753,789,825,861,897,933,969,1005,1041,1077],"infoname":"卖场品2"},{"infoid":3951,"timelenght":15,"offsetlist":[0,54,90,126,198,270,324,414,468,558,612,648,684,756,828,900,954,1008],"infoname":"01 4 6 8 12 16 19 24 27 32 35 37 39 43 47 51 54 57万科"},{"infoid":3944,"timelenght":15,"offsetlist":[18,288,576,846],"infoname":"02 17 33 48好旺角_"},{"infoid":3950,"timelenght":15,"offsetlist":[36,180,306,450,594,738,792,864,990,1044,234],"infoname":"03 11 14 18 26 34 4245  49 56 59恒大净月公馆"},{"infoid":3945,"timelenght":15,"offsetlist":[72,360,630,918],"infoname":"05 21 36 52红旗汽车-"},{"infoid":3946,"timelenght":15,"offsetlist":[108,252,396,540,666,810],"infoname":"07 15 23 31 38 46印象_"},{"infoid":3941,"timelenght":15,"offsetlist":[144,432,720,972],"infoname":"09 25 41 55圣鲸海鲜自助_"},{"infoid":3940,"timelenght":15,"offsetlist":[216,486,774,1026],"infoname":"13 28 44 58儒易华宴"},{"infoid":3942,"timelenght":15,"offsetlist":[378],"infoname":"22金大洲1"},{"infoid":3872,"timelenght":15,"offsetlist":[504],"infoname":"29金大洲2"},{"infoid":3948,"timelenght":15,"offsetlist":[936],"infoname":"53金大洲3"}],"totalTimeLength":0,"lifeAct":"2019-11-11 0:00:00","lifeDie":"2019-11-11 0:00:00"}]}===
2019-11-11 15:59:42,665 INFO (LoginController.java:49)- /Index Open
2019-11-11 15:59:44,121 INFO (operateLog.java:25)- ===用户登录:admin返回结果:{"result":"success","adminInfo":{"adminRemarks":"VmpGYVYyRXhWWGxXYmtwT1ZteGFiMXBYZUV0VU1YQllaRWhPVDFKc1NuaFZWM1JMWVVaR1ZVMUVhejA9","admincount":0,"adminid":1,"adminlevel":1,"adminname":"admin","adminpermission":"1111111","adminpwd":"","adminstatus":0,"delindex":0,"grpcount":0,"issuperuser":1,"parentid":0,"projectid":""}}===
2019-11-11 15:59:44,142 INFO (MainController.java:27)- /main Open
2019-11-11 15:59:44,366 INFO (operateLog.java:25)- ===用户:admin/getGroup===
2019-11-11 15:59:46,179 INFO (operateLog.java:25)- ===用户:admin/getProjectListbyuser===
2019-11-11 15:59:46,268 INFO (operateLog.java:25)- ===用户:admin 获取省份 返回结果:{"result":"success","ProvinceList":"北京|天津|上海|重庆|港澳台|辽宁|吉林|黑龙江|河南|河北|湖南|湖北|山东|山西|内蒙古|广东|广西|海南|江苏|浙江|福建|江西|安徽|四川|云南|贵州|陕西|甘肃|青海|宁夏|新疆|西藏"}===
2019-11-11 15:59:46,282 INFO (operateLog.java:25)- ===用户:admin 获取城市 返回结果:{"result":"success","CityList":"北京|平谷|密云|顺义|通县|怀柔|大兴|房山|昌平|延庆"}===
2019-11-11 15:59:49,019 INFO (operateLog.java:25)- ===用户:admin 获取参数 返回结果:{"result":"success","m_ZhaoMingTimeEnd":"07:00","AlarmText":"我被打劫,请报警!","DefaulText":"文明驾驶安全行车","m_ZhaoMingTimeStart":"17:00","setZhaoMingMode":0}===
2019-11-11 16:00:01,448 INFO (operateLog.java:25)- ===用户:admin 获取参数 返回结果:{"result":"success","m_ZhaoMingTimeEnd":"07:00","AlarmText":"   长春欢迎您   ","DefaulText":"文明驾驶安全行车","m_ZhaoMingTimeStart":"17:00","setZhaoMingMode":0}===
2019-11-11 16:00:58,942 INFO (operateLog.java:25)- ===用户:admin 获取参数 返回结果:{"result":"success","m_ZhaoMingTimeEnd":"07:00","AlarmText":"我被打劫,请报警!","DefaulText":"文明驾驶安全行车","m_ZhaoMingTimeStart":"17:00","setZhaoMingMode":0}===
