2019-11-07 08:09:13,705 INFO (StartupInfoLogger.java:50)- Starting Application on DESKTOP-H8FS49Q with PID 13704 (D:\eclipse-workspace\spring-boot-ledediter\target\classes started by 86139 in D:\eclipse-workspace\spring-boot-ledediter)
2019-11-07 08:09:13,726 INFO (SpringApplication.java:675)- No active profile set, falling back to default profiles: default
2019-11-07 08:09:13,930 INFO (DeferredLog.java:227)- Devtools property defaults active! Set 'spring.devtools.add-properties' to 'false' to disable
2019-11-07 08:09:13,931 INFO (DeferredLog.java:227)- For additional web related logging consider setting the 'logging.level.web' property to 'DEBUG'
2019-11-07 08:09:19,351 INFO (PostProcessorRegistrationDelegate.java:330)- Bean 'shiroConfig' of type [org.hds.config.ShiroConfig$$EnhancerBySpringCGLIB$$5db3bdd1] is not eligible for getting processed by all BeanPostProcessors (for example: not eligible for auto-proxying)
2019-11-07 08:09:20,803 INFO (PostProcessorRegistrationDelegate.java:330)- Bean 'mybatis-org.mybatis.spring.boot.autoconfigure.MybatisProperties' of type [org.mybatis.spring.boot.autoconfigure.MybatisProperties] is not eligible for getting processed by all BeanPostProcessors (for example: not eligible for auto-proxying)
2019-11-07 08:09:20,809 INFO (PostProcessorRegistrationDelegate.java:330)- Bean 'org.mybatis.spring.boot.autoconfigure.MybatisAutoConfiguration' of type [org.mybatis.spring.boot.autoconfigure.MybatisAutoConfiguration$$EnhancerBySpringCGLIB$$190f9834] is not eligible for getting processed by all BeanPostProcessors (for example: not eligible for auto-proxying)
2019-11-07 08:09:20,822 INFO (PostProcessorRegistrationDelegate.java:330)- Bean 'druidDBConfig' of type [org.hds.config.DruidDBConfig$$EnhancerBySpringCGLIB$$655edb40] is not eligible for getting processed by all BeanPostProcessors (for example: not eligible for auto-proxying)
2019-11-07 08:09:20,992 INFO (PostProcessorRegistrationDelegate.java:330)- Bean 'dataSource' of type [com.alibaba.druid.pool.DruidDataSource] is not eligible for getting processed by all BeanPostProcessors (for example: not eligible for auto-proxying)
2019-11-07 08:09:21,170 INFO (PostProcessorRegistrationDelegate.java:330)- Bean 'sqlSessionFactory' of type [org.apache.ibatis.session.defaults.DefaultSqlSessionFactory] is not eligible for getting processed by all BeanPostProcessors (for example: not eligible for auto-proxying)
2019-11-07 08:09:21,189 INFO (PostProcessorRegistrationDelegate.java:330)- Bean 'sqlSessionTemplate' of type [org.mybatis.spring.SqlSessionTemplate] is not eligible for getting processed by all BeanPostProcessors (for example: not eligible for auto-proxying)
2019-11-07 08:09:21,314 INFO (PostProcessorRegistrationDelegate.java:330)- Bean 'userMapper' of type [org.mybatis.spring.mapper.MapperFactoryBean] is not eligible for getting processed by all BeanPostProcessors (for example: not eligible for auto-proxying)
2019-11-07 08:09:21,331 INFO (PostProcessorRegistrationDelegate.java:330)- Bean 'userMapper' of type [com.sun.proxy.$Proxy66] is not eligible for getting processed by all BeanPostProcessors (for example: not eligible for auto-proxying)
2019-11-07 08:09:21,332 INFO (PostProcessorRegistrationDelegate.java:330)- Bean 'customRealm' of type [org.hds.config.MyShiroRealm] is not eligible for getting processed by all BeanPostProcessors (for example: not eligible for auto-proxying)
2019-11-07 08:09:21,337 INFO (PostProcessorRegistrationDelegate.java:330)- Bean 'securityManager' of type [org.apache.shiro.web.mgt.DefaultWebSecurityManager] is not eligible for getting processed by all BeanPostProcessors (for example: not eligible for auto-proxying)
2019-11-07 08:09:21,557 INFO (PostProcessorRegistrationDelegate.java:330)- Bean 'org.springframework.transaction.annotation.ProxyTransactionManagementConfiguration' of type [org.springframework.transaction.annotation.ProxyTransactionManagementConfiguration$$EnhancerBySpringCGLIB$$e63b4704] is not eligible for getting processed by all BeanPostProcessors (for example: not eligible for auto-proxying)
2019-11-07 08:09:21,582 INFO (PostProcessorRegistrationDelegate.java:330)- Bean 'authorizationAttributeSourceAdvisor' of type [org.apache.shiro.spring.security.interceptor.AuthorizationAttributeSourceAdvisor] is not eligible for getting processed by all BeanPostProcessors (for example: not eligible for auto-proxying)
2019-11-07 08:09:22,796 INFO (TomcatWebServer.java:90)- Tomcat initialized with port(s): 8011 (http)
2019-11-07 08:09:22,839 INFO (DirectJDKLog.java:173)- Initializing ProtocolHandler ["http-nio-8011"]
2019-11-07 08:09:22,865 INFO (DirectJDKLog.java:173)- Starting service [Tomcat]
2019-11-07 08:09:22,866 INFO (DirectJDKLog.java:173)- Starting Servlet engine: [Apache Tomcat/9.0.16]
2019-11-07 08:09:22,890 INFO (DirectJDKLog.java:173)- The APR based Apache Tomcat Native library which allows optimal performance in production environments was not found on the java.library.path: [C:\Program Files\Java\jre1.8.0_211\bin;C:\Windows\Sun\Java\bin;C:\Windows\system32;C:\Windows;C:/Program Files/Java/jre1.8.0_211/bin/server;C:/Program Files/Java/jre1.8.0_211/bin;C:/Program Files/Java/jre1.8.0_211/lib/amd64;C:\Program Files (x86)\Common Files\Oracle\Java\javapath;C:\Program Files (x86)\Intel\Intel(R) Management Engine Components\iCLS\;C:\Program Files\Intel\Intel(R) Management Engine Components\iCLS\;C:\Windows\system32;C:\Windows;C:\Windows\System32\Wbem;C:\Windows\System32\WindowsPowerShell\v1.0\;C:\Windows\System32\OpenSSH\;C:\Program Files (x86)\Intel\Intel(R) Management Engine Components\DAL;C:\Program Files\Intel\Intel(R) Management Engine Components\DAL;C:\Program Files (x86)\Intel\Intel(R) Management Engine Components\IPT;C:\Program Files\Intel\Intel(R) Management Engine Components\IPT;C:\Program Files (x86)\NVIDIA Corporation\PhysX\Common;C:\Program Files\NVIDIA Corporation\NVIDIA NvDLISR;C:\Program Files\MySQL\bin;C:\Program Files\Java\jre1.8.0_202\bin;C:\Program Files\Microsoft\Web Platform Installer\;C:\Program Files (x86)\Microsoft ASP.NET\ASP.NET Web Pages\v1.0\;C:\Program Files (x86)\Windows Kits\8.0\Windows Performance Toolkit\;C:\Program Files\Microsoft SQL Server\110\Tools\Binn\;C:\Program Files (x86)\Microsoft SQL Server\100\Tools\Binn\;C:\Program Files\Microsoft SQL Server\100\Tools\Binn\;C:\Program Files\Microsoft SQL Server\100\DTS\Binn\;C:\Program Files (x86)\Microsoft SQL Server\100\Tools\Binn\VSShell\Common7\IDE\;C:\Program Files (x86)\Microsoft Visual Studio 9.0\Common7\IDE\PrivateAssemblies\;C:\Program Files (x86)\Microsoft SQL Server\100\DTS\Binn\;d:\Program Files\Git\cmd;C:\Users\86139\AppData\Local\Microsoft\WindowsApps;;D:\eclipse;;.]
2019-11-07 08:09:23,146 INFO (DirectJDKLog.java:173)- Initializing Spring embedded WebApplicationContext
2019-11-07 08:09:23,146 INFO (ServletWebServerApplicationContext.java:296)- Root WebApplicationContext: initialization completed in 9214 ms
2019-11-07 08:09:24,640 INFO (ExecutorConfigurationSupport.java:171)- Initializing ExecutorService 'applicationTaskExecutor'
2019-11-07 08:09:24,963 WARN (TemplateMode.java:150)- [THYMELEAF][restartedMain] Template Mode 'LEGACYHTML5' is deprecated. Using Template Mode 'HTML' instead.
2019-11-07 08:09:25,063 INFO (WelcomePageHandlerMapping.java:61)- Adding welcome page template: index
2019-11-07 08:09:26,959 INFO (OptionalLiveReloadServer.java:57)- LiveReload server is running on port 35729
2019-11-07 08:09:27,025 INFO (DirectJDKLog.java:173)- Starting ProtocolHandler ["http-nio-8011"]
2019-11-07 08:09:27,135 INFO (TomcatWebServer.java:204)- Tomcat started on port(s): 8011 (http) with context path ''
2019-11-07 08:09:27,142 INFO (StartupInfoLogger.java:59)- Started Application in 14.856 seconds (JVM running for 16.342)
2019-11-07 08:16:11,276 INFO (StartupInfoLogger.java:50)- Starting Application on DESKTOP-H8FS49Q with PID 13260 (D:\eclipse-workspace\spring-boot-ledediter\target\classes started by 86139 in D:\eclipse-workspace\spring-boot-ledediter)
2019-11-07 08:16:11,282 INFO (SpringApplication.java:675)- No active profile set, falling back to default profiles: default
2019-11-07 08:16:11,381 INFO (DeferredLog.java:227)- Devtools property defaults active! Set 'spring.devtools.add-properties' to 'false' to disable
2019-11-07 08:16:11,382 INFO (DeferredLog.java:227)- For additional web related logging consider setting the 'logging.level.web' property to 'DEBUG'
2019-11-07 08:16:15,549 INFO (PostProcessorRegistrationDelegate.java:330)- Bean 'shiroConfig' of type [org.hds.config.ShiroConfig$$EnhancerBySpringCGLIB$$2b36fab2] is not eligible for getting processed by all BeanPostProcessors (for example: not eligible for auto-proxying)
2019-11-07 08:16:16,945 INFO (PostProcessorRegistrationDelegate.java:330)- Bean 'mybatis-org.mybatis.spring.boot.autoconfigure.MybatisProperties' of type [org.mybatis.spring.boot.autoconfigure.MybatisProperties] is not eligible for getting processed by all BeanPostProcessors (for example: not eligible for auto-proxying)
2019-11-07 08:16:16,948 INFO (PostProcessorRegistrationDelegate.java:330)- Bean 'org.mybatis.spring.boot.autoconfigure.MybatisAutoConfiguration' of type [org.mybatis.spring.boot.autoconfigure.MybatisAutoConfiguration$$EnhancerBySpringCGLIB$$e692d515] is not eligible for getting processed by all BeanPostProcessors (for example: not eligible for auto-proxying)
2019-11-07 08:16:16,960 INFO (PostProcessorRegistrationDelegate.java:330)- Bean 'druidDBConfig' of type [org.hds.config.DruidDBConfig$$EnhancerBySpringCGLIB$$32e21821] is not eligible for getting processed by all BeanPostProcessors (for example: not eligible for auto-proxying)
2019-11-07 08:16:17,076 INFO (PostProcessorRegistrationDelegate.java:330)- Bean 'dataSource' of type [com.alibaba.druid.pool.DruidDataSource] is not eligible for getting processed by all BeanPostProcessors (for example: not eligible for auto-proxying)
2019-11-07 08:16:17,175 INFO (PostProcessorRegistrationDelegate.java:330)- Bean 'sqlSessionFactory' of type [org.apache.ibatis.session.defaults.DefaultSqlSessionFactory] is not eligible for getting processed by all BeanPostProcessors (for example: not eligible for auto-proxying)
2019-11-07 08:16:17,187 INFO (PostProcessorRegistrationDelegate.java:330)- Bean 'sqlSessionTemplate' of type [org.mybatis.spring.SqlSessionTemplate] is not eligible for getting processed by all BeanPostProcessors (for example: not eligible for auto-proxying)
2019-11-07 08:16:17,292 INFO (PostProcessorRegistrationDelegate.java:330)- Bean 'userMapper' of type [org.mybatis.spring.mapper.MapperFactoryBean] is not eligible for getting processed by all BeanPostProcessors (for example: not eligible for auto-proxying)
2019-11-07 08:16:17,303 INFO (PostProcessorRegistrationDelegate.java:330)- Bean 'userMapper' of type [com.sun.proxy.$Proxy66] is not eligible for getting processed by all BeanPostProcessors (for example: not eligible for auto-proxying)
2019-11-07 08:16:17,304 INFO (PostProcessorRegistrationDelegate.java:330)- Bean 'customRealm' of type [org.hds.config.MyShiroRealm] is not eligible for getting processed by all BeanPostProcessors (for example: not eligible for auto-proxying)
2019-11-07 08:16:17,307 INFO (PostProcessorRegistrationDelegate.java:330)- Bean 'securityManager' of type [org.apache.shiro.web.mgt.DefaultWebSecurityManager] is not eligible for getting processed by all BeanPostProcessors (for example: not eligible for auto-proxying)
2019-11-07 08:16:17,468 INFO (PostProcessorRegistrationDelegate.java:330)- Bean 'org.springframework.transaction.annotation.ProxyTransactionManagementConfiguration' of type [org.springframework.transaction.annotation.ProxyTransactionManagementConfiguration$$EnhancerBySpringCGLIB$$b3be83e5] is not eligible for getting processed by all BeanPostProcessors (for example: not eligible for auto-proxying)
2019-11-07 08:16:17,489 INFO (PostProcessorRegistrationDelegate.java:330)- Bean 'authorizationAttributeSourceAdvisor' of type [org.apache.shiro.spring.security.interceptor.AuthorizationAttributeSourceAdvisor] is not eligible for getting processed by all BeanPostProcessors (for example: not eligible for auto-proxying)
2019-11-07 08:16:18,410 INFO (TomcatWebServer.java:90)- Tomcat initialized with port(s): 8011 (http)
2019-11-07 08:16:18,441 INFO (DirectJDKLog.java:173)- Initializing ProtocolHandler ["http-nio-8011"]
2019-11-07 08:16:18,460 INFO (DirectJDKLog.java:173)- Starting service [Tomcat]
2019-11-07 08:16:18,461 INFO (DirectJDKLog.java:173)- Starting Servlet engine: [Apache Tomcat/9.0.16]
2019-11-07 08:16:18,479 INFO (DirectJDKLog.java:173)- The APR based Apache Tomcat Native library which allows optimal performance in production environments was not found on the java.library.path: [C:\Program Files\Java\jre1.8.0_211\bin;C:\Windows\Sun\Java\bin;C:\Windows\system32;C:\Windows;C:/Program Files/Java/jre1.8.0_211/bin/server;C:/Program Files/Java/jre1.8.0_211/bin;C:/Program Files/Java/jre1.8.0_211/lib/amd64;C:\Program Files (x86)\Common Files\Oracle\Java\javapath;C:\Program Files (x86)\Intel\Intel(R) Management Engine Components\iCLS\;C:\Program Files\Intel\Intel(R) Management Engine Components\iCLS\;C:\Windows\system32;C:\Windows;C:\Windows\System32\Wbem;C:\Windows\System32\WindowsPowerShell\v1.0\;C:\Windows\System32\OpenSSH\;C:\Program Files (x86)\Intel\Intel(R) Management Engine Components\DAL;C:\Program Files\Intel\Intel(R) Management Engine Components\DAL;C:\Program Files (x86)\Intel\Intel(R) Management Engine Components\IPT;C:\Program Files\Intel\Intel(R) Management Engine Components\IPT;C:\Program Files (x86)\NVIDIA Corporation\PhysX\Common;C:\Program Files\NVIDIA Corporation\NVIDIA NvDLISR;C:\Program Files\MySQL\bin;C:\Program Files\Java\jre1.8.0_202\bin;C:\Program Files\Microsoft\Web Platform Installer\;C:\Program Files (x86)\Microsoft ASP.NET\ASP.NET Web Pages\v1.0\;C:\Program Files (x86)\Windows Kits\8.0\Windows Performance Toolkit\;C:\Program Files\Microsoft SQL Server\110\Tools\Binn\;C:\Program Files (x86)\Microsoft SQL Server\100\Tools\Binn\;C:\Program Files\Microsoft SQL Server\100\Tools\Binn\;C:\Program Files\Microsoft SQL Server\100\DTS\Binn\;C:\Program Files (x86)\Microsoft SQL Server\100\Tools\Binn\VSShell\Common7\IDE\;C:\Program Files (x86)\Microsoft Visual Studio 9.0\Common7\IDE\PrivateAssemblies\;C:\Program Files (x86)\Microsoft SQL Server\100\DTS\Binn\;d:\Program Files\Git\cmd;C:\Users\86139\AppData\Local\Microsoft\WindowsApps;;D:\eclipse;;.]
2019-11-07 08:16:18,715 INFO (DirectJDKLog.java:173)- Initializing Spring embedded WebApplicationContext
2019-11-07 08:16:18,715 INFO (ServletWebServerApplicationContext.java:296)- Root WebApplicationContext: initialization completed in 7333 ms
2019-11-07 08:16:20,020 INFO (ExecutorConfigurationSupport.java:171)- Initializing ExecutorService 'applicationTaskExecutor'
2019-11-07 08:16:20,397 WARN (TemplateMode.java:150)- [THYMELEAF][restartedMain] Template Mode 'LEGACYHTML5' is deprecated. Using Template Mode 'HTML' instead.
2019-11-07 08:16:20,484 INFO (WelcomePageHandlerMapping.java:61)- Adding welcome page template: index
2019-11-07 08:16:22,328 WARN (OptionalLiveReloadServer.java:61)- Unable to start LiveReload server
2019-11-07 08:16:22,377 INFO (DirectJDKLog.java:173)- Starting ProtocolHandler ["http-nio-8011"]
2019-11-07 08:16:22,396 ERROR (DirectJDKLog.java:175)- Failed to start component [Connector[HTTP/1.1-8011]]
org.apache.catalina.LifecycleException: Protocol handler start failed
	at org.apache.catalina.connector.Connector.startInternal(Connector.java:1008)
	at org.apache.catalina.util.LifecycleBase.start(LifecycleBase.java:183)
	at org.apache.catalina.core.StandardService.addConnector(StandardService.java:226)
	at org.springframework.boot.web.embedded.tomcat.TomcatWebServer.addPreviouslyRemovedConnectors(TomcatWebServer.java:259)
	at org.springframework.boot.web.embedded.tomcat.TomcatWebServer.start(TomcatWebServer.java:197)
	at org.springframework.boot.web.servlet.context.ServletWebServerApplicationContext.startWebServer(ServletWebServerApplicationContext.java:311)
	at org.springframework.boot.web.servlet.context.ServletWebServerApplicationContext.finishRefresh(ServletWebServerApplicationContext.java:164)
	at org.springframework.context.support.AbstractApplicationContext.refresh(AbstractApplicationContext.java:552)
	at org.springframework.boot.web.servlet.context.ServletWebServerApplicationContext.refresh(ServletWebServerApplicationContext.java:142)
	at org.springframework.boot.SpringApplication.refresh(SpringApplication.java:775)
	at org.springframework.boot.SpringApplication.refreshContext(SpringApplication.java:397)
	at org.springframework.boot.SpringApplication.run(SpringApplication.java:316)
	at org.springframework.boot.SpringApplication.run(SpringApplication.java:1260)
	at org.springframework.boot.SpringApplication.run(SpringApplication.java:1248)
	at org.hds.Application.main(Application.java:17)
	at sun.reflect.NativeMethodAccessorImpl.invoke0(Native Method)
	at sun.reflect.NativeMethodAccessorImpl.invoke(Unknown Source)
	at sun.reflect.DelegatingMethodAccessorImpl.invoke(Unknown Source)
	at java.lang.reflect.Method.invoke(Unknown Source)
	at org.springframework.boot.devtools.restart.RestartLauncher.run(RestartLauncher.java:49)
Caused by: java.net.BindException: Address already in use: bind
	at sun.nio.ch.Net.bind0(Native Method)
	at sun.nio.ch.Net.bind(Unknown Source)
	at sun.nio.ch.Net.bind(Unknown Source)
	at sun.nio.ch.ServerSocketChannelImpl.bind(Unknown Source)
	at sun.nio.ch.ServerSocketAdaptor.bind(Unknown Source)
	at org.apache.tomcat.util.net.NioEndpoint.initServerSocket(NioEndpoint.java:236)
	at org.apache.tomcat.util.net.NioEndpoint.bind(NioEndpoint.java:210)
	at org.apache.tomcat.util.net.AbstractEndpoint.bindWithCleanup(AbstractEndpoint.java:1085)
	at org.apache.tomcat.util.net.AbstractEndpoint.start(AbstractEndpoint.java:1171)
	at org.apache.coyote.AbstractProtocol.start(AbstractProtocol.java:568)
	at org.apache.catalina.connector.Connector.startInternal(Connector.java:1005)
	... 19 common frames omitted
2019-11-07 08:16:22,412 INFO (DirectJDKLog.java:173)- Pausing ProtocolHandler ["http-nio-8011"]
2019-11-07 08:16:22,412 INFO (DirectJDKLog.java:173)- Stopping service [Tomcat]
2019-11-07 08:16:22,461 INFO (DirectJDKLog.java:173)- The stop() method was called on component [StandardServer[-1]] after stop() had already been called. The second call will be ignored.
2019-11-07 08:16:22,462 INFO (DirectJDKLog.java:173)- Stopping ProtocolHandler ["http-nio-8011"]
2019-11-07 08:16:22,463 INFO (DirectJDKLog.java:173)- Destroying ProtocolHandler ["http-nio-8011"]
2019-11-07 08:16:22,468 INFO (ConditionEvaluationReportLoggingListener.java:142)- 

Error starting ApplicationContext. To display the conditions report re-run your application with 'debug' enabled.
2019-11-07 08:16:22,472 ERROR (LoggingFailureAnalysisReporter.java:42)- 

***************************
APPLICATION FAILED TO START
***************************

Description:

The Tomcat connector configured to listen on port 8011 failed to start. The port may already be in use or the connector may be misconfigured.

Action:

Verify the connector's configuration, identify and stop any process that's listening on port 8011, or configure this application to listen on another port.

2019-11-07 08:16:22,478 INFO (ExecutorConfigurationSupport.java:208)- Shutting down ExecutorService 'applicationTaskExecutor'
2019-11-07 08:16:42,656 INFO (DirectJDKLog.java:173)- Initializing Spring DispatcherServlet 'dispatcherServlet'
2019-11-07 08:16:42,657 INFO (FrameworkServlet.java:524)- Initializing Servlet 'dispatcherServlet'
2019-11-07 08:16:42,670 INFO (FrameworkServlet.java:546)- Completed initialization in 13 ms
2019-11-07 08:16:42,778 INFO (LoginController.java:49)- /Index Open
2019-11-07 14:20:13,785 INFO (DruidDataSource.java:930)- {dataSource-1} inited
2019-11-07 14:20:14,200 INFO (operateLog.java:25)- ===用户登录:admin返回结果:{"result":"success","adminInfo":{"adminRemarks":"VmpGYVYyRXhWWGxXYmtwT1ZteGFiMXBYZUV0VU1YQllaRWhPVDFKc1NuaFZWM1JMWVVaR1ZVMUVhejA9","admincount":0,"adminid":1,"adminlevel":1,"adminname":"admin","adminpermission":"1111111","adminpwd":"","adminstatus":0,"delindex":0,"grpcount":0,"issuperuser":1,"parentid":0,"projectid":""}}===
2019-11-07 14:20:14,407 INFO (MainController.java:27)- /main Open
2019-11-07 14:20:14,903 INFO (operateLog.java:25)- ===用户:admin/getGroup===
2019-11-07 14:20:17,421 INFO (operateLog.java:25)- ===用户:admin 获取广告播放列表返回结果:[{"Playlistname":"111","Programlist":"[{\"infoid\":3669,\"timelenght\":24,\"indexNo\":0,\"lifeAct\":\"\",\"lifeDie\":\"\",\"infoname\":\"大凡双11\"}]","Playlistlifedie":"","pubid":"275","id":3537,"Timequantum":"{\"listcycle\":\"300\",\"timelist\":[{\"lifeAct\":\"0\",\"lifeDie\":\"0\"}]}","Delindex":0,"Grpid":2,"Playlistlevel":1,"Scheduletype":2,"Playlistlifeact":""}]===
2019-11-07 14:20:17,454 INFO (operateLog.java:25)- ===用户:admin 获取已发布广告信息返回结果:[{"playTimelength":23,"Advname":"1025联通集团号","publishDate":"2019-10-25 16:55:19","id":3436,"lifeAct":"","Pubidid":253,"lifeDie":""},{"playTimelength":10,"Advname":"万通","publishDate":"2019-11-01 13:54:30","id":3613,"lifeAct":"","Pubidid":261,"lifeDie":""},{"playTimelength":26,"Advname":"万通双11","publishDate":"2019-11-01 13:54:30","id":3612,"lifeAct":"","Pubidid":260,"lifeDie":""},{"playTimelength":25,"Advname":"九毛九","publishDate":"2019-11-01 10:44:22","id":3607,"lifeAct":"","Pubidid":256,"lifeDie":""},{"playTimelength":24,"Advname":"大凡双11","publishDate":"2019-11-02 16:57:02","id":3669,"lifeAct":"","Pubidid":265,"lifeDie":""},{"playTimelength":21,"Advname":"奥普","publishDate":"2019-11-01 13:54:30","id":3614,"lifeAct":"","Pubidid":262,"lifeDie":""},{"playTimelength":18,"Advname":"宏科","publishDate":"2019-11-02 09:26:22","id":3655,"lifeAct":"","Pubidid":263,"lifeDie":""},{"playTimelength":23,"Advname":"宏科1","publishDate":"2019-11-02 12:20:17","id":3657,"lifeAct":"","Pubidid":264,"lifeDie":""},{"playTimelength":14,"Advname":"宣传","publishDate":"2019-09-27 16:37:12","id":2763,"lifeAct":"","Pubidid":223,"lifeDie":""},{"playTimelength":15,"Advname":"宣传1","publishDate":"2019-09-27 16:57:31","id":2765,"lifeAct":"","Pubidid":224,"lifeDie":""},{"playTimelength":15,"Advname":"宣传11","publishDate":"2019-11-01 13:54:30","id":2767,"lifeAct":"","Pubidid":225,"lifeDie":""},{"playTimelength":27,"Advname":"我爱我家","publishDate":"2019-09-28 15:07:09","id":2775,"lifeAct":"","Pubidid":226,"lifeDie":""},{"playTimelength":9,"Advname":"扇子","publishDate":"2019-8-29 10:46:12","id":2109,"lifeAct":"","Pubidid":219,"lifeDie":""},{"playTimelength":18,"Advname":"日立","publishDate":"2019-11-01 10:46:11","id":3608,"lifeAct":"","Pubidid":257,"lifeDie":""},{"playTimelength":9,"Advname":"日立2","publishDate":"2019-11-01 08:42:36","id":3600,"lifeAct":"","Pubidid":255,"lifeDie":""},{"playTimelength":9,"Advname":"联通","id":3611,"lifeAct":"","Pubidid":270,"lifeDie":""},{"playTimelength":9,"Advname":"联通_copy1","id":3707,"lifeAct":"","Pubidid":271,"lifeDie":""},{"playTimelength":9,"Advname":"联通_copy2","id":3708,"lifeAct":"","Pubidid":272,"lifeDie":""}]===
2019-11-07 14:20:24,414 INFO (operateLog.java:25)- ===用户:admin 获取广告播放列表返回结果:[{"Playlistname":"广告","Programlist":"[{\"infoid\":2468,\"timelenght\":15,\"lifeAct\":\"2019-09-22\",\"lifeDie\":\"2019-11-13\",\"offsetlist\":[120,420]},{\"infoid\":2027,\"timelenght\":15,\"lifeAct\":\"2019-04-26\",\"lifeDie\":\"2019-12-31\",\"offsetlist\":[210,510]},{\"infoid\":1881,\"timelenght\":15,\"lifeAct\":\"2019-07-10\",\"lifeDie\":\"2019-12-31\",\"offsetlist\":[270,570]},{\"infoid\":2184,\"timelenght\":15,\"lifeAct\":\"2019-09-02\",\"lifeDie\":\"2019-11-05\",\"offsetlist\":[45,345]},{\"infoid\":1987,\"timelenght\":15,\"lifeAct\":\"2019-04-26\",\"lifeDie\":\"2019-12-31\",\"offsetlist\":[255,555]},{\"infoid\":3085,\"timelenght\":15,\"lifeAct\":\"2019-07-09\",\"lifeDie\":\"2019-11-15\",\"offsetlist\":[195,495]},{\"infoid\":3161,\"timelenght\":15,\"lifeAct\":\"2019-04-26\",\"lifeDie\":\"2020-03-26\",\"offsetlist\":[0,300]},{\"infoid\":3311,\"timelenght\":15,\"lifeAct\":\"2019-04-18\",\"lifeDie\":\"2020-04-18\",\"offsetlist\":[15,315]},{\"infoid\":3358,\"timelenght\":15,\"lifeAct\":\"2018-11-26\",\"lifeDie\":\"2019-11-26\",\"offsetlist\":[150,450]},{\"infoid\":3474,\"timelenght\":15,\"lifeAct\":\"2019-07-09\",\"lifeDie\":\"2020-09-18\",\"offsetlist\":[30,330]},{\"infoid\":3508,\"timelenght\":15,\"lifeAct\":\"2019-10-28\",\"lifeDie\":\"2019-11-30\",\"offsetlist\":[60,360]},{\"infoid\":3577,\"timelenght\":15,\"lifeAct\":\"2019-08-19\",\"lifeDie\":\"2020-08-19\",\"offsetlist\":[285,585]},{\"infoid\":3044,\"timelenght\":15,\"lifeAct\":\"2019-04-26\",\"lifeDie\":\"2020-01-10\",\"offsetlist\":[75,375]},{\"infoid\":3253,\"timelenght\":15,\"lifeAct\":\"2019-04-26\",\"lifeDie\":\"2020-01-10\",\"offsetlist\":[105,405]},{\"infoid\":3343,\"timelenght\":15,\"lifeAct\":\"2019-10-06\",\"lifeDie\":\"2019-12-06\",\"offsetlist\":[165,465]},{\"infoid\":3642,\"timelenght\":15,\"lifeAct\":\"2019-11-01\",\"lifeDie\":\"2020-11-01\",\"offsetlist\":[90,390]},{\"infoid\":3643,\"timelenght\":15,\"lifeAct\":\"2019-11-01\",\"lifeDie\":\"2019-11-02\",\"offsetlist\":[240,540]},{\"infoid\":3229,\"timelenght\":15,\"lifeAct\":\"2019-10-16\",\"lifeDie\":\"2019-11-17\",\"offsetlist\":[180,480]},{\"infoid\":3157,\"timelenght\":15,\"lifeAct\":\"2019-10-17\",\"lifeDie\":\"2019-11-17\",\"offsetlist\":[225,525]},{\"infoid\":3644,\"timelenght\":15,\"lifeAct\":\"2019-07-10\",\"lifeDie\":\"2019-12-31\",\"offsetlist\":[135,435]}]","Playlistlifedie":"","pubid":"20322,20323,20324,20325,20326,20327,20328,20329,20330,20331,20332,20333,20334,20335,20336","id":3463,"Timequantum":"{\"listcycle\":\"600\",\"timelist\":[{\"lifeAct\":\"0\",\"lifeDie\":\"0\"}]}","Delindex":0,"Grpid":19,"Playlistlevel":1,"Scheduletype":1,"Playlistlifeact":""}]===
2019-11-07 14:20:24,434 INFO (operateLog.java:25)- ===用户:admin 获取已发布广告信息返回结果:[{"playTimelength":15,"Advname":"A--合景广场","publishDate":"2019-10-22 18:46:08","id":3311,"lifeAct":"2019-04-18","Pubidid":3488,"lifeDie":"2020-04-18"},{"playTimelength":15,"Advname":"A-上海大众","publishDate":"2019-10-28 09:29:04","id":3474,"lifeAct":"2019-07-09","Pubidid":3504,"lifeDie":"2020-09-18"},{"playTimelength":15,"Advname":"A-农商行1111","publishDate":"2019-8-12 15:37:25","id":1987,"lifeAct":"2019-04-26","Pubidid":3372,"lifeDie":"2019-12-31"},{"playTimelength":15,"Advname":"A-恒升一汽0","publishDate":"2019-10-16 13:08:09","id":3161,"lifeAct":"2019-04-26","Pubidid":3468,"lifeDie":"2020-03-26"},{"playTimelength":15,"Advname":"A-晟锋集团001","publishDate":"2019-11-01 18:11:28","id":3644,"lifeAct":"2019-07-10","Pubidid":3510,"lifeDie":"2019-12-31"},{"playTimelength":15,"Advname":"A-温泉静园1111","publishDate":"2019-8-17 15:10:21","id":2027,"lifeAct":"2019-04-26","Pubidid":3380,"lifeDie":"2019-12-31"},{"playTimelength":15,"Advname":"A-紫光小区111","publishDate":"2019-8-3 9:59:24","id":1881,"lifeAct":"2019-07-10","Pubidid":3345,"lifeDie":"2019-12-31"},{"playTimelength":15,"Advname":"A-金沙湾","publishDate":"2019-10-14 14:25:28","id":3085,"lifeAct":"2019-07-09","Pubidid":3466,"lifeDie":"2019-11-15"},{"playTimelength":15,"Advname":"A-鹤洲莊园","publishDate":"2019-10-24 13:57:37","id":3358,"lifeAct":"2018-11-26","Pubidid":3496,"lifeDie":"2019-11-26"},{"playTimelength":15,"Advname":"A邮储银行","publishDate":"2019-10-17 23:35:08","id":3157,"lifeAct":"2019-10-17","Pubidid":3471,"lifeDie":"2019-11-17"},{"playTimelength":15,"Advname":"B-广汽三菱1","publishDate":"2019-10-12 13:46:11","id":3044,"lifeAct":"2019-04-26","Pubidid":3460,"lifeDie":"2020-01-10"},{"playTimelength":15,"Advname":"B-港鑫吉利","publishDate":"2019-10-21 10:41:10","id":3253,"lifeAct":"2019-04-26","Pubidid":3473,"lifeDie":"2020-01-10"},{"playTimelength":15,"Advname":"B邮政银行_copy1","publishDate":"2019-10-18 18:04:03","id":3229,"lifeAct":"2019-10-16","Pubidid":3472,"lifeDie":"2019-11-17"},{"playTimelength":15,"Advname":"万都国际01","publishDate":"2019-10-24 16:03:12","id":3343,"lifeAct":"2019-10-06","Pubidid":3499,"lifeDie":"2019-12-06"},{"playTimelength":15,"Advname":"中润吉利001","publishDate":"2019-10-31 10:37:01","id":3577,"lifeAct":"2019-08-19","Pubidid":3507,"lifeDie":"2020-08-19"},{"playTimelength":15,"Advname":"人保","publishDate":"2019-11-01 18:04:48","id":3642,"lifeAct":"2019-11-01","Pubidid":3508,"lifeDie":"2020-11-01"},{"playTimelength":15,"Advname":"公益广告","publishDate":"2019-10-28 17:28:05","id":3508,"lifeAct":"2019-10-28","Pubidid":3505,"lifeDie":"2019-11-30"},{"playTimelength":15,"Advname":"昭通红路汽车","publishDate":"2019-10-11 17:53:47","id":2468,"lifeAct":"2019-09-22","Pubidid":3428,"lifeDie":"2019-11-13"}]===
