2019-10-26 08:04:54,793 INFO (StartupInfoLogger.java:48)- Starting Application on DESKTOP-H8FS49Q with PID 4220 (D:\eclipse-workspace\spring-boot-ledediter\target\classes started by 86139 in D:\eclipse-workspace\spring-boot-ledediter)
2019-10-26 08:04:54,817 INFO (SpringApplication.java:661)- No active profile set, falling back to default profiles: default
2019-10-26 08:04:55,152 INFO (Version.java:30)- HV000001: Hibernate Validator 5.2.4.Final
2019-10-26 08:04:55,424 INFO (AbstractApplicationContext.java:581)- Refreshing org.springframework.boot.context.embedded.AnnotationConfigEmbeddedWebApplicationContext@1219e9d3: startup date [Sat Oct 26 08:04:55 CST 2019]; root of context hierarchy
2019-10-26 08:05:03,856 INFO (PostProcessorRegistrationDelegate.java:328)- Bean 'shiroConfig' of type [class org.hds.config.ShiroConfig$$EnhancerBySpringCGLIB$$50833840] is not eligible for getting processed by all BeanPostProcessors (for example: not eligible for auto-proxying)
2019-10-26 08:05:05,317 INFO (PostProcessorRegistrationDelegate.java:328)- Bean 'mybatis-org.mybatis.spring.boot.autoconfigure.MybatisProperties' of type [class org.mybatis.spring.boot.autoconfigure.MybatisProperties] is not eligible for getting processed by all BeanPostProcessors (for example: not eligible for auto-proxying)
2019-10-26 08:05:05,324 INFO (PostProcessorRegistrationDelegate.java:328)- Bean 'org.mybatis.spring.boot.autoconfigure.MybatisAutoConfiguration' of type [class org.mybatis.spring.boot.autoconfigure.MybatisAutoConfiguration$$EnhancerBySpringCGLIB$$bdf12a3] is not eligible for getting processed by all BeanPostProcessors (for example: not eligible for auto-proxying)
2019-10-26 08:05:05,345 INFO (PostProcessorRegistrationDelegate.java:328)- Bean 'druidDBConfig' of type [class org.hds.config.DruidDBConfig$$EnhancerBySpringCGLIB$$582e55af] is not eligible for getting processed by all BeanPostProcessors (for example: not eligible for auto-proxying)
2019-10-26 08:05:05,510 INFO (PostProcessorRegistrationDelegate.java:328)- Bean 'dataSource' of type [class com.alibaba.druid.pool.DruidDataSource] is not eligible for getting processed by all BeanPostProcessors (for example: not eligible for auto-proxying)
2019-10-26 08:05:05,661 INFO (PostProcessorRegistrationDelegate.java:328)- Bean 'sqlSessionFactory' of type [class org.apache.ibatis.session.defaults.DefaultSqlSessionFactory] is not eligible for getting processed by all BeanPostProcessors (for example: not eligible for auto-proxying)
2019-10-26 08:05:05,698 INFO (PostProcessorRegistrationDelegate.java:328)- Bean 'sqlSessionTemplate' of type [class org.mybatis.spring.SqlSessionTemplate] is not eligible for getting processed by all BeanPostProcessors (for example: not eligible for auto-proxying)
2019-10-26 08:05:05,784 INFO (PostProcessorRegistrationDelegate.java:328)- Bean 'userMapper' of type [class org.mybatis.spring.mapper.MapperFactoryBean] is not eligible for getting processed by all BeanPostProcessors (for example: not eligible for auto-proxying)
2019-10-26 08:05:05,802 INFO (PostProcessorRegistrationDelegate.java:328)- Bean 'userMapper' of type [class com.sun.proxy.$Proxy66] is not eligible for getting processed by all BeanPostProcessors (for example: not eligible for auto-proxying)
2019-10-26 08:05:05,804 INFO (PostProcessorRegistrationDelegate.java:328)- Bean 'customRealm' of type [class org.hds.config.MyShiroRealm] is not eligible for getting processed by all BeanPostProcessors (for example: not eligible for auto-proxying)
2019-10-26 08:05:05,858 INFO (PostProcessorRegistrationDelegate.java:328)- Bean 'securityManager' of type [class org.apache.shiro.web.mgt.DefaultWebSecurityManager] is not eligible for getting processed by all BeanPostProcessors (for example: not eligible for auto-proxying)
2019-10-26 08:05:05,996 INFO (PostProcessorRegistrationDelegate.java:328)- Bean 'org.springframework.transaction.annotation.ProxyTransactionManagementConfiguration' of type [class org.springframework.transaction.annotation.ProxyTransactionManagementConfiguration$$EnhancerBySpringCGLIB$$d90ac173] is not eligible for getting processed by all BeanPostProcessors (for example: not eligible for auto-proxying)
2019-10-26 08:05:06,041 INFO (PostProcessorRegistrationDelegate.java:328)- Bean 'authorizationAttributeSourceAdvisor' of type [class org.apache.shiro.spring.security.interceptor.AuthorizationAttributeSourceAdvisor] is not eligible for getting processed by all BeanPostProcessors (for example: not eligible for auto-proxying)
2019-10-26 08:05:06,969 INFO (TomcatEmbeddedServletContainer.java:87)- Tomcat initialized with port(s): 8011 (http)
2019-10-26 08:05:06,993 INFO (DirectJDKLog.java:179)- Starting service Tomcat
2019-10-26 08:05:06,995 INFO (DirectJDKLog.java:179)- Starting Servlet Engine: Apache Tomcat/8.5.5
2019-10-26 08:05:07,247 INFO (DirectJDKLog.java:179)- Initializing Spring embedded WebApplicationContext
2019-10-26 08:05:07,247 INFO (EmbeddedWebApplicationContext.java:276)- Root WebApplicationContext: initialization completed in 11823 ms
2019-10-26 08:05:07,966 INFO (ServletRegistrationBean.java:190)- Mapping servlet: 'dispatcherServlet' to [/]
2019-10-26 08:05:07,969 INFO (ServletRegistrationBean.java:190)- Mapping servlet: 'org.hds.config.DruidStatViewServlet' to [/druid/*]
2019-10-26 08:05:07,981 INFO (AbstractFilterRegistrationBean.java:258)- Mapping filter: 'characterEncodingFilter' to: [/*]
2019-10-26 08:05:07,981 INFO (AbstractFilterRegistrationBean.java:258)- Mapping filter: 'hiddenHttpMethodFilter' to: [/*]
2019-10-26 08:05:07,982 INFO (AbstractFilterRegistrationBean.java:258)- Mapping filter: 'httpPutFormContentFilter' to: [/*]
2019-10-26 08:05:07,982 INFO (AbstractFilterRegistrationBean.java:258)- Mapping filter: 'requestContextFilter' to: [/*]
2019-10-26 08:05:07,982 INFO (AbstractFilterRegistrationBean.java:271)- Mapping filter: 'druidWebStatFilter' to urls: [/*]
2019-10-26 08:05:07,982 INFO (AbstractFilterRegistrationBean.java:258)- Mapping filter: 'shirFilter' to: [/*]
2019-10-26 08:05:10,204 INFO (RequestMappingHandlerAdapter.java:534)- Looking for @ControllerAdvice: org.springframework.boot.context.embedded.AnnotationConfigEmbeddedWebApplicationContext@1219e9d3: startup date [Sat Oct 26 08:04:55 CST 2019]; root of context hierarchy
2019-10-26 08:05:10,472 INFO (AbstractHandlerMethodMapping.java:543)- Mapped "{[/deletevideobyid],methods=[POST]}" onto public int org.hds.web.advMangerController.deletevideobyid(int,java.lang.String,javax.servlet.http.HttpServletRequest)
2019-10-26 08:05:10,474 INFO (AbstractHandlerMethodMapping.java:543)- Mapped "{[/updatebasemapclassify],methods=[POST]}" onto public int org.hds.web.advMangerController.updatebasemapclassify(java.lang.Integer,java.lang.Integer,java.lang.String,java.lang.String,java.lang.String,javax.servlet.http.HttpServletRequest)
2019-10-26 08:05:10,475 INFO (AbstractHandlerMethodMapping.java:543)- Mapped "{[/deletebasemapbyid],methods=[POST]}" onto public int org.hds.web.advMangerController.deletebasemapbyid(int,java.lang.String,javax.servlet.http.HttpServletRequest)
2019-10-26 08:05:10,476 INFO (AbstractHandlerMethodMapping.java:543)- Mapped "{[/updatevideoclassify],methods=[POST]}" onto public int org.hds.web.advMangerController.updatevideoclassify(java.lang.Integer,java.lang.Integer,java.lang.String,java.lang.String,java.lang.String,javax.servlet.http.HttpServletRequest)
2019-10-26 08:05:10,476 INFO (AbstractHandlerMethodMapping.java:543)- Mapped "{[/uploadvideo],methods=[POST]}" onto public com.alibaba.fastjson.JSONObject org.hds.web.advMangerController.uploadvideo(int,int,java.lang.String,java.lang.String,org.springframework.web.multipart.MultipartFile,java.lang.String,javax.servlet.http.HttpServletRequest)
2019-10-26 08:05:10,477 INFO (AbstractHandlerMethodMapping.java:543)- Mapped "{[/advManger]}" onto public java.lang.String org.hds.web.advMangerController.advManger(org.springframework.ui.Model,javax.servlet.http.HttpServletRequest)
2019-10-26 08:05:10,478 INFO (AbstractHandlerMethodMapping.java:543)- Mapped "{[/CreatInfo],methods=[POST]}" onto public com.alibaba.fastjson.JSONObject org.hds.web.advMangerController.CreatInfo(java.lang.String,int,java.lang.String,java.lang.String,java.lang.String,int,java.lang.String,javax.servlet.http.HttpServletRequest)
2019-10-26 08:05:10,478 INFO (AbstractHandlerMethodMapping.java:543)- Mapped "{[/UpdateInfo],methods=[POST]}" onto public com.alibaba.fastjson.JSONObject org.hds.web.advMangerController.UpdateInfo(int,int,java.lang.String,int,java.lang.String,java.lang.String,java.lang.String,int,java.lang.String,javax.servlet.http.HttpServletRequest)
2019-10-26 08:05:10,479 INFO (AbstractHandlerMethodMapping.java:543)- Mapped "{[/GetItem],methods=[POST]}" onto public com.alibaba.fastjson.JSONObject org.hds.web.advMangerController.GetItem(int,java.lang.String,javax.servlet.http.HttpServletRequest)
2019-10-26 08:05:10,479 INFO (AbstractHandlerMethodMapping.java:543)- Mapped "{[/GetImg2DBbyBase64],methods=[POST]}" onto public com.alibaba.fastjson.JSONObject org.hds.web.advMangerController.GetImg2DBbyBase64(int,int,java.lang.String,org.springframework.web.multipart.MultipartFile,java.lang.String,javax.servlet.http.HttpServletRequest)
2019-10-26 08:05:10,479 INFO (AbstractHandlerMethodMapping.java:543)- Mapped "{[/getPublishInfobyid],methods=[POST]}" onto public com.alibaba.fastjson.JSONObject org.hds.web.advMangerController.getPublishInfobyid(int,java.lang.String,java.lang.String,java.lang.String,javax.servlet.http.HttpServletRequest)
2019-10-26 08:05:10,479 INFO (AbstractHandlerMethodMapping.java:543)- Mapped "{[/getbasemapbyprojectid],methods=[POST]}" onto public com.alibaba.fastjson.JSONArray org.hds.web.advMangerController.getbasemapbyprojectid(int,int,java.lang.String,java.lang.String,javax.servlet.http.HttpServletRequest)
2019-10-26 08:05:10,480 INFO (AbstractHandlerMethodMapping.java:543)- Mapped "{[/getvideobygroupid],methods=[POST]}" onto public com.alibaba.fastjson.JSONArray org.hds.web.advMangerController.getvideobygroupid(int,int,java.lang.String,java.lang.String,javax.servlet.http.HttpServletRequest)
2019-10-26 08:05:10,480 INFO (AbstractHandlerMethodMapping.java:543)- Mapped "{[/getadvEditListbyGrpid],methods=[POST]}" onto public com.alibaba.fastjson.JSONArray org.hds.web.advMangerController.getadvListbyGrpid(int,java.lang.String,javax.servlet.http.HttpServletRequest)
2019-10-26 08:05:10,480 INFO (AbstractHandlerMethodMapping.java:543)- Mapped "{[/AuditInfobyid],methods=[POST]}" onto public com.alibaba.fastjson.JSONObject org.hds.web.advMangerController.AuditInfobyid(int,int,java.lang.String,javax.servlet.http.HttpServletRequest)
2019-10-26 08:05:10,480 INFO (AbstractHandlerMethodMapping.java:543)- Mapped "{[/DeleteInfobyid],methods=[POST]}" onto public com.alibaba.fastjson.JSONObject org.hds.web.advMangerController.DeleteInfobyid(int,int,java.lang.String,javax.servlet.http.HttpServletRequest)
2019-10-26 08:05:10,481 INFO (AbstractHandlerMethodMapping.java:543)- Mapped "{[/GetImgbyGif],methods=[POST]}" onto public com.alibaba.fastjson.JSONObject org.hds.web.advMangerController.GetImgbyGif(java.lang.String,int,int,javax.servlet.http.HttpServletRequest)
2019-10-26 08:05:10,481 INFO (AbstractHandlerMethodMapping.java:543)- Mapped "{[/SaveItem],methods=[POST]}" onto public com.alibaba.fastjson.JSONObject org.hds.web.advMangerController.SaveItem(int,java.lang.String,java.lang.String,int,java.lang.String,javax.servlet.http.HttpServletRequest)
2019-10-26 08:05:10,481 INFO (AbstractHandlerMethodMapping.java:543)- Mapped "{[/CopyInfo],methods=[POST]}" onto public com.alibaba.fastjson.JSONObject org.hds.web.advMangerController.CopyInfo(java.lang.String,int,java.lang.String,java.lang.String,java.lang.String,java.lang.String,java.lang.String,javax.servlet.http.HttpServletRequest)
2019-10-26 08:05:10,482 INFO (AbstractHandlerMethodMapping.java:543)- Mapped "{[/PublishInfobyid],methods=[POST]}" onto public com.alibaba.fastjson.JSONObject org.hds.web.auditMangerController.PublishInfobyid(int,int,java.lang.String,javax.servlet.http.HttpServletRequest)
2019-10-26 08:05:10,483 INFO (AbstractHandlerMethodMapping.java:543)- Mapped "{[/getInfobytesbyid],methods=[POST]}" onto public com.alibaba.fastjson.JSONObject org.hds.web.auditMangerController.getInfobytesbyid(int,java.lang.String,javax.servlet.http.HttpServletRequest)
2019-10-26 08:05:10,484 INFO (AbstractHandlerMethodMapping.java:543)- Mapped "{[/auditManger]}" onto public java.lang.String org.hds.web.auditMangerController.auditManger(org.springframework.ui.Model,javax.servlet.http.HttpServletRequest)
2019-10-26 08:05:10,485 INFO (AbstractHandlerMethodMapping.java:543)- Mapped "{[/getadvListbyGrpidState],methods=[POST]}" onto public com.alibaba.fastjson.JSONArray org.hds.web.auditMangerController.getadvListbyGrpidState(int,java.lang.String,javax.servlet.http.HttpServletRequest)
2019-10-26 08:05:10,485 INFO (AbstractHandlerMethodMapping.java:543)- Mapped "{[/RefuseInfobyid],methods=[POST]}" onto public com.alibaba.fastjson.JSONObject org.hds.web.auditMangerController.RefuseInfobyid(int,int,java.lang.String,javax.servlet.http.HttpServletRequest)
2019-10-26 08:05:10,487 INFO (AbstractHandlerMethodMapping.java:543)- Mapped "{[/CreatGroup],methods=[POST]}" onto public com.alibaba.fastjson.JSONObject org.hds.web.groupMangerController.CreatGroup(java.lang.String,java.lang.String,int,int,int,int,java.lang.String,javax.servlet.http.HttpServletRequest)
2019-10-26 08:05:10,487 INFO (AbstractHandlerMethodMapping.java:543)- Mapped "{[/groupManger]}" onto public java.lang.String org.hds.web.groupMangerController.groupManger(org.springframework.ui.Model,javax.servlet.http.HttpServletRequest)
2019-10-26 08:05:10,488 INFO (AbstractHandlerMethodMapping.java:543)- Mapped "{[/GetProvinceList],methods=[POST]}" onto public com.alibaba.fastjson.JSONObject org.hds.web.groupMangerController.GetProvinceList(java.lang.String,javax.servlet.http.HttpServletRequest)
2019-10-26 08:05:10,488 INFO (AbstractHandlerMethodMapping.java:543)- Mapped "{[/GetCityList],methods=[POST]}" onto public com.alibaba.fastjson.JSONObject org.hds.web.groupMangerController.GetCityList(java.lang.String,java.lang.String,javax.servlet.http.HttpServletRequest)
2019-10-26 08:05:10,488 INFO (AbstractHandlerMethodMapping.java:543)- Mapped "{[/EditGroup],methods=[POST]}" onto public com.alibaba.fastjson.JSONObject org.hds.web.groupMangerController.EditGroup(int,java.lang.String,int,int,int,java.lang.String,javax.servlet.http.HttpServletRequest)
2019-10-26 08:05:10,489 INFO (AbstractHandlerMethodMapping.java:543)- Mapped "{[/Get_parameter],methods=[POST]}" onto public com.alibaba.fastjson.JSONObject org.hds.web.groupMangerController.Get_parameter(java.lang.String,java.lang.String,javax.servlet.http.HttpServletRequest)
2019-10-26 08:05:10,489 INFO (AbstractHandlerMethodMapping.java:543)- Mapped "{[/Set_parameter],methods=[POST]}" onto public com.alibaba.fastjson.JSONObject org.hds.web.groupMangerController.Set_parameter(java.lang.String,java.lang.String,javax.servlet.http.HttpServletRequest)
2019-10-26 08:05:10,489 INFO (AbstractHandlerMethodMapping.java:543)- Mapped "{[/DeleteGroup],methods=[POST]}" onto public com.alibaba.fastjson.JSONObject org.hds.web.groupMangerController.DeleteGroup(int,java.lang.String,javax.servlet.http.HttpServletRequest)
2019-10-26 08:05:10,490 INFO (AbstractHandlerMethodMapping.java:543)- Mapped "{[/gethistorybypageNum],methods=[POST]}" onto public com.alibaba.fastjson.JSONObject org.hds.web.historyMangerController.gethistorybypageNum(int,int,java.lang.String,java.lang.String,java.lang.String,int,java.lang.String,java.lang.String,javax.servlet.http.HttpServletRequest)
2019-10-26 08:05:10,490 INFO (AbstractHandlerMethodMapping.java:543)- Mapped "{[/historyManger]}" onto public java.lang.String org.hds.web.historyMangerController.historyManger(org.springframework.ui.Model,javax.servlet.http.HttpServletRequest)
2019-10-26 08:05:10,491 INFO (AbstractHandlerMethodMapping.java:543)- Mapped "{[/getplaylistinfo],methods=[POST]}" onto public com.alibaba.fastjson.JSONObject org.hds.web.historyMangerController.getplaylistinfo(int,java.lang.String,javax.servlet.http.HttpServletRequest)
2019-10-26 08:05:10,493 INFO (AbstractHandlerMethodMapping.java:543)- Mapped "{[/UpdatePlaylistName],methods=[POST]}" onto public com.alibaba.fastjson.JSONObject org.hds.web.infoListController.UpdatePlaylistName(int,java.lang.String,int,java.lang.String,javax.servlet.http.HttpServletRequest)
2019-10-26 08:05:10,493 INFO (AbstractHandlerMethodMapping.java:543)- Mapped "{[/UpdateInfoList],methods=[POST]}" onto public com.alibaba.fastjson.JSONObject org.hds.web.infoListController.UpdateInfoList(int,java.lang.String,int,int,java.lang.String,int,java.lang.String,java.lang.Boolean,int,java.lang.String,javax.servlet.http.HttpServletRequest)
2019-10-26 08:05:10,494 INFO (AbstractHandlerMethodMapping.java:543)- Mapped "{[/CreatInfoList],methods=[POST]}" onto public com.alibaba.fastjson.JSONObject org.hds.web.infoListController.CreatInfoList(java.lang.String,int,int,java.lang.String,int,java.lang.String,int,java.lang.String,javax.servlet.http.HttpServletRequest)
2019-10-26 08:05:10,494 INFO (AbstractHandlerMethodMapping.java:543)- Mapped "{[/deleteinfobyid],methods=[POST]}" onto public com.alibaba.fastjson.JSONObject org.hds.web.infoListController.deleteinfobyid(int,int,int,int,java.lang.String,javax.servlet.http.HttpServletRequest)
2019-10-26 08:05:10,494 INFO (AbstractHandlerMethodMapping.java:543)- Mapped "{[/CopyInfotodraft],methods=[POST]}" onto public com.alibaba.fastjson.JSONObject org.hds.web.infoListController.CopyInfotodraft(int,int,int,java.lang.String,javax.servlet.http.HttpServletRequest)
2019-10-26 08:05:10,494 INFO (AbstractHandlerMethodMapping.java:543)- Mapped "{[/infoList]}" onto public java.lang.String org.hds.web.infoListController.infoList(org.springframework.ui.Model,javax.servlet.http.HttpServletRequest)
2019-10-26 08:05:10,495 INFO (AbstractHandlerMethodMapping.java:543)- Mapped "{[/getInfoList],methods=[POST]}" onto public com.alibaba.fastjson.JSONArray org.hds.web.infoListController.GetInfoList(int,java.lang.String,javax.servlet.http.HttpServletRequest)
2019-10-26 08:05:10,495 INFO (AbstractHandlerMethodMapping.java:543)- Mapped "{[/getInfopubs],methods=[POST]}" onto public com.alibaba.fastjson.JSONArray org.hds.web.infoListController.GetInfopubs(int,java.lang.String,javax.servlet.http.HttpServletRequest)
2019-10-26 08:05:10,495 INFO (AbstractHandlerMethodMapping.java:543)- Mapped "{[/getinfoListbyinfoid],methods=[POST]}" onto public com.alibaba.fastjson.JSONObject org.hds.web.infoListController.getinfoListbyinfoid(int,java.lang.String,javax.servlet.http.HttpServletRequest)
2019-10-26 08:05:10,495 INFO (AbstractHandlerMethodMapping.java:543)- Mapped "{[/deleteplaylistbyid],methods=[POST]}" onto public com.alibaba.fastjson.JSONObject org.hds.web.infoListController.deleteplaylistbyid(int,int,java.lang.String,javax.servlet.http.HttpServletRequest)
2019-10-26 08:05:10,496 INFO (AbstractHandlerMethodMapping.java:543)- Mapped "{[/getPublishListbyTemp],methods=[POST]}" onto public com.alibaba.fastjson.JSONObject org.hds.web.infoListController.getPublishListbyTemp(int,java.lang.String,int,java.lang.String,java.lang.String,javax.servlet.http.HttpServletRequest)
2019-10-26 08:05:10,496 INFO (AbstractHandlerMethodMapping.java:543)- Mapped "{[/getGroup],methods=[POST]}" onto public com.alibaba.fastjson.JSONArray org.hds.web.infoListController.getGroup(java.lang.String,javax.servlet.http.HttpServletRequest)
2019-10-26 08:05:10,497 INFO (AbstractHandlerMethodMapping.java:543)- Mapped "{[/infoManger]}" onto public java.lang.String org.hds.web.infoMangerController.auditManger(org.springframework.ui.Model,javax.servlet.http.HttpServletRequest)
2019-10-26 08:05:10,497 INFO (AbstractHandlerMethodMapping.java:543)- Mapped "{[/getinfoListbyGrpidState],methods=[POST]}" onto public com.alibaba.fastjson.JSONArray org.hds.web.infoMangerController.getinfoListbyGrpidState(int,int,java.lang.String,javax.servlet.http.HttpServletRequest)
2019-10-26 08:05:10,498 INFO (AbstractHandlerMethodMapping.java:543)- Mapped "{[/jsCOMM]}" onto public java.lang.String org.hds.web.jsCOMMController.index()
2019-10-26 08:05:10,498 INFO (AbstractHandlerMethodMapping.java:543)- Mapped "{[/index]}" onto public java.lang.String org.hds.web.LoginController.index()
2019-10-26 08:05:10,499 INFO (AbstractHandlerMethodMapping.java:543)- Mapped "{[/login],methods=[POST]}" onto public com.alibaba.fastjson.JSONObject org.hds.web.LoginController.login(java.lang.String,java.lang.String,javax.servlet.http.HttpServletRequest)
2019-10-26 08:05:10,500 INFO (AbstractHandlerMethodMapping.java:543)- Mapped "{[/main]}" onto public java.lang.String org.hds.web.MainController.main(org.springframework.ui.Model,javax.servlet.http.HttpServletRequest)
2019-10-26 08:05:10,500 INFO (AbstractHandlerMethodMapping.java:543)- Mapped "{[/GetUpdateRate],methods=[POST]}" onto public com.alibaba.fastjson.JSONObject org.hds.web.MainController.GetUpdateRate(java.lang.String,int,javax.servlet.http.HttpServletRequest)
2019-10-26 08:05:10,501 INFO (AbstractHandlerMethodMapping.java:543)- Mapped "{[/GetStatisticsData],methods=[POST]}" onto public com.alibaba.fastjson.JSONObject org.hds.web.MainController.GetStatisticsData(java.lang.String,javax.servlet.http.HttpServletRequest)
2019-10-26 08:05:10,501 INFO (AbstractHandlerMethodMapping.java:543)- Mapped "{[/GetStatisticsDatabyDate],methods=[POST]}" onto public com.alibaba.fastjson.JSONObject org.hds.web.MainController.GetStatisticsDatabyDate(java.lang.String,java.lang.String,java.lang.String,javax.servlet.http.HttpServletRequest)
2019-10-26 08:05:10,502 INFO (AbstractHandlerMethodMapping.java:543)- Mapped "{[/passwordEnCode],methods=[POST]}" onto public com.alibaba.fastjson.JSONObject org.hds.web.projectMangerController.passwordEnCode(javax.servlet.http.HttpServletRequest)
2019-10-26 08:05:10,503 INFO (AbstractHandlerMethodMapping.java:543)- Mapped "{[/updateProject],methods=[POST]}" onto public com.alibaba.fastjson.JSONObject org.hds.web.projectMangerController.updateProject(java.lang.String,java.lang.String,int,java.lang.String,int,int,int,java.lang.String,java.lang.String,javax.servlet.http.HttpServletRequest)
2019-10-26 08:05:10,503 INFO (AbstractHandlerMethodMapping.java:543)- Mapped "{[/removeProject],methods=[POST]}" onto public com.alibaba.fastjson.JSONObject org.hds.web.projectMangerController.removeProject(java.lang.String,java.lang.String,javax.servlet.http.HttpServletRequest)
2019-10-26 08:05:10,504 INFO (AbstractHandlerMethodMapping.java:543)- Mapped "{[/moveGroup],methods=[POST]}" onto public com.alibaba.fastjson.JSONObject org.hds.web.projectMangerController.moveGroup(java.lang.String,java.lang.String,int,int,java.lang.String,javax.servlet.http.HttpServletRequest)
2019-10-26 08:05:10,504 INFO (AbstractHandlerMethodMapping.java:543)- Mapped "{[/projectManger]}" onto public java.lang.String org.hds.web.projectMangerController.projectManger(org.springframework.ui.Model,javax.servlet.http.HttpServletRequest)
2019-10-26 08:05:10,504 INFO (AbstractHandlerMethodMapping.java:543)- Mapped "{[/getProjectlist],methods=[POST]}" onto public com.alibaba.fastjson.JSONArray org.hds.web.projectMangerController.getProjectlist(java.lang.String,javax.servlet.http.HttpServletRequest)
2019-10-26 08:05:10,504 INFO (AbstractHandlerMethodMapping.java:543)- Mapped "{[/createProject],methods=[POST]}" onto public com.alibaba.fastjson.JSONObject org.hds.web.projectMangerController.createProject(java.lang.String,java.lang.String,java.lang.String,int,int,int,java.lang.String,java.lang.String,java.lang.String,java.lang.String,int,int,int,java.lang.String,javax.servlet.http.HttpServletRequest)
2019-10-26 08:05:10,504 INFO (AbstractHandlerMethodMapping.java:543)- Mapped "{[/programlistChange],methods=[POST]}" onto public com.alibaba.fastjson.JSONObject org.hds.web.projectMangerController.programlistChange(javax.servlet.http.HttpServletRequest)
2019-10-26 08:05:10,505 INFO (AbstractHandlerMethodMapping.java:543)- Mapped "{[/getGroupbyProjectid],methods=[POST]}" onto public com.alibaba.fastjson.JSONArray org.hds.web.projectMangerController.getGroupbyProjectid(java.lang.String,java.lang.String,javax.servlet.http.HttpServletRequest)
2019-10-26 08:05:10,506 INFO (AbstractHandlerMethodMapping.java:543)- Mapped "{[/recycleManger]}" onto public java.lang.String org.hds.web.recycleMangerController.recycleManger(org.springframework.ui.Model,javax.servlet.http.HttpServletRequest)
2019-10-26 08:05:10,506 INFO (AbstractHandlerMethodMapping.java:543)- Mapped "{[/DeleteInfo2old],methods=[POST]}" onto public com.alibaba.fastjson.JSONObject org.hds.web.recycleMangerController.DeleteInfo2old(int,java.lang.String,javax.servlet.http.HttpServletRequest)
2019-10-26 08:05:10,506 INFO (AbstractHandlerMethodMapping.java:543)- Mapped "{[/getDelinfolistbypageNum],methods=[POST]}" onto public com.alibaba.fastjson.JSONObject org.hds.web.recycleMangerController.getDelinfolistbypageNum(int,int,int,java.lang.String,java.lang.String,java.lang.String,javax.servlet.http.HttpServletRequest)
2019-10-26 08:05:10,507 INFO (AbstractHandlerMethodMapping.java:543)- Mapped "{[/taxiManger]}" onto public java.lang.String org.hds.web.taxiMangerController.projectManger(org.springframework.ui.Model,javax.servlet.http.HttpServletRequest)
2019-10-26 08:05:10,508 INFO (AbstractHandlerMethodMapping.java:543)- Mapped "{[/getTerminalsbypageNum],methods=[POST]}" onto public com.alibaba.fastjson.JSONObject org.hds.web.taxiMangerController.getTerminalsbypageNum(int,int,java.lang.String,int,java.lang.String,java.lang.String,java.lang.String,int,java.lang.String,java.lang.String,javax.servlet.http.HttpServletRequest)
2019-10-26 08:05:10,508 INFO (AbstractHandlerMethodMapping.java:543)- Mapped "{[/updateTerminalinfo],methods=[GET]}" onto public java.lang.String org.hds.web.taxiMangerController.updateTerminalinfo(java.lang.String,java.lang.String,javax.servlet.http.HttpServletRequest)
2019-10-26 08:05:10,508 INFO (AbstractHandlerMethodMapping.java:543)- Mapped "{[/taxiInfoEditbyGroup],methods=[POST]}" onto public com.alibaba.fastjson.JSONObject org.hds.web.taxiMangerController.taxiInfoEditbyGroup(int,int,int,java.lang.String,java.lang.String,javax.servlet.http.HttpServletRequest)
2019-10-26 08:05:10,509 INFO (AbstractHandlerMethodMapping.java:543)- Mapped "{[/taxiInfoEdit],methods=[POST]}" onto public com.alibaba.fastjson.JSONObject org.hds.web.taxiMangerController.taxiInfoEdit(java.lang.String,java.lang.String,int,int,java.lang.String,javax.servlet.http.HttpServletRequest)
2019-10-26 08:05:10,509 INFO (AbstractHandlerMethodMapping.java:543)- Mapped "{[/taxiInfoDelete],methods=[POST]}" onto public com.alibaba.fastjson.JSONObject org.hds.web.taxiMangerController.taxiInfoEdit(java.lang.String,java.lang.String,javax.servlet.http.HttpServletRequest)
2019-10-26 08:05:10,512 INFO (AbstractHandlerMethodMapping.java:543)- Mapped "{[/uploadimage],methods=[POST],produces=[application/json]}" onto public java.util.Map<java.lang.String, java.lang.Object> org.hds.web.ueditorConfig.save(javax.servlet.http.HttpServletRequest)
2019-10-26 08:05:10,513 INFO (AbstractHandlerMethodMapping.java:543)- Mapped "{[/ueditor/config],produces=[application/json]}" onto public java.lang.String org.hds.web.ueditorConfig.imgUpload(javax.servlet.http.HttpServletRequest,javax.servlet.http.HttpServletResponse)
2019-10-26 08:05:10,514 INFO (AbstractHandlerMethodMapping.java:543)- Mapped "{[/getProjectListbyuser],methods=[POST]}" onto public com.alibaba.fastjson.JSONArray org.hds.web.userMangerController.getProjectList(java.lang.String,javax.servlet.http.HttpServletRequest)
2019-10-26 08:05:10,514 INFO (AbstractHandlerMethodMapping.java:543)- Mapped "{[/DeleteUser],methods=[POST]}" onto public com.alibaba.fastjson.JSONObject org.hds.web.userMangerController.DeleteUser(int,java.lang.String,javax.servlet.http.HttpServletRequest)
2019-10-26 08:05:10,515 INFO (AbstractHandlerMethodMapping.java:543)- Mapped "{[/EditUser],methods=[POST]}" onto public com.alibaba.fastjson.JSONObject org.hds.web.userMangerController.EditUser(int,java.lang.String,java.lang.String,int,java.lang.String,java.lang.String,java.lang.String,int,java.lang.String,javax.servlet.http.HttpServletRequest)
2019-10-26 08:05:10,515 INFO (AbstractHandlerMethodMapping.java:543)- Mapped "{[/getUserList],methods=[POST]}" onto public com.alibaba.fastjson.JSONArray org.hds.web.userMangerController.getUserList(java.lang.String,javax.servlet.http.HttpServletRequest)
2019-10-26 08:05:10,515 INFO (AbstractHandlerMethodMapping.java:543)- Mapped "{[/CreatUser],methods=[POST]}" onto public com.alibaba.fastjson.JSONObject org.hds.web.userMangerController.CreatUser(java.lang.String,java.lang.String,int,java.lang.String,java.lang.String,java.lang.String,java.lang.String,int,java.lang.String,javax.servlet.http.HttpServletRequest)
2019-10-26 08:05:10,516 INFO (AbstractHandlerMethodMapping.java:543)- Mapped "{[/userManger]}" onto public java.lang.String org.hds.web.userMangerController.userManger(org.springframework.ui.Model,javax.servlet.http.HttpServletRequest)
2019-10-26 08:05:10,521 INFO (AbstractHandlerMethodMapping.java:543)- Mapped "{[/error]}" onto public org.springframework.http.ResponseEntity<java.util.Map<java.lang.String, java.lang.Object>> org.springframework.boot.autoconfigure.web.BasicErrorController.error(javax.servlet.http.HttpServletRequest)
2019-10-26 08:05:10,522 INFO (AbstractHandlerMethodMapping.java:543)- Mapped "{[/error],produces=[text/html]}" onto public org.springframework.web.servlet.ModelAndView org.springframework.boot.autoconfigure.web.BasicErrorController.errorHtml(javax.servlet.http.HttpServletRequest,javax.servlet.http.HttpServletResponse)
2019-10-26 08:05:10,777 INFO (AbstractUrlHandlerMapping.java:354)- Mapped URL path [/my/**] onto handler of type [class org.springframework.web.servlet.resource.ResourceHttpRequestHandler]
2019-10-26 08:05:10,778 INFO (AbstractUrlHandlerMapping.java:354)- Mapped URL path [/webjars/**] onto handler of type [class org.springframework.web.servlet.resource.ResourceHttpRequestHandler]
2019-10-26 08:05:10,778 INFO (AbstractUrlHandlerMapping.java:354)- Mapped URL path [/**] onto handler of type [class org.springframework.web.servlet.resource.ResourceHttpRequestHandler]
2019-10-26 08:05:11,052 INFO (AbstractUrlHandlerMapping.java:354)- Mapped URL path [/**/favicon.ico] onto handler of type [class org.springframework.web.servlet.resource.ResourceHttpRequestHandler]
2019-10-26 08:05:14,556 INFO (OptionalLiveReloadServer.java:58)- LiveReload server is running on port 35729
2019-10-26 08:05:14,784 INFO (MBeanExporter.java:431)- Registering beans for JMX exposure on startup
2019-10-26 08:05:14,786 INFO (MBeanExporter.java:912)- Bean with name 'dataSource' has been autodetected for JMX exposure
2019-10-26 08:05:14,790 INFO (MBeanExporter.java:667)- Located MBean 'dataSource': registering with JMX server as MBean [com.alibaba.druid.pool:name=dataSource,type=DruidDataSource]
2019-10-26 08:05:14,804 INFO (DirectJDKLog.java:179)- Initializing ProtocolHandler ["http-nio-8011"]
2019-10-26 08:05:14,832 INFO (DirectJDKLog.java:179)- Starting ProtocolHandler [http-nio-8011]
2019-10-26 08:05:14,853 INFO (DirectJDKLog.java:179)- Using a shared selector for servlet write/read
2019-10-26 08:05:14,889 INFO (TomcatEmbeddedServletContainer.java:185)- Tomcat started on port(s): 8011 (http)
2019-10-26 08:05:14,896 INFO (StartupInfoLogger.java:57)- Started Application in 21.471 seconds (JVM running for 22.651)
2019-10-26 08:05:21,037 INFO (DirectJDKLog.java:179)- Initializing Spring FrameworkServlet 'dispatcherServlet'
2019-10-26 08:05:21,037 INFO (FrameworkServlet.java:489)- FrameworkServlet 'dispatcherServlet': initialization started
2019-10-26 08:05:21,086 INFO (FrameworkServlet.java:508)- FrameworkServlet 'dispatcherServlet': initialization completed in 49 ms
2019-10-26 08:05:21,186 INFO (LoginController.java:44)- /Index Open
2019-10-26 08:05:21,248 INFO (TemplateEngine.java:825)- [THYMELEAF] INITIALIZING TEMPLATE ENGINE
2019-10-26 08:05:21,303 INFO (AbstractTemplateResolver.java:99)- [THYMELEAF] INITIALIZING TEMPLATE RESOLVER: org.thymeleaf.spring4.templateresolver.SpringResourceTemplateResolver
2019-10-26 08:05:21,303 INFO (AbstractTemplateResolver.java:110)- [THYMELEAF] TEMPLATE RESOLVER INITIALIZED OK
2019-10-26 08:05:21,303 INFO (AbstractMessageResolver.java:72)- [THYMELEAF] INITIALIZING MESSAGE RESOLVER: org.thymeleaf.spring4.messageresolver.SpringMessageResolver
2019-10-26 08:05:21,303 INFO (AbstractMessageResolver.java:78)- [THYMELEAF] MESSAGE RESOLVER INITIALIZED OK
2019-10-26 08:05:21,308 INFO (ConfigurationPrinterHelper.java:123)- [THYMELEAF] TEMPLATE ENGINE CONFIGURATION:
[THYMELEAF] * Cache Factory implementation: org.thymeleaf.cache.StandardCacheManager
[THYMELEAF] * Template modes:
[THYMELEAF]     * VALIDXHTML
[THYMELEAF]     * LEGACYHTML5
[THYMELEAF]     * VALIDXML
[THYMELEAF]     * XML
[THYMELEAF]     * HTML5
[THYMELEAF]     * XHTML
[THYMELEAF] * Template resolvers (in order):
[THYMELEAF]     * org.thymeleaf.spring4.templateresolver.SpringResourceTemplateResolver
[THYMELEAF] * Message resolvers (in order):
[THYMELEAF]     * org.thymeleaf.spring4.messageresolver.SpringMessageResolver
[THYMELEAF] * Dialect [1 of 2]: org.thymeleaf.spring4.dialect.SpringStandardDialect
[THYMELEAF]     * Prefix: "th"
[THYMELEAF] * Dialect [2 of 2]: nz.net.ultraq.thymeleaf.LayoutDialect
[THYMELEAF]     * Prefix: "layout"
[THYMELEAF] TEMPLATE ENGINE CONFIGURED OK
2019-10-26 08:05:21,308 INFO (TemplateEngine.java:838)- [THYMELEAF] TEMPLATE ENGINE INITIALIZED
2019-10-26 08:05:43,884 INFO (AbstractApplicationContext.java:982)- Closing org.springframework.boot.context.embedded.AnnotationConfigEmbeddedWebApplicationContext@1219e9d3: startup date [Sat Oct 26 08:04:55 CST 2019]; root of context hierarchy
2019-10-26 08:05:43,887 INFO (MBeanExporter.java:449)- Unregistering JMX-exposed beans on shutdown
2019-10-26 08:05:43,887 INFO (MBeanRegistrationSupport.java:241)- Unregistering JMX-exposed beans
2019-10-26 08:05:44,548 INFO (StartupInfoLogger.java:48)- Starting Application on DESKTOP-H8FS49Q with PID 4220 (D:\eclipse-workspace\spring-boot-ledediter\target\classes started by 86139 in D:\eclipse-workspace\spring-boot-ledediter)
2019-10-26 08:05:44,548 INFO (SpringApplication.java:661)- No active profile set, falling back to default profiles: default
2019-10-26 08:05:44,561 INFO (AbstractApplicationContext.java:581)- Refreshing org.springframework.boot.context.embedded.AnnotationConfigEmbeddedWebApplicationContext@58b1875a: startup date [Sat Oct 26 08:05:44 CST 2019]; root of context hierarchy
2019-10-26 08:05:56,076 INFO (PostProcessorRegistrationDelegate.java:328)- Bean 'shiroConfig' of type [class org.hds.config.ShiroConfig$$EnhancerBySpringCGLIB$$50833840] is not eligible for getting processed by all BeanPostProcessors (for example: not eligible for auto-proxying)
2019-10-26 08:05:56,323 INFO (PostProcessorRegistrationDelegate.java:328)- Bean 'mybatis-org.mybatis.spring.boot.autoconfigure.MybatisProperties' of type [class org.mybatis.spring.boot.autoconfigure.MybatisProperties] is not eligible for getting processed by all BeanPostProcessors (for example: not eligible for auto-proxying)
2019-10-26 08:05:56,335 INFO (PostProcessorRegistrationDelegate.java:328)- Bean 'org.mybatis.spring.boot.autoconfigure.MybatisAutoConfiguration' of type [class org.mybatis.spring.boot.autoconfigure.MybatisAutoConfiguration$$EnhancerBySpringCGLIB$$bdf12a3] is not eligible for getting processed by all BeanPostProcessors (for example: not eligible for auto-proxying)
2019-10-26 08:05:56,406 INFO (PostProcessorRegistrationDelegate.java:328)- Bean 'druidDBConfig' of type [class org.hds.config.DruidDBConfig$$EnhancerBySpringCGLIB$$582e55af] is not eligible for getting processed by all BeanPostProcessors (for example: not eligible for auto-proxying)
2019-10-26 08:05:56,422 INFO (PostProcessorRegistrationDelegate.java:328)- Bean 'dataSource' of type [class com.alibaba.druid.pool.DruidDataSource] is not eligible for getting processed by all BeanPostProcessors (for example: not eligible for auto-proxying)
2019-10-26 08:05:56,443 INFO (PostProcessorRegistrationDelegate.java:328)- Bean 'sqlSessionFactory' of type [class org.apache.ibatis.session.defaults.DefaultSqlSessionFactory] is not eligible for getting processed by all BeanPostProcessors (for example: not eligible for auto-proxying)
2019-10-26 08:05:56,447 INFO (PostProcessorRegistrationDelegate.java:328)- Bean 'sqlSessionTemplate' of type [class org.mybatis.spring.SqlSessionTemplate] is not eligible for getting processed by all BeanPostProcessors (for example: not eligible for auto-proxying)
2019-10-26 08:05:56,475 INFO (PostProcessorRegistrationDelegate.java:328)- Bean 'userMapper' of type [class org.mybatis.spring.mapper.MapperFactoryBean] is not eligible for getting processed by all BeanPostProcessors (for example: not eligible for auto-proxying)
2019-10-26 08:05:56,486 INFO (PostProcessorRegistrationDelegate.java:328)- Bean 'userMapper' of type [class com.sun.proxy.$Proxy103] is not eligible for getting processed by all BeanPostProcessors (for example: not eligible for auto-proxying)
2019-10-26 08:05:56,487 INFO (PostProcessorRegistrationDelegate.java:328)- Bean 'customRealm' of type [class org.hds.config.MyShiroRealm] is not eligible for getting processed by all BeanPostProcessors (for example: not eligible for auto-proxying)
2019-10-26 08:05:56,488 INFO (PostProcessorRegistrationDelegate.java:328)- Bean 'securityManager' of type [class org.apache.shiro.web.mgt.DefaultWebSecurityManager] is not eligible for getting processed by all BeanPostProcessors (for example: not eligible for auto-proxying)
2019-10-26 08:05:56,502 INFO (PostProcessorRegistrationDelegate.java:328)- Bean 'org.springframework.transaction.annotation.ProxyTransactionManagementConfiguration' of type [class org.springframework.transaction.annotation.ProxyTransactionManagementConfiguration$$EnhancerBySpringCGLIB$$d90ac173] is not eligible for getting processed by all BeanPostProcessors (for example: not eligible for auto-proxying)
2019-10-26 08:05:56,504 INFO (PostProcessorRegistrationDelegate.java:328)- Bean 'authorizationAttributeSourceAdvisor' of type [class org.apache.shiro.spring.security.interceptor.AuthorizationAttributeSourceAdvisor] is not eligible for getting processed by all BeanPostProcessors (for example: not eligible for auto-proxying)
2019-10-26 08:05:56,798 INFO (TomcatEmbeddedServletContainer.java:87)- Tomcat initialized with port(s): 8011 (http)
2019-10-26 08:05:56,799 INFO (DirectJDKLog.java:179)- Starting service Tomcat
2019-10-26 08:05:56,799 INFO (DirectJDKLog.java:179)- Starting Servlet Engine: Apache Tomcat/8.5.5
2019-10-26 08:05:56,810 INFO (DirectJDKLog.java:179)- Initializing Spring embedded WebApplicationContext
2019-10-26 08:05:56,811 INFO (EmbeddedWebApplicationContext.java:276)- Root WebApplicationContext: initialization completed in 12250 ms
2019-10-26 08:05:57,437 INFO (ServletRegistrationBean.java:190)- Mapping servlet: 'dispatcherServlet' to [/]
2019-10-26 08:05:57,438 INFO (ServletRegistrationBean.java:190)- Mapping servlet: 'org.hds.config.DruidStatViewServlet' to [/druid/*]
2019-10-26 08:05:57,438 INFO (AbstractFilterRegistrationBean.java:258)- Mapping filter: 'characterEncodingFilter' to: [/*]
2019-10-26 08:05:57,438 INFO (AbstractFilterRegistrationBean.java:258)- Mapping filter: 'hiddenHttpMethodFilter' to: [/*]
2019-10-26 08:05:57,439 INFO (AbstractFilterRegistrationBean.java:258)- Mapping filter: 'httpPutFormContentFilter' to: [/*]
2019-10-26 08:05:57,439 INFO (AbstractFilterRegistrationBean.java:258)- Mapping filter: 'requestContextFilter' to: [/*]
2019-10-26 08:05:57,439 INFO (AbstractFilterRegistrationBean.java:271)- Mapping filter: 'druidWebStatFilter' to urls: [/*]
2019-10-26 08:05:57,439 INFO (AbstractFilterRegistrationBean.java:258)- Mapping filter: 'shirFilter' to: [/*]
2019-10-26 08:05:59,160 INFO (RequestMappingHandlerAdapter.java:534)- Looking for @ControllerAdvice: org.springframework.boot.context.embedded.AnnotationConfigEmbeddedWebApplicationContext@58b1875a: startup date [Sat Oct 26 08:05:44 CST 2019]; root of context hierarchy
2019-10-26 08:05:59,238 INFO (AbstractHandlerMethodMapping.java:543)- Mapped "{[/deletevideobyid],methods=[POST]}" onto public int org.hds.web.advMangerController.deletevideobyid(int,java.lang.String,javax.servlet.http.HttpServletRequest)
2019-10-26 08:05:59,238 INFO (AbstractHandlerMethodMapping.java:543)- Mapped "{[/updatebasemapclassify],methods=[POST]}" onto public int org.hds.web.advMangerController.updatebasemapclassify(java.lang.Integer,java.lang.Integer,java.lang.String,java.lang.String,java.lang.String,javax.servlet.http.HttpServletRequest)
2019-10-26 08:05:59,239 INFO (AbstractHandlerMethodMapping.java:543)- Mapped "{[/deletebasemapbyid],methods=[POST]}" onto public int org.hds.web.advMangerController.deletebasemapbyid(int,java.lang.String,javax.servlet.http.HttpServletRequest)
2019-10-26 08:05:59,239 INFO (AbstractHandlerMethodMapping.java:543)- Mapped "{[/updatevideoclassify],methods=[POST]}" onto public int org.hds.web.advMangerController.updatevideoclassify(java.lang.Integer,java.lang.Integer,java.lang.String,java.lang.String,java.lang.String,javax.servlet.http.HttpServletRequest)
2019-10-26 08:05:59,239 INFO (AbstractHandlerMethodMapping.java:543)- Mapped "{[/uploadvideo],methods=[POST]}" onto public com.alibaba.fastjson.JSONObject org.hds.web.advMangerController.uploadvideo(int,int,java.lang.String,java.lang.String,org.springframework.web.multipart.MultipartFile,java.lang.String,javax.servlet.http.HttpServletRequest)
2019-10-26 08:05:59,239 INFO (AbstractHandlerMethodMapping.java:543)- Mapped "{[/advManger]}" onto public java.lang.String org.hds.web.advMangerController.advManger(org.springframework.ui.Model,javax.servlet.http.HttpServletRequest)
2019-10-26 08:05:59,240 INFO (AbstractHandlerMethodMapping.java:543)- Mapped "{[/CreatInfo],methods=[POST]}" onto public com.alibaba.fastjson.JSONObject org.hds.web.advMangerController.CreatInfo(java.lang.String,int,java.lang.String,java.lang.String,java.lang.String,int,java.lang.String,javax.servlet.http.HttpServletRequest)
2019-10-26 08:05:59,240 INFO (AbstractHandlerMethodMapping.java:543)- Mapped "{[/UpdateInfo],methods=[POST]}" onto public com.alibaba.fastjson.JSONObject org.hds.web.advMangerController.UpdateInfo(int,int,java.lang.String,int,java.lang.String,java.lang.String,java.lang.String,int,java.lang.String,javax.servlet.http.HttpServletRequest)
2019-10-26 08:05:59,240 INFO (AbstractHandlerMethodMapping.java:543)- Mapped "{[/GetItem],methods=[POST]}" onto public com.alibaba.fastjson.JSONObject org.hds.web.advMangerController.GetItem(int,java.lang.String,javax.servlet.http.HttpServletRequest)
2019-10-26 08:05:59,240 INFO (AbstractHandlerMethodMapping.java:543)- Mapped "{[/GetImg2DBbyBase64],methods=[POST]}" onto public com.alibaba.fastjson.JSONObject org.hds.web.advMangerController.GetImg2DBbyBase64(int,int,java.lang.String,org.springframework.web.multipart.MultipartFile,java.lang.String,javax.servlet.http.HttpServletRequest)
2019-10-26 08:05:59,241 INFO (AbstractHandlerMethodMapping.java:543)- Mapped "{[/getPublishInfobyid],methods=[POST]}" onto public com.alibaba.fastjson.JSONObject org.hds.web.advMangerController.getPublishInfobyid(int,java.lang.String,java.lang.String,java.lang.String,javax.servlet.http.HttpServletRequest)
2019-10-26 08:05:59,241 INFO (AbstractHandlerMethodMapping.java:543)- Mapped "{[/getbasemapbyprojectid],methods=[POST]}" onto public com.alibaba.fastjson.JSONArray org.hds.web.advMangerController.getbasemapbyprojectid(int,int,java.lang.String,java.lang.String,javax.servlet.http.HttpServletRequest)
2019-10-26 08:05:59,241 INFO (AbstractHandlerMethodMapping.java:543)- Mapped "{[/getvideobygroupid],methods=[POST]}" onto public com.alibaba.fastjson.JSONArray org.hds.web.advMangerController.getvideobygroupid(int,int,java.lang.String,java.lang.String,javax.servlet.http.HttpServletRequest)
2019-10-26 08:05:59,241 INFO (AbstractHandlerMethodMapping.java:543)- Mapped "{[/getadvEditListbyGrpid],methods=[POST]}" onto public com.alibaba.fastjson.JSONArray org.hds.web.advMangerController.getadvListbyGrpid(int,java.lang.String,javax.servlet.http.HttpServletRequest)
2019-10-26 08:05:59,241 INFO (AbstractHandlerMethodMapping.java:543)- Mapped "{[/AuditInfobyid],methods=[POST]}" onto public com.alibaba.fastjson.JSONObject org.hds.web.advMangerController.AuditInfobyid(int,int,java.lang.String,javax.servlet.http.HttpServletRequest)
2019-10-26 08:05:59,242 INFO (AbstractHandlerMethodMapping.java:543)- Mapped "{[/DeleteInfobyid],methods=[POST]}" onto public com.alibaba.fastjson.JSONObject org.hds.web.advMangerController.DeleteInfobyid(int,int,java.lang.String,javax.servlet.http.HttpServletRequest)
2019-10-26 08:05:59,242 INFO (AbstractHandlerMethodMapping.java:543)- Mapped "{[/GetImgbyGif],methods=[POST]}" onto public com.alibaba.fastjson.JSONObject org.hds.web.advMangerController.GetImgbyGif(java.lang.String,int,int,javax.servlet.http.HttpServletRequest)
2019-10-26 08:05:59,242 INFO (AbstractHandlerMethodMapping.java:543)- Mapped "{[/SaveItem],methods=[POST]}" onto public com.alibaba.fastjson.JSONObject org.hds.web.advMangerController.SaveItem(int,java.lang.String,java.lang.String,int,java.lang.String,javax.servlet.http.HttpServletRequest)
2019-10-26 08:05:59,242 INFO (AbstractHandlerMethodMapping.java:543)- Mapped "{[/CopyInfo],methods=[POST]}" onto public com.alibaba.fastjson.JSONObject org.hds.web.advMangerController.CopyInfo(java.lang.String,int,java.lang.String,java.lang.String,java.lang.String,java.lang.String,java.lang.String,javax.servlet.http.HttpServletRequest)
2019-10-26 08:05:59,243 INFO (AbstractHandlerMethodMapping.java:543)- Mapped "{[/PublishInfobyid],methods=[POST]}" onto public com.alibaba.fastjson.JSONObject org.hds.web.auditMangerController.PublishInfobyid(int,int,java.lang.String,javax.servlet.http.HttpServletRequest)
2019-10-26 08:05:59,243 INFO (AbstractHandlerMethodMapping.java:543)- Mapped "{[/getInfobytesbyid],methods=[POST]}" onto public com.alibaba.fastjson.JSONObject org.hds.web.auditMangerController.getInfobytesbyid(int,java.lang.String,javax.servlet.http.HttpServletRequest)
2019-10-26 08:05:59,243 INFO (AbstractHandlerMethodMapping.java:543)- Mapped "{[/auditManger]}" onto public java.lang.String org.hds.web.auditMangerController.auditManger(org.springframework.ui.Model,javax.servlet.http.HttpServletRequest)
2019-10-26 08:05:59,244 INFO (AbstractHandlerMethodMapping.java:543)- Mapped "{[/getadvListbyGrpidState],methods=[POST]}" onto public com.alibaba.fastjson.JSONArray org.hds.web.auditMangerController.getadvListbyGrpidState(int,java.lang.String,javax.servlet.http.HttpServletRequest)
2019-10-26 08:05:59,244 INFO (AbstractHandlerMethodMapping.java:543)- Mapped "{[/RefuseInfobyid],methods=[POST]}" onto public com.alibaba.fastjson.JSONObject org.hds.web.auditMangerController.RefuseInfobyid(int,int,java.lang.String,javax.servlet.http.HttpServletRequest)
2019-10-26 08:05:59,246 INFO (AbstractHandlerMethodMapping.java:543)- Mapped "{[/CreatGroup],methods=[POST]}" onto public com.alibaba.fastjson.JSONObject org.hds.web.groupMangerController.CreatGroup(java.lang.String,java.lang.String,int,int,int,int,java.lang.String,javax.servlet.http.HttpServletRequest)
2019-10-26 08:05:59,246 INFO (AbstractHandlerMethodMapping.java:543)- Mapped "{[/groupManger]}" onto public java.lang.String org.hds.web.groupMangerController.groupManger(org.springframework.ui.Model,javax.servlet.http.HttpServletRequest)
2019-10-26 08:05:59,246 INFO (AbstractHandlerMethodMapping.java:543)- Mapped "{[/GetProvinceList],methods=[POST]}" onto public com.alibaba.fastjson.JSONObject org.hds.web.groupMangerController.GetProvinceList(java.lang.String,javax.servlet.http.HttpServletRequest)
2019-10-26 08:05:59,247 INFO (AbstractHandlerMethodMapping.java:543)- Mapped "{[/GetCityList],methods=[POST]}" onto public com.alibaba.fastjson.JSONObject org.hds.web.groupMangerController.GetCityList(java.lang.String,java.lang.String,javax.servlet.http.HttpServletRequest)
2019-10-26 08:05:59,247 INFO (AbstractHandlerMethodMapping.java:543)- Mapped "{[/EditGroup],methods=[POST]}" onto public com.alibaba.fastjson.JSONObject org.hds.web.groupMangerController.EditGroup(int,java.lang.String,int,int,int,java.lang.String,javax.servlet.http.HttpServletRequest)
2019-10-26 08:05:59,247 INFO (AbstractHandlerMethodMapping.java:543)- Mapped "{[/Get_parameter],methods=[POST]}" onto public com.alibaba.fastjson.JSONObject org.hds.web.groupMangerController.Get_parameter(java.lang.String,java.lang.String,javax.servlet.http.HttpServletRequest)
2019-10-26 08:05:59,248 INFO (AbstractHandlerMethodMapping.java:543)- Mapped "{[/Set_parameter],methods=[POST]}" onto public com.alibaba.fastjson.JSONObject org.hds.web.groupMangerController.Set_parameter(java.lang.String,java.lang.String,javax.servlet.http.HttpServletRequest)
2019-10-26 08:05:59,248 INFO (AbstractHandlerMethodMapping.java:543)- Mapped "{[/DeleteGroup],methods=[POST]}" onto public com.alibaba.fastjson.JSONObject org.hds.web.groupMangerController.DeleteGroup(int,java.lang.String,javax.servlet.http.HttpServletRequest)
2019-10-26 08:05:59,248 INFO (AbstractHandlerMethodMapping.java:543)- Mapped "{[/gethistorybypageNum],methods=[POST]}" onto public com.alibaba.fastjson.JSONObject org.hds.web.historyMangerController.gethistorybypageNum(int,int,java.lang.String,java.lang.String,java.lang.String,int,java.lang.String,java.lang.String,javax.servlet.http.HttpServletRequest)
2019-10-26 08:05:59,249 INFO (AbstractHandlerMethodMapping.java:543)- Mapped "{[/historyManger]}" onto public java.lang.String org.hds.web.historyMangerController.historyManger(org.springframework.ui.Model,javax.servlet.http.HttpServletRequest)
2019-10-26 08:05:59,249 INFO (AbstractHandlerMethodMapping.java:543)- Mapped "{[/getplaylistinfo],methods=[POST]}" onto public com.alibaba.fastjson.JSONObject org.hds.web.historyMangerController.getplaylistinfo(int,java.lang.String,javax.servlet.http.HttpServletRequest)
2019-10-26 08:05:59,250 INFO (AbstractHandlerMethodMapping.java:543)- Mapped "{[/UpdatePlaylistName],methods=[POST]}" onto public com.alibaba.fastjson.JSONObject org.hds.web.infoListController.UpdatePlaylistName(int,java.lang.String,int,java.lang.String,javax.servlet.http.HttpServletRequest)
2019-10-26 08:05:59,250 INFO (AbstractHandlerMethodMapping.java:543)- Mapped "{[/UpdateInfoList],methods=[POST]}" onto public com.alibaba.fastjson.JSONObject org.hds.web.infoListController.UpdateInfoList(int,java.lang.String,int,int,java.lang.String,int,java.lang.String,java.lang.Boolean,int,java.lang.String,javax.servlet.http.HttpServletRequest)
2019-10-26 08:05:59,250 INFO (AbstractHandlerMethodMapping.java:543)- Mapped "{[/CreatInfoList],methods=[POST]}" onto public com.alibaba.fastjson.JSONObject org.hds.web.infoListController.CreatInfoList(java.lang.String,int,int,java.lang.String,int,java.lang.String,int,java.lang.String,javax.servlet.http.HttpServletRequest)
2019-10-26 08:05:59,250 INFO (AbstractHandlerMethodMapping.java:543)- Mapped "{[/deleteinfobyid],methods=[POST]}" onto public com.alibaba.fastjson.JSONObject org.hds.web.infoListController.deleteinfobyid(int,int,int,int,java.lang.String,javax.servlet.http.HttpServletRequest)
2019-10-26 08:05:59,251 INFO (AbstractHandlerMethodMapping.java:543)- Mapped "{[/CopyInfotodraft],methods=[POST]}" onto public com.alibaba.fastjson.JSONObject org.hds.web.infoListController.CopyInfotodraft(int,int,int,java.lang.String,javax.servlet.http.HttpServletRequest)
2019-10-26 08:05:59,251 INFO (AbstractHandlerMethodMapping.java:543)- Mapped "{[/infoList]}" onto public java.lang.String org.hds.web.infoListController.infoList(org.springframework.ui.Model,javax.servlet.http.HttpServletRequest)
2019-10-26 08:05:59,251 INFO (AbstractHandlerMethodMapping.java:543)- Mapped "{[/getInfoList],methods=[POST]}" onto public com.alibaba.fastjson.JSONArray org.hds.web.infoListController.GetInfoList(int,java.lang.String,javax.servlet.http.HttpServletRequest)
2019-10-26 08:05:59,251 INFO (AbstractHandlerMethodMapping.java:543)- Mapped "{[/getInfopubs],methods=[POST]}" onto public com.alibaba.fastjson.JSONArray org.hds.web.infoListController.GetInfopubs(int,java.lang.String,javax.servlet.http.HttpServletRequest)
2019-10-26 08:05:59,251 INFO (AbstractHandlerMethodMapping.java:543)- Mapped "{[/getinfoListbyinfoid],methods=[POST]}" onto public com.alibaba.fastjson.JSONObject org.hds.web.infoListController.getinfoListbyinfoid(int,java.lang.String,javax.servlet.http.HttpServletRequest)
2019-10-26 08:05:59,251 INFO (AbstractHandlerMethodMapping.java:543)- Mapped "{[/deleteplaylistbyid],methods=[POST]}" onto public com.alibaba.fastjson.JSONObject org.hds.web.infoListController.deleteplaylistbyid(int,int,java.lang.String,javax.servlet.http.HttpServletRequest)
2019-10-26 08:05:59,252 INFO (AbstractHandlerMethodMapping.java:543)- Mapped "{[/getPublishListbyTemp],methods=[POST]}" onto public com.alibaba.fastjson.JSONObject org.hds.web.infoListController.getPublishListbyTemp(int,java.lang.String,int,java.lang.String,java.lang.String,javax.servlet.http.HttpServletRequest)
2019-10-26 08:05:59,252 INFO (AbstractHandlerMethodMapping.java:543)- Mapped "{[/getGroup],methods=[POST]}" onto public com.alibaba.fastjson.JSONArray org.hds.web.infoListController.getGroup(java.lang.String,javax.servlet.http.HttpServletRequest)
2019-10-26 08:05:59,252 INFO (AbstractHandlerMethodMapping.java:543)- Mapped "{[/infoManger]}" onto public java.lang.String org.hds.web.infoMangerController.auditManger(org.springframework.ui.Model,javax.servlet.http.HttpServletRequest)
2019-10-26 08:05:59,252 INFO (AbstractHandlerMethodMapping.java:543)- Mapped "{[/getinfoListbyGrpidState],methods=[POST]}" onto public com.alibaba.fastjson.JSONArray org.hds.web.infoMangerController.getinfoListbyGrpidState(int,int,java.lang.String,javax.servlet.http.HttpServletRequest)
2019-10-26 08:05:59,253 INFO (AbstractHandlerMethodMapping.java:543)- Mapped "{[/jsCOMM]}" onto public java.lang.String org.hds.web.jsCOMMController.index()
2019-10-26 08:05:59,253 INFO (AbstractHandlerMethodMapping.java:543)- Mapped "{[/index]}" onto public java.lang.String org.hds.web.LoginController.index()
2019-10-26 08:05:59,253 INFO (AbstractHandlerMethodMapping.java:543)- Mapped "{[/login],methods=[POST]}" onto public com.alibaba.fastjson.JSONObject org.hds.web.LoginController.login(java.lang.String,java.lang.String,javax.servlet.http.HttpServletRequest)
2019-10-26 08:05:59,254 INFO (AbstractHandlerMethodMapping.java:543)- Mapped "{[/main]}" onto public java.lang.String org.hds.web.MainController.main(org.springframework.ui.Model,javax.servlet.http.HttpServletRequest)
2019-10-26 08:05:59,254 INFO (AbstractHandlerMethodMapping.java:543)- Mapped "{[/GetUpdateRate],methods=[POST]}" onto public com.alibaba.fastjson.JSONObject org.hds.web.MainController.GetUpdateRate(java.lang.String,int,javax.servlet.http.HttpServletRequest)
2019-10-26 08:05:59,254 INFO (AbstractHandlerMethodMapping.java:543)- Mapped "{[/GetStatisticsData],methods=[POST]}" onto public com.alibaba.fastjson.JSONObject org.hds.web.MainController.GetStatisticsData(java.lang.String,javax.servlet.http.HttpServletRequest)
2019-10-26 08:05:59,254 INFO (AbstractHandlerMethodMapping.java:543)- Mapped "{[/GetStatisticsDatabyDate],methods=[POST]}" onto public com.alibaba.fastjson.JSONObject org.hds.web.MainController.GetStatisticsDatabyDate(java.lang.String,java.lang.String,java.lang.String,javax.servlet.http.HttpServletRequest)
2019-10-26 08:05:59,255 INFO (AbstractHandlerMethodMapping.java:543)- Mapped "{[/passwordEnCode],methods=[POST]}" onto public com.alibaba.fastjson.JSONObject org.hds.web.projectMangerController.passwordEnCode(javax.servlet.http.HttpServletRequest)
2019-10-26 08:05:59,256 INFO (AbstractHandlerMethodMapping.java:543)- Mapped "{[/updateProject],methods=[POST]}" onto public com.alibaba.fastjson.JSONObject org.hds.web.projectMangerController.updateProject(java.lang.String,java.lang.String,int,java.lang.String,int,int,int,java.lang.String,java.lang.String,javax.servlet.http.HttpServletRequest)
2019-10-26 08:05:59,256 INFO (AbstractHandlerMethodMapping.java:543)- Mapped "{[/removeProject],methods=[POST]}" onto public com.alibaba.fastjson.JSONObject org.hds.web.projectMangerController.removeProject(java.lang.String,java.lang.String,javax.servlet.http.HttpServletRequest)
2019-10-26 08:05:59,256 INFO (AbstractHandlerMethodMapping.java:543)- Mapped "{[/moveGroup],methods=[POST]}" onto public com.alibaba.fastjson.JSONObject org.hds.web.projectMangerController.moveGroup(java.lang.String,java.lang.String,int,int,java.lang.String,javax.servlet.http.HttpServletRequest)
2019-10-26 08:05:59,256 INFO (AbstractHandlerMethodMapping.java:543)- Mapped "{[/projectManger]}" onto public java.lang.String org.hds.web.projectMangerController.projectManger(org.springframework.ui.Model,javax.servlet.http.HttpServletRequest)
2019-10-26 08:05:59,257 INFO (AbstractHandlerMethodMapping.java:543)- Mapped "{[/getProjectlist],methods=[POST]}" onto public com.alibaba.fastjson.JSONArray org.hds.web.projectMangerController.getProjectlist(java.lang.String,javax.servlet.http.HttpServletRequest)
2019-10-26 08:05:59,257 INFO (AbstractHandlerMethodMapping.java:543)- Mapped "{[/createProject],methods=[POST]}" onto public com.alibaba.fastjson.JSONObject org.hds.web.projectMangerController.createProject(java.lang.String,java.lang.String,java.lang.String,int,int,int,java.lang.String,java.lang.String,java.lang.String,java.lang.String,int,int,int,java.lang.String,javax.servlet.http.HttpServletRequest)
2019-10-26 08:05:59,257 INFO (AbstractHandlerMethodMapping.java:543)- Mapped "{[/programlistChange],methods=[POST]}" onto public com.alibaba.fastjson.JSONObject org.hds.web.projectMangerController.programlistChange(javax.servlet.http.HttpServletRequest)
2019-10-26 08:05:59,257 INFO (AbstractHandlerMethodMapping.java:543)- Mapped "{[/getGroupbyProjectid],methods=[POST]}" onto public com.alibaba.fastjson.JSONArray org.hds.web.projectMangerController.getGroupbyProjectid(java.lang.String,java.lang.String,javax.servlet.http.HttpServletRequest)
2019-10-26 08:05:59,257 INFO (AbstractHandlerMethodMapping.java:543)- Mapped "{[/recycleManger]}" onto public java.lang.String org.hds.web.recycleMangerController.recycleManger(org.springframework.ui.Model,javax.servlet.http.HttpServletRequest)
2019-10-26 08:05:59,258 INFO (AbstractHandlerMethodMapping.java:543)- Mapped "{[/DeleteInfo2old],methods=[POST]}" onto public com.alibaba.fastjson.JSONObject org.hds.web.recycleMangerController.DeleteInfo2old(int,java.lang.String,javax.servlet.http.HttpServletRequest)
2019-10-26 08:05:59,258 INFO (AbstractHandlerMethodMapping.java:543)- Mapped "{[/getDelinfolistbypageNum],methods=[POST]}" onto public com.alibaba.fastjson.JSONObject org.hds.web.recycleMangerController.getDelinfolistbypageNum(int,int,int,java.lang.String,java.lang.String,java.lang.String,javax.servlet.http.HttpServletRequest)
2019-10-26 08:05:59,258 INFO (AbstractHandlerMethodMapping.java:543)- Mapped "{[/taxiManger]}" onto public java.lang.String org.hds.web.taxiMangerController.projectManger(org.springframework.ui.Model,javax.servlet.http.HttpServletRequest)
2019-10-26 08:05:59,258 INFO (AbstractHandlerMethodMapping.java:543)- Mapped "{[/getTerminalsbypageNum],methods=[POST]}" onto public com.alibaba.fastjson.JSONObject org.hds.web.taxiMangerController.getTerminalsbypageNum(int,int,java.lang.String,int,java.lang.String,java.lang.String,java.lang.String,int,java.lang.String,java.lang.String,javax.servlet.http.HttpServletRequest)
2019-10-26 08:05:59,258 INFO (AbstractHandlerMethodMapping.java:543)- Mapped "{[/updateTerminalinfo],methods=[GET]}" onto public java.lang.String org.hds.web.taxiMangerController.updateTerminalinfo(java.lang.String,java.lang.String,javax.servlet.http.HttpServletRequest)
2019-10-26 08:05:59,258 INFO (AbstractHandlerMethodMapping.java:543)- Mapped "{[/taxiInfoEditbyGroup],methods=[POST]}" onto public com.alibaba.fastjson.JSONObject org.hds.web.taxiMangerController.taxiInfoEditbyGroup(int,int,int,java.lang.String,java.lang.String,javax.servlet.http.HttpServletRequest)
2019-10-26 08:05:59,259 INFO (AbstractHandlerMethodMapping.java:543)- Mapped "{[/taxiInfoEdit],methods=[POST]}" onto public com.alibaba.fastjson.JSONObject org.hds.web.taxiMangerController.taxiInfoEdit(java.lang.String,java.lang.String,int,int,java.lang.String,javax.servlet.http.HttpServletRequest)
2019-10-26 08:05:59,259 INFO (AbstractHandlerMethodMapping.java:543)- Mapped "{[/taxiInfoDelete],methods=[POST]}" onto public com.alibaba.fastjson.JSONObject org.hds.web.taxiMangerController.taxiInfoEdit(java.lang.String,java.lang.String,javax.servlet.http.HttpServletRequest)
2019-10-26 08:05:59,259 INFO (AbstractHandlerMethodMapping.java:543)- Mapped "{[/uploadimage],methods=[POST],produces=[application/json]}" onto public java.util.Map<java.lang.String, java.lang.Object> org.hds.web.ueditorConfig.save(javax.servlet.http.HttpServletRequest)
2019-10-26 08:05:59,260 INFO (AbstractHandlerMethodMapping.java:543)- Mapped "{[/ueditor/config],produces=[application/json]}" onto public java.lang.String org.hds.web.ueditorConfig.imgUpload(javax.servlet.http.HttpServletRequest,javax.servlet.http.HttpServletResponse)
2019-10-26 08:05:59,260 INFO (AbstractHandlerMethodMapping.java:543)- Mapped "{[/getProjectListbyuser],methods=[POST]}" onto public com.alibaba.fastjson.JSONArray org.hds.web.userMangerController.getProjectList(java.lang.String,javax.servlet.http.HttpServletRequest)
2019-10-26 08:05:59,261 INFO (AbstractHandlerMethodMapping.java:543)- Mapped "{[/DeleteUser],methods=[POST]}" onto public com.alibaba.fastjson.JSONObject org.hds.web.userMangerController.DeleteUser(int,java.lang.String,javax.servlet.http.HttpServletRequest)
2019-10-26 08:05:59,261 INFO (AbstractHandlerMethodMapping.java:543)- Mapped "{[/EditUser],methods=[POST]}" onto public com.alibaba.fastjson.JSONObject org.hds.web.userMangerController.EditUser(int,java.lang.String,java.lang.String,int,java.lang.String,java.lang.String,java.lang.String,int,java.lang.String,javax.servlet.http.HttpServletRequest)
2019-10-26 08:05:59,261 INFO (AbstractHandlerMethodMapping.java:543)- Mapped "{[/getUserList],methods=[POST]}" onto public com.alibaba.fastjson.JSONArray org.hds.web.userMangerController.getUserList(java.lang.String,javax.servlet.http.HttpServletRequest)
2019-10-26 08:05:59,261 INFO (AbstractHandlerMethodMapping.java:543)- Mapped "{[/CreatUser],methods=[POST]}" onto public com.alibaba.fastjson.JSONObject org.hds.web.userMangerController.CreatUser(java.lang.String,java.lang.String,int,java.lang.String,java.lang.String,java.lang.String,java.lang.String,int,java.lang.String,javax.servlet.http.HttpServletRequest)
2019-10-26 08:05:59,261 INFO (AbstractHandlerMethodMapping.java:543)- Mapped "{[/userManger]}" onto public java.lang.String org.hds.web.userMangerController.userManger(org.springframework.ui.Model,javax.servlet.http.HttpServletRequest)
2019-10-26 08:05:59,264 INFO (AbstractHandlerMethodMapping.java:543)- Mapped "{[/error]}" onto public org.springframework.http.ResponseEntity<java.util.Map<java.lang.String, java.lang.Object>> org.springframework.boot.autoconfigure.web.BasicErrorController.error(javax.servlet.http.HttpServletRequest)
2019-10-26 08:05:59,264 INFO (AbstractHandlerMethodMapping.java:543)- Mapped "{[/error],produces=[text/html]}" onto public org.springframework.web.servlet.ModelAndView org.springframework.boot.autoconfigure.web.BasicErrorController.errorHtml(javax.servlet.http.HttpServletRequest,javax.servlet.http.HttpServletResponse)
2019-10-26 08:05:59,413 INFO (AbstractUrlHandlerMapping.java:354)- Mapped URL path [/my/**] onto handler of type [class org.springframework.web.servlet.resource.ResourceHttpRequestHandler]
2019-10-26 08:05:59,414 INFO (AbstractUrlHandlerMapping.java:354)- Mapped URL path [/webjars/**] onto handler of type [class org.springframework.web.servlet.resource.ResourceHttpRequestHandler]
2019-10-26 08:05:59,415 INFO (AbstractUrlHandlerMapping.java:354)- Mapped URL path [/**] onto handler of type [class org.springframework.web.servlet.resource.ResourceHttpRequestHandler]
2019-10-26 08:05:59,644 INFO (AbstractUrlHandlerMapping.java:354)- Mapped URL path [/**/favicon.ico] onto handler of type [class org.springframework.web.servlet.resource.ResourceHttpRequestHandler]
2019-10-26 08:06:02,871 INFO (OptionalLiveReloadServer.java:58)- LiveReload server is running on port 35729
2019-10-26 08:06:03,128 INFO (MBeanExporter.java:431)- Registering beans for JMX exposure on startup
2019-10-26 08:06:03,129 INFO (MBeanExporter.java:912)- Bean with name 'dataSource' has been autodetected for JMX exposure
2019-10-26 08:06:03,132 INFO (MBeanExporter.java:667)- Located MBean 'dataSource': registering with JMX server as MBean [com.alibaba.druid.pool:name=dataSource,type=DruidDataSource]
2019-10-26 08:06:03,140 INFO (DirectJDKLog.java:179)- Initializing ProtocolHandler ["http-nio-8011"]
2019-10-26 08:06:03,142 INFO (DirectJDKLog.java:179)- Starting ProtocolHandler [http-nio-8011]
2019-10-26 08:06:03,145 INFO (DirectJDKLog.java:179)- Using a shared selector for servlet write/read
2019-10-26 08:06:03,151 INFO (TomcatEmbeddedServletContainer.java:185)- Tomcat started on port(s): 8011 (http)
2019-10-26 08:06:03,155 INFO (StartupInfoLogger.java:57)- Started Application in 18.882 seconds (JVM running for 70.91)
2019-10-26 08:06:20,216 INFO (AbstractApplicationContext.java:982)- Closing org.springframework.boot.context.embedded.AnnotationConfigEmbeddedWebApplicationContext@58b1875a: startup date [Sat Oct 26 08:05:44 CST 2019]; root of context hierarchy
2019-10-26 08:06:20,219 INFO (MBeanExporter.java:449)- Unregistering JMX-exposed beans on shutdown
2019-10-26 08:06:20,219 INFO (MBeanRegistrationSupport.java:241)- Unregistering JMX-exposed beans
2019-10-26 08:06:20,812 INFO (StartupInfoLogger.java:48)- Starting Application on DESKTOP-H8FS49Q with PID 4220 (D:\eclipse-workspace\spring-boot-ledediter\target\classes started by 86139 in D:\eclipse-workspace\spring-boot-ledediter)
2019-10-26 08:06:20,813 INFO (SpringApplication.java:661)- No active profile set, falling back to default profiles: default
2019-10-26 08:06:20,824 INFO (AbstractApplicationContext.java:581)- Refreshing org.springframework.boot.context.embedded.AnnotationConfigEmbeddedWebApplicationContext@15f26b3a: startup date [Sat Oct 26 08:06:20 CST 2019]; root of context hierarchy
2019-10-26 08:06:27,469 INFO (PostProcessorRegistrationDelegate.java:328)- Bean 'shiroConfig' of type [class org.hds.config.ShiroConfig$$EnhancerBySpringCGLIB$$50833840] is not eligible for getting processed by all BeanPostProcessors (for example: not eligible for auto-proxying)
2019-10-26 08:06:27,564 INFO (PostProcessorRegistrationDelegate.java:328)- Bean 'mybatis-org.mybatis.spring.boot.autoconfigure.MybatisProperties' of type [class org.mybatis.spring.boot.autoconfigure.MybatisProperties] is not eligible for getting processed by all BeanPostProcessors (for example: not eligible for auto-proxying)
2019-10-26 08:06:27,566 INFO (PostProcessorRegistrationDelegate.java:328)- Bean 'org.mybatis.spring.boot.autoconfigure.MybatisAutoConfiguration' of type [class org.mybatis.spring.boot.autoconfigure.MybatisAutoConfiguration$$EnhancerBySpringCGLIB$$bdf12a3] is not eligible for getting processed by all BeanPostProcessors (for example: not eligible for auto-proxying)
2019-10-26 08:06:27,584 INFO (PostProcessorRegistrationDelegate.java:328)- Bean 'druidDBConfig' of type [class org.hds.config.DruidDBConfig$$EnhancerBySpringCGLIB$$582e55af] is not eligible for getting processed by all BeanPostProcessors (for example: not eligible for auto-proxying)
2019-10-26 08:06:27,588 INFO (PostProcessorRegistrationDelegate.java:328)- Bean 'dataSource' of type [class com.alibaba.druid.pool.DruidDataSource] is not eligible for getting processed by all BeanPostProcessors (for example: not eligible for auto-proxying)
2019-10-26 08:06:27,605 INFO (PostProcessorRegistrationDelegate.java:328)- Bean 'sqlSessionFactory' of type [class org.apache.ibatis.session.defaults.DefaultSqlSessionFactory] is not eligible for getting processed by all BeanPostProcessors (for example: not eligible for auto-proxying)
2019-10-26 08:06:27,607 INFO (PostProcessorRegistrationDelegate.java:328)- Bean 'sqlSessionTemplate' of type [class org.mybatis.spring.SqlSessionTemplate] is not eligible for getting processed by all BeanPostProcessors (for example: not eligible for auto-proxying)
2019-10-26 08:06:27,628 INFO (PostProcessorRegistrationDelegate.java:328)- Bean 'userMapper' of type [class org.mybatis.spring.mapper.MapperFactoryBean] is not eligible for getting processed by all BeanPostProcessors (for example: not eligible for auto-proxying)
2019-10-26 08:06:27,636 INFO (PostProcessorRegistrationDelegate.java:328)- Bean 'userMapper' of type [class com.sun.proxy.$Proxy116] is not eligible for getting processed by all BeanPostProcessors (for example: not eligible for auto-proxying)
2019-10-26 08:06:27,636 INFO (PostProcessorRegistrationDelegate.java:328)- Bean 'customRealm' of type [class org.hds.config.MyShiroRealm] is not eligible for getting processed by all BeanPostProcessors (for example: not eligible for auto-proxying)
2019-10-26 08:06:27,637 INFO (PostProcessorRegistrationDelegate.java:328)- Bean 'securityManager' of type [class org.apache.shiro.web.mgt.DefaultWebSecurityManager] is not eligible for getting processed by all BeanPostProcessors (for example: not eligible for auto-proxying)
2019-10-26 08:06:27,645 INFO (PostProcessorRegistrationDelegate.java:328)- Bean 'org.springframework.transaction.annotation.ProxyTransactionManagementConfiguration' of type [class org.springframework.transaction.annotation.ProxyTransactionManagementConfiguration$$EnhancerBySpringCGLIB$$d90ac173] is not eligible for getting processed by all BeanPostProcessors (for example: not eligible for auto-proxying)
2019-10-26 08:06:27,646 INFO (PostProcessorRegistrationDelegate.java:328)- Bean 'authorizationAttributeSourceAdvisor' of type [class org.apache.shiro.spring.security.interceptor.AuthorizationAttributeSourceAdvisor] is not eligible for getting processed by all BeanPostProcessors (for example: not eligible for auto-proxying)
2019-10-26 08:06:27,851 INFO (TomcatEmbeddedServletContainer.java:87)- Tomcat initialized with port(s): 8011 (http)
2019-10-26 08:06:27,852 INFO (DirectJDKLog.java:179)- Starting service Tomcat
2019-10-26 08:06:27,852 INFO (DirectJDKLog.java:179)- Starting Servlet Engine: Apache Tomcat/8.5.5
2019-10-26 08:06:27,956 INFO (DirectJDKLog.java:179)- Initializing Spring embedded WebApplicationContext
2019-10-26 08:06:27,958 INFO (EmbeddedWebApplicationContext.java:276)- Root WebApplicationContext: initialization completed in 7135 ms
2019-10-26 08:06:28,241 INFO (ServletRegistrationBean.java:190)- Mapping servlet: 'dispatcherServlet' to [/]
2019-10-26 08:06:28,241 INFO (ServletRegistrationBean.java:190)- Mapping servlet: 'org.hds.config.DruidStatViewServlet' to [/druid/*]
2019-10-26 08:06:28,242 INFO (AbstractFilterRegistrationBean.java:258)- Mapping filter: 'characterEncodingFilter' to: [/*]
2019-10-26 08:06:28,242 INFO (AbstractFilterRegistrationBean.java:258)- Mapping filter: 'hiddenHttpMethodFilter' to: [/*]
2019-10-26 08:06:28,242 INFO (AbstractFilterRegistrationBean.java:258)- Mapping filter: 'httpPutFormContentFilter' to: [/*]
2019-10-26 08:06:28,242 INFO (AbstractFilterRegistrationBean.java:258)- Mapping filter: 'requestContextFilter' to: [/*]
2019-10-26 08:06:28,242 INFO (AbstractFilterRegistrationBean.java:271)- Mapping filter: 'druidWebStatFilter' to urls: [/*]
2019-10-26 08:06:28,242 INFO (AbstractFilterRegistrationBean.java:258)- Mapping filter: 'shirFilter' to: [/*]
2019-10-26 08:06:29,202 INFO (RequestMappingHandlerAdapter.java:534)- Looking for @ControllerAdvice: org.springframework.boot.context.embedded.AnnotationConfigEmbeddedWebApplicationContext@15f26b3a: startup date [Sat Oct 26 08:06:20 CST 2019]; root of context hierarchy
2019-10-26 08:06:29,263 INFO (AbstractHandlerMethodMapping.java:543)- Mapped "{[/deletevideobyid],methods=[POST]}" onto public int org.hds.web.advMangerController.deletevideobyid(int,java.lang.String,javax.servlet.http.HttpServletRequest)
2019-10-26 08:06:29,264 INFO (AbstractHandlerMethodMapping.java:543)- Mapped "{[/updatebasemapclassify],methods=[POST]}" onto public int org.hds.web.advMangerController.updatebasemapclassify(java.lang.Integer,java.lang.Integer,java.lang.String,java.lang.String,java.lang.String,javax.servlet.http.HttpServletRequest)
2019-10-26 08:06:29,264 INFO (AbstractHandlerMethodMapping.java:543)- Mapped "{[/deletebasemapbyid],methods=[POST]}" onto public int org.hds.web.advMangerController.deletebasemapbyid(int,java.lang.String,javax.servlet.http.HttpServletRequest)
2019-10-26 08:06:29,264 INFO (AbstractHandlerMethodMapping.java:543)- Mapped "{[/updatevideoclassify],methods=[POST]}" onto public int org.hds.web.advMangerController.updatevideoclassify(java.lang.Integer,java.lang.Integer,java.lang.String,java.lang.String,java.lang.String,javax.servlet.http.HttpServletRequest)
2019-10-26 08:06:29,264 INFO (AbstractHandlerMethodMapping.java:543)- Mapped "{[/uploadvideo],methods=[POST]}" onto public com.alibaba.fastjson.JSONObject org.hds.web.advMangerController.uploadvideo(int,int,java.lang.String,java.lang.String,org.springframework.web.multipart.MultipartFile,java.lang.String,javax.servlet.http.HttpServletRequest)
2019-10-26 08:06:29,264 INFO (AbstractHandlerMethodMapping.java:543)- Mapped "{[/advManger]}" onto public java.lang.String org.hds.web.advMangerController.advManger(org.springframework.ui.Model,javax.servlet.http.HttpServletRequest)
2019-10-26 08:06:29,264 INFO (AbstractHandlerMethodMapping.java:543)- Mapped "{[/CreatInfo],methods=[POST]}" onto public com.alibaba.fastjson.JSONObject org.hds.web.advMangerController.CreatInfo(java.lang.String,int,java.lang.String,java.lang.String,java.lang.String,int,java.lang.String,javax.servlet.http.HttpServletRequest)
2019-10-26 08:06:29,264 INFO (AbstractHandlerMethodMapping.java:543)- Mapped "{[/UpdateInfo],methods=[POST]}" onto public com.alibaba.fastjson.JSONObject org.hds.web.advMangerController.UpdateInfo(int,int,java.lang.String,int,java.lang.String,java.lang.String,java.lang.String,int,java.lang.String,javax.servlet.http.HttpServletRequest)
2019-10-26 08:06:29,265 INFO (AbstractHandlerMethodMapping.java:543)- Mapped "{[/GetItem],methods=[POST]}" onto public com.alibaba.fastjson.JSONObject org.hds.web.advMangerController.GetItem(int,java.lang.String,javax.servlet.http.HttpServletRequest)
2019-10-26 08:06:29,265 INFO (AbstractHandlerMethodMapping.java:543)- Mapped "{[/GetImg2DBbyBase64],methods=[POST]}" onto public com.alibaba.fastjson.JSONObject org.hds.web.advMangerController.GetImg2DBbyBase64(int,int,java.lang.String,org.springframework.web.multipart.MultipartFile,java.lang.String,javax.servlet.http.HttpServletRequest)
2019-10-26 08:06:29,265 INFO (AbstractHandlerMethodMapping.java:543)- Mapped "{[/getPublishInfobyid],methods=[POST]}" onto public com.alibaba.fastjson.JSONObject org.hds.web.advMangerController.getPublishInfobyid(int,java.lang.String,java.lang.String,java.lang.String,javax.servlet.http.HttpServletRequest)
2019-10-26 08:06:29,265 INFO (AbstractHandlerMethodMapping.java:543)- Mapped "{[/getbasemapbyprojectid],methods=[POST]}" onto public com.alibaba.fastjson.JSONArray org.hds.web.advMangerController.getbasemapbyprojectid(int,int,java.lang.String,java.lang.String,javax.servlet.http.HttpServletRequest)
2019-10-26 08:06:29,265 INFO (AbstractHandlerMethodMapping.java:543)- Mapped "{[/getvideobygroupid],methods=[POST]}" onto public com.alibaba.fastjson.JSONArray org.hds.web.advMangerController.getvideobygroupid(int,int,java.lang.String,java.lang.String,javax.servlet.http.HttpServletRequest)
2019-10-26 08:06:29,265 INFO (AbstractHandlerMethodMapping.java:543)- Mapped "{[/getadvEditListbyGrpid],methods=[POST]}" onto public com.alibaba.fastjson.JSONArray org.hds.web.advMangerController.getadvListbyGrpid(int,java.lang.String,javax.servlet.http.HttpServletRequest)
2019-10-26 08:06:29,265 INFO (AbstractHandlerMethodMapping.java:543)- Mapped "{[/AuditInfobyid],methods=[POST]}" onto public com.alibaba.fastjson.JSONObject org.hds.web.advMangerController.AuditInfobyid(int,int,java.lang.String,javax.servlet.http.HttpServletRequest)
2019-10-26 08:06:29,265 INFO (AbstractHandlerMethodMapping.java:543)- Mapped "{[/DeleteInfobyid],methods=[POST]}" onto public com.alibaba.fastjson.JSONObject org.hds.web.advMangerController.DeleteInfobyid(int,int,java.lang.String,javax.servlet.http.HttpServletRequest)
2019-10-26 08:06:29,266 INFO (AbstractHandlerMethodMapping.java:543)- Mapped "{[/GetImgbyGif],methods=[POST]}" onto public com.alibaba.fastjson.JSONObject org.hds.web.advMangerController.GetImgbyGif(java.lang.String,int,int,javax.servlet.http.HttpServletRequest)
2019-10-26 08:06:29,266 INFO (AbstractHandlerMethodMapping.java:543)- Mapped "{[/SaveItem],methods=[POST]}" onto public com.alibaba.fastjson.JSONObject org.hds.web.advMangerController.SaveItem(int,java.lang.String,java.lang.String,int,java.lang.String,javax.servlet.http.HttpServletRequest)
2019-10-26 08:06:29,266 INFO (AbstractHandlerMethodMapping.java:543)- Mapped "{[/CopyInfo],methods=[POST]}" onto public com.alibaba.fastjson.JSONObject org.hds.web.advMangerController.CopyInfo(java.lang.String,int,java.lang.String,java.lang.String,java.lang.String,java.lang.String,java.lang.String,javax.servlet.http.HttpServletRequest)
2019-10-26 08:06:29,266 INFO (AbstractHandlerMethodMapping.java:543)- Mapped "{[/PublishInfobyid],methods=[POST]}" onto public com.alibaba.fastjson.JSONObject org.hds.web.auditMangerController.PublishInfobyid(int,int,java.lang.String,javax.servlet.http.HttpServletRequest)
2019-10-26 08:06:29,266 INFO (AbstractHandlerMethodMapping.java:543)- Mapped "{[/getInfobytesbyid],methods=[POST]}" onto public com.alibaba.fastjson.JSONObject org.hds.web.auditMangerController.getInfobytesbyid(int,java.lang.String,javax.servlet.http.HttpServletRequest)
2019-10-26 08:06:29,266 INFO (AbstractHandlerMethodMapping.java:543)- Mapped "{[/auditManger]}" onto public java.lang.String org.hds.web.auditMangerController.auditManger(org.springframework.ui.Model,javax.servlet.http.HttpServletRequest)
2019-10-26 08:06:29,267 INFO (AbstractHandlerMethodMapping.java:543)- Mapped "{[/getadvListbyGrpidState],methods=[POST]}" onto public com.alibaba.fastjson.JSONArray org.hds.web.auditMangerController.getadvListbyGrpidState(int,java.lang.String,javax.servlet.http.HttpServletRequest)
2019-10-26 08:06:29,267 INFO (AbstractHandlerMethodMapping.java:543)- Mapped "{[/RefuseInfobyid],methods=[POST]}" onto public com.alibaba.fastjson.JSONObject org.hds.web.auditMangerController.RefuseInfobyid(int,int,java.lang.String,javax.servlet.http.HttpServletRequest)
2019-10-26 08:06:29,267 INFO (AbstractHandlerMethodMapping.java:543)- Mapped "{[/CreatGroup],methods=[POST]}" onto public com.alibaba.fastjson.JSONObject org.hds.web.groupMangerController.CreatGroup(java.lang.String,java.lang.String,int,int,int,int,java.lang.String,javax.servlet.http.HttpServletRequest)
2019-10-26 08:06:29,267 INFO (AbstractHandlerMethodMapping.java:543)- Mapped "{[/groupManger]}" onto public java.lang.String org.hds.web.groupMangerController.groupManger(org.springframework.ui.Model,javax.servlet.http.HttpServletRequest)
2019-10-26 08:06:29,267 INFO (AbstractHandlerMethodMapping.java:543)- Mapped "{[/GetProvinceList],methods=[POST]}" onto public com.alibaba.fastjson.JSONObject org.hds.web.groupMangerController.GetProvinceList(java.lang.String,javax.servlet.http.HttpServletRequest)
2019-10-26 08:06:29,267 INFO (AbstractHandlerMethodMapping.java:543)- Mapped "{[/GetCityList],methods=[POST]}" onto public com.alibaba.fastjson.JSONObject org.hds.web.groupMangerController.GetCityList(java.lang.String,java.lang.String,javax.servlet.http.HttpServletRequest)
2019-10-26 08:06:29,268 INFO (AbstractHandlerMethodMapping.java:543)- Mapped "{[/EditGroup],methods=[POST]}" onto public com.alibaba.fastjson.JSONObject org.hds.web.groupMangerController.EditGroup(int,java.lang.String,int,int,int,java.lang.String,javax.servlet.http.HttpServletRequest)
2019-10-26 08:06:29,268 INFO (AbstractHandlerMethodMapping.java:543)- Mapped "{[/Get_parameter],methods=[POST]}" onto public com.alibaba.fastjson.JSONObject org.hds.web.groupMangerController.Get_parameter(java.lang.String,java.lang.String,javax.servlet.http.HttpServletRequest)
2019-10-26 08:06:29,268 INFO (AbstractHandlerMethodMapping.java:543)- Mapped "{[/Set_parameter],methods=[POST]}" onto public com.alibaba.fastjson.JSONObject org.hds.web.groupMangerController.Set_parameter(java.lang.String,java.lang.String,javax.servlet.http.HttpServletRequest)
2019-10-26 08:06:29,268 INFO (AbstractHandlerMethodMapping.java:543)- Mapped "{[/DeleteGroup],methods=[POST]}" onto public com.alibaba.fastjson.JSONObject org.hds.web.groupMangerController.DeleteGroup(int,java.lang.String,javax.servlet.http.HttpServletRequest)
2019-10-26 08:06:29,268 INFO (AbstractHandlerMethodMapping.java:543)- Mapped "{[/gethistorybypageNum],methods=[POST]}" onto public com.alibaba.fastjson.JSONObject org.hds.web.historyMangerController.gethistorybypageNum(int,int,java.lang.String,java.lang.String,java.lang.String,int,java.lang.String,java.lang.String,javax.servlet.http.HttpServletRequest)
2019-10-26 08:06:29,268 INFO (AbstractHandlerMethodMapping.java:543)- Mapped "{[/historyManger]}" onto public java.lang.String org.hds.web.historyMangerController.historyManger(org.springframework.ui.Model,javax.servlet.http.HttpServletRequest)
2019-10-26 08:06:29,269 INFO (AbstractHandlerMethodMapping.java:543)- Mapped "{[/getplaylistinfo],methods=[POST]}" onto public com.alibaba.fastjson.JSONObject org.hds.web.historyMangerController.getplaylistinfo(int,java.lang.String,javax.servlet.http.HttpServletRequest)
2019-10-26 08:06:29,269 INFO (AbstractHandlerMethodMapping.java:543)- Mapped "{[/UpdatePlaylistName],methods=[POST]}" onto public com.alibaba.fastjson.JSONObject org.hds.web.infoListController.UpdatePlaylistName(int,java.lang.String,int,java.lang.String,javax.servlet.http.HttpServletRequest)
2019-10-26 08:06:29,269 INFO (AbstractHandlerMethodMapping.java:543)- Mapped "{[/UpdateInfoList],methods=[POST]}" onto public com.alibaba.fastjson.JSONObject org.hds.web.infoListController.UpdateInfoList(int,java.lang.String,int,int,java.lang.String,int,java.lang.String,java.lang.Boolean,int,java.lang.String,javax.servlet.http.HttpServletRequest)
2019-10-26 08:06:29,269 INFO (AbstractHandlerMethodMapping.java:543)- Mapped "{[/CreatInfoList],methods=[POST]}" onto public com.alibaba.fastjson.JSONObject org.hds.web.infoListController.CreatInfoList(java.lang.String,int,int,java.lang.String,int,java.lang.String,int,java.lang.String,javax.servlet.http.HttpServletRequest)
2019-10-26 08:06:29,269 INFO (AbstractHandlerMethodMapping.java:543)- Mapped "{[/deleteinfobyid],methods=[POST]}" onto public com.alibaba.fastjson.JSONObject org.hds.web.infoListController.deleteinfobyid(int,int,int,int,java.lang.String,javax.servlet.http.HttpServletRequest)
2019-10-26 08:06:29,270 INFO (AbstractHandlerMethodMapping.java:543)- Mapped "{[/CopyInfotodraft],methods=[POST]}" onto public com.alibaba.fastjson.JSONObject org.hds.web.infoListController.CopyInfotodraft(int,int,int,java.lang.String,javax.servlet.http.HttpServletRequest)
2019-10-26 08:06:29,270 INFO (AbstractHandlerMethodMapping.java:543)- Mapped "{[/infoList]}" onto public java.lang.String org.hds.web.infoListController.infoList(org.springframework.ui.Model,javax.servlet.http.HttpServletRequest)
2019-10-26 08:06:29,270 INFO (AbstractHandlerMethodMapping.java:543)- Mapped "{[/getInfoList],methods=[POST]}" onto public com.alibaba.fastjson.JSONArray org.hds.web.infoListController.GetInfoList(int,java.lang.String,javax.servlet.http.HttpServletRequest)
2019-10-26 08:06:29,270 INFO (AbstractHandlerMethodMapping.java:543)- Mapped "{[/getInfopubs],methods=[POST]}" onto public com.alibaba.fastjson.JSONArray org.hds.web.infoListController.GetInfopubs(int,java.lang.String,javax.servlet.http.HttpServletRequest)
2019-10-26 08:06:29,270 INFO (AbstractHandlerMethodMapping.java:543)- Mapped "{[/getinfoListbyinfoid],methods=[POST]}" onto public com.alibaba.fastjson.JSONObject org.hds.web.infoListController.getinfoListbyinfoid(int,java.lang.String,javax.servlet.http.HttpServletRequest)
2019-10-26 08:06:29,270 INFO (AbstractHandlerMethodMapping.java:543)- Mapped "{[/deleteplaylistbyid],methods=[POST]}" onto public com.alibaba.fastjson.JSONObject org.hds.web.infoListController.deleteplaylistbyid(int,int,java.lang.String,javax.servlet.http.HttpServletRequest)
2019-10-26 08:06:29,270 INFO (AbstractHandlerMethodMapping.java:543)- Mapped "{[/getPublishListbyTemp],methods=[POST]}" onto public com.alibaba.fastjson.JSONObject org.hds.web.infoListController.getPublishListbyTemp(int,java.lang.String,int,java.lang.String,java.lang.String,javax.servlet.http.HttpServletRequest)
2019-10-26 08:06:29,270 INFO (AbstractHandlerMethodMapping.java:543)- Mapped "{[/getGroup],methods=[POST]}" onto public com.alibaba.fastjson.JSONArray org.hds.web.infoListController.getGroup(java.lang.String,javax.servlet.http.HttpServletRequest)
2019-10-26 08:06:29,271 INFO (AbstractHandlerMethodMapping.java:543)- Mapped "{[/infoManger]}" onto public java.lang.String org.hds.web.infoMangerController.auditManger(org.springframework.ui.Model,javax.servlet.http.HttpServletRequest)
2019-10-26 08:06:29,271 INFO (AbstractHandlerMethodMapping.java:543)- Mapped "{[/getinfoListbyGrpidState],methods=[POST]}" onto public com.alibaba.fastjson.JSONArray org.hds.web.infoMangerController.getinfoListbyGrpidState(int,int,java.lang.String,javax.servlet.http.HttpServletRequest)
2019-10-26 08:06:29,271 INFO (AbstractHandlerMethodMapping.java:543)- Mapped "{[/jsCOMM]}" onto public java.lang.String org.hds.web.jsCOMMController.index()
2019-10-26 08:06:29,271 INFO (AbstractHandlerMethodMapping.java:543)- Mapped "{[/index]}" onto public java.lang.String org.hds.web.LoginController.index()
2019-10-26 08:06:29,271 INFO (AbstractHandlerMethodMapping.java:543)- Mapped "{[/login],methods=[POST]}" onto public com.alibaba.fastjson.JSONObject org.hds.web.LoginController.login(java.lang.String,java.lang.String,javax.servlet.http.HttpServletRequest)
2019-10-26 08:06:29,272 INFO (AbstractHandlerMethodMapping.java:543)- Mapped "{[/main]}" onto public java.lang.String org.hds.web.MainController.main(org.springframework.ui.Model,javax.servlet.http.HttpServletRequest)
2019-10-26 08:06:29,272 INFO (AbstractHandlerMethodMapping.java:543)- Mapped "{[/GetUpdateRate],methods=[POST]}" onto public com.alibaba.fastjson.JSONObject org.hds.web.MainController.GetUpdateRate(java.lang.String,int,javax.servlet.http.HttpServletRequest)
2019-10-26 08:06:29,272 INFO (AbstractHandlerMethodMapping.java:543)- Mapped "{[/GetStatisticsData],methods=[POST]}" onto public com.alibaba.fastjson.JSONObject org.hds.web.MainController.GetStatisticsData(java.lang.String,javax.servlet.http.HttpServletRequest)
2019-10-26 08:06:29,272 INFO (AbstractHandlerMethodMapping.java:543)- Mapped "{[/GetStatisticsDatabyDate],methods=[POST]}" onto public com.alibaba.fastjson.JSONObject org.hds.web.MainController.GetStatisticsDatabyDate(java.lang.String,java.lang.String,java.lang.String,javax.servlet.http.HttpServletRequest)
2019-10-26 08:06:29,272 INFO (AbstractHandlerMethodMapping.java:543)- Mapped "{[/passwordEnCode],methods=[POST]}" onto public com.alibaba.fastjson.JSONObject org.hds.web.projectMangerController.passwordEnCode(javax.servlet.http.HttpServletRequest)
2019-10-26 08:06:29,272 INFO (AbstractHandlerMethodMapping.java:543)- Mapped "{[/updateProject],methods=[POST]}" onto public com.alibaba.fastjson.JSONObject org.hds.web.projectMangerController.updateProject(java.lang.String,java.lang.String,int,java.lang.String,int,int,int,java.lang.String,java.lang.String,javax.servlet.http.HttpServletRequest)
2019-10-26 08:06:29,273 INFO (AbstractHandlerMethodMapping.java:543)- Mapped "{[/removeProject],methods=[POST]}" onto public com.alibaba.fastjson.JSONObject org.hds.web.projectMangerController.removeProject(java.lang.String,java.lang.String,javax.servlet.http.HttpServletRequest)
2019-10-26 08:06:29,273 INFO (AbstractHandlerMethodMapping.java:543)- Mapped "{[/moveGroup],methods=[POST]}" onto public com.alibaba.fastjson.JSONObject org.hds.web.projectMangerController.moveGroup(java.lang.String,java.lang.String,int,int,java.lang.String,javax.servlet.http.HttpServletRequest)
2019-10-26 08:06:29,273 INFO (AbstractHandlerMethodMapping.java:543)- Mapped "{[/projectManger]}" onto public java.lang.String org.hds.web.projectMangerController.projectManger(org.springframework.ui.Model,javax.servlet.http.HttpServletRequest)
2019-10-26 08:06:29,273 INFO (AbstractHandlerMethodMapping.java:543)- Mapped "{[/getProjectlist],methods=[POST]}" onto public com.alibaba.fastjson.JSONArray org.hds.web.projectMangerController.getProjectlist(java.lang.String,javax.servlet.http.HttpServletRequest)
2019-10-26 08:06:29,273 INFO (AbstractHandlerMethodMapping.java:543)- Mapped "{[/createProject],methods=[POST]}" onto public com.alibaba.fastjson.JSONObject org.hds.web.projectMangerController.createProject(java.lang.String,java.lang.String,java.lang.String,int,int,int,java.lang.String,java.lang.String,java.lang.String,java.lang.String,int,int,int,java.lang.String,javax.servlet.http.HttpServletRequest)
2019-10-26 08:06:29,273 INFO (AbstractHandlerMethodMapping.java:543)- Mapped "{[/programlistChange],methods=[POST]}" onto public com.alibaba.fastjson.JSONObject org.hds.web.projectMangerController.programlistChange(javax.servlet.http.HttpServletRequest)
2019-10-26 08:06:29,273 INFO (AbstractHandlerMethodMapping.java:543)- Mapped "{[/getGroupbyProjectid],methods=[POST]}" onto public com.alibaba.fastjson.JSONArray org.hds.web.projectMangerController.getGroupbyProjectid(java.lang.String,java.lang.String,javax.servlet.http.HttpServletRequest)
2019-10-26 08:06:29,273 INFO (AbstractHandlerMethodMapping.java:543)- Mapped "{[/recycleManger]}" onto public java.lang.String org.hds.web.recycleMangerController.recycleManger(org.springframework.ui.Model,javax.servlet.http.HttpServletRequest)
2019-10-26 08:06:29,274 INFO (AbstractHandlerMethodMapping.java:543)- Mapped "{[/DeleteInfo2old],methods=[POST]}" onto public com.alibaba.fastjson.JSONObject org.hds.web.recycleMangerController.DeleteInfo2old(int,java.lang.String,javax.servlet.http.HttpServletRequest)
2019-10-26 08:06:29,274 INFO (AbstractHandlerMethodMapping.java:543)- Mapped "{[/getDelinfolistbypageNum],methods=[POST]}" onto public com.alibaba.fastjson.JSONObject org.hds.web.recycleMangerController.getDelinfolistbypageNum(int,int,int,java.lang.String,java.lang.String,java.lang.String,javax.servlet.http.HttpServletRequest)
2019-10-26 08:06:29,274 INFO (AbstractHandlerMethodMapping.java:543)- Mapped "{[/taxiManger]}" onto public java.lang.String org.hds.web.taxiMangerController.projectManger(org.springframework.ui.Model,javax.servlet.http.HttpServletRequest)
2019-10-26 08:06:29,274 INFO (AbstractHandlerMethodMapping.java:543)- Mapped "{[/getTerminalsbypageNum],methods=[POST]}" onto public com.alibaba.fastjson.JSONObject org.hds.web.taxiMangerController.getTerminalsbypageNum(int,int,java.lang.String,int,java.lang.String,java.lang.String,java.lang.String,int,java.lang.String,java.lang.String,javax.servlet.http.HttpServletRequest)
2019-10-26 08:06:29,274 INFO (AbstractHandlerMethodMapping.java:543)- Mapped "{[/updateTerminalinfo],methods=[GET]}" onto public java.lang.String org.hds.web.taxiMangerController.updateTerminalinfo(java.lang.String,java.lang.String,javax.servlet.http.HttpServletRequest)
2019-10-26 08:06:29,274 INFO (AbstractHandlerMethodMapping.java:543)- Mapped "{[/taxiInfoEditbyGroup],methods=[POST]}" onto public com.alibaba.fastjson.JSONObject org.hds.web.taxiMangerController.taxiInfoEditbyGroup(int,int,int,java.lang.String,java.lang.String,javax.servlet.http.HttpServletRequest)
2019-10-26 08:06:29,274 INFO (AbstractHandlerMethodMapping.java:543)- Mapped "{[/taxiInfoEdit],methods=[POST]}" onto public com.alibaba.fastjson.JSONObject org.hds.web.taxiMangerController.taxiInfoEdit(java.lang.String,java.lang.String,int,int,java.lang.String,javax.servlet.http.HttpServletRequest)
2019-10-26 08:06:29,275 INFO (AbstractHandlerMethodMapping.java:543)- Mapped "{[/taxiInfoDelete],methods=[POST]}" onto public com.alibaba.fastjson.JSONObject org.hds.web.taxiMangerController.taxiInfoEdit(java.lang.String,java.lang.String,javax.servlet.http.HttpServletRequest)
2019-10-26 08:06:29,275 INFO (AbstractHandlerMethodMapping.java:543)- Mapped "{[/uploadimage],methods=[POST],produces=[application/json]}" onto public java.util.Map<java.lang.String, java.lang.Object> org.hds.web.ueditorConfig.save(javax.servlet.http.HttpServletRequest)
2019-10-26 08:06:29,275 INFO (AbstractHandlerMethodMapping.java:543)- Mapped "{[/ueditor/config],produces=[application/json]}" onto public java.lang.String org.hds.web.ueditorConfig.imgUpload(javax.servlet.http.HttpServletRequest,javax.servlet.http.HttpServletResponse)
2019-10-26 08:06:29,275 INFO (AbstractHandlerMethodMapping.java:543)- Mapped "{[/getProjectListbyuser],methods=[POST]}" onto public com.alibaba.fastjson.JSONArray org.hds.web.userMangerController.getProjectList(java.lang.String,javax.servlet.http.HttpServletRequest)
2019-10-26 08:06:29,275 INFO (AbstractHandlerMethodMapping.java:543)- Mapped "{[/DeleteUser],methods=[POST]}" onto public com.alibaba.fastjson.JSONObject org.hds.web.userMangerController.DeleteUser(int,java.lang.String,javax.servlet.http.HttpServletRequest)
2019-10-26 08:06:29,276 INFO (AbstractHandlerMethodMapping.java:543)- Mapped "{[/EditUser],methods=[POST]}" onto public com.alibaba.fastjson.JSONObject org.hds.web.userMangerController.EditUser(int,java.lang.String,java.lang.String,int,java.lang.String,java.lang.String,java.lang.String,int,java.lang.String,javax.servlet.http.HttpServletRequest)
2019-10-26 08:06:29,276 INFO (AbstractHandlerMethodMapping.java:543)- Mapped "{[/getUserList],methods=[POST]}" onto public com.alibaba.fastjson.JSONArray org.hds.web.userMangerController.getUserList(java.lang.String,javax.servlet.http.HttpServletRequest)
2019-10-26 08:06:29,276 INFO (AbstractHandlerMethodMapping.java:543)- Mapped "{[/CreatUser],methods=[POST]}" onto public com.alibaba.fastjson.JSONObject org.hds.web.userMangerController.CreatUser(java.lang.String,java.lang.String,int,java.lang.String,java.lang.String,java.lang.String,java.lang.String,int,java.lang.String,javax.servlet.http.HttpServletRequest)
2019-10-26 08:06:29,276 INFO (AbstractHandlerMethodMapping.java:543)- Mapped "{[/userManger]}" onto public java.lang.String org.hds.web.userMangerController.userManger(org.springframework.ui.Model,javax.servlet.http.HttpServletRequest)
2019-10-26 08:06:29,277 INFO (AbstractHandlerMethodMapping.java:543)- Mapped "{[/error]}" onto public org.springframework.http.ResponseEntity<java.util.Map<java.lang.String, java.lang.Object>> org.springframework.boot.autoconfigure.web.BasicErrorController.error(javax.servlet.http.HttpServletRequest)
2019-10-26 08:06:29,277 INFO (AbstractHandlerMethodMapping.java:543)- Mapped "{[/error],produces=[text/html]}" onto public org.springframework.web.servlet.ModelAndView org.springframework.boot.autoconfigure.web.BasicErrorController.errorHtml(javax.servlet.http.HttpServletRequest,javax.servlet.http.HttpServletResponse)
2019-10-26 08:06:29,386 INFO (AbstractUrlHandlerMapping.java:354)- Mapped URL path [/my/**] onto handler of type [class org.springframework.web.servlet.resource.ResourceHttpRequestHandler]
2019-10-26 08:06:29,387 INFO (AbstractUrlHandlerMapping.java:354)- Mapped URL path [/webjars/**] onto handler of type [class org.springframework.web.servlet.resource.ResourceHttpRequestHandler]
2019-10-26 08:06:29,387 INFO (AbstractUrlHandlerMapping.java:354)- Mapped URL path [/**] onto handler of type [class org.springframework.web.servlet.resource.ResourceHttpRequestHandler]
2019-10-26 08:06:29,495 INFO (AbstractUrlHandlerMapping.java:354)- Mapped URL path [/**/favicon.ico] onto handler of type [class org.springframework.web.servlet.resource.ResourceHttpRequestHandler]
2019-10-26 08:06:31,014 INFO (OptionalLiveReloadServer.java:58)- LiveReload server is running on port 35729
2019-10-26 08:06:31,182 INFO (MBeanExporter.java:431)- Registering beans for JMX exposure on startup
2019-10-26 08:06:31,183 INFO (MBeanExporter.java:912)- Bean with name 'dataSource' has been autodetected for JMX exposure
2019-10-26 08:06:31,184 INFO (MBeanExporter.java:667)- Located MBean 'dataSource': registering with JMX server as MBean [com.alibaba.druid.pool:name=dataSource,type=DruidDataSource]
2019-10-26 08:06:31,188 INFO (DirectJDKLog.java:179)- Initializing ProtocolHandler ["http-nio-8011"]
2019-10-26 08:06:31,188 INFO (DirectJDKLog.java:179)- Starting ProtocolHandler [http-nio-8011]
2019-10-26 08:06:31,189 INFO (DirectJDKLog.java:179)- Using a shared selector for servlet write/read
2019-10-26 08:06:31,192 INFO (TomcatEmbeddedServletContainer.java:185)- Tomcat started on port(s): 8011 (http)
2019-10-26 08:06:31,196 INFO (StartupInfoLogger.java:57)- Started Application in 10.605 seconds (JVM running for 98.95)
