2019-11-12 10:05:47,724 INFO (StartupInfoLogger.java:50)- Starting Application on DESKTOP-H8FS49Q with PID 7332 (D:\eclipse-workspace\spring-boot-ledediter\target\classes started by 86139 in D:\eclipse-workspace\spring-boot-ledediter)
2019-11-12 10:05:47,740 INFO (SpringApplication.java:675)- No active profile set, falling back to default profiles: default
2019-11-12 10:05:47,917 INFO (DeferredLog.java:227)- Devtools property defaults active! Set 'spring.devtools.add-properties' to 'false' to disable
2019-11-12 10:05:47,917 INFO (DeferredLog.java:227)- For additional web related logging consider setting the 'logging.level.web' property to 'DEBUG'
2019-11-12 10:05:52,235 INFO (PostProcessorRegistrationDelegate.java:330)- Bean 'shiroConfig' of type [org.hds.config.ShiroConfig$$EnhancerBySpringCGLIB$$36d8fbe0] is not eligible for getting processed by all BeanPostProcessors (for example: not eligible for auto-proxying)
2019-11-12 10:05:53,558 INFO (PostProcessorRegistrationDelegate.java:330)- Bean 'mybatis-org.mybatis.spring.boot.autoconfigure.MybatisProperties' of type [org.mybatis.spring.boot.autoconfigure.MybatisProperties] is not eligible for getting processed by all BeanPostProcessors (for example: not eligible for auto-proxying)
2019-11-12 10:05:53,564 INFO (PostProcessorRegistrationDelegate.java:330)- Bean 'org.mybatis.spring.boot.autoconfigure.MybatisAutoConfiguration' of type [org.mybatis.spring.boot.autoconfigure.MybatisAutoConfiguration$$EnhancerBySpringCGLIB$$f234d643] is not eligible for getting processed by all BeanPostProcessors (for example: not eligible for auto-proxying)
2019-11-12 10:05:53,578 INFO (PostProcessorRegistrationDelegate.java:330)- Bean 'druidDBConfig' of type [org.hds.config.DruidDBConfig$$EnhancerBySpringCGLIB$$3e84194f] is not eligible for getting processed by all BeanPostProcessors (for example: not eligible for auto-proxying)
2019-11-12 10:05:53,732 INFO (PostProcessorRegistrationDelegate.java:330)- Bean 'dataSource' of type [com.alibaba.druid.pool.DruidDataSource] is not eligible for getting processed by all BeanPostProcessors (for example: not eligible for auto-proxying)
2019-11-12 10:05:53,886 INFO (PostProcessorRegistrationDelegate.java:330)- Bean 'sqlSessionFactory' of type [org.apache.ibatis.session.defaults.DefaultSqlSessionFactory] is not eligible for getting processed by all BeanPostProcessors (for example: not eligible for auto-proxying)
2019-11-12 10:05:53,897 INFO (PostProcessorRegistrationDelegate.java:330)- Bean 'sqlSessionTemplate' of type [org.mybatis.spring.SqlSessionTemplate] is not eligible for getting processed by all BeanPostProcessors (for example: not eligible for auto-proxying)
2019-11-12 10:05:54,003 INFO (PostProcessorRegistrationDelegate.java:330)- Bean 'userMapper' of type [org.mybatis.spring.mapper.MapperFactoryBean] is not eligible for getting processed by all BeanPostProcessors (for example: not eligible for auto-proxying)
2019-11-12 10:05:54,014 INFO (PostProcessorRegistrationDelegate.java:330)- Bean 'userMapper' of type [com.sun.proxy.$Proxy66] is not eligible for getting processed by all BeanPostProcessors (for example: not eligible for auto-proxying)
2019-11-12 10:05:54,015 INFO (PostProcessorRegistrationDelegate.java:330)- Bean 'customRealm' of type [org.hds.config.MyShiroRealm] is not eligible for getting processed by all BeanPostProcessors (for example: not eligible for auto-proxying)
2019-11-12 10:05:54,017 INFO (PostProcessorRegistrationDelegate.java:330)- Bean 'securityManager' of type [org.apache.shiro.web.mgt.DefaultWebSecurityManager] is not eligible for getting processed by all BeanPostProcessors (for example: not eligible for auto-proxying)
2019-11-12 10:05:54,156 INFO (PostProcessorRegistrationDelegate.java:330)- Bean 'org.springframework.transaction.annotation.ProxyTransactionManagementConfiguration' of type [org.springframework.transaction.annotation.ProxyTransactionManagementConfiguration$$EnhancerBySpringCGLIB$$bf608513] is not eligible for getting processed by all BeanPostProcessors (for example: not eligible for auto-proxying)
2019-11-12 10:05:54,177 INFO (PostProcessorRegistrationDelegate.java:330)- Bean 'authorizationAttributeSourceAdvisor' of type [org.apache.shiro.spring.security.interceptor.AuthorizationAttributeSourceAdvisor] is not eligible for getting processed by all BeanPostProcessors (for example: not eligible for auto-proxying)
2019-11-12 10:05:55,044 INFO (TomcatWebServer.java:90)- Tomcat initialized with port(s): 8011 (http)
2019-11-12 10:05:55,071 INFO (DirectJDKLog.java:173)- Initializing ProtocolHandler ["http-nio-8011"]
2019-11-12 10:05:55,089 INFO (DirectJDKLog.java:173)- Starting service [Tomcat]
2019-11-12 10:05:55,089 INFO (DirectJDKLog.java:173)- Starting Servlet engine: [Apache Tomcat/9.0.16]
2019-11-12 10:05:55,103 INFO (DirectJDKLog.java:173)- The APR based Apache Tomcat Native library which allows optimal performance in production environments was not found on the java.library.path: [C:\Program Files\Java\jre1.8.0_211\bin;C:\Windows\Sun\Java\bin;C:\Windows\system32;C:\Windows;C:/Program Files/Java/jre1.8.0_211/bin/server;C:/Program Files/Java/jre1.8.0_211/bin;C:/Program Files/Java/jre1.8.0_211/lib/amd64;C:\Program Files (x86)\Common Files\Oracle\Java\javapath;C:\Program Files (x86)\Intel\Intel(R) Management Engine Components\iCLS\;C:\Program Files\Intel\Intel(R) Management Engine Components\iCLS\;C:\Windows\system32;C:\Windows;C:\Windows\System32\Wbem;C:\Windows\System32\WindowsPowerShell\v1.0\;C:\Windows\System32\OpenSSH\;C:\Program Files (x86)\Intel\Intel(R) Management Engine Components\DAL;C:\Program Files\Intel\Intel(R) Management Engine Components\DAL;C:\Program Files (x86)\Intel\Intel(R) Management Engine Components\IPT;C:\Program Files\Intel\Intel(R) Management Engine Components\IPT;C:\Program Files (x86)\NVIDIA Corporation\PhysX\Common;C:\Program Files\NVIDIA Corporation\NVIDIA NvDLISR;C:\Program Files\MySQL\bin;C:\Program Files\Java\jre1.8.0_202\bin;C:\Program Files\Microsoft\Web Platform Installer\;C:\Program Files (x86)\Microsoft ASP.NET\ASP.NET Web Pages\v1.0\;C:\Program Files (x86)\Windows Kits\8.0\Windows Performance Toolkit\;C:\Program Files\Microsoft SQL Server\110\Tools\Binn\;C:\Program Files (x86)\Microsoft SQL Server\100\Tools\Binn\;C:\Program Files\Microsoft SQL Server\100\Tools\Binn\;C:\Program Files\Microsoft SQL Server\100\DTS\Binn\;C:\Program Files (x86)\Microsoft SQL Server\100\Tools\Binn\VSShell\Common7\IDE\;C:\Program Files (x86)\Microsoft Visual Studio 9.0\Common7\IDE\PrivateAssemblies\;C:\Program Files (x86)\Microsoft SQL Server\100\DTS\Binn\;d:\Program Files\Git\cmd;C:\Users\86139\AppData\Local\Microsoft\WindowsApps;;D:\eclipse;;.]
2019-11-12 10:05:55,282 INFO (DirectJDKLog.java:173)- Initializing Spring embedded WebApplicationContext
2019-11-12 10:05:55,282 INFO (ServletWebServerApplicationContext.java:296)- Root WebApplicationContext: initialization completed in 7365 ms
2019-11-12 10:05:56,361 INFO (ExecutorConfigurationSupport.java:171)- Initializing ExecutorService 'applicationTaskExecutor'
2019-11-12 10:05:56,624 WARN (TemplateMode.java:150)- [THYMELEAF][restartedMain] Template Mode 'LEGACYHTML5' is deprecated. Using Template Mode 'HTML' instead.
2019-11-12 10:05:56,689 INFO (WelcomePageHandlerMapping.java:61)- Adding welcome page template: index
2019-11-12 10:05:58,253 INFO (OptionalLiveReloadServer.java:57)- LiveReload server is running on port 35729
2019-11-12 10:05:58,305 INFO (DirectJDKLog.java:173)- Starting ProtocolHandler ["http-nio-8011"]
2019-11-12 10:05:58,377 INFO (TomcatWebServer.java:204)- Tomcat started on port(s): 8011 (http) with context path ''
2019-11-12 10:05:58,382 INFO (StartupInfoLogger.java:59)- Started Application in 11.723 seconds (JVM running for 13.006)
2019-11-12 10:06:52,213 INFO (DirectJDKLog.java:173)- Initializing Spring DispatcherServlet 'dispatcherServlet'
2019-11-12 10:06:52,213 INFO (FrameworkServlet.java:524)- Initializing Servlet 'dispatcherServlet'
2019-11-12 10:06:52,226 INFO (FrameworkServlet.java:546)- Completed initialization in 12 ms
2019-11-12 10:06:52,325 INFO (LoginController.java:49)- /Index Open
2019-11-12 10:06:55,003 INFO (DruidDataSource.java:930)- {dataSource-1} inited
2019-11-12 10:06:55,356 INFO (operateLog.java:25)- ===用户登录:admin返回结果:{"result":"success","adminInfo":{"adminRemarks":"VmpGYVYyRXhWWGxXYmtwT1ZteGFiMXBYZUV0VU1YQllaRWhPVDFKc1NuaFZWM1JMWVVaR1ZVMUVhejA9","admincount":0,"adminid":1,"adminlevel":1,"adminname":"admin","adminpermission":"1111111","adminpwd":"","adminstatus":0,"delindex":0,"grpcount":0,"issuperuser":1,"parentid":0,"projectid":""}}===
2019-11-12 10:06:55,507 INFO (MainController.java:27)- /main Open
2019-11-12 10:06:55,839 INFO (operateLog.java:25)- ===用户:admin/getGroup===
2019-11-12 10:06:57,700 INFO (historyMangerController.java:32)- /historyManger Open
2019-11-12 10:07:02,758 INFO (operateLog.java:25)- ===用户:admin/gethistorybypageNum===
2019-11-12 10:07:09,643 INFO (operateLog.java:25)- ===用户:admin/gethistorybypageNum===
2019-11-12 10:07:17,545 INFO (operateLog.java:25)- ===用户:admin/gethistorybypageNum===
2019-11-12 10:08:09,715 INFO (operateLog.java:25)- ===用户:admin/gethistorybypageNum===
2019-11-12 10:08:55,315 INFO (ExecutorConfigurationSupport.java:208)- Shutting down ExecutorService 'applicationTaskExecutor'
2019-11-12 10:08:55,327 INFO (DruidDataSource.java:1825)- {dataSource-1} closed
2019-11-12 10:08:56,320 INFO (StartupInfoLogger.java:50)- Starting Application on DESKTOP-H8FS49Q with PID 7332 (D:\eclipse-workspace\spring-boot-ledediter\target\classes started by 86139 in D:\eclipse-workspace\spring-boot-ledediter)
2019-11-12 10:08:56,321 INFO (SpringApplication.java:675)- No active profile set, falling back to default profiles: default
2019-11-12 10:08:58,882 INFO (PostProcessorRegistrationDelegate.java:330)- Bean 'shiroConfig' of type [org.hds.config.ShiroConfig$$EnhancerBySpringCGLIB$$36d8fbe0] is not eligible for getting processed by all BeanPostProcessors (for example: not eligible for auto-proxying)
2019-11-12 10:08:58,918 INFO (PostProcessorRegistrationDelegate.java:330)- Bean 'mybatis-org.mybatis.spring.boot.autoconfigure.MybatisProperties' of type [org.mybatis.spring.boot.autoconfigure.MybatisProperties] is not eligible for getting processed by all BeanPostProcessors (for example: not eligible for auto-proxying)
2019-11-12 10:08:58,920 INFO (PostProcessorRegistrationDelegate.java:330)- Bean 'org.mybatis.spring.boot.autoconfigure.MybatisAutoConfiguration' of type [org.mybatis.spring.boot.autoconfigure.MybatisAutoConfiguration$$EnhancerBySpringCGLIB$$f234d643] is not eligible for getting processed by all BeanPostProcessors (for example: not eligible for auto-proxying)
2019-11-12 10:08:58,926 INFO (PostProcessorRegistrationDelegate.java:330)- Bean 'druidDBConfig' of type [org.hds.config.DruidDBConfig$$EnhancerBySpringCGLIB$$3e84194f] is not eligible for getting processed by all BeanPostProcessors (for example: not eligible for auto-proxying)
2019-11-12 10:08:58,931 INFO (PostProcessorRegistrationDelegate.java:330)- Bean 'dataSource' of type [com.alibaba.druid.pool.DruidDataSource] is not eligible for getting processed by all BeanPostProcessors (for example: not eligible for auto-proxying)
2019-11-12 10:08:58,945 INFO (PostProcessorRegistrationDelegate.java:330)- Bean 'sqlSessionFactory' of type [org.apache.ibatis.session.defaults.DefaultSqlSessionFactory] is not eligible for getting processed by all BeanPostProcessors (for example: not eligible for auto-proxying)
2019-11-12 10:08:58,948 INFO (PostProcessorRegistrationDelegate.java:330)- Bean 'sqlSessionTemplate' of type [org.mybatis.spring.SqlSessionTemplate] is not eligible for getting processed by all BeanPostProcessors (for example: not eligible for auto-proxying)
2019-11-12 10:08:58,967 INFO (PostProcessorRegistrationDelegate.java:330)- Bean 'userMapper' of type [org.mybatis.spring.mapper.MapperFactoryBean] is not eligible for getting processed by all BeanPostProcessors (for example: not eligible for auto-proxying)
2019-11-12 10:08:58,977 INFO (PostProcessorRegistrationDelegate.java:330)- Bean 'userMapper' of type [com.sun.proxy.$Proxy101] is not eligible for getting processed by all BeanPostProcessors (for example: not eligible for auto-proxying)
2019-11-12 10:08:58,978 INFO (PostProcessorRegistrationDelegate.java:330)- Bean 'customRealm' of type [org.hds.config.MyShiroRealm] is not eligible for getting processed by all BeanPostProcessors (for example: not eligible for auto-proxying)
2019-11-12 10:08:58,979 INFO (PostProcessorRegistrationDelegate.java:330)- Bean 'securityManager' of type [org.apache.shiro.web.mgt.DefaultWebSecurityManager] is not eligible for getting processed by all BeanPostProcessors (for example: not eligible for auto-proxying)
2019-11-12 10:08:59,001 INFO (PostProcessorRegistrationDelegate.java:330)- Bean 'org.springframework.transaction.annotation.ProxyTransactionManagementConfiguration' of type [org.springframework.transaction.annotation.ProxyTransactionManagementConfiguration$$EnhancerBySpringCGLIB$$bf608513] is not eligible for getting processed by all BeanPostProcessors (for example: not eligible for auto-proxying)
2019-11-12 10:08:59,002 INFO (PostProcessorRegistrationDelegate.java:330)- Bean 'authorizationAttributeSourceAdvisor' of type [org.apache.shiro.spring.security.interceptor.AuthorizationAttributeSourceAdvisor] is not eligible for getting processed by all BeanPostProcessors (for example: not eligible for auto-proxying)
2019-11-12 10:08:59,201 INFO (TomcatWebServer.java:90)- Tomcat initialized with port(s): 8011 (http)
2019-11-12 10:08:59,202 INFO (DirectJDKLog.java:173)- Initializing ProtocolHandler ["http-nio-8011"]
2019-11-12 10:08:59,202 INFO (DirectJDKLog.java:173)- Starting service [Tomcat]
2019-11-12 10:08:59,203 INFO (DirectJDKLog.java:173)- Starting Servlet engine: [Apache Tomcat/9.0.16]
2019-11-12 10:08:59,236 INFO (DirectJDKLog.java:173)- Initializing Spring embedded WebApplicationContext
2019-11-12 10:08:59,236 INFO (ServletWebServerApplicationContext.java:296)- Root WebApplicationContext: initialization completed in 2902 ms
2019-11-12 10:08:59,303 WARN (DirectJDKLog.java:173)- Cannot deserialize session attribute [org.apache.shiro.subject.support.DefaultSubjectContext_PRINCIPALS_SESSION_KEY] for session [199E5D7CF0CEFB7EB95C0865DFC3D3C8]
2019-11-12 10:08:59,850 INFO (ExecutorConfigurationSupport.java:171)- Initializing ExecutorService 'applicationTaskExecutor'
2019-11-12 10:08:59,919 WARN (TemplateMode.java:150)- [THYMELEAF][restartedMain] Template Mode 'LEGACYHTML5' is deprecated. Using Template Mode 'HTML' instead.
2019-11-12 10:08:59,952 INFO (WelcomePageHandlerMapping.java:61)- Adding welcome page template: index
2019-11-12 10:09:01,251 INFO (OptionalLiveReloadServer.java:57)- LiveReload server is running on port 35729
2019-11-12 10:09:01,276 INFO (DirectJDKLog.java:173)- Starting ProtocolHandler ["http-nio-8011"]
2019-11-12 10:09:01,285 INFO (TomcatWebServer.java:204)- Tomcat started on port(s): 8011 (http) with context path ''
2019-11-12 10:09:01,287 INFO (StartupInfoLogger.java:59)- Started Application in 5.171 seconds (JVM running for 195.912)
2019-11-12 10:09:01,295 INFO (ConditionEvaluationDeltaLoggingListener.java:70)- Condition evaluation unchanged
2019-11-12 10:10:12,110 INFO (DirectJDKLog.java:173)- Initializing Spring DispatcherServlet 'dispatcherServlet'
2019-11-12 10:10:12,114 INFO (FrameworkServlet.java:524)- Initializing Servlet 'dispatcherServlet'
2019-11-12 10:10:12,130 INFO (FrameworkServlet.java:546)- Completed initialization in 16 ms
2019-11-12 10:10:12,132 INFO (historyMangerController.java:32)- /historyManger Open
2019-11-12 10:10:18,228 INFO (DruidDataSource.java:930)- {dataSource-2} inited
2019-11-12 10:11:07,102 INFO (operateLog.java:25)- ===用户:admin/gethistorybypageNum===
2019-11-12 10:13:10,771 INFO (operateLog.java:25)- ===用户:admin 获取广告播放列表返回结果:[{"Playlistname":"111","Programlist":"[{\"infoid\":3669,\"timelenght\":24,\"indexNo\":0,\"lifeAct\":\"\",\"lifeDie\":\"\",\"infoname\":\"大凡双11\"},{\"infoid\":3973,\"timelenght\":12,\"indexNo\":1,\"lifeAct\":\"\",\"lifeDie\":\"\",\"infoname\":\"测试\"},{\"infoid\":3865,\"timelenght\":27,\"indexNo\":2,\"lifeAct\":\"\",\"lifeDie\":\"\",\"infoname\":\"出租车集团号\"},{\"infoid\":3973,\"timelenght\":12,\"indexNo\":3,\"lifeAct\":\"\",\"lifeDie\":\"\",\"infoname\":\"测试\"},{\"infoid\":3866,\"timelenght\":34,\"indexNo\":4,\"lifeAct\":\"\",\"lifeDie\":\"\",\"infoname\":\"青藤学社\"},{\"infoid\":3973,\"timelenght\":12,\"indexNo\":5,\"lifeAct\":\"\",\"lifeDie\":\"\",\"infoname\":\"测试\"}]","Playlistlifedie":"","pubid":"279","id":3784,"Timequantum":"{\"listcycle\":\"300\",\"timelist\":[{\"lifeAct\":\"0\",\"lifeDie\":\"0\"}]}","Delindex":0,"Grpid":2,"Playlistlevel":1,"Scheduletype":2,"Playlistlifeact":""}]===
2019-11-12 10:13:10,880 INFO (operateLog.java:25)- ===用户:admin 获取已发布广告信息返回结果:[{"playTimelength":27,"Advname":"出租车集团号","publishDate":"2019-11-07 11:05:09","id":3865,"lifeAct":"","Pubidid":266,"lifeDie":""},{"playTimelength":24,"Advname":"大凡双11","publishDate":"2019-11-02 16:57:02","id":3669,"lifeAct":"","Pubidid":265,"lifeDie":""},{"playTimelength":12,"Advname":"测试","publishDate":"2019-11-10 10:13:54","id":3973,"lifeAct":"","Pubidid":268,"lifeDie":""},{"playTimelength":34,"Advname":"青藤学社","publishDate":"2019-11-07 11:05:09","id":3866,"lifeAct":"","Pubidid":267,"lifeDie":""}]===
2019-11-12 10:13:25,352 INFO (LoginController.java:49)- /Index Open
2019-11-12 10:13:27,615 INFO (operateLog.java:25)- ===用户登录:admin返回结果:{"result":"success","adminInfo":{"adminRemarks":"VmpGYVYyRXhWWGxXYmtwT1ZteGFiMXBYZUV0VU1YQllaRWhPVDFKc1NuaFZWM1JMWVVaR1ZVMUVhejA9","admincount":0,"adminid":1,"adminlevel":1,"adminname":"admin","adminpermission":"1111111","adminpwd":"","adminstatus":0,"delindex":0,"grpcount":0,"issuperuser":1,"parentid":0,"projectid":""}}===
2019-11-12 10:13:27,632 INFO (MainController.java:27)- /main Open
2019-11-12 10:13:27,769 INFO (operateLog.java:25)- ===用户:admin/getGroup===
2019-11-12 10:13:30,567 INFO (historyMangerController.java:32)- /historyManger Open
2019-11-12 10:13:33,711 INFO (operateLog.java:25)- ===用户:admin/gethistorybypageNum===
2019-11-12 10:13:40,723 INFO (operateLog.java:25)- ===用户:admin/gethistorybypageNum===
2019-11-12 10:13:53,021 INFO (operateLog.java:25)- ===用户:admin 获取广告播放列表返回结果:[{"Playlistname":"111","Programlist":"[{\"infoid\":3669,\"timelenght\":24,\"indexNo\":0,\"lifeAct\":\"\",\"lifeDie\":\"\",\"infoname\":\"大凡双11\"},{\"infoid\":3973,\"timelenght\":12,\"indexNo\":1,\"lifeAct\":\"\",\"lifeDie\":\"\",\"infoname\":\"测试\"},{\"infoid\":3865,\"timelenght\":27,\"indexNo\":2,\"lifeAct\":\"\",\"lifeDie\":\"\",\"infoname\":\"出租车集团号\"},{\"infoid\":3973,\"timelenght\":12,\"indexNo\":3,\"lifeAct\":\"\",\"lifeDie\":\"\",\"infoname\":\"测试\"},{\"infoid\":3866,\"timelenght\":34,\"indexNo\":4,\"lifeAct\":\"\",\"lifeDie\":\"\",\"infoname\":\"青藤学社\"},{\"infoid\":3973,\"timelenght\":12,\"indexNo\":5,\"lifeAct\":\"\",\"lifeDie\":\"\",\"infoname\":\"测试\"}]","Playlistlifedie":"","pubid":"279","id":3784,"Timequantum":"{\"listcycle\":\"300\",\"timelist\":[{\"lifeAct\":\"0\",\"lifeDie\":\"0\"}]}","Delindex":0,"Grpid":2,"Playlistlevel":1,"Scheduletype":2,"Playlistlifeact":""}]===
2019-11-12 10:13:53,125 INFO (operateLog.java:25)- ===用户:admin 获取已发布广告信息返回结果:[{"playTimelength":27,"Advname":"出租车集团号","publishDate":"2019-11-07 11:05:09","id":3865,"lifeAct":"","Pubidid":266,"lifeDie":""},{"playTimelength":24,"Advname":"大凡双11","publishDate":"2019-11-02 16:57:02","id":3669,"lifeAct":"","Pubidid":265,"lifeDie":""},{"playTimelength":12,"Advname":"测试","publishDate":"2019-11-10 10:13:54","id":3973,"lifeAct":"","Pubidid":268,"lifeDie":""},{"playTimelength":34,"Advname":"青藤学社","publishDate":"2019-11-07 11:05:09","id":3866,"lifeAct":"","Pubidid":267,"lifeDie":""}]===
2019-11-12 10:13:55,964 INFO (operateLog.java:25)- ===用户:admin 获取广告播放列表返回结果:[{"Playlistname":"长春","Programlist":"[{\"infoid\":3867,\"timelenght\":3,\"lifeAct\":\"2019-11-08\",\"lifeDie\":\"2019-11-09\",\"offsetlist\":[15,51,87,123,159,195,231,267,303,339,375,411,447,483,519,555,591,627,663,699,735,771,807,843,879,915,951,987,1023,1059]},{\"infoid\":3868,\"timelenght\":3,\"lifeAct\":\"2019-11-08\",\"lifeDie\":\"2019-11-08\",\"offsetlist\":[33,69,105,141,177,213,249,285,321,357,393,429,465,501,537,573,609,645,681,717,753,789,825,861,897,933,969,1005,1041,1077]},{\"infoid\":3878,\"timelenght\":15,\"lifeAct\":\"2019-11-08\",\"lifeDie\":\"2019-11-08\",\"offsetlist\":[306,666,1026]},{\"infoid\":3877,\"timelenght\":15,\"lifeAct\":\"2019-11-08\",\"lifeDie\":\"2019-11-08\",\"offsetlist\":[270,630,990]},{\"infoid\":3876,\"timelenght\":15,\"lifeAct\":\"2019-11-08\",\"lifeDie\":\"2019-11-08\",\"offsetlist\":[198,558,918]},{\"infoid\":3875,\"timelenght\":15,\"lifeAct\":\"2019-11-08\",\"lifeDie\":\"2019-11-08\",\"offsetlist\":[144,324,504,684,864,1044]},{\"infoid\":3874,\"timelenght\":15,\"lifeAct\":\"2019-11-08\",\"lifeDie\":\"2019-11-08\",\"offsetlist\":[126,486,846]},{\"infoid\":3873,\"timelenght\":15,\"lifeAct\":\"2019-11-08\",\"lifeDie\":\"2019-11-08\",\"offsetlist\":[108,468,828,288,648,1008]},{\"infoid\":3879,\"timelenght\":15,\"lifeAct\":\"2019-11-08\",\"lifeDie\":\"2019-11-08\",\"offsetlist\":[90,450,810]},{\"infoid\":3871,\"timelenght\":15,\"lifeAct\":\"2019-11-08\",\"lifeDie\":\"2019-11-08\",\"offsetlist\":[54,234,414,594,774,954]},{\"infoid\":3870,\"timelenght\":15,\"lifeAct\":\"2019-11-08\",\"lifeDie\":\"2019-11-08\",\"offsetlist\":[36,216,396,576,756,936]},{\"infoid\":3869,\"timelenght\":15,\"lifeAct\":\"2019-11-08\",\"lifeDie\":\"2019-11-08\",\"offsetlist\":[18,378,738]},{\"infoid\":3880,\"timelenght\":15,\"lifeAct\":\"2019-11-08\",\"lifeDie\":\"2019-11-08\",\"offsetlist\":[0,180,360,540,720,900,72,252,432,612,792,972]},{\"infoid\":3914,\"timelenght\":15,\"lifeAct\":\"2019-11-08\",\"lifeDie\":\"2019-11-30\",\"offsetlist\":[162,342,522,702,882,1062]},{\"infoid\":3903,\"timelenght\":3,\"lifeAct\":\"2019-11-09\",\"lifeDie\":\"2019-11-10\",\"offsetlist\":[33,69,105,141,177,213,249,285,321,357,393,429,465,501,537,573,609,645,681,717,753,789,825,861,897,933,969,1005,1041,1077]},{\"infoid\":3913,\"timelenght\":15,\"lifeAct\":\"2019-11-10\",\"lifeDie\":\"2019-11-10\",\"offsetlist\":[612]},{\"infoid\":3916,\"timelenght\":15,\"lifeAct\":\"2019-11-09\",\"lifeDie\":\"2019-11-10\",\"offsetlist\":[486,774,1026]},{\"infoid\":3917,\"timelenght\":15,\"lifeAct\":\"2019-11-10\",\"lifeDie\":\"2019-11-10\",\"offsetlist\":[216]},{\"infoid\":3907,\"timelenght\":15,\"lifeAct\":\"2019-11-09\",\"lifeDie\":\"2019-11-09\",\"offsetlist\":[216,612,990]},{\"infoid\":3910,\"timelenght\":15,\"lifeAct\":\"2019-11-09\",\"lifeDie\":\"2019-11-09\",\"offsetlist\":[144,432,720,972]},{\"infoid\":3912,\"timelenght\":15,\"lifeAct\":\"2019-11-10\",\"lifeDie\":\"2019-11-10\",\"offsetlist\":[144,432,720,972]},{\"infoid\":3905,\"timelenght\":15,\"lifeAct\":\"2019-11-09\",\"lifeDie\":\"2019-11-10\",\"offsetlist\":[108,252,396,540,666,810]},{\"infoid\":3906,\"timelenght\":15,\"lifeAct\":\"2019-11-09\",\"lifeDie\":\"2019-11-10\",\"offsetlist\":[90,234,378,504,648,792,936,1044]},{\"infoid\":3909,\"timelenght\":15,\"lifeAct\":\"2019-11-09\",\"lifeDie\":\"2019-11-10\",\"offsetlist\":[18,288,576,846]},{\"infoid\":3904,\"timelenght\":15,\"lifeAct\":\"2019-11-09\",\"lifeDie\":\"2019-11-10\",\"offsetlist\":[0,54,126,198,270,324,414,468,558,684,756,828,900,954,1008]},{\"infoid\":3926,\"timelenght\":3,\"lifeAct\":\"2019-11-10\",\"lifeDie\":\"2019-11-10\",\"offsetlist\":[15,51,87,123,159,195,231,267,303,339,375,411,447,483,519,555,591,627,663,699,735,771,807,843,879,915,951,987,1023,1059]},{\"infoid\":3911,\"timelenght\":15,\"lifeAct\":\"2019-11-10\",\"lifeDie\":\"2019-11-10\",\"offsetlist\":[990]},{\"infoid\":3928,\"timelenght\":15,\"lifeAct\":\"2019-11-09\",\"lifeDie\":\"2019-11-10\",\"offsetlist\":[36,180,306,450,594,738,864]},{\"infoid\":3935,\"timelenght\":15,\"lifeAct\":\"2019-11-09\",\"lifeDie\":\"2019-11-09\",\"offsetlist\":[72,360,630,918]},{\"infoid\":3931,\"timelenght\":15,\"lifeAct\":\"2019-11-10\",\"lifeDie\":\"2019-11-10\",\"offsetlist\":[360,630,918,72]},{\"infoid\":3943,\"timelenght\":3,\"lifeAct\":\"2019-11-11\",\"lifeDie\":\"2019-11-11\",\"offsetlist\":[15,51,87,123,159,195,231,267,303,339,375,411,447,483,519,555,591,627,663,699,735,771,807,843,879,915,951,987,1023,1059,33,69,105,141,177,213,249,285,321,357,393,429,465,501,537,573,609,645,681,717,753,789,825,861,897,933,969,1005,1041,1077]},{\"infoid\":3951,\"timelenght\":15,\"lifeAct\":\"2019-11-11\",\"lifeDie\":\"2019-11-11\",\"offsetlist\":[0,54,90,126,198,270,324,414,468,558,612,648,684,756,828,900,954,1008]},{\"infoid\":3944,\"timelenght\":15,\"lifeAct\":\"2019-11-11\",\"lifeDie\":\"2019-11-11\",\"offsetlist\":[18,288,576,846]},{\"infoid\":3950,\"timelenght\":15,\"lifeAct\":\"2019-11-11\",\"lifeDie\":\"2019-11-11\",\"offsetlist\":[36,180,306,450,594,738,792,864,990,1044,234]},{\"infoid\":3945,\"timelenght\":15,\"lifeAct\":\"2019-11-11\",\"lifeDie\":\"2019-11-11\",\"offsetlist\":[72,360,630,918]},{\"infoid\":3946,\"timelenght\":15,\"lifeAct\":\"2019-11-11\",\"lifeDie\":\"2019-11-11\",\"offsetlist\":[108,252,396,540,666,810]},{\"infoid\":3941,\"timelenght\":15,\"lifeAct\":\"2019-11-11\",\"lifeDie\":\"2019-11-11\",\"offsetlist\":[144,432,720,972]},{\"infoid\":3940,\"timelenght\":15,\"lifeAct\":\"2019-11-11\",\"lifeDie\":\"2019-11-11\",\"offsetlist\":[216,486,774,1026]},{\"infoid\":3942,\"timelenght\":15,\"lifeAct\":\"2019-11-11\",\"lifeDie\":\"2019-11-11\",\"offsetlist\":[378]},{\"infoid\":3872,\"timelenght\":15,\"lifeAct\":\"2019-11-11\",\"lifeDie\":\"2019-11-11\",\"offsetlist\":[504]},{\"infoid\":3948,\"timelenght\":15,\"lifeAct\":\"2019-11-11\",\"lifeDie\":\"2019-11-11\",\"offsetlist\":[936]}]","Playlistlifedie":"","pubid":"2847,2848,2849,2850,2851","id":3751,"Timequantum":"{\"listcycle\":\"1080\",\"timelist\":[{\"lifeAct\":\"0\",\"lifeDie\":\"0\"}]}","Delindex":0,"Grpid":17,"Playlistlevel":1,"Scheduletype":1,"Playlistlifeact":""}]===
2019-11-12 10:13:55,974 INFO (operateLog.java:25)- ===用户:admin 获取已发布广告信息返回结果:[{"playTimelength":15,"Advname":"10-60个体项目改造_copy1","publishDate":"2019-11-08 13:53:17","id":3914,"lifeAct":"2019-11-08","Pubidid":1613,"lifeDie":"2019-11-30"}]===
2019-11-12 10:40:40,107 INFO (MainController.java:27)- /main Open
2019-11-12 10:40:41,383 INFO (historyMangerController.java:32)- /historyManger Open
2019-11-12 10:40:44,145 INFO (operateLog.java:25)- ===用户:admin/gethistorybypageNum===
2019-11-12 13:21:02,935 INFO (ExecutorConfigurationSupport.java:208)- Shutting down ExecutorService 'applicationTaskExecutor'
2019-11-12 13:21:02,947 INFO (DruidDataSource.java:1825)- {dataSource-2} closed
2019-11-12 13:21:03,803 INFO (StartupInfoLogger.java:50)- Starting Application on DESKTOP-H8FS49Q with PID 7332 (D:\eclipse-workspace\spring-boot-ledediter\target\classes started by 86139 in D:\eclipse-workspace\spring-boot-ledediter)
2019-11-12 13:21:03,804 INFO (SpringApplication.java:675)- No active profile set, falling back to default profiles: default
2019-11-12 13:21:06,737 INFO (PostProcessorRegistrationDelegate.java:330)- Bean 'shiroConfig' of type [org.hds.config.ShiroConfig$$EnhancerBySpringCGLIB$$36d8fbe0] is not eligible for getting processed by all BeanPostProcessors (for example: not eligible for auto-proxying)
2019-11-12 13:21:06,767 INFO (PostProcessorRegistrationDelegate.java:330)- Bean 'mybatis-org.mybatis.spring.boot.autoconfigure.MybatisProperties' of type [org.mybatis.spring.boot.autoconfigure.MybatisProperties] is not eligible for getting processed by all BeanPostProcessors (for example: not eligible for auto-proxying)
2019-11-12 13:21:06,771 INFO (PostProcessorRegistrationDelegate.java:330)- Bean 'org.mybatis.spring.boot.autoconfigure.MybatisAutoConfiguration' of type [org.mybatis.spring.boot.autoconfigure.MybatisAutoConfiguration$$EnhancerBySpringCGLIB$$f234d643] is not eligible for getting processed by all BeanPostProcessors (for example: not eligible for auto-proxying)
2019-11-12 13:21:06,778 INFO (PostProcessorRegistrationDelegate.java:330)- Bean 'druidDBConfig' of type [org.hds.config.DruidDBConfig$$EnhancerBySpringCGLIB$$3e84194f] is not eligible for getting processed by all BeanPostProcessors (for example: not eligible for auto-proxying)
2019-11-12 13:21:06,785 INFO (PostProcessorRegistrationDelegate.java:330)- Bean 'dataSource' of type [com.alibaba.druid.pool.DruidDataSource] is not eligible for getting processed by all BeanPostProcessors (for example: not eligible for auto-proxying)
2019-11-12 13:21:06,804 INFO (PostProcessorRegistrationDelegate.java:330)- Bean 'sqlSessionFactory' of type [org.apache.ibatis.session.defaults.DefaultSqlSessionFactory] is not eligible for getting processed by all BeanPostProcessors (for example: not eligible for auto-proxying)
2019-11-12 13:21:06,805 INFO (PostProcessorRegistrationDelegate.java:330)- Bean 'sqlSessionTemplate' of type [org.mybatis.spring.SqlSessionTemplate] is not eligible for getting processed by all BeanPostProcessors (for example: not eligible for auto-proxying)
2019-11-12 13:21:06,829 INFO (PostProcessorRegistrationDelegate.java:330)- Bean 'userMapper' of type [org.mybatis.spring.mapper.MapperFactoryBean] is not eligible for getting processed by all BeanPostProcessors (for example: not eligible for auto-proxying)
2019-11-12 13:21:06,853 INFO (PostProcessorRegistrationDelegate.java:330)- Bean 'userMapper' of type [com.sun.proxy.$Proxy116] is not eligible for getting processed by all BeanPostProcessors (for example: not eligible for auto-proxying)
2019-11-12 13:21:06,853 INFO (PostProcessorRegistrationDelegate.java:330)- Bean 'customRealm' of type [org.hds.config.MyShiroRealm] is not eligible for getting processed by all BeanPostProcessors (for example: not eligible for auto-proxying)
2019-11-12 13:21:06,854 INFO (PostProcessorRegistrationDelegate.java:330)- Bean 'securityManager' of type [org.apache.shiro.web.mgt.DefaultWebSecurityManager] is not eligible for getting processed by all BeanPostProcessors (for example: not eligible for auto-proxying)
2019-11-12 13:21:06,871 INFO (PostProcessorRegistrationDelegate.java:330)- Bean 'org.springframework.transaction.annotation.ProxyTransactionManagementConfiguration' of type [org.springframework.transaction.annotation.ProxyTransactionManagementConfiguration$$EnhancerBySpringCGLIB$$bf608513] is not eligible for getting processed by all BeanPostProcessors (for example: not eligible for auto-proxying)
2019-11-12 13:21:06,872 INFO (PostProcessorRegistrationDelegate.java:330)- Bean 'authorizationAttributeSourceAdvisor' of type [org.apache.shiro.spring.security.interceptor.AuthorizationAttributeSourceAdvisor] is not eligible for getting processed by all BeanPostProcessors (for example: not eligible for auto-proxying)
2019-11-12 13:21:07,065 INFO (TomcatWebServer.java:90)- Tomcat initialized with port(s): 8011 (http)
2019-11-12 13:21:07,066 INFO (DirectJDKLog.java:173)- Initializing ProtocolHandler ["http-nio-8011"]
2019-11-12 13:21:07,066 INFO (DirectJDKLog.java:173)- Starting service [Tomcat]
2019-11-12 13:21:07,067 INFO (DirectJDKLog.java:173)- Starting Servlet engine: [Apache Tomcat/9.0.16]
2019-11-12 13:21:07,097 INFO (DirectJDKLog.java:173)- Initializing Spring embedded WebApplicationContext
2019-11-12 13:21:07,097 INFO (ServletWebServerApplicationContext.java:296)- Root WebApplicationContext: initialization completed in 3274 ms
2019-11-12 13:21:07,642 INFO (ExecutorConfigurationSupport.java:171)- Initializing ExecutorService 'applicationTaskExecutor'
2019-11-12 13:21:07,720 WARN (TemplateMode.java:150)- [THYMELEAF][restartedMain] Template Mode 'LEGACYHTML5' is deprecated. Using Template Mode 'HTML' instead.
2019-11-12 13:21:07,743 INFO (WelcomePageHandlerMapping.java:61)- Adding welcome page template: index
2019-11-12 13:21:09,172 INFO (OptionalLiveReloadServer.java:57)- LiveReload server is running on port 35729
2019-11-12 13:21:09,193 INFO (DirectJDKLog.java:173)- Starting ProtocolHandler ["http-nio-8011"]
2019-11-12 13:21:09,203 INFO (TomcatWebServer.java:204)- Tomcat started on port(s): 8011 (http) with context path ''
2019-11-12 13:21:09,205 INFO (StartupInfoLogger.java:59)- Started Application in 5.606 seconds (JVM running for 11723.829)
2019-11-12 13:21:09,212 INFO (ConditionEvaluationDeltaLoggingListener.java:70)- Condition evaluation unchanged
2019-11-12 13:31:47,429 INFO (ExecutorConfigurationSupport.java:208)- Shutting down ExecutorService 'applicationTaskExecutor'
2019-11-12 13:31:48,319 INFO (StartupInfoLogger.java:50)- Starting Application on DESKTOP-H8FS49Q with PID 7332 (D:\eclipse-workspace\spring-boot-ledediter\target\classes started by 86139 in D:\eclipse-workspace\spring-boot-ledediter)
2019-11-12 13:31:48,319 INFO (SpringApplication.java:675)- No active profile set, falling back to default profiles: default
2019-11-12 13:31:50,608 INFO (PostProcessorRegistrationDelegate.java:330)- Bean 'shiroConfig' of type [org.hds.config.ShiroConfig$$EnhancerBySpringCGLIB$$36d8fbe0] is not eligible for getting processed by all BeanPostProcessors (for example: not eligible for auto-proxying)
2019-11-12 13:31:50,631 INFO (PostProcessorRegistrationDelegate.java:330)- Bean 'mybatis-org.mybatis.spring.boot.autoconfigure.MybatisProperties' of type [org.mybatis.spring.boot.autoconfigure.MybatisProperties] is not eligible for getting processed by all BeanPostProcessors (for example: not eligible for auto-proxying)
2019-11-12 13:31:50,633 INFO (PostProcessorRegistrationDelegate.java:330)- Bean 'org.mybatis.spring.boot.autoconfigure.MybatisAutoConfiguration' of type [org.mybatis.spring.boot.autoconfigure.MybatisAutoConfiguration$$EnhancerBySpringCGLIB$$f234d643] is not eligible for getting processed by all BeanPostProcessors (for example: not eligible for auto-proxying)
2019-11-12 13:31:50,639 INFO (PostProcessorRegistrationDelegate.java:330)- Bean 'druidDBConfig' of type [org.hds.config.DruidDBConfig$$EnhancerBySpringCGLIB$$3e84194f] is not eligible for getting processed by all BeanPostProcessors (for example: not eligible for auto-proxying)
2019-11-12 13:31:50,644 INFO (PostProcessorRegistrationDelegate.java:330)- Bean 'dataSource' of type [com.alibaba.druid.pool.DruidDataSource] is not eligible for getting processed by all BeanPostProcessors (for example: not eligible for auto-proxying)
2019-11-12 13:31:50,657 INFO (PostProcessorRegistrationDelegate.java:330)- Bean 'sqlSessionFactory' of type [org.apache.ibatis.session.defaults.DefaultSqlSessionFactory] is not eligible for getting processed by all BeanPostProcessors (for example: not eligible for auto-proxying)
2019-11-12 13:31:50,659 INFO (PostProcessorRegistrationDelegate.java:330)- Bean 'sqlSessionTemplate' of type [org.mybatis.spring.SqlSessionTemplate] is not eligible for getting processed by all BeanPostProcessors (for example: not eligible for auto-proxying)
2019-11-12 13:31:50,681 INFO (PostProcessorRegistrationDelegate.java:330)- Bean 'userMapper' of type [org.mybatis.spring.mapper.MapperFactoryBean] is not eligible for getting processed by all BeanPostProcessors (for example: not eligible for auto-proxying)
2019-11-12 13:31:50,690 INFO (PostProcessorRegistrationDelegate.java:330)- Bean 'userMapper' of type [com.sun.proxy.$Proxy131] is not eligible for getting processed by all BeanPostProcessors (for example: not eligible for auto-proxying)
2019-11-12 13:31:50,691 INFO (PostProcessorRegistrationDelegate.java:330)- Bean 'customRealm' of type [org.hds.config.MyShiroRealm] is not eligible for getting processed by all BeanPostProcessors (for example: not eligible for auto-proxying)
2019-11-12 13:31:50,691 INFO (PostProcessorRegistrationDelegate.java:330)- Bean 'securityManager' of type [org.apache.shiro.web.mgt.DefaultWebSecurityManager] is not eligible for getting processed by all BeanPostProcessors (for example: not eligible for auto-proxying)
2019-11-12 13:31:50,707 INFO (PostProcessorRegistrationDelegate.java:330)- Bean 'org.springframework.transaction.annotation.ProxyTransactionManagementConfiguration' of type [org.springframework.transaction.annotation.ProxyTransactionManagementConfiguration$$EnhancerBySpringCGLIB$$bf608513] is not eligible for getting processed by all BeanPostProcessors (for example: not eligible for auto-proxying)
2019-11-12 13:31:50,709 INFO (PostProcessorRegistrationDelegate.java:330)- Bean 'authorizationAttributeSourceAdvisor' of type [org.apache.shiro.spring.security.interceptor.AuthorizationAttributeSourceAdvisor] is not eligible for getting processed by all BeanPostProcessors (for example: not eligible for auto-proxying)
2019-11-12 13:31:50,862 INFO (TomcatWebServer.java:90)- Tomcat initialized with port(s): 8011 (http)
2019-11-12 13:31:50,863 INFO (DirectJDKLog.java:173)- Initializing ProtocolHandler ["http-nio-8011"]
2019-11-12 13:31:50,863 INFO (DirectJDKLog.java:173)- Starting service [Tomcat]
2019-11-12 13:31:50,864 INFO (DirectJDKLog.java:173)- Starting Servlet engine: [Apache Tomcat/9.0.16]
2019-11-12 13:31:50,889 INFO (DirectJDKLog.java:173)- Initializing Spring embedded WebApplicationContext
2019-11-12 13:31:50,889 INFO (ServletWebServerApplicationContext.java:296)- Root WebApplicationContext: initialization completed in 2558 ms
2019-11-12 13:31:51,374 INFO (ExecutorConfigurationSupport.java:171)- Initializing ExecutorService 'applicationTaskExecutor'
2019-11-12 13:31:51,431 WARN (TemplateMode.java:150)- [THYMELEAF][restartedMain] Template Mode 'LEGACYHTML5' is deprecated. Using Template Mode 'HTML' instead.
2019-11-12 13:31:51,462 INFO (WelcomePageHandlerMapping.java:61)- Adding welcome page template: index
2019-11-12 13:31:52,714 INFO (OptionalLiveReloadServer.java:57)- LiveReload server is running on port 35729
2019-11-12 13:31:52,736 INFO (DirectJDKLog.java:173)- Starting ProtocolHandler ["http-nio-8011"]
2019-11-12 13:31:52,748 INFO (TomcatWebServer.java:204)- Tomcat started on port(s): 8011 (http) with context path ''
2019-11-12 13:31:52,750 INFO (StartupInfoLogger.java:59)- Started Application in 4.599 seconds (JVM running for 12367.375)
2019-11-12 13:31:52,753 INFO (ConditionEvaluationDeltaLoggingListener.java:70)- Condition evaluation unchanged
2019-11-12 13:33:10,702 INFO (DirectJDKLog.java:173)- Initializing Spring DispatcherServlet 'dispatcherServlet'
2019-11-12 13:33:10,704 INFO (FrameworkServlet.java:524)- Initializing Servlet 'dispatcherServlet'
2019-11-12 13:33:10,729 INFO (FrameworkServlet.java:546)- Completed initialization in 25 ms
2019-11-12 13:33:10,739 INFO (LoginController.java:49)- /Index Open
2019-11-12 13:33:12,646 INFO (DruidDataSource.java:930)- {dataSource-3} inited
2019-11-12 13:33:12,671 INFO (operateLog.java:25)- ===用户登录:admin返回结果:{"result":"success","adminInfo":{"adminRemarks":"VmpGYVYyRXhWWGxXYmtwT1ZteGFiMXBYZUV0VU1YQllaRWhPVDFKc1NuaFZWM1JMWVVaR1ZVMUVhejA9","admincount":0,"adminid":1,"adminlevel":1,"adminname":"admin","adminpermission":"1111111","adminpwd":"","adminstatus":0,"delindex":0,"grpcount":0,"issuperuser":1,"parentid":0,"projectid":""}}===
2019-11-12 13:33:12,701 INFO (MainController.java:27)- /main Open
2019-11-12 13:33:12,972 INFO (operateLog.java:25)- ===用户:admin/getGroup===
2019-11-12 13:33:14,865 INFO (historyMangerController.java:32)- /historyManger Open
2019-11-12 13:35:00,789 INFO (operateLog.java:25)- ===用户:admin/gethistorybypageNum===
2019-11-12 13:35:14,242 INFO (operateLog.java:25)- ===用户:admin/gethistorybypageNum===
2019-11-12 13:36:20,868 INFO (operateLog.java:25)- ===用户:admin/gethistorybypageNum===
2019-11-12 13:38:21,660 INFO (operateLog.java:25)- ===用户:admin/gethistorybypageNum===
2019-11-12 13:52:00,626 INFO (operateLog.java:25)- ===用户:admin 列表id:3751获取显示项返回结果:{"result":"success","itemlist":[{"advlist":[{"infoid":3867,"timelenght":3,"offsetlist":[15,51,87,123,159,195,231,267,303,339,375,411,447,483,519,555,591,627,663,699,735,771,807,843,879,915,951,987,1023,1059],"infoname":"国商品1"},{"infoid":3914,"timelenght":15,"offsetlist":[162,342,522,702,882,1062],"infoname":"10-60个体项目改造_copy1"},{"infoid":3903,"timelenght":3,"offsetlist":[33,69,105,141,177,213,249,285,321,357,393,429,465,501,537,573,609,645,681,717,753,789,825,861,897,933,969,1005,1041,1077],"infoname":"万科品2_"},{"infoid":3916,"timelenght":15,"offsetlist":[486,774,1026],"infoname":"28 44 58儒易华宴"},{"infoid":3907,"timelenght":15,"offsetlist":[216,612,990],"infoname":"13 35 56圣鲸海鲜自助"},{"infoid":3910,"timelenght":15,"offsetlist":[144,432,720,972],"infoname":"09 25 41 55晶远国际"},{"infoid":3905,"timelenght":15,"offsetlist":[108,252,396,540,666,810],"infoname":"07 15 23 31 38 46印象"},{"infoid":3906,"timelenght":15,"offsetlist":[90,234,378,504,648,792,936,1044],"infoname":"06 14 22 29 37 45 53 59卖场"},{"infoid":3909,"timelenght":15,"offsetlist":[18,288,576,846],"infoname":"02 17 33 48好旺角"},{"infoid":3904,"timelenght":15,"offsetlist":[0,54,126,198,270,324,414,468,558,684,756,828,900,954,1008],"infoname":"01 4 8 12 16 19 24 27 32 39 43 47 51 54 57万科"},{"infoid":3928,"timelenght":15,"offsetlist":[36,180,306,450,594,738,864],"infoname":"03 11 18 26 34 42 49商都2"},{"infoid":3935,"timelenght":15,"offsetlist":[72,360,630,918],"infoname":"05 21 36 52红旗汽车"}],"totalTimeLength":0,"lifeAct":"2019-11-09 0:00:00","lifeDie":"2019-11-09 0:00:00"},{"advlist":[{"infoid":3914,"timelenght":15,"offsetlist":[162,342,522,702,882,1062],"infoname":"10-60个体项目改造_copy1"},{"infoid":3903,"timelenght":3,"offsetlist":[33,69,105,141,177,213,249,285,321,357,393,429,465,501,537,573,609,645,681,717,753,789,825,861,897,933,969,1005,1041,1077],"infoname":"万科品2_"},{"infoid":3913,"timelenght":15,"offsetlist":[612],"infoname":"35金大洲1"},{"infoid":3916,"timelenght":15,"offsetlist":[486,774,1026],"infoname":"28 44 58儒易华宴"},{"infoid":3917,"timelenght":15,"offsetlist":[216],"infoname":"13儒易华宴"},{"infoid":3912,"timelenght":15,"offsetlist":[144,432,720,972],"infoname":"09 25 41 55圣鲸海鲜自助"},{"infoid":3905,"timelenght":15,"offsetlist":[108,252,396,540,666,810],"infoname":"07 15 23 31 38 46印象"},{"infoid":3906,"timelenght":15,"offsetlist":[90,234,378,504,648,792,936,1044],"infoname":"06 14 22 29 37 45 53 59卖场"},{"infoid":3909,"timelenght":15,"offsetlist":[18,288,576,846],"infoname":"02 17 33 48好旺角"},{"infoid":3904,"timelenght":15,"offsetlist":[0,54,126,198,270,324,414,468,558,684,756,828,900,954,1008],"infoname":"01 4 8 12 16 19 24 27 32 39 43 47 51 54 57万科"},{"infoid":3926,"timelenght":3,"offsetlist":[15,51,87,123,159,195,231,267,303,339,375,411,447,483,519,555,591,627,663,699,735,771,807,843,879,915,951,987,1023,1059],"infoname":"商都品2"},{"infoid":3911,"timelenght":15,"offsetlist":[990],"infoname":"56商都2"},{"infoid":3928,"timelenght":15,"offsetlist":[36,180,306,450,594,738,864],"infoname":"03 11 18 26 34 42 49商都2"},{"infoid":3931,"timelenght":15,"offsetlist":[360,630,918,72],"infoname":"05 21 36 52红旗汽车_"}],"totalTimeLength":0,"lifeAct":"2019-11-10 0:00:00","lifeDie":"2019-11-10 0:00:00"},{"advlist":[{"infoid":3914,"timelenght":15,"offsetlist":[162,342,522,702,882,1062],"infoname":"10-60个体项目改造_copy1"},{"infoid":3943,"timelenght":3,"offsetlist":[15,51,87,123,159,195,231,267,303,339,375,411,447,483,519,555,591,627,663,699,735,771,807,843,879,915,951,987,1023,1059,33,69,105,141,177,213,249,285,321,357,393,429,465,501,537,573,609,645,681,717,753,789,825,861,897,933,969,1005,1041,1077],"infoname":"卖场品2"},{"infoid":3951,"timelenght":15,"offsetlist":[0,54,90,126,198,270,324,414,468,558,612,648,684,756,828,900,954,1008],"infoname":"01 4 6 8 12 16 19 24 27 32 35 37 39 43 47 51 54 57万科"},{"infoid":3944,"timelenght":15,"offsetlist":[18,288,576,846],"infoname":"02 17 33 48好旺角_"},{"infoid":3950,"timelenght":15,"offsetlist":[36,180,306,450,594,738,792,864,990,1044,234],"infoname":"03 11 14 18 26 34 4245  49 56 59恒大净月公馆"},{"infoid":3945,"timelenght":15,"offsetlist":[72,360,630,918],"infoname":"05 21 36 52红旗汽车-"},{"infoid":3946,"timelenght":15,"offsetlist":[108,252,396,540,666,810],"infoname":"07 15 23 31 38 46印象_"},{"infoid":3941,"timelenght":15,"offsetlist":[144,432,720,972],"infoname":"09 25 41 55圣鲸海鲜自助_"},{"infoid":3940,"timelenght":15,"offsetlist":[216,486,774,1026],"infoname":"13 28 44 58儒易华宴"},{"infoid":3942,"timelenght":15,"offsetlist":[378],"infoname":"22金大洲1"},{"infoid":3872,"timelenght":15,"offsetlist":[504],"infoname":"29金大洲2"},{"infoid":3948,"timelenght":15,"offsetlist":[936],"infoname":"53金大洲3"}],"totalTimeLength":0,"lifeAct":"2019-11-11 0:00:00","lifeDie":"2019-11-11 0:00:00"},{"advlist":[{"infoid":3914,"timelenght":15,"offsetlist":[162,342,522,702,882,1062],"infoname":"10-60个体项目改造_copy1"}],"totalTimeLength":0,"lifeAct":"2019-11-12 0:00:00","lifeDie":"2019-11-12 13:52:00"}]}===
2019-11-12 14:07:23,814 INFO (operateLog.java:25)- ===用户:admin/getProjectListbyuser===
2019-11-12 14:07:23,885 INFO (operateLog.java:25)- ===用户:admin 获取省份 返回结果:{"result":"success","ProvinceList":"北京|天津|上海|重庆|港澳台|辽宁|吉林|黑龙江|河南|河北|湖南|湖北|山东|山西|内蒙古|广东|广西|海南|江苏|浙江|福建|江西|安徽|四川|云南|贵州|陕西|甘肃|青海|宁夏|新疆|西藏"}===
2019-11-12 14:07:23,899 INFO (operateLog.java:25)- ===用户:admin 获取城市 返回结果:{"result":"success","CityList":"北京|平谷|密云|顺义|通县|怀柔|大兴|房山|昌平|延庆"}===
2019-11-12 14:07:25,493 INFO (operateLog.java:25)- ===用户:admin 获取参数 返回结果:{"result":"success","m_ZhaoMingTimeEnd":"07:00","AlarmText":"我被打劫,请报警!","DefaulText":"文明驾驶安全行车","m_ZhaoMingTimeStart":"17:00","setZhaoMingMode":0}===
2019-11-12 14:07:32,636 INFO (operateLog.java:25)- ===用户:admin 获取参数 返回结果:{"result":"success","MaxReceiveLen":512,"Showversion":1,"Energy":1,"Test":0,"BootstrapperWaitingTime":2,"LinkTime":2,"DTULink":3}===
