2019-11-09 07:59:40,677 INFO (StartupInfoLogger.java:50)- Starting Application on DESKTOP-H8FS49Q with PID 7764 (D:\eclipse-workspace\spring-boot-ledediter\target\classes started by 86139 in D:\eclipse-workspace\spring-boot-ledediter)
2019-11-09 07:59:40,692 INFO (SpringApplication.java:675)- No active profile set, falling back to default profiles: default
2019-11-09 07:59:40,864 INFO (DeferredLog.java:227)- Devtools property defaults active! Set 'spring.devtools.add-properties' to 'false' to disable
2019-11-09 07:59:40,864 INFO (DeferredLog.java:227)- For additional web related logging consider setting the 'logging.level.web' property to 'DEBUG'
2019-11-09 07:59:45,099 INFO (PostProcessorRegistrationDelegate.java:330)- Bean 'shiroConfig' of type [org.hds.config.ShiroConfig$$EnhancerBySpringCGLIB$$f00645f8] is not eligible for getting processed by all BeanPostProcessors (for example: not eligible for auto-proxying)
2019-11-09 07:59:46,407 INFO (PostProcessorRegistrationDelegate.java:330)- Bean 'mybatis-org.mybatis.spring.boot.autoconfigure.MybatisProperties' of type [org.mybatis.spring.boot.autoconfigure.MybatisProperties] is not eligible for getting processed by all BeanPostProcessors (for example: not eligible for auto-proxying)
2019-11-09 07:59:46,413 INFO (PostProcessorRegistrationDelegate.java:330)- Bean 'org.mybatis.spring.boot.autoconfigure.MybatisAutoConfiguration' of type [org.mybatis.spring.boot.autoconfigure.MybatisAutoConfiguration$$EnhancerBySpringCGLIB$$ab62205b] is not eligible for getting processed by all BeanPostProcessors (for example: not eligible for auto-proxying)
2019-11-09 07:59:46,413 INFO (PostProcessorRegistrationDelegate.java:330)- Bean 'druidDBConfig' of type [org.hds.config.DruidDBConfig$$EnhancerBySpringCGLIB$$f7b16367] is not eligible for getting processed by all BeanPostProcessors (for example: not eligible for auto-proxying)
2019-11-09 07:59:46,554 INFO (PostProcessorRegistrationDelegate.java:330)- Bean 'dataSource' of type [com.alibaba.druid.pool.DruidDataSource] is not eligible for getting processed by all BeanPostProcessors (for example: not eligible for auto-proxying)
2019-11-09 07:59:46,647 INFO (PostProcessorRegistrationDelegate.java:330)- Bean 'sqlSessionFactory' of type [org.apache.ibatis.session.defaults.DefaultSqlSessionFactory] is not eligible for getting processed by all BeanPostProcessors (for example: not eligible for auto-proxying)
2019-11-09 07:59:46,663 INFO (PostProcessorRegistrationDelegate.java:330)- Bean 'sqlSessionTemplate' of type [org.mybatis.spring.SqlSessionTemplate] is not eligible for getting processed by all BeanPostProcessors (for example: not eligible for auto-proxying)
2019-11-09 07:59:46,741 INFO (PostProcessorRegistrationDelegate.java:330)- Bean 'userMapper' of type [org.mybatis.spring.mapper.MapperFactoryBean] is not eligible for getting processed by all BeanPostProcessors (for example: not eligible for auto-proxying)
2019-11-09 07:59:46,757 INFO (PostProcessorRegistrationDelegate.java:330)- Bean 'userMapper' of type [com.sun.proxy.$Proxy66] is not eligible for getting processed by all BeanPostProcessors (for example: not eligible for auto-proxying)
2019-11-09 07:59:46,757 INFO (PostProcessorRegistrationDelegate.java:330)- Bean 'customRealm' of type [org.hds.config.MyShiroRealm] is not eligible for getting processed by all BeanPostProcessors (for example: not eligible for auto-proxying)
2019-11-09 07:59:46,772 INFO (PostProcessorRegistrationDelegate.java:330)- Bean 'securityManager' of type [org.apache.shiro.web.mgt.DefaultWebSecurityManager] is not eligible for getting processed by all BeanPostProcessors (for example: not eligible for auto-proxying)
2019-11-09 07:59:46,913 INFO (PostProcessorRegistrationDelegate.java:330)- Bean 'org.springframework.transaction.annotation.ProxyTransactionManagementConfiguration' of type [org.springframework.transaction.annotation.ProxyTransactionManagementConfiguration$$EnhancerBySpringCGLIB$$788dcf2b] is not eligible for getting processed by all BeanPostProcessors (for example: not eligible for auto-proxying)
2019-11-09 07:59:46,913 INFO (PostProcessorRegistrationDelegate.java:330)- Bean 'authorizationAttributeSourceAdvisor' of type [org.apache.shiro.spring.security.interceptor.AuthorizationAttributeSourceAdvisor] is not eligible for getting processed by all BeanPostProcessors (for example: not eligible for auto-proxying)
2019-11-09 07:59:47,694 INFO (TomcatWebServer.java:90)- Tomcat initialized with port(s): 8011 (http)
2019-11-09 07:59:47,727 INFO (DirectJDKLog.java:173)- Initializing ProtocolHandler ["http-nio-8011"]
2019-11-09 07:59:47,742 INFO (DirectJDKLog.java:173)- Starting service [Tomcat]
2019-11-09 07:59:47,742 INFO (DirectJDKLog.java:173)- Starting Servlet engine: [Apache Tomcat/9.0.16]
2019-11-09 07:59:47,758 INFO (DirectJDKLog.java:173)- The APR based Apache Tomcat Native library which allows optimal performance in production environments was not found on the java.library.path: [C:\Program Files\Java\jre1.8.0_211\bin;C:\Windows\Sun\Java\bin;C:\Windows\system32;C:\Windows;C:/Program Files/Java/jre1.8.0_211/bin/server;C:/Program Files/Java/jre1.8.0_211/bin;C:/Program Files/Java/jre1.8.0_211/lib/amd64;C:\Program Files (x86)\Common Files\Oracle\Java\javapath;C:\Program Files (x86)\Intel\Intel(R) Management Engine Components\iCLS\;C:\Program Files\Intel\Intel(R) Management Engine Components\iCLS\;C:\Windows\system32;C:\Windows;C:\Windows\System32\Wbem;C:\Windows\System32\WindowsPowerShell\v1.0\;C:\Windows\System32\OpenSSH\;C:\Program Files (x86)\Intel\Intel(R) Management Engine Components\DAL;C:\Program Files\Intel\Intel(R) Management Engine Components\DAL;C:\Program Files (x86)\Intel\Intel(R) Management Engine Components\IPT;C:\Program Files\Intel\Intel(R) Management Engine Components\IPT;C:\Program Files (x86)\NVIDIA Corporation\PhysX\Common;C:\Program Files\NVIDIA Corporation\NVIDIA NvDLISR;C:\Program Files\MySQL\bin;C:\Program Files\Java\jre1.8.0_202\bin;C:\Program Files\Microsoft\Web Platform Installer\;C:\Program Files (x86)\Microsoft ASP.NET\ASP.NET Web Pages\v1.0\;C:\Program Files (x86)\Windows Kits\8.0\Windows Performance Toolkit\;C:\Program Files\Microsoft SQL Server\110\Tools\Binn\;C:\Program Files (x86)\Microsoft SQL Server\100\Tools\Binn\;C:\Program Files\Microsoft SQL Server\100\Tools\Binn\;C:\Program Files\Microsoft SQL Server\100\DTS\Binn\;C:\Program Files (x86)\Microsoft SQL Server\100\Tools\Binn\VSShell\Common7\IDE\;C:\Program Files (x86)\Microsoft Visual Studio 9.0\Common7\IDE\PrivateAssemblies\;C:\Program Files (x86)\Microsoft SQL Server\100\DTS\Binn\;d:\Program Files\Git\cmd;C:\Users\86139\AppData\Local\Microsoft\WindowsApps;;D:\eclipse;;.]
2019-11-09 07:59:47,945 INFO (DirectJDKLog.java:173)- Initializing Spring embedded WebApplicationContext
2019-11-09 07:59:47,945 INFO (ServletWebServerApplicationContext.java:296)- Root WebApplicationContext: initialization completed in 7081 ms
2019-11-09 07:59:49,461 INFO (ExecutorConfigurationSupport.java:171)- Initializing ExecutorService 'applicationTaskExecutor'
2019-11-09 07:59:49,768 WARN (TemplateMode.java:150)- [THYMELEAF][restartedMain] Template Mode 'LEGACYHTML5' is deprecated. Using Template Mode 'HTML' instead.
2019-11-09 07:59:49,846 INFO (WelcomePageHandlerMapping.java:61)- Adding welcome page template: index
2019-11-09 07:59:51,846 INFO (OptionalLiveReloadServer.java:57)- LiveReload server is running on port 35729
2019-11-09 07:59:51,882 INFO (DirectJDKLog.java:173)- Starting ProtocolHandler ["http-nio-8011"]
2019-11-09 07:59:51,976 INFO (TomcatWebServer.java:204)- Tomcat started on port(s): 8011 (http) with context path ''
2019-11-09 07:59:51,976 INFO (StartupInfoLogger.java:59)- Started Application in 12.675 seconds (JVM running for 14.343)
2019-11-09 08:02:45,177 INFO (DirectJDKLog.java:173)- Initializing Spring DispatcherServlet 'dispatcherServlet'
2019-11-09 08:02:45,178 INFO (FrameworkServlet.java:524)- Initializing Servlet 'dispatcherServlet'
2019-11-09 08:02:45,209 INFO (FrameworkServlet.java:546)- Completed initialization in 31 ms
2019-11-09 08:02:45,392 INFO (LoginController.java:49)- /Index Open
2019-11-09 08:02:55,737 INFO (ExecutorConfigurationSupport.java:208)- Shutting down ExecutorService 'applicationTaskExecutor'
2019-11-09 08:02:56,469 INFO (StartupInfoLogger.java:50)- Starting Application on DESKTOP-H8FS49Q with PID 7764 (D:\eclipse-workspace\spring-boot-ledediter\target\classes started by 86139 in D:\eclipse-workspace\spring-boot-ledediter)
2019-11-09 08:02:56,469 INFO (SpringApplication.java:675)- No active profile set, falling back to default profiles: default
2019-11-09 08:02:59,307 INFO (PostProcessorRegistrationDelegate.java:330)- Bean 'shiroConfig' of type [org.hds.config.ShiroConfig$$EnhancerBySpringCGLIB$$f00645f8] is not eligible for getting processed by all BeanPostProcessors (for example: not eligible for auto-proxying)
2019-11-09 08:02:59,334 INFO (PostProcessorRegistrationDelegate.java:330)- Bean 'mybatis-org.mybatis.spring.boot.autoconfigure.MybatisProperties' of type [org.mybatis.spring.boot.autoconfigure.MybatisProperties] is not eligible for getting processed by all BeanPostProcessors (for example: not eligible for auto-proxying)
2019-11-09 08:02:59,334 INFO (PostProcessorRegistrationDelegate.java:330)- Bean 'org.mybatis.spring.boot.autoconfigure.MybatisAutoConfiguration' of type [org.mybatis.spring.boot.autoconfigure.MybatisAutoConfiguration$$EnhancerBySpringCGLIB$$ab62205b] is not eligible for getting processed by all BeanPostProcessors (for example: not eligible for auto-proxying)
2019-11-09 08:02:59,349 INFO (PostProcessorRegistrationDelegate.java:330)- Bean 'druidDBConfig' of type [org.hds.config.DruidDBConfig$$EnhancerBySpringCGLIB$$f7b16367] is not eligible for getting processed by all BeanPostProcessors (for example: not eligible for auto-proxying)
2019-11-09 08:02:59,349 INFO (PostProcessorRegistrationDelegate.java:330)- Bean 'dataSource' of type [com.alibaba.druid.pool.DruidDataSource] is not eligible for getting processed by all BeanPostProcessors (for example: not eligible for auto-proxying)
2019-11-09 08:02:59,365 INFO (PostProcessorRegistrationDelegate.java:330)- Bean 'sqlSessionFactory' of type [org.apache.ibatis.session.defaults.DefaultSqlSessionFactory] is not eligible for getting processed by all BeanPostProcessors (for example: not eligible for auto-proxying)
2019-11-09 08:02:59,381 INFO (PostProcessorRegistrationDelegate.java:330)- Bean 'sqlSessionTemplate' of type [org.mybatis.spring.SqlSessionTemplate] is not eligible for getting processed by all BeanPostProcessors (for example: not eligible for auto-proxying)
2019-11-09 08:02:59,396 INFO (PostProcessorRegistrationDelegate.java:330)- Bean 'userMapper' of type [org.mybatis.spring.mapper.MapperFactoryBean] is not eligible for getting processed by all BeanPostProcessors (for example: not eligible for auto-proxying)
2019-11-09 08:02:59,412 INFO (PostProcessorRegistrationDelegate.java:330)- Bean 'userMapper' of type [com.sun.proxy.$Proxy99] is not eligible for getting processed by all BeanPostProcessors (for example: not eligible for auto-proxying)
2019-11-09 08:02:59,412 INFO (PostProcessorRegistrationDelegate.java:330)- Bean 'customRealm' of type [org.hds.config.MyShiroRealm] is not eligible for getting processed by all BeanPostProcessors (for example: not eligible for auto-proxying)
2019-11-09 08:02:59,412 INFO (PostProcessorRegistrationDelegate.java:330)- Bean 'securityManager' of type [org.apache.shiro.web.mgt.DefaultWebSecurityManager] is not eligible for getting processed by all BeanPostProcessors (for example: not eligible for auto-proxying)
2019-11-09 08:02:59,446 INFO (PostProcessorRegistrationDelegate.java:330)- Bean 'org.springframework.transaction.annotation.ProxyTransactionManagementConfiguration' of type [org.springframework.transaction.annotation.ProxyTransactionManagementConfiguration$$EnhancerBySpringCGLIB$$788dcf2b] is not eligible for getting processed by all BeanPostProcessors (for example: not eligible for auto-proxying)
2019-11-09 08:02:59,448 INFO (PostProcessorRegistrationDelegate.java:330)- Bean 'authorizationAttributeSourceAdvisor' of type [org.apache.shiro.spring.security.interceptor.AuthorizationAttributeSourceAdvisor] is not eligible for getting processed by all BeanPostProcessors (for example: not eligible for auto-proxying)
2019-11-09 08:02:59,636 INFO (TomcatWebServer.java:90)- Tomcat initialized with port(s): 8011 (http)
2019-11-09 08:02:59,636 INFO (DirectJDKLog.java:173)- Initializing ProtocolHandler ["http-nio-8011"]
2019-11-09 08:02:59,636 INFO (DirectJDKLog.java:173)- Starting service [Tomcat]
2019-11-09 08:02:59,636 INFO (DirectJDKLog.java:173)- Starting Servlet engine: [Apache Tomcat/9.0.16]
2019-11-09 08:02:59,668 INFO (DirectJDKLog.java:173)- Initializing Spring embedded WebApplicationContext
2019-11-09 08:02:59,668 INFO (ServletWebServerApplicationContext.java:296)- Root WebApplicationContext: initialization completed in 3183 ms
2019-11-09 08:03:00,294 INFO (ExecutorConfigurationSupport.java:171)- Initializing ExecutorService 'applicationTaskExecutor'
2019-11-09 08:03:00,388 WARN (TemplateMode.java:150)- [THYMELEAF][restartedMain] Template Mode 'LEGACYHTML5' is deprecated. Using Template Mode 'HTML' instead.
2019-11-09 08:03:00,432 INFO (WelcomePageHandlerMapping.java:61)- Adding welcome page template: index
2019-11-09 08:03:01,708 INFO (OptionalLiveReloadServer.java:57)- LiveReload server is running on port 35729
2019-11-09 08:03:01,733 INFO (DirectJDKLog.java:173)- Starting ProtocolHandler ["http-nio-8011"]
2019-11-09 08:03:01,749 INFO (TomcatWebServer.java:204)- Tomcat started on port(s): 8011 (http) with context path ''
2019-11-09 08:03:01,749 INFO (StartupInfoLogger.java:59)- Started Application in 5.456 seconds (JVM running for 204.113)
2019-11-09 08:03:01,749 INFO (ConditionEvaluationDeltaLoggingListener.java:70)- Condition evaluation unchanged
2019-11-09 10:28:06,711 INFO (ExecutorConfigurationSupport.java:208)- Shutting down ExecutorService 'applicationTaskExecutor'
2019-11-09 10:28:07,547 INFO (StartupInfoLogger.java:50)- Starting Application on DESKTOP-H8FS49Q with PID 7764 (D:\eclipse-workspace\spring-boot-ledediter\target\classes started by 86139 in D:\eclipse-workspace\spring-boot-ledediter)
2019-11-09 10:28:07,547 INFO (SpringApplication.java:675)- No active profile set, falling back to default profiles: default
2019-11-09 10:28:10,173 INFO (PostProcessorRegistrationDelegate.java:330)- Bean 'shiroConfig' of type [org.hds.config.ShiroConfig$$EnhancerBySpringCGLIB$$f00645f8] is not eligible for getting processed by all BeanPostProcessors (for example: not eligible for auto-proxying)
2019-11-09 10:28:10,205 INFO (PostProcessorRegistrationDelegate.java:330)- Bean 'mybatis-org.mybatis.spring.boot.autoconfigure.MybatisProperties' of type [org.mybatis.spring.boot.autoconfigure.MybatisProperties] is not eligible for getting processed by all BeanPostProcessors (for example: not eligible for auto-proxying)
2019-11-09 10:28:10,209 INFO (PostProcessorRegistrationDelegate.java:330)- Bean 'org.mybatis.spring.boot.autoconfigure.MybatisAutoConfiguration' of type [org.mybatis.spring.boot.autoconfigure.MybatisAutoConfiguration$$EnhancerBySpringCGLIB$$ab62205b] is not eligible for getting processed by all BeanPostProcessors (for example: not eligible for auto-proxying)
2019-11-09 10:28:10,218 INFO (PostProcessorRegistrationDelegate.java:330)- Bean 'druidDBConfig' of type [org.hds.config.DruidDBConfig$$EnhancerBySpringCGLIB$$f7b16367] is not eligible for getting processed by all BeanPostProcessors (for example: not eligible for auto-proxying)
2019-11-09 10:28:10,225 INFO (PostProcessorRegistrationDelegate.java:330)- Bean 'dataSource' of type [com.alibaba.druid.pool.DruidDataSource] is not eligible for getting processed by all BeanPostProcessors (for example: not eligible for auto-proxying)
2019-11-09 10:28:10,248 INFO (PostProcessorRegistrationDelegate.java:330)- Bean 'sqlSessionFactory' of type [org.apache.ibatis.session.defaults.DefaultSqlSessionFactory] is not eligible for getting processed by all BeanPostProcessors (for example: not eligible for auto-proxying)
2019-11-09 10:28:10,251 INFO (PostProcessorRegistrationDelegate.java:330)- Bean 'sqlSessionTemplate' of type [org.mybatis.spring.SqlSessionTemplate] is not eligible for getting processed by all BeanPostProcessors (for example: not eligible for auto-proxying)
2019-11-09 10:28:10,288 INFO (PostProcessorRegistrationDelegate.java:330)- Bean 'userMapper' of type [org.mybatis.spring.mapper.MapperFactoryBean] is not eligible for getting processed by all BeanPostProcessors (for example: not eligible for auto-proxying)
2019-11-09 10:28:10,299 INFO (PostProcessorRegistrationDelegate.java:330)- Bean 'userMapper' of type [com.sun.proxy.$Proxy114] is not eligible for getting processed by all BeanPostProcessors (for example: not eligible for auto-proxying)
2019-11-09 10:28:10,300 INFO (PostProcessorRegistrationDelegate.java:330)- Bean 'customRealm' of type [org.hds.config.MyShiroRealm] is not eligible for getting processed by all BeanPostProcessors (for example: not eligible for auto-proxying)
2019-11-09 10:28:10,302 INFO (PostProcessorRegistrationDelegate.java:330)- Bean 'securityManager' of type [org.apache.shiro.web.mgt.DefaultWebSecurityManager] is not eligible for getting processed by all BeanPostProcessors (for example: not eligible for auto-proxying)
2019-11-09 10:28:10,325 INFO (PostProcessorRegistrationDelegate.java:330)- Bean 'org.springframework.transaction.annotation.ProxyTransactionManagementConfiguration' of type [org.springframework.transaction.annotation.ProxyTransactionManagementConfiguration$$EnhancerBySpringCGLIB$$788dcf2b] is not eligible for getting processed by all BeanPostProcessors (for example: not eligible for auto-proxying)
2019-11-09 10:28:10,327 INFO (PostProcessorRegistrationDelegate.java:330)- Bean 'authorizationAttributeSourceAdvisor' of type [org.apache.shiro.spring.security.interceptor.AuthorizationAttributeSourceAdvisor] is not eligible for getting processed by all BeanPostProcessors (for example: not eligible for auto-proxying)
2019-11-09 10:28:10,569 INFO (TomcatWebServer.java:90)- Tomcat initialized with port(s): 8011 (http)
2019-11-09 10:28:10,570 INFO (DirectJDKLog.java:173)- Initializing ProtocolHandler ["http-nio-8011"]
2019-11-09 10:28:10,571 INFO (DirectJDKLog.java:173)- Starting service [Tomcat]
2019-11-09 10:28:10,571 INFO (DirectJDKLog.java:173)- Starting Servlet engine: [Apache Tomcat/9.0.16]
2019-11-09 10:28:10,598 INFO (DirectJDKLog.java:173)- Initializing Spring embedded WebApplicationContext
2019-11-09 10:28:10,598 INFO (ServletWebServerApplicationContext.java:296)- Root WebApplicationContext: initialization completed in 3036 ms
2019-11-09 10:28:11,189 INFO (ExecutorConfigurationSupport.java:171)- Initializing ExecutorService 'applicationTaskExecutor'
2019-11-09 10:28:11,286 WARN (TemplateMode.java:150)- [THYMELEAF][restartedMain] Template Mode 'LEGACYHTML5' is deprecated. Using Template Mode 'HTML' instead.
2019-11-09 10:28:11,326 INFO (WelcomePageHandlerMapping.java:61)- Adding welcome page template: index
2019-11-09 10:28:12,689 INFO (OptionalLiveReloadServer.java:57)- LiveReload server is running on port 35729
2019-11-09 10:28:12,712 INFO (DirectJDKLog.java:173)- Starting ProtocolHandler ["http-nio-8011"]
2019-11-09 10:28:12,730 INFO (TomcatWebServer.java:204)- Tomcat started on port(s): 8011 (http) with context path ''
2019-11-09 10:28:12,731 INFO (StartupInfoLogger.java:59)- Started Application in 5.381 seconds (JVM running for 8915.089)
2019-11-09 10:28:12,734 INFO (ConditionEvaluationDeltaLoggingListener.java:70)- Condition evaluation unchanged
2019-11-09 10:29:00,575 INFO (ExecutorConfigurationSupport.java:208)- Shutting down ExecutorService 'applicationTaskExecutor'
2019-11-09 10:29:01,358 INFO (StartupInfoLogger.java:50)- Starting Application on DESKTOP-H8FS49Q with PID 7764 (D:\eclipse-workspace\spring-boot-ledediter\target\classes started by 86139 in D:\eclipse-workspace\spring-boot-ledediter)
2019-11-09 10:29:01,359 INFO (SpringApplication.java:675)- No active profile set, falling back to default profiles: default
2019-11-09 10:29:03,593 INFO (PostProcessorRegistrationDelegate.java:330)- Bean 'shiroConfig' of type [org.hds.config.ShiroConfig$$EnhancerBySpringCGLIB$$f00645f8] is not eligible for getting processed by all BeanPostProcessors (for example: not eligible for auto-proxying)
2019-11-09 10:29:03,614 INFO (PostProcessorRegistrationDelegate.java:330)- Bean 'mybatis-org.mybatis.spring.boot.autoconfigure.MybatisProperties' of type [org.mybatis.spring.boot.autoconfigure.MybatisProperties] is not eligible for getting processed by all BeanPostProcessors (for example: not eligible for auto-proxying)
2019-11-09 10:29:03,616 INFO (PostProcessorRegistrationDelegate.java:330)- Bean 'org.mybatis.spring.boot.autoconfigure.MybatisAutoConfiguration' of type [org.mybatis.spring.boot.autoconfigure.MybatisAutoConfiguration$$EnhancerBySpringCGLIB$$ab62205b] is not eligible for getting processed by all BeanPostProcessors (for example: not eligible for auto-proxying)
2019-11-09 10:29:03,621 INFO (PostProcessorRegistrationDelegate.java:330)- Bean 'druidDBConfig' of type [org.hds.config.DruidDBConfig$$EnhancerBySpringCGLIB$$f7b16367] is not eligible for getting processed by all BeanPostProcessors (for example: not eligible for auto-proxying)
2019-11-09 10:29:03,625 INFO (PostProcessorRegistrationDelegate.java:330)- Bean 'dataSource' of type [com.alibaba.druid.pool.DruidDataSource] is not eligible for getting processed by all BeanPostProcessors (for example: not eligible for auto-proxying)
2019-11-09 10:29:03,651 INFO (PostProcessorRegistrationDelegate.java:330)- Bean 'sqlSessionFactory' of type [org.apache.ibatis.session.defaults.DefaultSqlSessionFactory] is not eligible for getting processed by all BeanPostProcessors (for example: not eligible for auto-proxying)
2019-11-09 10:29:03,654 INFO (PostProcessorRegistrationDelegate.java:330)- Bean 'sqlSessionTemplate' of type [org.mybatis.spring.SqlSessionTemplate] is not eligible for getting processed by all BeanPostProcessors (for example: not eligible for auto-proxying)
2019-11-09 10:29:03,680 INFO (PostProcessorRegistrationDelegate.java:330)- Bean 'userMapper' of type [org.mybatis.spring.mapper.MapperFactoryBean] is not eligible for getting processed by all BeanPostProcessors (for example: not eligible for auto-proxying)
2019-11-09 10:29:03,691 INFO (PostProcessorRegistrationDelegate.java:330)- Bean 'userMapper' of type [com.sun.proxy.$Proxy129] is not eligible for getting processed by all BeanPostProcessors (for example: not eligible for auto-proxying)
2019-11-09 10:29:03,691 INFO (PostProcessorRegistrationDelegate.java:330)- Bean 'customRealm' of type [org.hds.config.MyShiroRealm] is not eligible for getting processed by all BeanPostProcessors (for example: not eligible for auto-proxying)
2019-11-09 10:29:03,692 INFO (PostProcessorRegistrationDelegate.java:330)- Bean 'securityManager' of type [org.apache.shiro.web.mgt.DefaultWebSecurityManager] is not eligible for getting processed by all BeanPostProcessors (for example: not eligible for auto-proxying)
2019-11-09 10:29:03,715 INFO (PostProcessorRegistrationDelegate.java:330)- Bean 'org.springframework.transaction.annotation.ProxyTransactionManagementConfiguration' of type [org.springframework.transaction.annotation.ProxyTransactionManagementConfiguration$$EnhancerBySpringCGLIB$$788dcf2b] is not eligible for getting processed by all BeanPostProcessors (for example: not eligible for auto-proxying)
2019-11-09 10:29:03,717 INFO (PostProcessorRegistrationDelegate.java:330)- Bean 'authorizationAttributeSourceAdvisor' of type [org.apache.shiro.spring.security.interceptor.AuthorizationAttributeSourceAdvisor] is not eligible for getting processed by all BeanPostProcessors (for example: not eligible for auto-proxying)
2019-11-09 10:29:03,875 INFO (TomcatWebServer.java:90)- Tomcat initialized with port(s): 8011 (http)
2019-11-09 10:29:03,876 INFO (DirectJDKLog.java:173)- Initializing ProtocolHandler ["http-nio-8011"]
2019-11-09 10:29:03,877 INFO (DirectJDKLog.java:173)- Starting service [Tomcat]
2019-11-09 10:29:03,877 INFO (DirectJDKLog.java:173)- Starting Servlet engine: [Apache Tomcat/9.0.16]
2019-11-09 10:29:03,906 INFO (DirectJDKLog.java:173)- Initializing Spring embedded WebApplicationContext
2019-11-09 10:29:03,906 INFO (ServletWebServerApplicationContext.java:296)- Root WebApplicationContext: initialization completed in 2536 ms
2019-11-09 10:29:04,370 INFO (ExecutorConfigurationSupport.java:171)- Initializing ExecutorService 'applicationTaskExecutor'
2019-11-09 10:29:04,440 WARN (TemplateMode.java:150)- [THYMELEAF][restartedMain] Template Mode 'LEGACYHTML5' is deprecated. Using Template Mode 'HTML' instead.
2019-11-09 10:29:04,468 INFO (WelcomePageHandlerMapping.java:61)- Adding welcome page template: index
2019-11-09 10:29:05,780 INFO (OptionalLiveReloadServer.java:57)- LiveReload server is running on port 35729
2019-11-09 10:29:05,796 INFO (DirectJDKLog.java:173)- Starting ProtocolHandler ["http-nio-8011"]
2019-11-09 10:29:05,801 INFO (TomcatWebServer.java:204)- Tomcat started on port(s): 8011 (http) with context path ''
2019-11-09 10:29:05,801 INFO (StartupInfoLogger.java:59)- Started Application in 4.604 seconds (JVM running for 8968.159)
2019-11-09 10:29:05,804 INFO (ConditionEvaluationDeltaLoggingListener.java:70)- Condition evaluation unchanged
2019-11-09 13:33:37,231 INFO (ExecutorConfigurationSupport.java:208)- Shutting down ExecutorService 'applicationTaskExecutor'
2019-11-09 13:33:38,522 INFO (StartupInfoLogger.java:50)- Starting Application on DESKTOP-H8FS49Q with PID 7764 (D:\eclipse-workspace\spring-boot-ledediter\target\classes started by 86139 in D:\eclipse-workspace\spring-boot-ledediter)
2019-11-09 13:33:38,523 INFO (SpringApplication.java:675)- No active profile set, falling back to default profiles: default
2019-11-09 13:33:41,866 INFO (PostProcessorRegistrationDelegate.java:330)- Bean 'shiroConfig' of type [org.hds.config.ShiroConfig$$EnhancerBySpringCGLIB$$f00645f8] is not eligible for getting processed by all BeanPostProcessors (for example: not eligible for auto-proxying)
2019-11-09 13:33:41,899 INFO (PostProcessorRegistrationDelegate.java:330)- Bean 'mybatis-org.mybatis.spring.boot.autoconfigure.MybatisProperties' of type [org.mybatis.spring.boot.autoconfigure.MybatisProperties] is not eligible for getting processed by all BeanPostProcessors (for example: not eligible for auto-proxying)
2019-11-09 13:33:41,901 INFO (PostProcessorRegistrationDelegate.java:330)- Bean 'org.mybatis.spring.boot.autoconfigure.MybatisAutoConfiguration' of type [org.mybatis.spring.boot.autoconfigure.MybatisAutoConfiguration$$EnhancerBySpringCGLIB$$ab62205b] is not eligible for getting processed by all BeanPostProcessors (for example: not eligible for auto-proxying)
2019-11-09 13:33:41,906 INFO (PostProcessorRegistrationDelegate.java:330)- Bean 'druidDBConfig' of type [org.hds.config.DruidDBConfig$$EnhancerBySpringCGLIB$$f7b16367] is not eligible for getting processed by all BeanPostProcessors (for example: not eligible for auto-proxying)
2019-11-09 13:33:41,917 INFO (PostProcessorRegistrationDelegate.java:330)- Bean 'dataSource' of type [com.alibaba.druid.pool.DruidDataSource] is not eligible for getting processed by all BeanPostProcessors (for example: not eligible for auto-proxying)
2019-11-09 13:33:41,940 INFO (PostProcessorRegistrationDelegate.java:330)- Bean 'sqlSessionFactory' of type [org.apache.ibatis.session.defaults.DefaultSqlSessionFactory] is not eligible for getting processed by all BeanPostProcessors (for example: not eligible for auto-proxying)
2019-11-09 13:33:41,943 INFO (PostProcessorRegistrationDelegate.java:330)- Bean 'sqlSessionTemplate' of type [org.mybatis.spring.SqlSessionTemplate] is not eligible for getting processed by all BeanPostProcessors (for example: not eligible for auto-proxying)
2019-11-09 13:33:41,969 INFO (PostProcessorRegistrationDelegate.java:330)- Bean 'userMapper' of type [org.mybatis.spring.mapper.MapperFactoryBean] is not eligible for getting processed by all BeanPostProcessors (for example: not eligible for auto-proxying)
2019-11-09 13:33:41,980 INFO (PostProcessorRegistrationDelegate.java:330)- Bean 'userMapper' of type [com.sun.proxy.$Proxy144] is not eligible for getting processed by all BeanPostProcessors (for example: not eligible for auto-proxying)
2019-11-09 13:33:41,981 INFO (PostProcessorRegistrationDelegate.java:330)- Bean 'customRealm' of type [org.hds.config.MyShiroRealm] is not eligible for getting processed by all BeanPostProcessors (for example: not eligible for auto-proxying)
2019-11-09 13:33:41,982 INFO (PostProcessorRegistrationDelegate.java:330)- Bean 'securityManager' of type [org.apache.shiro.web.mgt.DefaultWebSecurityManager] is not eligible for getting processed by all BeanPostProcessors (for example: not eligible for auto-proxying)
2019-11-09 13:33:42,006 INFO (PostProcessorRegistrationDelegate.java:330)- Bean 'org.springframework.transaction.annotation.ProxyTransactionManagementConfiguration' of type [org.springframework.transaction.annotation.ProxyTransactionManagementConfiguration$$EnhancerBySpringCGLIB$$788dcf2b] is not eligible for getting processed by all BeanPostProcessors (for example: not eligible for auto-proxying)
2019-11-09 13:33:42,008 INFO (PostProcessorRegistrationDelegate.java:330)- Bean 'authorizationAttributeSourceAdvisor' of type [org.apache.shiro.spring.security.interceptor.AuthorizationAttributeSourceAdvisor] is not eligible for getting processed by all BeanPostProcessors (for example: not eligible for auto-proxying)
2019-11-09 13:33:42,320 INFO (TomcatWebServer.java:90)- Tomcat initialized with port(s): 8011 (http)
2019-11-09 13:33:42,321 INFO (DirectJDKLog.java:173)- Initializing ProtocolHandler ["http-nio-8011"]
2019-11-09 13:33:42,321 INFO (DirectJDKLog.java:173)- Starting service [Tomcat]
2019-11-09 13:33:42,321 INFO (DirectJDKLog.java:173)- Starting Servlet engine: [Apache Tomcat/9.0.16]
2019-11-09 13:33:42,365 INFO (DirectJDKLog.java:173)- Initializing Spring embedded WebApplicationContext
2019-11-09 13:33:42,366 INFO (ServletWebServerApplicationContext.java:296)- Root WebApplicationContext: initialization completed in 3819 ms
2019-11-09 13:33:43,066 INFO (ExecutorConfigurationSupport.java:171)- Initializing ExecutorService 'applicationTaskExecutor'
2019-11-09 13:33:43,183 WARN (TemplateMode.java:150)- [THYMELEAF][restartedMain] Template Mode 'LEGACYHTML5' is deprecated. Using Template Mode 'HTML' instead.
2019-11-09 13:33:43,219 INFO (WelcomePageHandlerMapping.java:61)- Adding welcome page template: index
2019-11-09 13:33:44,669 INFO (OptionalLiveReloadServer.java:57)- LiveReload server is running on port 35729
2019-11-09 13:33:44,689 INFO (DirectJDKLog.java:173)- Starting ProtocolHandler ["http-nio-8011"]
2019-11-09 13:33:44,696 INFO (TomcatWebServer.java:204)- Tomcat started on port(s): 8011 (http) with context path ''
2019-11-09 13:33:44,697 INFO (StartupInfoLogger.java:59)- Started Application in 6.466 seconds (JVM running for 20047.054)
2019-11-09 13:33:44,698 INFO (ConditionEvaluationDeltaLoggingListener.java:70)- Condition evaluation unchanged
2019-11-09 13:34:34,581 INFO (ExecutorConfigurationSupport.java:208)- Shutting down ExecutorService 'applicationTaskExecutor'
2019-11-09 13:34:35,641 INFO (StartupInfoLogger.java:50)- Starting Application on DESKTOP-H8FS49Q with PID 7764 (D:\eclipse-workspace\spring-boot-ledediter\target\classes started by 86139 in D:\eclipse-workspace\spring-boot-ledediter)
2019-11-09 13:34:35,641 INFO (SpringApplication.java:675)- No active profile set, falling back to default profiles: default
2019-11-09 13:34:38,861 INFO (PostProcessorRegistrationDelegate.java:330)- Bean 'shiroConfig' of type [org.hds.config.ShiroConfig$$EnhancerBySpringCGLIB$$f00645f8] is not eligible for getting processed by all BeanPostProcessors (for example: not eligible for auto-proxying)
2019-11-09 13:34:38,883 INFO (PostProcessorRegistrationDelegate.java:330)- Bean 'mybatis-org.mybatis.spring.boot.autoconfigure.MybatisProperties' of type [org.mybatis.spring.boot.autoconfigure.MybatisProperties] is not eligible for getting processed by all BeanPostProcessors (for example: not eligible for auto-proxying)
2019-11-09 13:34:38,885 INFO (PostProcessorRegistrationDelegate.java:330)- Bean 'org.mybatis.spring.boot.autoconfigure.MybatisAutoConfiguration' of type [org.mybatis.spring.boot.autoconfigure.MybatisAutoConfiguration$$EnhancerBySpringCGLIB$$ab62205b] is not eligible for getting processed by all BeanPostProcessors (for example: not eligible for auto-proxying)
2019-11-09 13:34:38,890 INFO (PostProcessorRegistrationDelegate.java:330)- Bean 'druidDBConfig' of type [org.hds.config.DruidDBConfig$$EnhancerBySpringCGLIB$$f7b16367] is not eligible for getting processed by all BeanPostProcessors (for example: not eligible for auto-proxying)
2019-11-09 13:34:38,894 INFO (PostProcessorRegistrationDelegate.java:330)- Bean 'dataSource' of type [com.alibaba.druid.pool.DruidDataSource] is not eligible for getting processed by all BeanPostProcessors (for example: not eligible for auto-proxying)
2019-11-09 13:34:38,907 INFO (PostProcessorRegistrationDelegate.java:330)- Bean 'sqlSessionFactory' of type [org.apache.ibatis.session.defaults.DefaultSqlSessionFactory] is not eligible for getting processed by all BeanPostProcessors (for example: not eligible for auto-proxying)
2019-11-09 13:34:38,910 INFO (PostProcessorRegistrationDelegate.java:330)- Bean 'sqlSessionTemplate' of type [org.mybatis.spring.SqlSessionTemplate] is not eligible for getting processed by all BeanPostProcessors (for example: not eligible for auto-proxying)
2019-11-09 13:34:38,935 INFO (PostProcessorRegistrationDelegate.java:330)- Bean 'userMapper' of type [org.mybatis.spring.mapper.MapperFactoryBean] is not eligible for getting processed by all BeanPostProcessors (for example: not eligible for auto-proxying)
2019-11-09 13:34:38,947 INFO (PostProcessorRegistrationDelegate.java:330)- Bean 'userMapper' of type [com.sun.proxy.$Proxy159] is not eligible for getting processed by all BeanPostProcessors (for example: not eligible for auto-proxying)
2019-11-09 13:34:38,948 INFO (PostProcessorRegistrationDelegate.java:330)- Bean 'customRealm' of type [org.hds.config.MyShiroRealm] is not eligible for getting processed by all BeanPostProcessors (for example: not eligible for auto-proxying)
2019-11-09 13:34:38,948 INFO (PostProcessorRegistrationDelegate.java:330)- Bean 'securityManager' of type [org.apache.shiro.web.mgt.DefaultWebSecurityManager] is not eligible for getting processed by all BeanPostProcessors (for example: not eligible for auto-proxying)
2019-11-09 13:34:38,978 INFO (PostProcessorRegistrationDelegate.java:330)- Bean 'org.springframework.transaction.annotation.ProxyTransactionManagementConfiguration' of type [org.springframework.transaction.annotation.ProxyTransactionManagementConfiguration$$EnhancerBySpringCGLIB$$788dcf2b] is not eligible for getting processed by all BeanPostProcessors (for example: not eligible for auto-proxying)
2019-11-09 13:34:38,979 INFO (PostProcessorRegistrationDelegate.java:330)- Bean 'authorizationAttributeSourceAdvisor' of type [org.apache.shiro.spring.security.interceptor.AuthorizationAttributeSourceAdvisor] is not eligible for getting processed by all BeanPostProcessors (for example: not eligible for auto-proxying)
2019-11-09 13:34:39,186 INFO (TomcatWebServer.java:90)- Tomcat initialized with port(s): 8011 (http)
2019-11-09 13:34:39,189 INFO (DirectJDKLog.java:173)- Initializing ProtocolHandler ["http-nio-8011"]
2019-11-09 13:34:39,190 INFO (DirectJDKLog.java:173)- Starting service [Tomcat]
2019-11-09 13:34:39,191 INFO (DirectJDKLog.java:173)- Starting Servlet engine: [Apache Tomcat/9.0.16]
2019-11-09 13:34:39,215 INFO (DirectJDKLog.java:173)- Initializing Spring embedded WebApplicationContext
2019-11-09 13:34:39,216 INFO (ServletWebServerApplicationContext.java:296)- Root WebApplicationContext: initialization completed in 3558 ms
2019-11-09 13:34:39,732 INFO (ExecutorConfigurationSupport.java:171)- Initializing ExecutorService 'applicationTaskExecutor'
2019-11-09 13:34:39,807 WARN (TemplateMode.java:150)- [THYMELEAF][restartedMain] Template Mode 'LEGACYHTML5' is deprecated. Using Template Mode 'HTML' instead.
2019-11-09 13:34:39,835 INFO (WelcomePageHandlerMapping.java:61)- Adding welcome page template: index
2019-11-09 13:34:41,296 INFO (OptionalLiveReloadServer.java:57)- LiveReload server is running on port 35729
2019-11-09 13:34:41,313 INFO (DirectJDKLog.java:173)- Starting ProtocolHandler ["http-nio-8011"]
2019-11-09 13:34:41,316 INFO (TomcatWebServer.java:204)- Tomcat started on port(s): 8011 (http) with context path ''
2019-11-09 13:34:41,317 INFO (StartupInfoLogger.java:59)- Started Application in 5.892 seconds (JVM running for 20103.675)
2019-11-09 13:34:41,318 INFO (ConditionEvaluationDeltaLoggingListener.java:70)- Condition evaluation unchanged
2019-11-09 14:43:57,943 INFO (ExecutorConfigurationSupport.java:208)- Shutting down ExecutorService 'applicationTaskExecutor'
