2020-07-06 07:55:43,054 INFO (StartupInfoLogger.java:50)- Starting Application on DESKTOP-H8FS49Q with PID 28588 (D:\eclipse-workspace\spring-boot-ledediter\target\classes started by 86139 in D:\eclipse-workspace\spring-boot-ledediter)
2020-07-06 07:55:43,077 INFO (SpringApplication.java:675)- No active profile set, falling back to default profiles: default
2020-07-06 07:55:43,219 INFO (DeferredLog.java:227)- Devtools property defaults active! Set 'spring.devtools.add-properties' to 'false' to disable
2020-07-06 07:55:43,221 INFO (DeferredLog.java:227)- For additional web related logging consider setting the 'logging.level.web' property to 'DEBUG'
2020-07-06 07:55:45,794 INFO (PostProcessorRegistrationDelegate.java:330)- Bean 'shiroConfig' of type [org.hds.config.ShiroConfig$$EnhancerBySpringCGLIB$$5aa234fa] is not eligible for getting processed by all BeanPostProcessors (for example: not eligible for auto-proxying)
2020-07-06 07:55:46,699 INFO (PostProcessorRegistrationDelegate.java:330)- Bean 'druidDBConfig' of type [org.hds.config.DruidDBConfig$$EnhancerBySpringCGLIB$$624d5269] is not eligible for getting processed by all BeanPostProcessors (for example: not eligible for auto-proxying)
2020-07-06 07:55:46,865 INFO (PostProcessorRegistrationDelegate.java:330)- Bean 'PrimaryDataSource' of type [com.alibaba.druid.pool.DruidDataSource] is not eligible for getting processed by all BeanPostProcessors (for example: not eligible for auto-proxying)
2020-07-06 07:55:46,996 INFO (PostProcessorRegistrationDelegate.java:330)- Bean 'PrimarydbSqlSessionFactory' of type [org.apache.ibatis.session.defaults.DefaultSqlSessionFactory] is not eligible for getting processed by all BeanPostProcessors (for example: not eligible for auto-proxying)
2020-07-06 07:55:47,091 INFO (PostProcessorRegistrationDelegate.java:330)- Bean 'userMapper' of type [org.mybatis.spring.mapper.MapperFactoryBean] is not eligible for getting processed by all BeanPostProcessors (for example: not eligible for auto-proxying)
2020-07-06 07:55:47,095 INFO (PostProcessorRegistrationDelegate.java:330)- Bean 'userMapper' of type [com.sun.proxy.$Proxy66] is not eligible for getting processed by all BeanPostProcessors (for example: not eligible for auto-proxying)
2020-07-06 07:55:47,096 INFO (PostProcessorRegistrationDelegate.java:330)- Bean 'customRealm' of type [org.hds.config.MyShiroRealm] is not eligible for getting processed by all BeanPostProcessors (for example: not eligible for auto-proxying)
2020-07-06 07:55:47,098 INFO (PostProcessorRegistrationDelegate.java:330)- Bean 'securityManager' of type [org.apache.shiro.web.mgt.DefaultWebSecurityManager] is not eligible for getting processed by all BeanPostProcessors (for example: not eligible for auto-proxying)
2020-07-06 07:55:47,181 INFO (PostProcessorRegistrationDelegate.java:330)- Bean 'org.springframework.transaction.annotation.ProxyTransactionManagementConfiguration' of type [org.springframework.transaction.annotation.ProxyTransactionManagementConfiguration$$EnhancerBySpringCGLIB$$e329be2d] is not eligible for getting processed by all BeanPostProcessors (for example: not eligible for auto-proxying)
2020-07-06 07:55:47,194 INFO (PostProcessorRegistrationDelegate.java:330)- Bean 'authorizationAttributeSourceAdvisor' of type [org.apache.shiro.spring.security.interceptor.AuthorizationAttributeSourceAdvisor] is not eligible for getting processed by all BeanPostProcessors (for example: not eligible for auto-proxying)
2020-07-06 07:55:47,962 INFO (TomcatWebServer.java:90)- Tomcat initialized with port(s): 8011 (http)
2020-07-06 07:55:47,986 INFO (DirectJDKLog.java:173)- Initializing ProtocolHandler ["http-nio-8011"]
2020-07-06 07:55:48,005 INFO (DirectJDKLog.java:173)- Starting service [Tomcat]
2020-07-06 07:55:48,006 INFO (DirectJDKLog.java:173)- Starting Servlet engine: [Apache Tomcat/9.0.16]
2020-07-06 07:55:48,029 INFO (DirectJDKLog.java:173)- The APR based Apache Tomcat Native library which allows optimal performance in production environments was not found on the java.library.path: [C:\Program Files\Java\jre1.8.0_241\bin;C:\WINDOWS\Sun\Java\bin;C:\WINDOWS\system32;C:\WINDOWS;C:/Program Files/Java/jre1.8.0_241/bin/server;C:/Program Files/Java/jre1.8.0_241/bin;C:/Program Files/Java/jre1.8.0_241/lib/amd64;C:\Program Files (x86)\Common Files\Oracle\Java\javapath;C:\Program Files (x86)\Intel\Intel(R) Management Engine Components\iCLS\;C:\Program Files\Intel\Intel(R) Management Engine Components\iCLS\;C:\Windows\system32;C:\Windows;C:\Windows\System32\Wbem;C:\Windows\System32\WindowsPowerShell\v1.0\;C:\Windows\System32\OpenSSH\;C:\Program Files (x86)\Intel\Intel(R) Management Engine Components\DAL;C:\Program Files\Intel\Intel(R) Management Engine Components\DAL;C:\Program Files (x86)\Intel\Intel(R) Management Engine Components\IPT;C:\Program Files\Intel\Intel(R) Management Engine Components\IPT;C:\Program Files (x86)\NVIDIA Corporation\PhysX\Common;C:\Program Files\NVIDIA Corporation\NVIDIA NvDLISR;C:\Program Files\MySQL\bin;C:\Program Files\Java\jre1.8.0_202\bin;C:\Program Files\Microsoft\Web Platform Installer\;C:\Program Files (x86)\Microsoft ASP.NET\ASP.NET Web Pages\v1.0\;C:\Program Files (x86)\Windows Kits\8.0\Windows Performance Toolkit\;C:\Program Files\Microsoft SQL Server\110\Tools\Binn\;C:\Program Files (x86)\Microsoft SQL Server\100\Tools\Binn\;C:\Program Files\Microsoft SQL Server\100\Tools\Binn\;C:\Program Files\Microsoft SQL Server\100\DTS\Binn\;C:\Program Files (x86)\Microsoft SQL Server\100\Tools\Binn\VSShell\Common7\IDE\;C:\Program Files (x86)\Microsoft Visual Studio 9.0\Common7\IDE\PrivateAssemblies\;C:\Program Files (x86)\Microsoft SQL Server\100\DTS\Binn\;d:\Program Files\Git\cmd;C:\WINDOWS\system32;C:\WINDOWS;C:\WINDOWS\System32\Wbem;C:\WINDOWS\System32\WindowsPowerShell\v1.0\;C:\WINDOWS\System32\OpenSSH\;D:\Program Files\apache-maven-3.6.3\bin;C:\Users\86139\AppData\Local\Programs\Python\Python38-32\Scripts\;C:\Users\86139\AppData\Local\Programs\Python\Python38-32\;C:\Users\86139\AppData\Local\Microsoft\WindowsApps;;D:\eclipse;;.]
2020-07-06 07:55:48,223 INFO (DirectJDKLog.java:173)- Initializing Spring embedded WebApplicationContext
2020-07-06 07:55:48,224 INFO (ServletWebServerApplicationContext.java:296)- Root WebApplicationContext: initialization completed in 5002 ms
2020-07-06 07:55:49,800 INFO (ExecutorConfigurationSupport.java:171)- Initializing ExecutorService 'applicationTaskExecutor'
2020-07-06 07:55:50,197 WARN (TemplateMode.java:150)- [THYMELEAF][restartedMain] Template Mode 'LEGACYHTML5' is deprecated. Using Template Mode 'HTML' instead.
2020-07-06 07:55:50,279 INFO (WelcomePageHandlerMapping.java:61)- Adding welcome page template: index
2020-07-06 07:55:50,439 INFO (ExecutorConfigurationSupport.java:171)- Initializing ExecutorService 'taskScheduler'
2020-07-06 07:55:51,985 INFO (OptionalLiveReloadServer.java:57)- LiveReload server is running on port 35729
2020-07-06 07:55:52,032 INFO (DirectJDKLog.java:173)- Starting ProtocolHandler ["http-nio-8011"]
2020-07-06 07:55:52,067 INFO (TomcatWebServer.java:204)- Tomcat started on port(s): 8011 (http) with context path ''
2020-07-06 07:55:52,071 INFO (StartupInfoLogger.java:59)- Started Application in 10.065 seconds (JVM running for 11.234)
