2019-11-02 08:59:08,722 INFO (StartupInfoLogger.java:50)- Starting Application on DESKTOP-H8FS49Q with PID 15956 (D:\eclipse-workspace\spring-boot-ledediter\target\classes started by 86139 in D:\eclipse-workspace\spring-boot-ledediter)
2019-11-02 08:59:08,735 INFO (SpringApplication.java:675)- No active profile set, falling back to default profiles: default
2019-11-02 08:59:08,896 INFO (DeferredLog.java:227)- Devtools property defaults active! Set 'spring.devtools.add-properties' to 'false' to disable
2019-11-02 08:59:08,897 INFO (DeferredLog.java:227)- For additional web related logging consider setting the 'logging.level.web' property to 'DEBUG'
2019-11-02 08:59:13,408 INFO (PostProcessorRegistrationDelegate.java:330)- Bean 'shiroConfig' of type [org.hds.config.ShiroConfig$$EnhancerBySpringCGLIB$$5eb6d5c6] is not eligible for getting processed by all BeanPostProcessors (for example: not eligible for auto-proxying)
2019-11-02 08:59:14,692 INFO (PostProcessorRegistrationDelegate.java:330)- Bean 'mybatis-org.mybatis.spring.boot.autoconfigure.MybatisProperties' of type [org.mybatis.spring.boot.autoconfigure.MybatisProperties] is not eligible for getting processed by all BeanPostProcessors (for example: not eligible for auto-proxying)
2019-11-02 08:59:14,697 INFO (PostProcessorRegistrationDelegate.java:330)- Bean 'org.mybatis.spring.boot.autoconfigure.MybatisAutoConfiguration' of type [org.mybatis.spring.boot.autoconfigure.MybatisAutoConfiguration$$EnhancerBySpringCGLIB$$1a12b029] is not eligible for getting processed by all BeanPostProcessors (for example: not eligible for auto-proxying)
2019-11-02 08:59:14,711 INFO (PostProcessorRegistrationDelegate.java:330)- Bean 'druidDBConfig' of type [org.hds.config.DruidDBConfig$$EnhancerBySpringCGLIB$$6661f335] is not eligible for getting processed by all BeanPostProcessors (for example: not eligible for auto-proxying)
2019-11-02 08:59:14,888 INFO (PostProcessorRegistrationDelegate.java:330)- Bean 'dataSource' of type [com.alibaba.druid.pool.DruidDataSource] is not eligible for getting processed by all BeanPostProcessors (for example: not eligible for auto-proxying)
2019-11-02 08:59:15,001 INFO (PostProcessorRegistrationDelegate.java:330)- Bean 'sqlSessionFactory' of type [org.apache.ibatis.session.defaults.DefaultSqlSessionFactory] is not eligible for getting processed by all BeanPostProcessors (for example: not eligible for auto-proxying)
2019-11-02 08:59:15,014 INFO (PostProcessorRegistrationDelegate.java:330)- Bean 'sqlSessionTemplate' of type [org.mybatis.spring.SqlSessionTemplate] is not eligible for getting processed by all BeanPostProcessors (for example: not eligible for auto-proxying)
2019-11-02 08:59:15,168 INFO (PostProcessorRegistrationDelegate.java:330)- Bean 'userMapper' of type [org.mybatis.spring.mapper.MapperFactoryBean] is not eligible for getting processed by all BeanPostProcessors (for example: not eligible for auto-proxying)
2019-11-02 08:59:15,185 INFO (PostProcessorRegistrationDelegate.java:330)- Bean 'userMapper' of type [com.sun.proxy.$Proxy66] is not eligible for getting processed by all BeanPostProcessors (for example: not eligible for auto-proxying)
2019-11-02 08:59:15,187 INFO (PostProcessorRegistrationDelegate.java:330)- Bean 'customRealm' of type [org.hds.config.MyShiroRealm] is not eligible for getting processed by all BeanPostProcessors (for example: not eligible for auto-proxying)
2019-11-02 08:59:15,190 INFO (PostProcessorRegistrationDelegate.java:330)- Bean 'securityManager' of type [org.apache.shiro.web.mgt.DefaultWebSecurityManager] is not eligible for getting processed by all BeanPostProcessors (for example: not eligible for auto-proxying)
2019-11-02 08:59:15,397 INFO (PostProcessorRegistrationDelegate.java:330)- Bean 'org.springframework.transaction.annotation.ProxyTransactionManagementConfiguration' of type [org.springframework.transaction.annotation.ProxyTransactionManagementConfiguration$$EnhancerBySpringCGLIB$$e73e5ef9] is not eligible for getting processed by all BeanPostProcessors (for example: not eligible for auto-proxying)
2019-11-02 08:59:15,416 INFO (PostProcessorRegistrationDelegate.java:330)- Bean 'authorizationAttributeSourceAdvisor' of type [org.apache.shiro.spring.security.interceptor.AuthorizationAttributeSourceAdvisor] is not eligible for getting processed by all BeanPostProcessors (for example: not eligible for auto-proxying)
2019-11-02 08:59:16,444 INFO (TomcatWebServer.java:90)- Tomcat initialized with port(s): 8011 (http)
2019-11-02 08:59:16,476 INFO (DirectJDKLog.java:173)- Initializing ProtocolHandler ["http-nio-8011"]
2019-11-02 08:59:16,497 INFO (DirectJDKLog.java:173)- Starting service [Tomcat]
2019-11-02 08:59:16,497 INFO (DirectJDKLog.java:173)- Starting Servlet engine: [Apache Tomcat/9.0.16]
2019-11-02 08:59:16,520 INFO (DirectJDKLog.java:173)- The APR based Apache Tomcat Native library which allows optimal performance in production environments was not found on the java.library.path: [C:\Program Files\Java\jre1.8.0_211\bin;C:\Windows\Sun\Java\bin;C:\Windows\system32;C:\Windows;C:/Program Files/Java/jre1.8.0_211/bin/server;C:/Program Files/Java/jre1.8.0_211/bin;C:/Program Files/Java/jre1.8.0_211/lib/amd64;C:\Program Files (x86)\Common Files\Oracle\Java\javapath;C:\Program Files (x86)\Intel\Intel(R) Management Engine Components\iCLS\;C:\Program Files\Intel\Intel(R) Management Engine Components\iCLS\;C:\Windows\system32;C:\Windows;C:\Windows\System32\Wbem;C:\Windows\System32\WindowsPowerShell\v1.0\;C:\Windows\System32\OpenSSH\;C:\Program Files (x86)\Intel\Intel(R) Management Engine Components\DAL;C:\Program Files\Intel\Intel(R) Management Engine Components\DAL;C:\Program Files (x86)\Intel\Intel(R) Management Engine Components\IPT;C:\Program Files\Intel\Intel(R) Management Engine Components\IPT;C:\Program Files (x86)\NVIDIA Corporation\PhysX\Common;C:\Program Files\NVIDIA Corporation\NVIDIA NvDLISR;C:\Program Files\MySQL\bin;C:\Program Files\Java\jre1.8.0_202\bin;C:\Program Files\Microsoft\Web Platform Installer\;C:\Program Files (x86)\Microsoft ASP.NET\ASP.NET Web Pages\v1.0\;C:\Program Files (x86)\Windows Kits\8.0\Windows Performance Toolkit\;C:\Program Files\Microsoft SQL Server\110\Tools\Binn\;C:\Program Files (x86)\Microsoft SQL Server\100\Tools\Binn\;C:\Program Files\Microsoft SQL Server\100\Tools\Binn\;C:\Program Files\Microsoft SQL Server\100\DTS\Binn\;C:\Program Files (x86)\Microsoft SQL Server\100\Tools\Binn\VSShell\Common7\IDE\;C:\Program Files (x86)\Microsoft Visual Studio 9.0\Common7\IDE\PrivateAssemblies\;C:\Program Files (x86)\Microsoft SQL Server\100\DTS\Binn\;d:\Program Files\Git\cmd;C:\Users\86139\AppData\Local\Microsoft\WindowsApps;;D:\eclipse;;.]
2019-11-02 08:59:16,751 INFO (DirectJDKLog.java:173)- Initializing Spring embedded WebApplicationContext
2019-11-02 08:59:16,751 INFO (ServletWebServerApplicationContext.java:296)- Root WebApplicationContext: initialization completed in 7853 ms
2019-11-02 08:59:18,252 INFO (ExecutorConfigurationSupport.java:171)- Initializing ExecutorService 'applicationTaskExecutor'
2019-11-02 08:59:18,607 WARN (TemplateMode.java:150)- [THYMELEAF][restartedMain] Template Mode 'LEGACYHTML5' is deprecated. Using Template Mode 'HTML' instead.
2019-11-02 08:59:18,714 INFO (WelcomePageHandlerMapping.java:61)- Adding welcome page template: index
2019-11-02 08:59:20,480 INFO (OptionalLiveReloadServer.java:57)- LiveReload server is running on port 35729
2019-11-02 08:59:20,530 INFO (DirectJDKLog.java:173)- Starting ProtocolHandler ["http-nio-8011"]
2019-11-02 08:59:20,613 INFO (TomcatWebServer.java:204)- Tomcat started on port(s): 8011 (http) with context path ''
2019-11-02 08:59:20,617 INFO (StartupInfoLogger.java:59)- Started Application in 12.958 seconds (JVM running for 14.159)
2019-11-02 09:03:49,783 INFO (ExecutorConfigurationSupport.java:208)- Shutting down ExecutorService 'applicationTaskExecutor'
2019-11-02 09:03:50,556 INFO (StartupInfoLogger.java:50)- Starting Application on DESKTOP-H8FS49Q with PID 15956 (D:\eclipse-workspace\spring-boot-ledediter\target\classes started by 86139 in D:\eclipse-workspace\spring-boot-ledediter)
2019-11-02 09:03:50,556 INFO (SpringApplication.java:675)- No active profile set, falling back to default profiles: default
2019-11-02 09:03:53,790 INFO (PostProcessorRegistrationDelegate.java:330)- Bean 'shiroConfig' of type [org.hds.config.ShiroConfig$$EnhancerBySpringCGLIB$$5eb6d5c6] is not eligible for getting processed by all BeanPostProcessors (for example: not eligible for auto-proxying)
2019-11-02 09:03:53,840 INFO (PostProcessorRegistrationDelegate.java:330)- Bean 'mybatis-org.mybatis.spring.boot.autoconfigure.MybatisProperties' of type [org.mybatis.spring.boot.autoconfigure.MybatisProperties] is not eligible for getting processed by all BeanPostProcessors (for example: not eligible for auto-proxying)
2019-11-02 09:03:53,844 INFO (PostProcessorRegistrationDelegate.java:330)- Bean 'org.mybatis.spring.boot.autoconfigure.MybatisAutoConfiguration' of type [org.mybatis.spring.boot.autoconfigure.MybatisAutoConfiguration$$EnhancerBySpringCGLIB$$1a12b029] is not eligible for getting processed by all BeanPostProcessors (for example: not eligible for auto-proxying)
2019-11-02 09:03:53,855 INFO (PostProcessorRegistrationDelegate.java:330)- Bean 'druidDBConfig' of type [org.hds.config.DruidDBConfig$$EnhancerBySpringCGLIB$$6661f335] is not eligible for getting processed by all BeanPostProcessors (for example: not eligible for auto-proxying)
2019-11-02 09:03:53,861 INFO (PostProcessorRegistrationDelegate.java:330)- Bean 'dataSource' of type [com.alibaba.druid.pool.DruidDataSource] is not eligible for getting processed by all BeanPostProcessors (for example: not eligible for auto-proxying)
2019-11-02 09:03:53,884 INFO (PostProcessorRegistrationDelegate.java:330)- Bean 'sqlSessionFactory' of type [org.apache.ibatis.session.defaults.DefaultSqlSessionFactory] is not eligible for getting processed by all BeanPostProcessors (for example: not eligible for auto-proxying)
2019-11-02 09:03:53,889 INFO (PostProcessorRegistrationDelegate.java:330)- Bean 'sqlSessionTemplate' of type [org.mybatis.spring.SqlSessionTemplate] is not eligible for getting processed by all BeanPostProcessors (for example: not eligible for auto-proxying)
2019-11-02 09:03:53,918 INFO (PostProcessorRegistrationDelegate.java:330)- Bean 'userMapper' of type [org.mybatis.spring.mapper.MapperFactoryBean] is not eligible for getting processed by all BeanPostProcessors (for example: not eligible for auto-proxying)
2019-11-02 09:03:53,934 INFO (PostProcessorRegistrationDelegate.java:330)- Bean 'userMapper' of type [com.sun.proxy.$Proxy99] is not eligible for getting processed by all BeanPostProcessors (for example: not eligible for auto-proxying)
2019-11-02 09:03:53,935 INFO (PostProcessorRegistrationDelegate.java:330)- Bean 'customRealm' of type [org.hds.config.MyShiroRealm] is not eligible for getting processed by all BeanPostProcessors (for example: not eligible for auto-proxying)
2019-11-02 09:03:53,936 INFO (PostProcessorRegistrationDelegate.java:330)- Bean 'securityManager' of type [org.apache.shiro.web.mgt.DefaultWebSecurityManager] is not eligible for getting processed by all BeanPostProcessors (for example: not eligible for auto-proxying)
2019-11-02 09:03:53,971 INFO (PostProcessorRegistrationDelegate.java:330)- Bean 'org.springframework.transaction.annotation.ProxyTransactionManagementConfiguration' of type [org.springframework.transaction.annotation.ProxyTransactionManagementConfiguration$$EnhancerBySpringCGLIB$$e73e5ef9] is not eligible for getting processed by all BeanPostProcessors (for example: not eligible for auto-proxying)
2019-11-02 09:03:53,973 INFO (PostProcessorRegistrationDelegate.java:330)- Bean 'authorizationAttributeSourceAdvisor' of type [org.apache.shiro.spring.security.interceptor.AuthorizationAttributeSourceAdvisor] is not eligible for getting processed by all BeanPostProcessors (for example: not eligible for auto-proxying)
2019-11-02 09:03:54,226 INFO (TomcatWebServer.java:90)- Tomcat initialized with port(s): 8011 (http)
2019-11-02 09:03:54,228 INFO (DirectJDKLog.java:173)- Initializing ProtocolHandler ["http-nio-8011"]
2019-11-02 09:03:54,229 INFO (DirectJDKLog.java:173)- Starting service [Tomcat]
2019-11-02 09:03:54,229 INFO (DirectJDKLog.java:173)- Starting Servlet engine: [Apache Tomcat/9.0.16]
2019-11-02 09:03:54,273 INFO (DirectJDKLog.java:173)- Initializing Spring embedded WebApplicationContext
2019-11-02 09:03:54,273 INFO (ServletWebServerApplicationContext.java:296)- Root WebApplicationContext: initialization completed in 3703 ms
2019-11-02 09:03:55,019 INFO (ExecutorConfigurationSupport.java:171)- Initializing ExecutorService 'applicationTaskExecutor'
2019-11-02 09:03:55,110 WARN (TemplateMode.java:150)- [THYMELEAF][restartedMain] Template Mode 'LEGACYHTML5' is deprecated. Using Template Mode 'HTML' instead.
2019-11-02 09:03:55,142 INFO (WelcomePageHandlerMapping.java:61)- Adding welcome page template: index
2019-11-02 09:03:56,578 INFO (OptionalLiveReloadServer.java:57)- LiveReload server is running on port 35729
2019-11-02 09:03:56,601 INFO (DirectJDKLog.java:173)- Starting ProtocolHandler ["http-nio-8011"]
2019-11-02 09:03:56,607 INFO (TomcatWebServer.java:204)- Tomcat started on port(s): 8011 (http) with context path ''
2019-11-02 09:03:56,608 INFO (StartupInfoLogger.java:59)- Started Application in 6.254 seconds (JVM running for 290.149)
2019-11-02 09:03:56,612 INFO (ConditionEvaluationDeltaLoggingListener.java:70)- Condition evaluation unchanged
2019-11-02 09:15:17,463 INFO (DirectJDKLog.java:173)- Initializing Spring DispatcherServlet 'dispatcherServlet'
2019-11-02 09:15:17,465 INFO (FrameworkServlet.java:524)- Initializing Servlet 'dispatcherServlet'
2019-11-02 09:15:17,480 INFO (FrameworkServlet.java:546)- Completed initialization in 15 ms
2019-11-02 09:15:17,635 INFO (LoginController.java:49)- /Index Open
2019-11-02 09:15:20,411 INFO (DruidDataSource.java:930)- {dataSource-1} inited
2019-11-02 09:15:20,758 INFO (operateLog.java:25)- ===用户登录:changchun返回结果:{"result":"success","adminInfo":{"adminRemarks":"Vm10YVlWVXhUblJXYlRWUlZrUkJPUT09","admincount":0,"adminid":17,"adminlevel":1,"adminname":"changchun","adminpermission":"000110","adminpwd":"","adminstatus":0,"delindex":0,"expdate":"","groupids":"17","grpcount":0,"issuperuser":0,"parentid":1,"projectid":"changchun"}}===
2019-11-02 09:15:20,934 INFO (MainController.java:27)- /main Open
2019-11-02 09:15:21,203 INFO (operateLog.java:25)- ===用户:changchun/getGroup===
2019-11-02 09:15:28,285 INFO (operateLog.java:25)- ===用户:changchun/getadvEditListbyGrpid===
2019-11-02 09:15:28,431 INFO (operateLog.java:25)- ===用户:changchun 广告id:3333获取显示项返回结果:{"result":"success","itemlist":[{"delindex":0,"infoSN":3333,"itembackcolor":"","itembackopacity":100,"itemcontext":"<p>文明驾驶安全行车</p>","itemcontextjson":"[[{\"fontName\":\"SimSun\",\"fontSize\":16,\"foreColor\":\"#ff0000\",\"backColor\":\"#000000\",\"itemType\":0,\"value\":\"文明驾驶安全行车\"}]]","itemfontno":0,"itemforecolor":"","itemforeopacity":100,"itemheight":24,"itemid":1,"itemleft":0,"itemstyle":"{\"linkmove\":0,\"rollstop\":0,\"playtype\":1,\"Mandatorytime\":0,\"MandatorytimeLength\":5,\"stoptime\":0,\"playtime\":8.16,\"playspeed\":5,\"looptime\":1,\"gamma\":20}","itemtop":0,"itemtype":0,"itemwidth":144,"pageid":1}]}===
2019-11-02 09:15:34,776 INFO (auditMangerController.java:33)- /auditManger Open
2019-11-02 09:15:34,912 INFO (operateLog.java:25)- ===用户:changchun/getadvListbyGrpidState===
2019-11-02 09:15:37,670 INFO (operateLog.java:25)- ===用户:changchun/getadvEditListbyGrpid===
2019-11-02 09:15:37,747 INFO (operateLog.java:25)- ===用户:changchun 广告id:3333获取显示项返回结果:{"result":"success","itemlist":[{"delindex":0,"infoSN":3333,"itembackcolor":"","itembackopacity":100,"itemcontext":"<p>文明驾驶安全行车</p>","itemcontextjson":"[[{\"fontName\":\"SimSun\",\"fontSize\":16,\"foreColor\":\"#ff0000\",\"backColor\":\"#000000\",\"itemType\":0,\"value\":\"文明驾驶安全行车\"}]]","itemfontno":0,"itemforecolor":"","itemforeopacity":100,"itemheight":24,"itemid":1,"itemleft":0,"itemstyle":"{\"linkmove\":0,\"rollstop\":0,\"playtype\":1,\"Mandatorytime\":0,\"MandatorytimeLength\":5,\"stoptime\":0,\"playtime\":8.16,\"playspeed\":5,\"looptime\":1,\"gamma\":20}","itemtop":0,"itemtype":0,"itemwidth":144,"pageid":1}]}===
2019-11-02 09:15:39,486 INFO (auditMangerController.java:33)- /auditManger Open
2019-11-02 09:15:39,591 INFO (operateLog.java:25)- ===用户:changchun/getadvListbyGrpidState===
2019-11-02 09:15:40,558 INFO (operateLog.java:25)- ===用户:changchun 获取广告播放列表返回结果:[{"Playlistname":"长春","Programlist":"[{\"infoid\":3256,\"timelenght\":3,\"lifeAct\":\"2019-10-22\",\"lifeDie\":\"2019-10-22\",\"offsetlist\":[15,51,87,123,159,195,231,267,303,339,375,411,447,483,519,555,591,627,663,699,735,771,807,843,879,915,951,987,1023,1059]},{\"infoid\":3257,\"timelenght\":3,\"lifeAct\":\"2019-10-22\",\"lifeDie\":\"2019-10-22\",\"offsetlist\":[33,69,105,141,177,213,249,285,321,357,393,429,465,501,537,573,609,645,681,717,753,789,825,861,897,933,969,1005,1041,1077]},{\"infoid\":3263,\"timelenght\":15,\"lifeAct\":\"2019-10-22\",\"lifeDie\":\"2019-10-22\",\"offsetlist\":[18,144,288,432,576,720,846,972]},{\"infoid\":3260,\"timelenght\":15,\"lifeAct\":\"2019-10-22\",\"lifeDie\":\"2019-10-22\",\"offsetlist\":[180,450,738,990]},{\"infoid\":3268,\"timelenght\":15,\"lifeAct\":\"2019-10-22\",\"lifeDie\":\"2019-10-22\",\"offsetlist\":[0,126,198,270,324,414,468,558,684,756,828,900,954]},{\"infoid\":3270,\"timelenght\":15,\"lifeAct\":\"2019-10-22\",\"lifeDie\":\"2019-10-22\",\"offsetlist\":[1026,918,774,630,360,216,72]},{\"infoid\":3271,\"timelenght\":15,\"lifeAct\":\"2019-10-22\",\"lifeDie\":\"2019-10-22\",\"offsetlist\":[36,594,864]},{\"infoid\":3267,\"timelenght\":15,\"lifeAct\":\"2019-10-22\",\"lifeDie\":\"2019-10-22\",\"offsetlist\":[54,108,252,306,396,486,540,612,666,810,936,1008]},{\"infoid\":3275,\"timelenght\":15,\"lifeAct\":\"2019-10-22\",\"lifeDie\":\"2019-10-25\",\"offsetlist\":[162,342,522,702,882,1062]},{\"infoid\":3289,\"timelenght\":15,\"lifeAct\":\"2019-10-22\",\"lifeDie\":\"2019-10-22\",\"offsetlist\":[90,234,378,504,648,792,1044]},{\"infoid\":3285,\"timelenght\":15,\"lifeAct\":\"2019-10-23\",\"lifeDie\":\"2019-10-23\",\"offsetlist\":[0,180,360,540,720,900,72,252,432,612,792,972]},{\"infoid\":3279,\"timelenght\":15,\"lifeAct\":\"2019-10-23\",\"lifeDie\":\"2019-10-23\",\"offsetlist\":[18,198,378,558,738,918,90,270,450,630,810,990]},{\"infoid\":3286,\"timelenght\":15,\"lifeAct\":\"2019-10-23\",\"lifeDie\":\"2019-10-23\",\"offsetlist\":[36,396,756]},{\"infoid\":3274,\"timelenght\":15,\"lifeAct\":\"2019-10-23\",\"lifeDie\":\"2019-10-23\",\"offsetlist\":[54,234,414,594,774,954]},{\"infoid\":3280,\"timelenght\":15,\"lifeAct\":\"2019-10-23\",\"lifeDie\":\"2019-10-23\",\"offsetlist\":[108,468,828]},{\"infoid\":3284,\"timelenght\":3,\"lifeAct\":\"2019-10-23\",\"lifeDie\":\"2019-10-23\",\"offsetlist\":[33,69,105,141,177,213,249,285,321,357,393,429,465,501,537,573,609,645,681,717,753,789,825,861,897,933,969,1005,1041,1077]},{\"infoid\":3287,\"timelenght\":3,\"lifeAct\":\"2019-10-23\",\"lifeDie\":\"2019-10-23\",\"offsetlist\":[15,51,87,123,159,195,231,267,303,339,375,411,447,483,519,555,591,627,663,699,735,771,807,843,879,915,951,987,1023,1059]},{\"infoid\":3282,\"timelenght\":15,\"lifeAct\":\"2019-10-23\",\"lifeDie\":\"2019-10-23\",\"offsetlist\":[1008]},{\"infoid\":3283,\"timelenght\":15,\"lifeAct\":\"2019-10-23\",\"lifeDie\":\"2019-10-23\",\"offsetlist\":[648]},{\"infoid\":3281,\"timelenght\":15,\"lifeAct\":\"2019-10-23\",\"lifeDie\":\"2019-10-23\",\"offsetlist\":[288]},{\"infoid\":3288,\"timelenght\":15,\"lifeAct\":\"2019-10-23\",\"lifeDie\":\"2019-10-23\",\"offsetlist\":[216,576,936]},{\"infoid\":3277,\"timelenght\":15,\"lifeAct\":\"2019-10-23\",\"lifeDie\":\"2019-10-23\",\"offsetlist\":[144,324,504,684,864,1044]},{\"infoid\":3278,\"timelenght\":15,\"lifeAct\":\"2019-10-23\",\"lifeDie\":\"2019-10-23\",\"offsetlist\":[126,306,486,666,846,1026]}]","Playlistlifedie":"","pubid":"2704,2705,2706","id":3094,"Timequantum":"{\"listcycle\":\"1080\",\"timelist\":[{\"lifeAct\":\"0\",\"lifeDie\":\"0\"}]}","Delindex":0,"Grpid":17,"Playlistlevel":1,"Scheduletype":1,"Playlistlifeact":""}]===
2019-11-02 09:15:40,569 INFO (operateLog.java:25)- ===用户:changchun 获取已发布广告信息返回结果:[]===
2019-11-02 09:15:49,091 INFO (operateLog.java:25)- ===用户:changchun/getProjectListbyuser===
2019-11-02 09:15:49,135 INFO (operateLog.java:25)- ===用户:changchun 获取省份 返回结果:{"result":"success","ProvinceList":"北京|天津|上海|重庆|港澳台|辽宁|吉林|黑龙江|河南|河北|湖南|湖北|山东|山西|内蒙古|广东|广西|海南|江苏|浙江|福建|江西|安徽|四川|云南|贵州|陕西|甘肃|青海|宁夏|新疆|西藏"}===
2019-11-02 09:15:49,139 INFO (operateLog.java:25)- ===用户:changchun 获取城市 返回结果:{"result":"success","CityList":"北京|平谷|密云|顺义|通县|怀柔|大兴|房山|昌平|延庆"}===
2019-11-02 09:15:51,181 INFO (userMangerController.java:32)- /userManger Open===
2019-11-02 09:15:51,265 INFO (operateLog.java:25)- ===用户:changchun/getProjectListbyuser===
2019-11-02 09:15:51,270 INFO (operateLog.java:25)- ===用户:changchun/getUserList===
2019-11-02 09:39:24,575 INFO (LoginController.java:49)- /Index Open
2019-11-02 09:39:39,482 INFO (operateLog.java:25)- ===用户登录:admin返回结果:{"result":"success","adminInfo":{"adminRemarks":"VmpGYVYyRXhWWGxXYmtwT1ZteGFiMXBYZUV0VU1YQllaRWhPVDFKc1NuaFZWM1JMWVVaR1ZVMUVhejA9","admincount":0,"adminid":1,"adminlevel":1,"adminname":"admin","adminpermission":"1111111","adminpwd":"","adminstatus":0,"delindex":0,"grpcount":0,"issuperuser":1,"parentid":0,"projectid":""}}===
2019-11-02 09:39:39,502 INFO (MainController.java:27)- /main Open
2019-11-02 09:39:39,803 INFO (operateLog.java:25)- ===用户:admin/getGroup===
2019-11-02 09:39:43,566 INFO (projectMangerController.java:32)- /projectManger Open
2019-11-02 09:39:43,912 INFO (operateLog.java:25)- ===用户:admin/getProjectlist===
2019-11-02 09:39:45,343 INFO (operateLog.java:25)- ===用户:admin/getGroupbyProjectid===
2019-11-02 09:39:48,682 INFO (userMangerController.java:32)- /userManger Open===
2019-11-02 09:39:48,815 INFO (operateLog.java:25)- ===用户:admin/getProjectListbyuser===
2019-11-02 09:39:48,832 INFO (operateLog.java:25)- ===用户:admin/getUserList===
2019-11-02 09:40:08,165 INFO (operateLog.java:25)- ===用户:admin 编辑用户:changchun 返回结果:{"result":"success"}===
2019-11-02 09:40:11,171 INFO (LoginController.java:49)- /Index Open
2019-11-02 09:40:18,655 INFO (operateLog.java:25)- ===用户登录:changchun返回结果:{"result":"success","adminInfo":{"adminRemarks":"Vm10YVlWVXhUblJXYlRWUlZrUkJPUT09","admincount":0,"adminid":17,"adminlevel":1,"adminname":"changchun","adminpermission":"111011","adminpwd":"","adminstatus":0,"delindex":0,"expdate":"","groupids":"17,91","grpcount":0,"issuperuser":0,"parentid":1,"projectid":"changchun"}}===
2019-11-02 09:40:18,676 INFO (MainController.java:27)- /main Open
2019-11-02 09:40:18,864 INFO (operateLog.java:25)- ===用户:changchun/getGroup===
2019-11-02 09:40:59,343 INFO (MainController.java:27)- /main Open
2019-11-02 09:41:06,740 INFO (operateLog.java:25)- ===用户:changchun/getadvEditListbyGrpid===
2019-11-02 09:41:10,677 INFO (operateLog.java:25)- ===用户:changchun 获取广告播放列表返回结果:[{"Playlistname":"长春","Programlist":"[{\"infoid\":3585,\"timelenght\":3,\"lifeAct\":\"2019-11-01\",\"lifeDie\":\"2019-11-01\",\"offsetlist\":[15,51,87,123,159,195,231,267,303,339,375,411,447,483,519,555,591,627,663,699,735,771,807,843,879,915,951,987,1023,1059,33,69,105,141,177,213,249,285,321,357,393,429,465,501,537,573,609,645,681,717,753,789,825,861,897,933,969,1005,1041,1077]},{\"infoid\":3589,\"timelenght\":15,\"lifeAct\":\"2019-11-01\",\"lifeDie\":\"2019-11-01\",\"offsetlist\":[864]},{\"infoid\":3588,\"timelenght\":15,\"lifeAct\":\"2019-11-01\",\"lifeDie\":\"2019-11-01\",\"offsetlist\":[432]},{\"infoid\":3591,\"timelenght\":15,\"lifeAct\":\"2019-11-01\",\"lifeDie\":\"2019-11-01\",\"offsetlist\":[306,738]},{\"infoid\":3596,\"timelenght\":15,\"lifeAct\":\"2019-11-01\",\"lifeDie\":\"2019-11-01\",\"offsetlist\":[216,360,486,630,774,918,1026]},{\"infoid\":3592,\"timelenght\":15,\"lifeAct\":\"2019-11-01\",\"lifeDie\":\"2019-11-01\",\"offsetlist\":[180,594]},{\"infoid\":3595,\"timelenght\":15,\"lifeAct\":\"2019-11-01\",\"lifeDie\":\"2019-11-01\",\"offsetlist\":[126,270,414,558,684,828,954]},{\"infoid\":3587,\"timelenght\":15,\"lifeAct\":\"2019-11-01\",\"lifeDie\":\"2019-11-01\",\"offsetlist\":[72]},{\"infoid\":3593,\"timelenght\":15,\"lifeAct\":\"2019-11-01\",\"lifeDie\":\"2019-11-01\",\"offsetlist\":[36,450,990]},{\"infoid\":3597,\"timelenght\":15,\"lifeAct\":\"2019-11-01\",\"lifeDie\":\"2019-11-01\",\"offsetlist\":[18,144,288,576,720,846,972]},{\"infoid\":3590,\"timelenght\":15,\"lifeAct\":\"2019-11-01\",\"lifeDie\":\"2019-11-01\",\"offsetlist\":[0,90,234,378,504,648,792,936,1044]},{\"infoid\":3586,\"timelenght\":15,\"lifeAct\":\"2019-11-01\",\"lifeDie\":\"2019-11-30\",\"offsetlist\":[342,522,702,882,1062,162]},{\"infoid\":3604,\"timelenght\":15,\"lifeAct\":\"2019-11-01\",\"lifeDie\":\"2019-11-01\",\"offsetlist\":[54,108,198,252,324,396,468,540,612,666,756,810,900,1008]}]","Playlistlifedie":"","pubid":"2769,2770","id":3429,"Timequantum":"{\"listcycle\":\"1080\",\"timelist\":[{\"lifeAct\":\"0\",\"lifeDie\":\"0\"}]}","Delindex":0,"Grpid":17,"Playlistlevel":1,"Scheduletype":1,"Playlistlifeact":""}]===
2019-11-02 09:41:10,811 INFO (operateLog.java:25)- ===用户:changchun 获取已发布广告信息返回结果:[{"playTimelength":15,"Advname":"10-60打黑公益-","publishDate":"2019-10-31 16:10:10","id":3586,"lifeAct":"2019-11-01","Pubidid":1519,"lifeDie":"2019-11-30"}]===
2019-11-02 09:41:19,767 INFO (auditMangerController.java:33)- /auditManger Open
2019-11-02 09:41:19,934 INFO (operateLog.java:25)- ===用户:changchun/getadvListbyGrpidState===
2019-11-02 09:41:21,469 INFO (operateLog.java:25)- ===用户:changchun/getadvEditListbyGrpid===
2019-11-02 09:41:24,453 INFO (userMangerController.java:32)- /userManger Open===
2019-11-02 09:41:24,576 INFO (operateLog.java:25)- ===用户:changchun/getProjectListbyuser===
2019-11-02 09:41:24,603 INFO (operateLog.java:25)- ===用户:changchun/getUserList===
2019-11-02 09:41:33,809 INFO (operateLog.java:25)- ===用户:changchun 编辑用户:changchun 返回结果:{"result":"success"}===
2019-11-02 09:41:37,112 INFO (LoginController.java:49)- /Index Open
2019-11-02 09:41:39,740 INFO (operateLog.java:25)- ===用户登录:changchun返回结果:{"result":"success","adminInfo":{"adminRemarks":"Vm10YVlWVXhUblJXYlRWUlZrUkJPUT09","admincount":0,"adminid":17,"adminlevel":1,"adminname":"changchun","adminpermission":"000011","adminpwd":"","adminstatus":0,"delindex":0,"expdate":"","groupids":"17,91","grpcount":0,"issuperuser":0,"parentid":1,"projectid":"changchun"}}===
2019-11-02 09:41:39,764 INFO (MainController.java:27)- /main Open
2019-11-02 09:41:39,914 INFO (operateLog.java:25)- ===用户:changchun/getGroup===
2019-11-02 09:42:06,034 INFO (operateLog.java:25)- ===用户:changchun/getadvEditListbyGrpid===
2019-11-02 09:42:08,100 INFO (auditMangerController.java:33)- /auditManger Open
2019-11-02 09:42:08,236 INFO (operateLog.java:25)- ===用户:changchun/getadvListbyGrpidState===
2019-11-02 09:42:09,777 INFO (operateLog.java:25)- ===用户:changchun 获取广告播放列表返回结果:[{"Playlistname":"长春","Programlist":"[{\"infoid\":3585,\"timelenght\":3,\"lifeAct\":\"2019-11-01\",\"lifeDie\":\"2019-11-01\",\"offsetlist\":[15,51,87,123,159,195,231,267,303,339,375,411,447,483,519,555,591,627,663,699,735,771,807,843,879,915,951,987,1023,1059,33,69,105,141,177,213,249,285,321,357,393,429,465,501,537,573,609,645,681,717,753,789,825,861,897,933,969,1005,1041,1077]},{\"infoid\":3589,\"timelenght\":15,\"lifeAct\":\"2019-11-01\",\"lifeDie\":\"2019-11-01\",\"offsetlist\":[864]},{\"infoid\":3588,\"timelenght\":15,\"lifeAct\":\"2019-11-01\",\"lifeDie\":\"2019-11-01\",\"offsetlist\":[432]},{\"infoid\":3591,\"timelenght\":15,\"lifeAct\":\"2019-11-01\",\"lifeDie\":\"2019-11-01\",\"offsetlist\":[306,738]},{\"infoid\":3596,\"timelenght\":15,\"lifeAct\":\"2019-11-01\",\"lifeDie\":\"2019-11-01\",\"offsetlist\":[216,360,486,630,774,918,1026]},{\"infoid\":3592,\"timelenght\":15,\"lifeAct\":\"2019-11-01\",\"lifeDie\":\"2019-11-01\",\"offsetlist\":[180,594]},{\"infoid\":3595,\"timelenght\":15,\"lifeAct\":\"2019-11-01\",\"lifeDie\":\"2019-11-01\",\"offsetlist\":[126,270,414,558,684,828,954]},{\"infoid\":3587,\"timelenght\":15,\"lifeAct\":\"2019-11-01\",\"lifeDie\":\"2019-11-01\",\"offsetlist\":[72]},{\"infoid\":3593,\"timelenght\":15,\"lifeAct\":\"2019-11-01\",\"lifeDie\":\"2019-11-01\",\"offsetlist\":[36,450,990]},{\"infoid\":3597,\"timelenght\":15,\"lifeAct\":\"2019-11-01\",\"lifeDie\":\"2019-11-01\",\"offsetlist\":[18,144,288,576,720,846,972]},{\"infoid\":3590,\"timelenght\":15,\"lifeAct\":\"2019-11-01\",\"lifeDie\":\"2019-11-01\",\"offsetlist\":[0,90,234,378,504,648,792,936,1044]},{\"infoid\":3586,\"timelenght\":15,\"lifeAct\":\"2019-11-01\",\"lifeDie\":\"2019-11-30\",\"offsetlist\":[342,522,702,882,1062,162]},{\"infoid\":3604,\"timelenght\":15,\"lifeAct\":\"2019-11-01\",\"lifeDie\":\"2019-11-01\",\"offsetlist\":[54,108,198,252,324,396,468,540,612,666,756,810,900,1008]}]","Playlistlifedie":"","pubid":"2769,2770","id":3429,"Timequantum":"{\"listcycle\":\"1080\",\"timelist\":[{\"lifeAct\":\"0\",\"lifeDie\":\"0\"}]}","Delindex":0,"Grpid":17,"Playlistlevel":1,"Scheduletype":1,"Playlistlifeact":""}]===
2019-11-02 09:42:09,900 INFO (operateLog.java:25)- ===用户:changchun 获取已发布广告信息返回结果:[{"playTimelength":15,"Advname":"10-60打黑公益-","publishDate":"2019-10-31 16:10:10","id":3586,"lifeAct":"2019-11-01","Pubidid":1519,"lifeDie":"2019-11-30"}]===
2019-11-02 10:30:03,692 INFO (LoginController.java:49)- /Index Open
2019-11-02 10:30:05,865 INFO (operateLog.java:25)- ===用户登录:changchun返回结果:{"result":"success","adminInfo":{"adminRemarks":"Vm10YVlWVXhUblJXYlRWUlZrUkJPUT09","admincount":0,"adminid":17,"adminlevel":1,"adminname":"changchun","adminpermission":"000011","adminpwd":"","adminstatus":0,"delindex":0,"expdate":"","groupids":"17,91","grpcount":0,"issuperuser":0,"parentid":1,"projectid":"changchun"}}===
2019-11-02 10:30:05,894 INFO (MainController.java:27)- /main Open
2019-11-02 10:30:06,134 INFO (operateLog.java:25)- ===用户:changchun/getGroup===
2019-11-02 10:30:09,919 INFO (operateLog.java:25)- ===用户:changchun/getadvEditListbyGrpid===
2019-11-02 10:30:10,611 INFO (auditMangerController.java:33)- /auditManger Open
2019-11-02 10:30:10,735 INFO (operateLog.java:25)- ===用户:changchun/getadvListbyGrpidState===
2019-11-02 10:30:11,984 INFO (operateLog.java:25)- ===用户:changchun 获取广告播放列表返回结果:[{"Playlistname":"长春","Programlist":"[{\"infoid\":3585,\"timelenght\":3,\"lifeAct\":\"2019-11-01\",\"lifeDie\":\"2019-11-01\",\"offsetlist\":[15,51,87,123,159,195,231,267,303,339,375,411,447,483,519,555,591,627,663,699,735,771,807,843,879,915,951,987,1023,1059,33,69,105,141,177,213,249,285,321,357,393,429,465,501,537,573,609,645,681,717,753,789,825,861,897,933,969,1005,1041,1077]},{\"infoid\":3589,\"timelenght\":15,\"lifeAct\":\"2019-11-01\",\"lifeDie\":\"2019-11-01\",\"offsetlist\":[864]},{\"infoid\":3588,\"timelenght\":15,\"lifeAct\":\"2019-11-01\",\"lifeDie\":\"2019-11-01\",\"offsetlist\":[432]},{\"infoid\":3591,\"timelenght\":15,\"lifeAct\":\"2019-11-01\",\"lifeDie\":\"2019-11-01\",\"offsetlist\":[306,738]},{\"infoid\":3596,\"timelenght\":15,\"lifeAct\":\"2019-11-01\",\"lifeDie\":\"2019-11-01\",\"offsetlist\":[216,360,486,630,774,918,1026]},{\"infoid\":3592,\"timelenght\":15,\"lifeAct\":\"2019-11-01\",\"lifeDie\":\"2019-11-01\",\"offsetlist\":[180,594]},{\"infoid\":3595,\"timelenght\":15,\"lifeAct\":\"2019-11-01\",\"lifeDie\":\"2019-11-01\",\"offsetlist\":[126,270,414,558,684,828,954]},{\"infoid\":3587,\"timelenght\":15,\"lifeAct\":\"2019-11-01\",\"lifeDie\":\"2019-11-01\",\"offsetlist\":[72]},{\"infoid\":3593,\"timelenght\":15,\"lifeAct\":\"2019-11-01\",\"lifeDie\":\"2019-11-01\",\"offsetlist\":[36,450,990]},{\"infoid\":3597,\"timelenght\":15,\"lifeAct\":\"2019-11-01\",\"lifeDie\":\"2019-11-01\",\"offsetlist\":[18,144,288,576,720,846,972]},{\"infoid\":3590,\"timelenght\":15,\"lifeAct\":\"2019-11-01\",\"lifeDie\":\"2019-11-01\",\"offsetlist\":[0,90,234,378,504,648,792,936,1044]},{\"infoid\":3586,\"timelenght\":15,\"lifeAct\":\"2019-11-01\",\"lifeDie\":\"2019-11-30\",\"offsetlist\":[342,522,702,882,1062,162]},{\"infoid\":3604,\"timelenght\":15,\"lifeAct\":\"2019-11-01\",\"lifeDie\":\"2019-11-01\",\"offsetlist\":[54,108,198,252,324,396,468,540,612,666,756,810,900,1008]}]","Playlistlifedie":"","pubid":"2769,2770","id":3429,"Timequantum":"{\"listcycle\":\"1080\",\"timelist\":[{\"lifeAct\":\"0\",\"lifeDie\":\"0\"}]}","Delindex":0,"Grpid":17,"Playlistlevel":1,"Scheduletype":1,"Playlistlifeact":""}]===
2019-11-02 10:30:12,149 INFO (operateLog.java:25)- ===用户:changchun 获取已发布广告信息返回结果:[{"playTimelength":15,"Advname":"10-60打黑公益-","publishDate":"2019-10-31 16:10:10","id":3586,"lifeAct":"2019-11-01","Pubidid":1519,"lifeDie":"2019-11-30"}]===
2019-11-02 10:30:14,092 INFO (userMangerController.java:32)- /userManger Open===
2019-11-02 10:30:14,198 INFO (operateLog.java:25)- ===用户:changchun/getProjectListbyuser===
2019-11-02 10:30:14,211 INFO (operateLog.java:25)- ===用户:changchun/getUserList===
2019-11-02 10:30:15,929 INFO (taxiMangerController.java:41)- /taxiManger Open
2019-11-02 10:30:16,332 INFO (operateLog.java:25)- ===用户:changchun/getTerminalsbypageNum===
2019-11-02 10:30:18,129 INFO (auditMangerController.java:33)- /auditManger Open
2019-11-02 10:30:18,219 INFO (operateLog.java:25)- ===用户:changchun/getadvListbyGrpidState===
2019-11-02 10:30:19,127 INFO (operateLog.java:25)- ===用户:changchun 获取广告播放列表返回结果:[{"Playlistname":"长春","Programlist":"[{\"infoid\":3585,\"timelenght\":3,\"lifeAct\":\"2019-11-01\",\"lifeDie\":\"2019-11-01\",\"offsetlist\":[15,51,87,123,159,195,231,267,303,339,375,411,447,483,519,555,591,627,663,699,735,771,807,843,879,915,951,987,1023,1059,33,69,105,141,177,213,249,285,321,357,393,429,465,501,537,573,609,645,681,717,753,789,825,861,897,933,969,1005,1041,1077]},{\"infoid\":3589,\"timelenght\":15,\"lifeAct\":\"2019-11-01\",\"lifeDie\":\"2019-11-01\",\"offsetlist\":[864]},{\"infoid\":3588,\"timelenght\":15,\"lifeAct\":\"2019-11-01\",\"lifeDie\":\"2019-11-01\",\"offsetlist\":[432]},{\"infoid\":3591,\"timelenght\":15,\"lifeAct\":\"2019-11-01\",\"lifeDie\":\"2019-11-01\",\"offsetlist\":[306,738]},{\"infoid\":3596,\"timelenght\":15,\"lifeAct\":\"2019-11-01\",\"lifeDie\":\"2019-11-01\",\"offsetlist\":[216,360,486,630,774,918,1026]},{\"infoid\":3592,\"timelenght\":15,\"lifeAct\":\"2019-11-01\",\"lifeDie\":\"2019-11-01\",\"offsetlist\":[180,594]},{\"infoid\":3595,\"timelenght\":15,\"lifeAct\":\"2019-11-01\",\"lifeDie\":\"2019-11-01\",\"offsetlist\":[126,270,414,558,684,828,954]},{\"infoid\":3587,\"timelenght\":15,\"lifeAct\":\"2019-11-01\",\"lifeDie\":\"2019-11-01\",\"offsetlist\":[72]},{\"infoid\":3593,\"timelenght\":15,\"lifeAct\":\"2019-11-01\",\"lifeDie\":\"2019-11-01\",\"offsetlist\":[36,450,990]},{\"infoid\":3597,\"timelenght\":15,\"lifeAct\":\"2019-11-01\",\"lifeDie\":\"2019-11-01\",\"offsetlist\":[18,144,288,576,720,846,972]},{\"infoid\":3590,\"timelenght\":15,\"lifeAct\":\"2019-11-01\",\"lifeDie\":\"2019-11-01\",\"offsetlist\":[0,90,234,378,504,648,792,936,1044]},{\"infoid\":3586,\"timelenght\":15,\"lifeAct\":\"2019-11-01\",\"lifeDie\":\"2019-11-30\",\"offsetlist\":[342,522,702,882,1062,162]},{\"infoid\":3604,\"timelenght\":15,\"lifeAct\":\"2019-11-01\",\"lifeDie\":\"2019-11-01\",\"offsetlist\":[54,108,198,252,324,396,468,540,612,666,756,810,900,1008]}]","Playlistlifedie":"","pubid":"2769,2770","id":3429,"Timequantum":"{\"listcycle\":\"1080\",\"timelist\":[{\"lifeAct\":\"0\",\"lifeDie\":\"0\"}]}","Delindex":0,"Grpid":17,"Playlistlevel":1,"Scheduletype":1,"Playlistlifeact":""}]===
2019-11-02 10:30:19,246 INFO (operateLog.java:25)- ===用户:changchun 获取已发布广告信息返回结果:[{"playTimelength":15,"Advname":"10-60打黑公益-","publishDate":"2019-10-31 16:10:10","id":3586,"lifeAct":"2019-11-01","Pubidid":1519,"lifeDie":"2019-11-30"}]===
2019-11-02 10:30:19,763 INFO (userMangerController.java:32)- /userManger Open===
2019-11-02 10:30:19,859 INFO (operateLog.java:25)- ===用户:changchun/getUserList===
2019-11-02 10:30:19,859 INFO (operateLog.java:25)- ===用户:changchun/getProjectListbyuser===
2019-11-02 10:30:21,018 INFO (operateLog.java:25)- ===用户:changchun/getadvEditListbyGrpid===
2019-11-02 10:31:40,605 INFO (auditMangerController.java:33)- /auditManger Open
2019-11-02 10:31:40,752 INFO (operateLog.java:25)- ===用户:changchun/getadvListbyGrpidState===
2019-11-02 10:31:41,922 INFO (operateLog.java:25)- ===用户:changchun 获取广告播放列表返回结果:[{"Playlistname":"长春","Programlist":"[{\"infoid\":3585,\"timelenght\":3,\"lifeAct\":\"2019-11-01\",\"lifeDie\":\"2019-11-01\",\"offsetlist\":[15,51,87,123,159,195,231,267,303,339,375,411,447,483,519,555,591,627,663,699,735,771,807,843,879,915,951,987,1023,1059,33,69,105,141,177,213,249,285,321,357,393,429,465,501,537,573,609,645,681,717,753,789,825,861,897,933,969,1005,1041,1077]},{\"infoid\":3589,\"timelenght\":15,\"lifeAct\":\"2019-11-01\",\"lifeDie\":\"2019-11-01\",\"offsetlist\":[864]},{\"infoid\":3588,\"timelenght\":15,\"lifeAct\":\"2019-11-01\",\"lifeDie\":\"2019-11-01\",\"offsetlist\":[432]},{\"infoid\":3591,\"timelenght\":15,\"lifeAct\":\"2019-11-01\",\"lifeDie\":\"2019-11-01\",\"offsetlist\":[306,738]},{\"infoid\":3596,\"timelenght\":15,\"lifeAct\":\"2019-11-01\",\"lifeDie\":\"2019-11-01\",\"offsetlist\":[216,360,486,630,774,918,1026]},{\"infoid\":3592,\"timelenght\":15,\"lifeAct\":\"2019-11-01\",\"lifeDie\":\"2019-11-01\",\"offsetlist\":[180,594]},{\"infoid\":3595,\"timelenght\":15,\"lifeAct\":\"2019-11-01\",\"lifeDie\":\"2019-11-01\",\"offsetlist\":[126,270,414,558,684,828,954]},{\"infoid\":3587,\"timelenght\":15,\"lifeAct\":\"2019-11-01\",\"lifeDie\":\"2019-11-01\",\"offsetlist\":[72]},{\"infoid\":3593,\"timelenght\":15,\"lifeAct\":\"2019-11-01\",\"lifeDie\":\"2019-11-01\",\"offsetlist\":[36,450,990]},{\"infoid\":3597,\"timelenght\":15,\"lifeAct\":\"2019-11-01\",\"lifeDie\":\"2019-11-01\",\"offsetlist\":[18,144,288,576,720,846,972]},{\"infoid\":3590,\"timelenght\":15,\"lifeAct\":\"2019-11-01\",\"lifeDie\":\"2019-11-01\",\"offsetlist\":[0,90,234,378,504,648,792,936,1044]},{\"infoid\":3586,\"timelenght\":15,\"lifeAct\":\"2019-11-01\",\"lifeDie\":\"2019-11-30\",\"offsetlist\":[342,522,702,882,1062,162]},{\"infoid\":3604,\"timelenght\":15,\"lifeAct\":\"2019-11-01\",\"lifeDie\":\"2019-11-01\",\"offsetlist\":[54,108,198,252,324,396,468,540,612,666,756,810,900,1008]}]","Playlistlifedie":"","pubid":"2769,2770","id":3429,"Timequantum":"{\"listcycle\":\"1080\",\"timelist\":[{\"lifeAct\":\"0\",\"lifeDie\":\"0\"}]}","Delindex":0,"Grpid":17,"Playlistlevel":1,"Scheduletype":1,"Playlistlifeact":""}]===
2019-11-02 10:31:42,042 INFO (operateLog.java:25)- ===用户:changchun 获取已发布广告信息返回结果:[{"playTimelength":15,"Advname":"10-60打黑公益-","publishDate":"2019-10-31 16:10:10","id":3586,"lifeAct":"2019-11-01","Pubidid":1519,"lifeDie":"2019-11-30"}]===
2019-11-02 10:31:44,191 INFO (userMangerController.java:32)- /userManger Open===
2019-11-02 10:31:44,283 INFO (operateLog.java:25)- ===用户:changchun/getProjectListbyuser===
2019-11-02 10:31:44,304 INFO (operateLog.java:25)- ===用户:changchun/getUserList===
2019-11-02 10:31:45,526 INFO (operateLog.java:25)- ===用户:changchun 获取广告播放列表返回结果:[{"Playlistname":"长春","Programlist":"[{\"infoid\":3585,\"timelenght\":3,\"lifeAct\":\"2019-11-01\",\"lifeDie\":\"2019-11-01\",\"offsetlist\":[15,51,87,123,159,195,231,267,303,339,375,411,447,483,519,555,591,627,663,699,735,771,807,843,879,915,951,987,1023,1059,33,69,105,141,177,213,249,285,321,357,393,429,465,501,537,573,609,645,681,717,753,789,825,861,897,933,969,1005,1041,1077]},{\"infoid\":3589,\"timelenght\":15,\"lifeAct\":\"2019-11-01\",\"lifeDie\":\"2019-11-01\",\"offsetlist\":[864]},{\"infoid\":3588,\"timelenght\":15,\"lifeAct\":\"2019-11-01\",\"lifeDie\":\"2019-11-01\",\"offsetlist\":[432]},{\"infoid\":3591,\"timelenght\":15,\"lifeAct\":\"2019-11-01\",\"lifeDie\":\"2019-11-01\",\"offsetlist\":[306,738]},{\"infoid\":3596,\"timelenght\":15,\"lifeAct\":\"2019-11-01\",\"lifeDie\":\"2019-11-01\",\"offsetlist\":[216,360,486,630,774,918,1026]},{\"infoid\":3592,\"timelenght\":15,\"lifeAct\":\"2019-11-01\",\"lifeDie\":\"2019-11-01\",\"offsetlist\":[180,594]},{\"infoid\":3595,\"timelenght\":15,\"lifeAct\":\"2019-11-01\",\"lifeDie\":\"2019-11-01\",\"offsetlist\":[126,270,414,558,684,828,954]},{\"infoid\":3587,\"timelenght\":15,\"lifeAct\":\"2019-11-01\",\"lifeDie\":\"2019-11-01\",\"offsetlist\":[72]},{\"infoid\":3593,\"timelenght\":15,\"lifeAct\":\"2019-11-01\",\"lifeDie\":\"2019-11-01\",\"offsetlist\":[36,450,990]},{\"infoid\":3597,\"timelenght\":15,\"lifeAct\":\"2019-11-01\",\"lifeDie\":\"2019-11-01\",\"offsetlist\":[18,144,288,576,720,846,972]},{\"infoid\":3590,\"timelenght\":15,\"lifeAct\":\"2019-11-01\",\"lifeDie\":\"2019-11-01\",\"offsetlist\":[0,90,234,378,504,648,792,936,1044]},{\"infoid\":3586,\"timelenght\":15,\"lifeAct\":\"2019-11-01\",\"lifeDie\":\"2019-11-30\",\"offsetlist\":[342,522,702,882,1062,162]},{\"infoid\":3604,\"timelenght\":15,\"lifeAct\":\"2019-11-01\",\"lifeDie\":\"2019-11-01\",\"offsetlist\":[54,108,198,252,324,396,468,540,612,666,756,810,900,1008]}]","Playlistlifedie":"","pubid":"2769,2770","id":3429,"Timequantum":"{\"listcycle\":\"1080\",\"timelist\":[{\"lifeAct\":\"0\",\"lifeDie\":\"0\"}]}","Delindex":0,"Grpid":17,"Playlistlevel":1,"Scheduletype":1,"Playlistlifeact":""}]===
2019-11-02 10:31:45,634 INFO (operateLog.java:25)- ===用户:changchun 获取已发布广告信息返回结果:[{"playTimelength":15,"Advname":"10-60打黑公益-","publishDate":"2019-10-31 16:10:10","id":3586,"lifeAct":"2019-11-01","Pubidid":1519,"lifeDie":"2019-11-30"}]===
2019-11-02 10:31:47,850 INFO (operateLog.java:25)- ===用户:changchun/getadvEditListbyGrpid===
2019-11-02 10:31:49,580 INFO (userMangerController.java:32)- /userManger Open===
2019-11-02 10:31:49,691 INFO (operateLog.java:25)- ===用户:changchun/getProjectListbyuser===
2019-11-02 10:31:49,692 INFO (operateLog.java:25)- ===用户:changchun/getUserList===
2019-11-02 10:31:51,116 INFO (operateLog.java:25)- ===用户:changchun 获取广告播放列表返回结果:[{"Playlistname":"长春","Programlist":"[{\"infoid\":3585,\"timelenght\":3,\"lifeAct\":\"2019-11-01\",\"lifeDie\":\"2019-11-01\",\"offsetlist\":[15,51,87,123,159,195,231,267,303,339,375,411,447,483,519,555,591,627,663,699,735,771,807,843,879,915,951,987,1023,1059,33,69,105,141,177,213,249,285,321,357,393,429,465,501,537,573,609,645,681,717,753,789,825,861,897,933,969,1005,1041,1077]},{\"infoid\":3589,\"timelenght\":15,\"lifeAct\":\"2019-11-01\",\"lifeDie\":\"2019-11-01\",\"offsetlist\":[864]},{\"infoid\":3588,\"timelenght\":15,\"lifeAct\":\"2019-11-01\",\"lifeDie\":\"2019-11-01\",\"offsetlist\":[432]},{\"infoid\":3591,\"timelenght\":15,\"lifeAct\":\"2019-11-01\",\"lifeDie\":\"2019-11-01\",\"offsetlist\":[306,738]},{\"infoid\":3596,\"timelenght\":15,\"lifeAct\":\"2019-11-01\",\"lifeDie\":\"2019-11-01\",\"offsetlist\":[216,360,486,630,774,918,1026]},{\"infoid\":3592,\"timelenght\":15,\"lifeAct\":\"2019-11-01\",\"lifeDie\":\"2019-11-01\",\"offsetlist\":[180,594]},{\"infoid\":3595,\"timelenght\":15,\"lifeAct\":\"2019-11-01\",\"lifeDie\":\"2019-11-01\",\"offsetlist\":[126,270,414,558,684,828,954]},{\"infoid\":3587,\"timelenght\":15,\"lifeAct\":\"2019-11-01\",\"lifeDie\":\"2019-11-01\",\"offsetlist\":[72]},{\"infoid\":3593,\"timelenght\":15,\"lifeAct\":\"2019-11-01\",\"lifeDie\":\"2019-11-01\",\"offsetlist\":[36,450,990]},{\"infoid\":3597,\"timelenght\":15,\"lifeAct\":\"2019-11-01\",\"lifeDie\":\"2019-11-01\",\"offsetlist\":[18,144,288,576,720,846,972]},{\"infoid\":3590,\"timelenght\":15,\"lifeAct\":\"2019-11-01\",\"lifeDie\":\"2019-11-01\",\"offsetlist\":[0,90,234,378,504,648,792,936,1044]},{\"infoid\":3586,\"timelenght\":15,\"lifeAct\":\"2019-11-01\",\"lifeDie\":\"2019-11-30\",\"offsetlist\":[342,522,702,882,1062,162]},{\"infoid\":3604,\"timelenght\":15,\"lifeAct\":\"2019-11-01\",\"lifeDie\":\"2019-11-01\",\"offsetlist\":[54,108,198,252,324,396,468,540,612,666,756,810,900,1008]}]","Playlistlifedie":"","pubid":"2769,2770","id":3429,"Timequantum":"{\"listcycle\":\"1080\",\"timelist\":[{\"lifeAct\":\"0\",\"lifeDie\":\"0\"}]}","Delindex":0,"Grpid":17,"Playlistlevel":1,"Scheduletype":1,"Playlistlifeact":""}]===
2019-11-02 10:31:51,232 INFO (operateLog.java:25)- ===用户:changchun 获取已发布广告信息返回结果:[{"playTimelength":15,"Advname":"10-60打黑公益-","publishDate":"2019-10-31 16:10:10","id":3586,"lifeAct":"2019-11-01","Pubidid":1519,"lifeDie":"2019-11-30"}]===
