2019-10-21 08:15:04,347 INFO (StartupInfoLogger.java:48)- Starting Application on DESKTOP-H8FS49Q with PID 10120 (D:\eclipse-workspace\spring-boot-ledediter\target\classes started by 86139 in D:\eclipse-workspace\spring-boot-ledediter)
2019-10-21 08:15:04,364 INFO (SpringApplication.java:661)- No active profile set, falling back to default profiles: default
2019-10-21 08:15:04,736 INFO (Version.java:30)- HV000001: Hibernate Validator 5.2.4.Final
2019-10-21 08:15:04,970 INFO (AbstractApplicationContext.java:581)- Refreshing org.springframework.boot.context.embedded.AnnotationConfigEmbeddedWebApplicationContext@48109c68: startup date [Mon Oct 21 08:15:04 CST 2019]; root of context hierarchy
2019-10-21 08:15:14,212 INFO (PostProcessorRegistrationDelegate.java:328)- Bean 'shiroConfig' of type [class org.hds.config.ShiroConfig$$EnhancerBySpringCGLIB$$ab5e71f3] is not eligible for getting processed by all BeanPostProcessors (for example: not eligible for auto-proxying)
2019-10-21 08:15:15,725 INFO (PostProcessorRegistrationDelegate.java:328)- Bean 'mybatis-org.mybatis.spring.boot.autoconfigure.MybatisProperties' of type [class org.mybatis.spring.boot.autoconfigure.MybatisProperties] is not eligible for getting processed by all BeanPostProcessors (for example: not eligible for auto-proxying)
2019-10-21 08:15:15,730 INFO (PostProcessorRegistrationDelegate.java:328)- Bean 'org.mybatis.spring.boot.autoconfigure.MybatisAutoConfiguration' of type [class org.mybatis.spring.boot.autoconfigure.MybatisAutoConfiguration$$EnhancerBySpringCGLIB$$66ba4c56] is not eligible for getting processed by all BeanPostProcessors (for example: not eligible for auto-proxying)
2019-10-21 08:15:15,752 INFO (PostProcessorRegistrationDelegate.java:328)- Bean 'druidDBConfig' of type [class org.hds.config.DruidDBConfig$$EnhancerBySpringCGLIB$$b3098f62] is not eligible for getting processed by all BeanPostProcessors (for example: not eligible for auto-proxying)
2019-10-21 08:15:15,926 INFO (PostProcessorRegistrationDelegate.java:328)- Bean 'dataSource' of type [class com.alibaba.druid.pool.DruidDataSource] is not eligible for getting processed by all BeanPostProcessors (for example: not eligible for auto-proxying)
2019-10-21 08:15:16,059 INFO (PostProcessorRegistrationDelegate.java:328)- Bean 'sqlSessionFactory' of type [class org.apache.ibatis.session.defaults.DefaultSqlSessionFactory] is not eligible for getting processed by all BeanPostProcessors (for example: not eligible for auto-proxying)
2019-10-21 08:15:16,101 INFO (PostProcessorRegistrationDelegate.java:328)- Bean 'sqlSessionTemplate' of type [class org.mybatis.spring.SqlSessionTemplate] is not eligible for getting processed by all BeanPostProcessors (for example: not eligible for auto-proxying)
2019-10-21 08:15:16,203 INFO (PostProcessorRegistrationDelegate.java:328)- Bean 'userMapper' of type [class org.mybatis.spring.mapper.MapperFactoryBean] is not eligible for getting processed by all BeanPostProcessors (for example: not eligible for auto-proxying)
2019-10-21 08:15:16,218 INFO (PostProcessorRegistrationDelegate.java:328)- Bean 'userMapper' of type [class com.sun.proxy.$Proxy66] is not eligible for getting processed by all BeanPostProcessors (for example: not eligible for auto-proxying)
2019-10-21 08:15:16,220 INFO (PostProcessorRegistrationDelegate.java:328)- Bean 'customRealm' of type [class org.hds.config.MyShiroRealm] is not eligible for getting processed by all BeanPostProcessors (for example: not eligible for auto-proxying)
2019-10-21 08:15:16,278 INFO (PostProcessorRegistrationDelegate.java:328)- Bean 'securityManager' of type [class org.apache.shiro.web.mgt.DefaultWebSecurityManager] is not eligible for getting processed by all BeanPostProcessors (for example: not eligible for auto-proxying)
2019-10-21 08:15:16,426 INFO (PostProcessorRegistrationDelegate.java:328)- Bean 'org.springframework.transaction.annotation.ProxyTransactionManagementConfiguration' of type [class org.springframework.transaction.annotation.ProxyTransactionManagementConfiguration$$EnhancerBySpringCGLIB$$33e5fb26] is not eligible for getting processed by all BeanPostProcessors (for example: not eligible for auto-proxying)
2019-10-21 08:15:16,471 INFO (PostProcessorRegistrationDelegate.java:328)- Bean 'authorizationAttributeSourceAdvisor' of type [class org.apache.shiro.spring.security.interceptor.AuthorizationAttributeSourceAdvisor] is not eligible for getting processed by all BeanPostProcessors (for example: not eligible for auto-proxying)
2019-10-21 08:15:17,421 INFO (TomcatEmbeddedServletContainer.java:87)- Tomcat initialized with port(s): 8011 (http)
2019-10-21 08:15:17,443 INFO (DirectJDKLog.java:179)- Starting service Tomcat
2019-10-21 08:15:17,445 INFO (DirectJDKLog.java:179)- Starting Servlet Engine: Apache Tomcat/8.5.5
2019-10-21 08:15:17,717 INFO (DirectJDKLog.java:179)- Initializing Spring embedded WebApplicationContext
2019-10-21 08:15:17,718 INFO (EmbeddedWebApplicationContext.java:276)- Root WebApplicationContext: initialization completed in 12748 ms
2019-10-21 08:15:18,440 INFO (ServletRegistrationBean.java:190)- Mapping servlet: 'dispatcherServlet' to [/]
2019-10-21 08:15:18,441 INFO (ServletRegistrationBean.java:190)- Mapping servlet: 'org.hds.config.DruidStatViewServlet' to [/druid/*]
2019-10-21 08:15:18,452 INFO (AbstractFilterRegistrationBean.java:258)- Mapping filter: 'characterEncodingFilter' to: [/*]
2019-10-21 08:15:18,452 INFO (AbstractFilterRegistrationBean.java:258)- Mapping filter: 'hiddenHttpMethodFilter' to: [/*]
2019-10-21 08:15:18,452 INFO (AbstractFilterRegistrationBean.java:258)- Mapping filter: 'httpPutFormContentFilter' to: [/*]
2019-10-21 08:15:18,452 INFO (AbstractFilterRegistrationBean.java:258)- Mapping filter: 'requestContextFilter' to: [/*]
2019-10-21 08:15:18,453 INFO (AbstractFilterRegistrationBean.java:271)- Mapping filter: 'druidWebStatFilter' to urls: [/*]
2019-10-21 08:15:18,453 INFO (AbstractFilterRegistrationBean.java:258)- Mapping filter: 'shirFilter' to: [/*]
2019-10-21 08:15:20,416 INFO (RequestMappingHandlerAdapter.java:534)- Looking for @ControllerAdvice: org.springframework.boot.context.embedded.AnnotationConfigEmbeddedWebApplicationContext@48109c68: startup date [Mon Oct 21 08:15:04 CST 2019]; root of context hierarchy
2019-10-21 08:15:20,657 INFO (AbstractHandlerMethodMapping.java:543)- Mapped "{[/updatebasemapclassify],methods=[POST]}" onto public int org.hds.web.advMangerController.updatebasemapclassify(java.lang.Integer,java.lang.Integer,java.lang.String,java.lang.String,java.lang.String,javax.servlet.http.HttpServletRequest)
2019-10-21 08:15:20,658 INFO (AbstractHandlerMethodMapping.java:543)- Mapped "{[/deletebasemapbyid],methods=[POST]}" onto public int org.hds.web.advMangerController.deletebasemapbyid(int,java.lang.String,javax.servlet.http.HttpServletRequest)
2019-10-21 08:15:20,659 INFO (AbstractHandlerMethodMapping.java:543)- Mapped "{[/updatevideoclassify],methods=[POST]}" onto public int org.hds.web.advMangerController.updatevideoclassify(java.lang.Integer,java.lang.Integer,java.lang.String,java.lang.String,java.lang.String,javax.servlet.http.HttpServletRequest)
2019-10-21 08:15:20,659 INFO (AbstractHandlerMethodMapping.java:543)- Mapped "{[/getadvEditListbyGrpid],methods=[POST]}" onto public com.alibaba.fastjson.JSONArray org.hds.web.advMangerController.getadvListbyGrpid(int,java.lang.String,javax.servlet.http.HttpServletRequest)
2019-10-21 08:15:20,660 INFO (AbstractHandlerMethodMapping.java:543)- Mapped "{[/DeleteInfobyid],methods=[POST]}" onto public com.alibaba.fastjson.JSONObject org.hds.web.advMangerController.DeleteInfobyid(int,int,java.lang.String,javax.servlet.http.HttpServletRequest)
2019-10-21 08:15:20,660 INFO (AbstractHandlerMethodMapping.java:543)- Mapped "{[/AuditInfobyid],methods=[POST]}" onto public com.alibaba.fastjson.JSONObject org.hds.web.advMangerController.AuditInfobyid(int,int,java.lang.String,javax.servlet.http.HttpServletRequest)
2019-10-21 08:15:20,660 INFO (AbstractHandlerMethodMapping.java:543)- Mapped "{[/deletevideobyid],methods=[POST]}" onto public int org.hds.web.advMangerController.deletevideobyid(int,java.lang.String,javax.servlet.http.HttpServletRequest)
2019-10-21 08:15:20,661 INFO (AbstractHandlerMethodMapping.java:543)- Mapped "{[/getbasemapbyprojectid],methods=[POST]}" onto public com.alibaba.fastjson.JSONArray org.hds.web.advMangerController.getbasemapbyprojectid(int,int,java.lang.String,java.lang.String,javax.servlet.http.HttpServletRequest)
2019-10-21 08:15:20,661 INFO (AbstractHandlerMethodMapping.java:543)- Mapped "{[/GetImg2DBbyBase64],methods=[POST]}" onto public com.alibaba.fastjson.JSONObject org.hds.web.advMangerController.GetImg2DBbyBase64(int,int,java.lang.String,org.springframework.web.multipart.MultipartFile,java.lang.String,javax.servlet.http.HttpServletRequest)
2019-10-21 08:15:20,661 INFO (AbstractHandlerMethodMapping.java:543)- Mapped "{[/getPublishInfobyid],methods=[POST]}" onto public com.alibaba.fastjson.JSONObject org.hds.web.advMangerController.getPublishInfobyid(int,java.lang.String,java.lang.String,java.lang.String,javax.servlet.http.HttpServletRequest)
2019-10-21 08:15:20,662 INFO (AbstractHandlerMethodMapping.java:543)- Mapped "{[/getvideobygroupid],methods=[POST]}" onto public com.alibaba.fastjson.JSONArray org.hds.web.advMangerController.getvideobygroupid(int,int,java.lang.String,java.lang.String,javax.servlet.http.HttpServletRequest)
2019-10-21 08:15:20,662 INFO (AbstractHandlerMethodMapping.java:543)- Mapped "{[/GetImgbyGif],methods=[POST]}" onto public com.alibaba.fastjson.JSONObject org.hds.web.advMangerController.GetImgbyGif(java.lang.String,int,int,javax.servlet.http.HttpServletRequest)
2019-10-21 08:15:20,662 INFO (AbstractHandlerMethodMapping.java:543)- Mapped "{[/CopyInfo],methods=[POST]}" onto public com.alibaba.fastjson.JSONObject org.hds.web.advMangerController.CopyInfo(java.lang.String,int,java.lang.String,java.lang.String,java.lang.String,java.lang.String,java.lang.String,javax.servlet.http.HttpServletRequest)
2019-10-21 08:15:20,662 INFO (AbstractHandlerMethodMapping.java:543)- Mapped "{[/SaveItem],methods=[POST]}" onto public com.alibaba.fastjson.JSONObject org.hds.web.advMangerController.SaveItem(int,java.lang.String,java.lang.String,int,java.lang.String,javax.servlet.http.HttpServletRequest)
2019-10-21 08:15:20,662 INFO (AbstractHandlerMethodMapping.java:543)- Mapped "{[/advManger]}" onto public java.lang.String org.hds.web.advMangerController.advManger(org.springframework.ui.Model,javax.servlet.http.HttpServletRequest)
2019-10-21 08:15:20,663 INFO (AbstractHandlerMethodMapping.java:543)- Mapped "{[/uploadvideo],methods=[POST]}" onto public com.alibaba.fastjson.JSONObject org.hds.web.advMangerController.uploadvideo(int,int,java.lang.String,java.lang.String,org.springframework.web.multipart.MultipartFile,java.lang.String,javax.servlet.http.HttpServletRequest)
2019-10-21 08:15:20,663 INFO (AbstractHandlerMethodMapping.java:543)- Mapped "{[/CreatInfo],methods=[POST]}" onto public com.alibaba.fastjson.JSONObject org.hds.web.advMangerController.CreatInfo(java.lang.String,int,java.lang.String,java.lang.String,java.lang.String,int,java.lang.String,javax.servlet.http.HttpServletRequest)
2019-10-21 08:15:20,663 INFO (AbstractHandlerMethodMapping.java:543)- Mapped "{[/UpdateInfo],methods=[POST]}" onto public com.alibaba.fastjson.JSONObject org.hds.web.advMangerController.UpdateInfo(int,int,java.lang.String,int,java.lang.String,java.lang.String,java.lang.String,int,java.lang.String,javax.servlet.http.HttpServletRequest)
2019-10-21 08:15:20,663 INFO (AbstractHandlerMethodMapping.java:543)- Mapped "{[/GetItem],methods=[POST]}" onto public com.alibaba.fastjson.JSONObject org.hds.web.advMangerController.GetItem(int,java.lang.String,javax.servlet.http.HttpServletRequest)
2019-10-21 08:15:20,664 INFO (AbstractHandlerMethodMapping.java:543)- Mapped "{[/getadvListbyGrpidState],methods=[POST]}" onto public com.alibaba.fastjson.JSONArray org.hds.web.auditMangerController.getadvListbyGrpidState(int,java.lang.String,javax.servlet.http.HttpServletRequest)
2019-10-21 08:15:20,664 INFO (AbstractHandlerMethodMapping.java:543)- Mapped "{[/RefuseInfobyid],methods=[POST]}" onto public com.alibaba.fastjson.JSONObject org.hds.web.auditMangerController.RefuseInfobyid(int,int,java.lang.String,javax.servlet.http.HttpServletRequest)
2019-10-21 08:15:20,664 INFO (AbstractHandlerMethodMapping.java:543)- Mapped "{[/auditManger]}" onto public java.lang.String org.hds.web.auditMangerController.auditManger(org.springframework.ui.Model,javax.servlet.http.HttpServletRequest)
2019-10-21 08:15:20,665 INFO (AbstractHandlerMethodMapping.java:543)- Mapped "{[/getInfobytesbyid],methods=[POST]}" onto public com.alibaba.fastjson.JSONObject org.hds.web.auditMangerController.getInfobytesbyid(int,java.lang.String,javax.servlet.http.HttpServletRequest)
2019-10-21 08:15:20,665 INFO (AbstractHandlerMethodMapping.java:543)- Mapped "{[/PublishInfobyid],methods=[POST]}" onto public com.alibaba.fastjson.JSONObject org.hds.web.auditMangerController.PublishInfobyid(int,int,java.lang.String,javax.servlet.http.HttpServletRequest)
2019-10-21 08:15:20,666 INFO (AbstractHandlerMethodMapping.java:543)- Mapped "{[/Get_parameter],methods=[POST]}" onto public com.alibaba.fastjson.JSONObject org.hds.web.groupMangerController.Get_parameter(java.lang.String,java.lang.String,javax.servlet.http.HttpServletRequest)
2019-10-21 08:15:20,666 INFO (AbstractHandlerMethodMapping.java:543)- Mapped "{[/EditGroup],methods=[POST]}" onto public com.alibaba.fastjson.JSONObject org.hds.web.groupMangerController.EditGroup(int,java.lang.String,int,int,int,java.lang.String,javax.servlet.http.HttpServletRequest)
2019-10-21 08:15:20,666 INFO (AbstractHandlerMethodMapping.java:543)- Mapped "{[/CreatGroup],methods=[POST]}" onto public com.alibaba.fastjson.JSONObject org.hds.web.groupMangerController.CreatGroup(java.lang.String,java.lang.String,int,int,int,int,java.lang.String,javax.servlet.http.HttpServletRequest)
2019-10-21 08:15:20,666 INFO (AbstractHandlerMethodMapping.java:543)- Mapped "{[/DeleteGroup],methods=[POST]}" onto public com.alibaba.fastjson.JSONObject org.hds.web.groupMangerController.DeleteGroup(int,java.lang.String,javax.servlet.http.HttpServletRequest)
2019-10-21 08:15:20,667 INFO (AbstractHandlerMethodMapping.java:543)- Mapped "{[/Set_parameter],methods=[POST]}" onto public com.alibaba.fastjson.JSONObject org.hds.web.groupMangerController.Set_parameter(java.lang.String,java.lang.String,javax.servlet.http.HttpServletRequest)
2019-10-21 08:15:20,667 INFO (AbstractHandlerMethodMapping.java:543)- Mapped "{[/groupManger]}" onto public java.lang.String org.hds.web.groupMangerController.groupManger(org.springframework.ui.Model,javax.servlet.http.HttpServletRequest)
2019-10-21 08:15:20,667 INFO (AbstractHandlerMethodMapping.java:543)- Mapped "{[/GetProvinceList],methods=[POST]}" onto public com.alibaba.fastjson.JSONObject org.hds.web.groupMangerController.GetProvinceList(java.lang.String,javax.servlet.http.HttpServletRequest)
2019-10-21 08:15:20,667 INFO (AbstractHandlerMethodMapping.java:543)- Mapped "{[/GetCityList],methods=[POST]}" onto public com.alibaba.fastjson.JSONObject org.hds.web.groupMangerController.GetCityList(java.lang.String,java.lang.String,javax.servlet.http.HttpServletRequest)
2019-10-21 08:15:20,668 INFO (AbstractHandlerMethodMapping.java:543)- Mapped "{[/gethistorybypageNum],methods=[POST]}" onto public com.alibaba.fastjson.JSONObject org.hds.web.historyMangerController.gethistorybypageNum(int,int,java.lang.String,java.lang.String,java.lang.String,int,java.lang.String,java.lang.String,javax.servlet.http.HttpServletRequest)
2019-10-21 08:15:20,668 INFO (AbstractHandlerMethodMapping.java:543)- Mapped "{[/getplaylistinfo],methods=[POST]}" onto public com.alibaba.fastjson.JSONObject org.hds.web.historyMangerController.getplaylistinfo(int,java.lang.String,javax.servlet.http.HttpServletRequest)
2019-10-21 08:15:20,669 INFO (AbstractHandlerMethodMapping.java:543)- Mapped "{[/historyManger]}" onto public java.lang.String org.hds.web.historyMangerController.historyManger(org.springframework.ui.Model,javax.servlet.http.HttpServletRequest)
2019-10-21 08:15:20,670 INFO (AbstractHandlerMethodMapping.java:543)- Mapped "{[/getGroup],methods=[POST]}" onto public com.alibaba.fastjson.JSONArray org.hds.web.infoListController.getGroup(java.lang.String,javax.servlet.http.HttpServletRequest)
2019-10-21 08:15:20,671 INFO (AbstractHandlerMethodMapping.java:543)- Mapped "{[/UpdatePlaylistName],methods=[POST]}" onto public com.alibaba.fastjson.JSONObject org.hds.web.infoListController.UpdatePlaylistName(int,java.lang.String,int,java.lang.String,javax.servlet.http.HttpServletRequest)
2019-10-21 08:15:20,671 INFO (AbstractHandlerMethodMapping.java:543)- Mapped "{[/getInfopubs],methods=[POST]}" onto public com.alibaba.fastjson.JSONArray org.hds.web.infoListController.GetInfopubs(int,java.lang.String,javax.servlet.http.HttpServletRequest)
2019-10-21 08:15:20,671 INFO (AbstractHandlerMethodMapping.java:543)- Mapped "{[/getInfoList],methods=[POST]}" onto public com.alibaba.fastjson.JSONArray org.hds.web.infoListController.GetInfoList(int,java.lang.String,javax.servlet.http.HttpServletRequest)
2019-10-21 08:15:20,671 INFO (AbstractHandlerMethodMapping.java:543)- Mapped "{[/getinfoListbyinfoid],methods=[POST]}" onto public com.alibaba.fastjson.JSONObject org.hds.web.infoListController.getinfoListbyinfoid(int,java.lang.String,javax.servlet.http.HttpServletRequest)
2019-10-21 08:15:20,672 INFO (AbstractHandlerMethodMapping.java:543)- Mapped "{[/getPublishListbyTemp],methods=[POST]}" onto public com.alibaba.fastjson.JSONObject org.hds.web.infoListController.getPublishListbyTemp(int,java.lang.String,int,java.lang.String,java.lang.String,javax.servlet.http.HttpServletRequest)
2019-10-21 08:15:20,672 INFO (AbstractHandlerMethodMapping.java:543)- Mapped "{[/deleteplaylistbyid],methods=[POST]}" onto public com.alibaba.fastjson.JSONObject org.hds.web.infoListController.deleteplaylistbyid(int,int,java.lang.String,javax.servlet.http.HttpServletRequest)
2019-10-21 08:15:20,673 INFO (AbstractHandlerMethodMapping.java:543)- Mapped "{[/infoList]}" onto public java.lang.String org.hds.web.infoListController.infoList(org.springframework.ui.Model,javax.servlet.http.HttpServletRequest)
2019-10-21 08:15:20,673 INFO (AbstractHandlerMethodMapping.java:543)- Mapped "{[/UpdateInfoList],methods=[POST]}" onto public com.alibaba.fastjson.JSONObject org.hds.web.infoListController.UpdateInfoList(int,java.lang.String,int,int,java.lang.String,int,java.lang.String,java.lang.Boolean,int,java.lang.String,javax.servlet.http.HttpServletRequest)
2019-10-21 08:15:20,674 INFO (AbstractHandlerMethodMapping.java:543)- Mapped "{[/CopyInfotodraft],methods=[POST]}" onto public com.alibaba.fastjson.JSONObject org.hds.web.infoListController.CopyInfotodraft(int,int,int,java.lang.String,javax.servlet.http.HttpServletRequest)
2019-10-21 08:15:20,674 INFO (AbstractHandlerMethodMapping.java:543)- Mapped "{[/deleteinfobyid],methods=[POST]}" onto public com.alibaba.fastjson.JSONObject org.hds.web.infoListController.deleteinfobyid(int,int,int,int,java.lang.String,javax.servlet.http.HttpServletRequest)
2019-10-21 08:15:20,674 INFO (AbstractHandlerMethodMapping.java:543)- Mapped "{[/CreatInfoList],methods=[POST]}" onto public com.alibaba.fastjson.JSONObject org.hds.web.infoListController.CreatInfoList(java.lang.String,int,int,java.lang.String,int,java.lang.String,int,java.lang.String,javax.servlet.http.HttpServletRequest)
2019-10-21 08:15:20,675 INFO (AbstractHandlerMethodMapping.java:543)- Mapped "{[/getinfoListbyGrpidState],methods=[POST]}" onto public com.alibaba.fastjson.JSONArray org.hds.web.infoMangerController.getinfoListbyGrpidState(int,int,java.lang.String,javax.servlet.http.HttpServletRequest)
2019-10-21 08:15:20,675 INFO (AbstractHandlerMethodMapping.java:543)- Mapped "{[/infoManger]}" onto public java.lang.String org.hds.web.infoMangerController.auditManger(org.springframework.ui.Model,javax.servlet.http.HttpServletRequest)
2019-10-21 08:15:20,675 INFO (AbstractHandlerMethodMapping.java:543)- Mapped "{[/jsCOMM]}" onto public java.lang.String org.hds.web.jsCOMMController.index()
2019-10-21 08:15:20,676 INFO (AbstractHandlerMethodMapping.java:543)- Mapped "{[/index]}" onto public java.lang.String org.hds.web.LoginController.index()
2019-10-21 08:15:20,676 INFO (AbstractHandlerMethodMapping.java:543)- Mapped "{[/login],methods=[POST]}" onto public com.alibaba.fastjson.JSONObject org.hds.web.LoginController.login(java.lang.String,java.lang.String,javax.servlet.http.HttpServletRequest)
2019-10-21 08:15:20,676 INFO (AbstractHandlerMethodMapping.java:543)- Mapped "{[/main]}" onto public java.lang.String org.hds.web.MainController.main(org.springframework.ui.Model,javax.servlet.http.HttpServletRequest)
2019-10-21 08:15:20,676 INFO (AbstractHandlerMethodMapping.java:543)- Mapped "{[/GetStatisticsDatabyDate],methods=[POST]}" onto public com.alibaba.fastjson.JSONObject org.hds.web.MainController.GetStatisticsDatabyDate(java.lang.String,java.lang.String,java.lang.String,javax.servlet.http.HttpServletRequest)
2019-10-21 08:15:20,677 INFO (AbstractHandlerMethodMapping.java:543)- Mapped "{[/GetStatisticsData],methods=[POST]}" onto public com.alibaba.fastjson.JSONObject org.hds.web.MainController.GetStatisticsData(java.lang.String,javax.servlet.http.HttpServletRequest)
2019-10-21 08:15:20,677 INFO (AbstractHandlerMethodMapping.java:543)- Mapped "{[/GetUpdateRate],methods=[POST]}" onto public com.alibaba.fastjson.JSONObject org.hds.web.MainController.GetUpdateRate(java.lang.String,int,javax.servlet.http.HttpServletRequest)
2019-10-21 08:15:20,677 INFO (AbstractHandlerMethodMapping.java:543)- Mapped "{[/getGroupbyProjectid],methods=[POST]}" onto public com.alibaba.fastjson.JSONArray org.hds.web.projectMangerController.getGroupbyProjectid(java.lang.String,java.lang.String,javax.servlet.http.HttpServletRequest)
2019-10-21 08:15:20,678 INFO (AbstractHandlerMethodMapping.java:543)- Mapped "{[/programlistChange],methods=[POST]}" onto public com.alibaba.fastjson.JSONObject org.hds.web.projectMangerController.programlistChange(javax.servlet.http.HttpServletRequest)
2019-10-21 08:15:20,678 INFO (AbstractHandlerMethodMapping.java:543)- Mapped "{[/updateProject],methods=[POST]}" onto public com.alibaba.fastjson.JSONObject org.hds.web.projectMangerController.updateProject(java.lang.String,java.lang.String,int,java.lang.String,int,int,int,java.lang.String,java.lang.String,javax.servlet.http.HttpServletRequest)
2019-10-21 08:15:20,678 INFO (AbstractHandlerMethodMapping.java:543)- Mapped "{[/removeProject],methods=[POST]}" onto public com.alibaba.fastjson.JSONObject org.hds.web.projectMangerController.removeProject(java.lang.String,java.lang.String,javax.servlet.http.HttpServletRequest)
2019-10-21 08:15:20,678 INFO (AbstractHandlerMethodMapping.java:543)- Mapped "{[/moveGroup],methods=[POST]}" onto public com.alibaba.fastjson.JSONObject org.hds.web.projectMangerController.moveGroup(java.lang.String,java.lang.String,int,int,java.lang.String,javax.servlet.http.HttpServletRequest)
2019-10-21 08:15:20,678 INFO (AbstractHandlerMethodMapping.java:543)- Mapped "{[/createProject],methods=[POST]}" onto public com.alibaba.fastjson.JSONObject org.hds.web.projectMangerController.createProject(java.lang.String,java.lang.String,java.lang.String,int,int,int,java.lang.String,java.lang.String,java.lang.String,java.lang.String,int,int,int,java.lang.String,javax.servlet.http.HttpServletRequest)
2019-10-21 08:15:20,678 INFO (AbstractHandlerMethodMapping.java:543)- Mapped "{[/passwordEnCode],methods=[POST]}" onto public com.alibaba.fastjson.JSONObject org.hds.web.projectMangerController.passwordEnCode(javax.servlet.http.HttpServletRequest)
2019-10-21 08:15:20,679 INFO (AbstractHandlerMethodMapping.java:543)- Mapped "{[/getProjectlist],methods=[POST]}" onto public com.alibaba.fastjson.JSONArray org.hds.web.projectMangerController.getProjectlist(java.lang.String,javax.servlet.http.HttpServletRequest)
2019-10-21 08:15:20,679 INFO (AbstractHandlerMethodMapping.java:543)- Mapped "{[/projectManger]}" onto public java.lang.String org.hds.web.projectMangerController.projectManger(org.springframework.ui.Model,javax.servlet.http.HttpServletRequest)
2019-10-21 08:15:20,679 INFO (AbstractHandlerMethodMapping.java:543)- Mapped "{[/getDelinfolistbypageNum],methods=[POST]}" onto public com.alibaba.fastjson.JSONObject org.hds.web.recycleMangerController.getDelinfolistbypageNum(int,int,int,java.lang.String,java.lang.String,java.lang.String,javax.servlet.http.HttpServletRequest)
2019-10-21 08:15:20,679 INFO (AbstractHandlerMethodMapping.java:543)- Mapped "{[/DeleteInfo2old],methods=[POST]}" onto public com.alibaba.fastjson.JSONObject org.hds.web.recycleMangerController.DeleteInfo2old(int,java.lang.String,javax.servlet.http.HttpServletRequest)
2019-10-21 08:15:20,679 INFO (AbstractHandlerMethodMapping.java:543)- Mapped "{[/recycleManger]}" onto public java.lang.String org.hds.web.recycleMangerController.recycleManger(org.springframework.ui.Model,javax.servlet.http.HttpServletRequest)
2019-10-21 08:15:20,680 INFO (AbstractHandlerMethodMapping.java:543)- Mapped "{[/updateTerminalinfo],methods=[GET]}" onto public java.lang.String org.hds.web.taxiMangerController.updateTerminalinfo(java.lang.String,java.lang.String,javax.servlet.http.HttpServletRequest)
2019-10-21 08:15:20,680 INFO (AbstractHandlerMethodMapping.java:543)- Mapped "{[/taxiInfoEditbyGroup],methods=[POST]}" onto public com.alibaba.fastjson.JSONObject org.hds.web.taxiMangerController.taxiInfoEditbyGroup(int,int,int,java.lang.String,java.lang.String,javax.servlet.http.HttpServletRequest)
2019-10-21 08:15:20,680 INFO (AbstractHandlerMethodMapping.java:543)- Mapped "{[/getTerminalsbypageNum],methods=[POST]}" onto public com.alibaba.fastjson.JSONObject org.hds.web.taxiMangerController.getTerminalsbypageNum(int,int,java.lang.String,int,java.lang.String,java.lang.String,java.lang.String,int,java.lang.String,java.lang.String,javax.servlet.http.HttpServletRequest)
2019-10-21 08:15:20,680 INFO (AbstractHandlerMethodMapping.java:543)- Mapped "{[/taxiInfoDelete],methods=[POST]}" onto public com.alibaba.fastjson.JSONObject org.hds.web.taxiMangerController.taxiInfoEdit(java.lang.String,java.lang.String,javax.servlet.http.HttpServletRequest)
2019-10-21 08:15:20,681 INFO (AbstractHandlerMethodMapping.java:543)- Mapped "{[/taxiInfoEdit],methods=[POST]}" onto public com.alibaba.fastjson.JSONObject org.hds.web.taxiMangerController.taxiInfoEdit(java.lang.String,java.lang.String,int,int,java.lang.String,javax.servlet.http.HttpServletRequest)
2019-10-21 08:15:20,681 INFO (AbstractHandlerMethodMapping.java:543)- Mapped "{[/taxiManger]}" onto public java.lang.String org.hds.web.taxiMangerController.projectManger(org.springframework.ui.Model,javax.servlet.http.HttpServletRequest)
2019-10-21 08:15:20,683 INFO (AbstractHandlerMethodMapping.java:543)- Mapped "{[/uploadimage],methods=[POST],produces=[application/json]}" onto public java.util.Map<java.lang.String, java.lang.Object> org.hds.web.ueditorConfig.save(javax.servlet.http.HttpServletRequest)
2019-10-21 08:15:20,683 INFO (AbstractHandlerMethodMapping.java:543)- Mapped "{[/ueditor/config],produces=[application/json]}" onto public java.lang.String org.hds.web.ueditorConfig.imgUpload(javax.servlet.http.HttpServletRequest,javax.servlet.http.HttpServletResponse)
2019-10-21 08:15:20,683 INFO (AbstractHandlerMethodMapping.java:543)- Mapped "{[/EditUser],methods=[POST]}" onto public com.alibaba.fastjson.JSONObject org.hds.web.userMangerController.EditUser(int,java.lang.String,java.lang.String,int,java.lang.String,java.lang.String,java.lang.String,int,java.lang.String,javax.servlet.http.HttpServletRequest)
2019-10-21 08:15:20,684 INFO (AbstractHandlerMethodMapping.java:543)- Mapped "{[/CreatUser],methods=[POST]}" onto public com.alibaba.fastjson.JSONObject org.hds.web.userMangerController.CreatUser(java.lang.String,java.lang.String,int,java.lang.String,java.lang.String,java.lang.String,java.lang.String,int,java.lang.String,javax.servlet.http.HttpServletRequest)
2019-10-21 08:15:20,684 INFO (AbstractHandlerMethodMapping.java:543)- Mapped "{[/DeleteUser],methods=[POST]}" onto public com.alibaba.fastjson.JSONObject org.hds.web.userMangerController.DeleteUser(int,java.lang.String,javax.servlet.http.HttpServletRequest)
2019-10-21 08:15:20,684 INFO (AbstractHandlerMethodMapping.java:543)- Mapped "{[/getProjectListbyuser],methods=[POST]}" onto public com.alibaba.fastjson.JSONArray org.hds.web.userMangerController.getProjectList(java.lang.String,javax.servlet.http.HttpServletRequest)
2019-10-21 08:15:20,684 INFO (AbstractHandlerMethodMapping.java:543)- Mapped "{[/getUserList],methods=[POST]}" onto public com.alibaba.fastjson.JSONArray org.hds.web.userMangerController.getUserList(java.lang.String,javax.servlet.http.HttpServletRequest)
2019-10-21 08:15:20,684 INFO (AbstractHandlerMethodMapping.java:543)- Mapped "{[/userManger]}" onto public java.lang.String org.hds.web.userMangerController.userManger(org.springframework.ui.Model,javax.servlet.http.HttpServletRequest)
2019-10-21 08:15:20,687 INFO (AbstractHandlerMethodMapping.java:543)- Mapped "{[/error]}" onto public org.springframework.http.ResponseEntity<java.util.Map<java.lang.String, java.lang.Object>> org.springframework.boot.autoconfigure.web.BasicErrorController.error(javax.servlet.http.HttpServletRequest)
2019-10-21 08:15:20,687 INFO (AbstractHandlerMethodMapping.java:543)- Mapped "{[/error],produces=[text/html]}" onto public org.springframework.web.servlet.ModelAndView org.springframework.boot.autoconfigure.web.BasicErrorController.errorHtml(javax.servlet.http.HttpServletRequest,javax.servlet.http.HttpServletResponse)
2019-10-21 08:15:20,942 INFO (AbstractUrlHandlerMapping.java:354)- Mapped URL path [/my/**] onto handler of type [class org.springframework.web.servlet.resource.ResourceHttpRequestHandler]
2019-10-21 08:15:20,942 INFO (AbstractUrlHandlerMapping.java:354)- Mapped URL path [/webjars/**] onto handler of type [class org.springframework.web.servlet.resource.ResourceHttpRequestHandler]
2019-10-21 08:15:20,942 INFO (AbstractUrlHandlerMapping.java:354)- Mapped URL path [/**] onto handler of type [class org.springframework.web.servlet.resource.ResourceHttpRequestHandler]
2019-10-21 08:15:21,198 INFO (AbstractUrlHandlerMapping.java:354)- Mapped URL path [/**/favicon.ico] onto handler of type [class org.springframework.web.servlet.resource.ResourceHttpRequestHandler]
2019-10-21 08:15:24,516 INFO (OptionalLiveReloadServer.java:58)- LiveReload server is running on port 35729
2019-10-21 08:15:24,726 INFO (MBeanExporter.java:431)- Registering beans for JMX exposure on startup
2019-10-21 08:15:24,727 INFO (MBeanExporter.java:912)- Bean with name 'dataSource' has been autodetected for JMX exposure
2019-10-21 08:15:24,731 INFO (MBeanExporter.java:667)- Located MBean 'dataSource': registering with JMX server as MBean [com.alibaba.druid.pool:name=dataSource,type=DruidDataSource]
2019-10-21 08:15:24,750 INFO (DirectJDKLog.java:179)- Initializing ProtocolHandler ["http-nio-8011"]
2019-10-21 08:15:24,785 INFO (DirectJDKLog.java:179)- Starting ProtocolHandler [http-nio-8011]
2019-10-21 08:15:24,816 INFO (DirectJDKLog.java:179)- Using a shared selector for servlet write/read
2019-10-21 08:15:24,864 INFO (TomcatEmbeddedServletContainer.java:185)- Tomcat started on port(s): 8011 (http)
2019-10-21 08:15:24,874 INFO (StartupInfoLogger.java:57)- Started Application in 21.836 seconds (JVM running for 23.067)
2019-10-21 08:15:40,164 INFO (DirectJDKLog.java:179)- Initializing Spring FrameworkServlet 'dispatcherServlet'
2019-10-21 08:15:40,164 INFO (FrameworkServlet.java:489)- FrameworkServlet 'dispatcherServlet': initialization started
2019-10-21 08:15:40,216 INFO (FrameworkServlet.java:508)- FrameworkServlet 'dispatcherServlet': initialization completed in 52 ms
2019-10-21 08:15:40,315 INFO (LoginController.java:44)- /Index Open
2019-10-21 08:15:40,367 INFO (TemplateEngine.java:825)- [THYMELEAF] INITIALIZING TEMPLATE ENGINE
2019-10-21 08:15:40,418 INFO (AbstractTemplateResolver.java:99)- [THYMELEAF] INITIALIZING TEMPLATE RESOLVER: org.thymeleaf.spring4.templateresolver.SpringResourceTemplateResolver
2019-10-21 08:15:40,419 INFO (AbstractTemplateResolver.java:110)- [THYMELEAF] TEMPLATE RESOLVER INITIALIZED OK
2019-10-21 08:15:40,419 INFO (AbstractMessageResolver.java:72)- [THYMELEAF] INITIALIZING MESSAGE RESOLVER: org.thymeleaf.spring4.messageresolver.SpringMessageResolver
2019-10-21 08:15:40,419 INFO (AbstractMessageResolver.java:78)- [THYMELEAF] MESSAGE RESOLVER INITIALIZED OK
2019-10-21 08:15:40,426 INFO (ConfigurationPrinterHelper.java:123)- [THYMELEAF] TEMPLATE ENGINE CONFIGURATION:
[THYMELEAF] * Cache Factory implementation: org.thymeleaf.cache.StandardCacheManager
[THYMELEAF] * Template modes:
[THYMELEAF]     * VALIDXHTML
[THYMELEAF]     * XHTML
[THYMELEAF]     * XML
[THYMELEAF]     * HTML5
[THYMELEAF]     * LEGACYHTML5
[THYMELEAF]     * VALIDXML
[THYMELEAF] * Template resolvers (in order):
[THYMELEAF]     * org.thymeleaf.spring4.templateresolver.SpringResourceTemplateResolver
[THYMELEAF] * Message resolvers (in order):
[THYMELEAF]     * org.thymeleaf.spring4.messageresolver.SpringMessageResolver
[THYMELEAF] * Dialect [1 of 2]: org.thymeleaf.spring4.dialect.SpringStandardDialect
[THYMELEAF]     * Prefix: "th"
[THYMELEAF] * Dialect [2 of 2]: nz.net.ultraq.thymeleaf.LayoutDialect
[THYMELEAF]     * Prefix: "layout"
[THYMELEAF] TEMPLATE ENGINE CONFIGURED OK
2019-10-21 08:15:40,426 INFO (TemplateEngine.java:838)- [THYMELEAF] TEMPLATE ENGINE INITIALIZED
2019-10-21 09:35:42,712 INFO (DruidDataSource.java:722)- {dataSource-1} inited
2019-10-21 09:35:42,908 INFO (LoginController.java:33)- ===用户登录:admin===
2019-10-21 09:35:43,026 INFO (LoginController.java:34)- ===用户登录数据:{"result":"success","adminInfo":{"adminRemarks":"VmpGYVYyRXhWWGxXYmtwT1ZteGFiMXBYZUV0VU1YQllaRWhPVDFKc1NuaFZWM1JMWVVaR1ZVMUVhejA9","admincount":0,"adminid":1,"adminlevel":1,"adminname":"admin","adminpermission":"1111111","adminpwd":"","adminstatus":0,"delindex":0,"grpcount":0,"issuperuser":1,"parentid":0,"projectid":""}}===
2019-10-21 09:35:43,134 INFO (MainController.java:27)- /main Open
2019-10-21 09:35:43,625 INFO (infoListController.java:38)- ===用户:admin/getGroup===
2019-10-21 09:35:45,581 INFO (infoListController.java:52)- ===用户:admin 获取广告播放列表返回结果:[{"Playlistname":"1111","Programlist":"[{\"infoid\":3108,\"timelenght\":7,\"indexNo\":0,\"lifeAct\":\"\",\"lifeDie\":\"\",\"infoname\":\"1014111\"},{\"infoid\":3107,\"timelenght\":16,\"indexNo\":1,\"lifeAct\":\"\",\"lifeDie\":\"\",\"infoname\":\"10141\"},{\"infoid\":2108,\"timelenght\":8,\"indexNo\":2,\"lifeAct\":\"\",\"lifeDie\":\"\",\"infoname\":\"百事\"},{\"infoid\":2109,\"timelenght\":9,\"indexNo\":3,\"lifeAct\":\"\",\"lifeDie\":\"\",\"infoname\":\"扇子\"}]","Playlistlifedie":"","pubid":"237","id":2915,"Timequantum":"{\"listcycle\":\"300\",\"timelist\":[{\"lifeAct\":\"0\",\"lifeDie\":\"0\"}]}","Delindex":0,"Grpid":2,"Playlistlevel":1,"Scheduletype":2,"Playlistlifeact":""}]===
2019-10-21 09:35:45,603 INFO (infoListController.java:66)- ===用户:admin 获取已发布广告信息返回结果:[{"playTimelength":2,"Advname":"01","publishDate":"2019-8-8 15:21:24","id":1959,"lifeAct":"","Pubidid":209,"lifeDie":""},{"playTimelength":3,"Advname":"02","publishDate":"2019-8-8 15:21:24","id":1960,"lifeAct":"","Pubidid":210,"lifeDie":""},{"playTimelength":4,"Advname":"03","publishDate":"2019-8-8 15:21:24","id":1961,"lifeAct":"","Pubidid":211,"lifeDie":""},{"playTimelength":2,"Advname":"04","publishDate":"2019-8-8 15:21:24","id":1962,"lifeAct":"","Pubidid":212,"lifeDie":""},{"playTimelength":2,"Advname":"05","publishDate":"2019-8-8 15:21:24","id":1963,"lifeAct":"","Pubidid":213,"lifeDie":""},{"playTimelength":18,"Advname":"1","publishDate":"2019-8-7 13:53:27","id":1942,"lifeAct":"","Pubidid":205,"lifeDie":""},{"playTimelength":0,"Advname":"10 12","publishDate":"2019-10-12 18:33:36","id":3068,"lifeAct":"","Pubidid":234,"lifeDie":""},{"playTimelength":0,"Advname":"10 1212","publishDate":"2019-10-12 18:39:12","id":3069,"lifeAct":"","Pubidid":235,"lifeDie":""},{"playTimelength":9,"Advname":"1014","publishDate":"2019-10-14 18:16:27","id":3102,"lifeAct":"","Pubidid":237,"lifeDie":""},{"playTimelength":16,"Advname":"10141","publishDate":"2019-10-14 18:18:18","id":3107,"lifeAct":"","Pubidid":238,"lifeDie":""},{"playTimelength":7,"Advname":"1014111","publishDate":"2019-10-14 17:57:03","id":3108,"lifeAct":"","Pubidid":236,"lifeDie":""},{"playTimelength":33,"Advname":"70周年","id":2484,"lifeAct":"","Pubidid":220,"lifeDie":""},{"playTimelength":33,"Advname":"70周年1","publishDate":"2019-09-23 11:52:45","id":2485,"lifeAct":"","Pubidid":221,"lifeDie":""},{"playTimelength":34,"Advname":"70周年11","publishDate":"2019-09-23 11:57:01","id":2489,"lifeAct":"","Pubidid":222,"lifeDie":""},{"playTimelength":27,"Advname":"70周年111","publishDate":"2019-10-14 18:22:51","id":2766,"lifeAct":"","Pubidid":228,"lifeDie":""},{"playTimelength":5,"Advname":"ertet","publishDate":"2019-7-13 14:24:25","id":358,"lifeAct":"","Pubidid":204,"lifeDie":""},{"playTimelength":6,"Advname":"不忘初心","publishDate":"2019-09-30 10:22:45","id":2837,"lifeAct":"","Pubidid":230,"lifeDie":""},{"playTimelength":6,"Advname":"人民","publishDate":"2019-8-29 10:44:08","id":2110,"lifeAct":"","Pubidid":218,"lifeDie":""},{"playTimelength":11,"Advname":"仲兴","publishDate":"2019-09-30 12:55:43","id":2771,"lifeAct":"","Pubidid":231,"lifeDie":""},{"playTimelength":8,"Advname":"国庆","publishDate":"2019-09-30 10:22:45","id":2836,"lifeAct":"","Pubidid":229,"lifeDie":""},{"playTimelength":27,"Advname":"大凡","publishDate":"2019-09-29 10:23:24","id":2784,"lifeAct":"","Pubidid":227,"lifeDie":""},{"playTimelength":14,"Advname":"宣传","publishDate":"2019-09-27 16:37:12","id":2763,"lifeAct":"","Pubidid":223,"lifeDie":""},{"playTimelength":15,"Advname":"宣传1","publishDate":"2019-09-27 16:57:31","id":2765,"lifeAct":"","Pubidid":224,"lifeDie":""},{"playTimelength":15,"Advname":"宣传11","id":2767,"lifeAct":"","Pubidid":225,"lifeDie":""},{"playTimelength":18,"Advname":"就55","publishDate":"2019-8-7 16:27:42","id":1946,"lifeAct":"","Pubidid":208,"lifeDie":""},{"playTimelength":27,"Advname":"我爱我家","publishDate":"2019-09-28 15:07:09","id":2775,"lifeAct":"","Pubidid":226,"lifeDie":""},{"playTimelength":9,"Advname":"扇子","publishDate":"2019-8-29 10:46:12","id":2109,"lifeAct":"","Pubidid":219,"lifeDie":""},{"playTimelength":12,"Advname":"新思维","publishDate":"2019-10-01 15:55:43","id":2895,"lifeAct":"","Pubidid":232,"lifeDie":""},{"playTimelength":22,"Advname":"有","publishDate":"2019-10-12 18:06:54","id":3066,"lifeAct":"","Pubidid":233,"lifeDie":""},{"playTimelength":8,"Advname":"白酒","publishDate":"2019-8-20 13:30:46","id":2040,"lifeAct":"","Pubidid":214,"lifeDie":""},{"playTimelength":8,"Advname":"百事","publishDate":"2019-8-29 10:44:08","id":2108,"lifeAct":"","Pubidid":215,"lifeDie":""},{"playTimelength":7,"Advname":"马峰1","publishDate":"2019-8-7 14:15:47","id":1943,"lifeAct":"","Pubidid":206,"lifeDie":""},{"playTimelength":7,"Advname":"马峰2","publishDate":"2019-8-7 14:15:47","id":1944,"lifeAct":"","Pubidid":207,"lifeDie":""},{"playTimelength":5,"Advname":"鱼","publishDate":"2019-8-29 10:44:08","id":2111,"lifeAct":"","Pubidid":216,"lifeDie":""}]===
2019-10-21 12:52:24,255 INFO (LoginController.java:44)- /Index Open
2019-10-21 12:52:26,934 INFO (LoginController.java:33)- ===用户登录:admin===
2019-10-21 12:52:26,936 INFO (LoginController.java:34)- ===用户登录数据:{"result":"success","adminInfo":{"adminRemarks":"VmpGYVYyRXhWWGxXYmtwT1ZteGFiMXBYZUV0VU1YQllaRWhPVDFKc1NuaFZWM1JMWVVaR1ZVMUVhejA9","admincount":0,"adminid":1,"adminlevel":1,"adminname":"admin","adminpermission":"1111111","adminpwd":"","adminstatus":0,"delindex":0,"grpcount":0,"issuperuser":1,"parentid":0,"projectid":""}}===
2019-10-21 12:52:26,950 INFO (MainController.java:27)- /main Open
2019-10-21 12:52:27,177 INFO (infoListController.java:38)- ===用户:admin/getGroup===
2019-10-21 12:52:28,913 INFO (advMangerController.java:72)- ===用户:admin/getadvListbyGrpid===
2019-10-21 12:52:29,053 INFO (advMangerController.java:395)- ===用户:admin 广告id:3109获取显示项返回结果:{"result":"success","itemlist":[]}===
2019-10-21 12:52:31,944 INFO (auditMangerController.java:30)- /auditManger Open
2019-10-21 12:52:32,120 INFO (auditMangerController.java:45)- ===用户:admin/getadvListbyGrpidState===
2019-10-21 12:52:33,975 INFO (infoListController.java:52)- ===用户:admin 获取广告播放列表返回结果:[{"Playlistname":"1111","Programlist":"[{\"infoid\":3108,\"timelenght\":7,\"indexNo\":0,\"lifeAct\":\"\",\"lifeDie\":\"\",\"infoname\":\"1014111\"},{\"infoid\":3107,\"timelenght\":16,\"indexNo\":1,\"lifeAct\":\"\",\"lifeDie\":\"\",\"infoname\":\"10141\"},{\"infoid\":2108,\"timelenght\":8,\"indexNo\":2,\"lifeAct\":\"\",\"lifeDie\":\"\",\"infoname\":\"百事\"},{\"infoid\":2109,\"timelenght\":9,\"indexNo\":3,\"lifeAct\":\"\",\"lifeDie\":\"\",\"infoname\":\"扇子\"}]","Playlistlifedie":"","pubid":"237","id":2915,"Timequantum":"{\"listcycle\":\"300\",\"timelist\":[{\"lifeAct\":\"0\",\"lifeDie\":\"0\"}]}","Delindex":0,"Grpid":2,"Playlistlevel":1,"Scheduletype":2,"Playlistlifeact":""}]===
2019-10-21 12:52:34,072 INFO (infoListController.java:66)- ===用户:admin 获取已发布广告信息返回结果:[{"playTimelength":2,"Advname":"01","publishDate":"2019-8-8 15:21:24","id":1959,"lifeAct":"","Pubidid":209,"lifeDie":""},{"playTimelength":3,"Advname":"02","publishDate":"2019-8-8 15:21:24","id":1960,"lifeAct":"","Pubidid":210,"lifeDie":""},{"playTimelength":4,"Advname":"03","publishDate":"2019-8-8 15:21:24","id":1961,"lifeAct":"","Pubidid":211,"lifeDie":""},{"playTimelength":2,"Advname":"04","publishDate":"2019-8-8 15:21:24","id":1962,"lifeAct":"","Pubidid":212,"lifeDie":""},{"playTimelength":2,"Advname":"05","publishDate":"2019-8-8 15:21:24","id":1963,"lifeAct":"","Pubidid":213,"lifeDie":""},{"playTimelength":18,"Advname":"1","publishDate":"2019-8-7 13:53:27","id":1942,"lifeAct":"","Pubidid":205,"lifeDie":""},{"playTimelength":0,"Advname":"10 12","publishDate":"2019-10-12 18:33:36","id":3068,"lifeAct":"","Pubidid":234,"lifeDie":""},{"playTimelength":0,"Advname":"10 1212","publishDate":"2019-10-12 18:39:12","id":3069,"lifeAct":"","Pubidid":235,"lifeDie":""},{"playTimelength":9,"Advname":"1014","publishDate":"2019-10-14 18:16:27","id":3102,"lifeAct":"","Pubidid":237,"lifeDie":""},{"playTimelength":16,"Advname":"10141","publishDate":"2019-10-14 18:18:18","id":3107,"lifeAct":"","Pubidid":238,"lifeDie":""},{"playTimelength":7,"Advname":"1014111","publishDate":"2019-10-14 17:57:03","id":3108,"lifeAct":"","Pubidid":236,"lifeDie":""},{"playTimelength":33,"Advname":"70周年","id":2484,"lifeAct":"","Pubidid":220,"lifeDie":""},{"playTimelength":33,"Advname":"70周年1","publishDate":"2019-09-23 11:52:45","id":2485,"lifeAct":"","Pubidid":221,"lifeDie":""},{"playTimelength":34,"Advname":"70周年11","publishDate":"2019-09-23 11:57:01","id":2489,"lifeAct":"","Pubidid":222,"lifeDie":""},{"playTimelength":27,"Advname":"70周年111","publishDate":"2019-10-14 18:22:51","id":2766,"lifeAct":"","Pubidid":228,"lifeDie":""},{"playTimelength":5,"Advname":"ertet","publishDate":"2019-7-13 14:24:25","id":358,"lifeAct":"","Pubidid":204,"lifeDie":""},{"playTimelength":6,"Advname":"不忘初心","publishDate":"2019-09-30 10:22:45","id":2837,"lifeAct":"","Pubidid":230,"lifeDie":""},{"playTimelength":6,"Advname":"人民","publishDate":"2019-8-29 10:44:08","id":2110,"lifeAct":"","Pubidid":218,"lifeDie":""},{"playTimelength":11,"Advname":"仲兴","publishDate":"2019-09-30 12:55:43","id":2771,"lifeAct":"","Pubidid":231,"lifeDie":""},{"playTimelength":8,"Advname":"国庆","publishDate":"2019-09-30 10:22:45","id":2836,"lifeAct":"","Pubidid":229,"lifeDie":""},{"playTimelength":27,"Advname":"大凡","publishDate":"2019-09-29 10:23:24","id":2784,"lifeAct":"","Pubidid":227,"lifeDie":""},{"playTimelength":14,"Advname":"宣传","publishDate":"2019-09-27 16:37:12","id":2763,"lifeAct":"","Pubidid":223,"lifeDie":""},{"playTimelength":15,"Advname":"宣传1","publishDate":"2019-09-27 16:57:31","id":2765,"lifeAct":"","Pubidid":224,"lifeDie":""},{"playTimelength":15,"Advname":"宣传11","id":2767,"lifeAct":"","Pubidid":225,"lifeDie":""},{"playTimelength":18,"Advname":"就55","publishDate":"2019-8-7 16:27:42","id":1946,"lifeAct":"","Pubidid":208,"lifeDie":""},{"playTimelength":27,"Advname":"我爱我家","publishDate":"2019-09-28 15:07:09","id":2775,"lifeAct":"","Pubidid":226,"lifeDie":""},{"playTimelength":9,"Advname":"扇子","publishDate":"2019-8-29 10:46:12","id":2109,"lifeAct":"","Pubidid":219,"lifeDie":""},{"playTimelength":12,"Advname":"新思维","publishDate":"2019-10-01 15:55:43","id":2895,"lifeAct":"","Pubidid":232,"lifeDie":""},{"playTimelength":22,"Advname":"有","publishDate":"2019-10-12 18:06:54","id":3066,"lifeAct":"","Pubidid":233,"lifeDie":""},{"playTimelength":8,"Advname":"白酒","publishDate":"2019-8-20 13:30:46","id":2040,"lifeAct":"","Pubidid":214,"lifeDie":""},{"playTimelength":8,"Advname":"百事","publishDate":"2019-8-29 10:44:08","id":2108,"lifeAct":"","Pubidid":215,"lifeDie":""},{"playTimelength":7,"Advname":"马峰1","publishDate":"2019-8-7 14:15:47","id":1943,"lifeAct":"","Pubidid":206,"lifeDie":""},{"playTimelength":7,"Advname":"马峰2","publishDate":"2019-8-7 14:15:47","id":1944,"lifeAct":"","Pubidid":207,"lifeDie":""},{"playTimelength":5,"Advname":"鱼","publishDate":"2019-8-29 10:44:08","id":2111,"lifeAct":"","Pubidid":216,"lifeDie":""}]===
2019-10-21 12:52:36,708 INFO (auditMangerController.java:30)- /auditManger Open
2019-10-21 12:52:36,883 INFO (auditMangerController.java:45)- ===用户:admin/getadvListbyGrpidState===
2019-10-21 12:52:37,861 INFO (infoListController.java:52)- ===用户:admin 获取广告播放列表返回结果:[{"Playlistname":"1111","Programlist":"[{\"infoid\":3108,\"timelenght\":7,\"indexNo\":0,\"lifeAct\":\"\",\"lifeDie\":\"\",\"infoname\":\"1014111\"},{\"infoid\":3107,\"timelenght\":16,\"indexNo\":1,\"lifeAct\":\"\",\"lifeDie\":\"\",\"infoname\":\"10141\"},{\"infoid\":2108,\"timelenght\":8,\"indexNo\":2,\"lifeAct\":\"\",\"lifeDie\":\"\",\"infoname\":\"百事\"},{\"infoid\":2109,\"timelenght\":9,\"indexNo\":3,\"lifeAct\":\"\",\"lifeDie\":\"\",\"infoname\":\"扇子\"}]","Playlistlifedie":"","pubid":"237","id":2915,"Timequantum":"{\"listcycle\":\"300\",\"timelist\":[{\"lifeAct\":\"0\",\"lifeDie\":\"0\"}]}","Delindex":0,"Grpid":2,"Playlistlevel":1,"Scheduletype":2,"Playlistlifeact":""}]===
2019-10-21 12:52:37,983 INFO (infoListController.java:66)- ===用户:admin 获取已发布广告信息返回结果:[{"playTimelength":2,"Advname":"01","publishDate":"2019-8-8 15:21:24","id":1959,"lifeAct":"","Pubidid":209,"lifeDie":""},{"playTimelength":3,"Advname":"02","publishDate":"2019-8-8 15:21:24","id":1960,"lifeAct":"","Pubidid":210,"lifeDie":""},{"playTimelength":4,"Advname":"03","publishDate":"2019-8-8 15:21:24","id":1961,"lifeAct":"","Pubidid":211,"lifeDie":""},{"playTimelength":2,"Advname":"04","publishDate":"2019-8-8 15:21:24","id":1962,"lifeAct":"","Pubidid":212,"lifeDie":""},{"playTimelength":2,"Advname":"05","publishDate":"2019-8-8 15:21:24","id":1963,"lifeAct":"","Pubidid":213,"lifeDie":""},{"playTimelength":18,"Advname":"1","publishDate":"2019-8-7 13:53:27","id":1942,"lifeAct":"","Pubidid":205,"lifeDie":""},{"playTimelength":0,"Advname":"10 12","publishDate":"2019-10-12 18:33:36","id":3068,"lifeAct":"","Pubidid":234,"lifeDie":""},{"playTimelength":0,"Advname":"10 1212","publishDate":"2019-10-12 18:39:12","id":3069,"lifeAct":"","Pubidid":235,"lifeDie":""},{"playTimelength":9,"Advname":"1014","publishDate":"2019-10-14 18:16:27","id":3102,"lifeAct":"","Pubidid":237,"lifeDie":""},{"playTimelength":16,"Advname":"10141","publishDate":"2019-10-14 18:18:18","id":3107,"lifeAct":"","Pubidid":238,"lifeDie":""},{"playTimelength":7,"Advname":"1014111","publishDate":"2019-10-14 17:57:03","id":3108,"lifeAct":"","Pubidid":236,"lifeDie":""},{"playTimelength":33,"Advname":"70周年","id":2484,"lifeAct":"","Pubidid":220,"lifeDie":""},{"playTimelength":33,"Advname":"70周年1","publishDate":"2019-09-23 11:52:45","id":2485,"lifeAct":"","Pubidid":221,"lifeDie":""},{"playTimelength":34,"Advname":"70周年11","publishDate":"2019-09-23 11:57:01","id":2489,"lifeAct":"","Pubidid":222,"lifeDie":""},{"playTimelength":27,"Advname":"70周年111","publishDate":"2019-10-14 18:22:51","id":2766,"lifeAct":"","Pubidid":228,"lifeDie":""},{"playTimelength":5,"Advname":"ertet","publishDate":"2019-7-13 14:24:25","id":358,"lifeAct":"","Pubidid":204,"lifeDie":""},{"playTimelength":6,"Advname":"不忘初心","publishDate":"2019-09-30 10:22:45","id":2837,"lifeAct":"","Pubidid":230,"lifeDie":""},{"playTimelength":6,"Advname":"人民","publishDate":"2019-8-29 10:44:08","id":2110,"lifeAct":"","Pubidid":218,"lifeDie":""},{"playTimelength":11,"Advname":"仲兴","publishDate":"2019-09-30 12:55:43","id":2771,"lifeAct":"","Pubidid":231,"lifeDie":""},{"playTimelength":8,"Advname":"国庆","publishDate":"2019-09-30 10:22:45","id":2836,"lifeAct":"","Pubidid":229,"lifeDie":""},{"playTimelength":27,"Advname":"大凡","publishDate":"2019-09-29 10:23:24","id":2784,"lifeAct":"","Pubidid":227,"lifeDie":""},{"playTimelength":14,"Advname":"宣传","publishDate":"2019-09-27 16:37:12","id":2763,"lifeAct":"","Pubidid":223,"lifeDie":""},{"playTimelength":15,"Advname":"宣传1","publishDate":"2019-09-27 16:57:31","id":2765,"lifeAct":"","Pubidid":224,"lifeDie":""},{"playTimelength":15,"Advname":"宣传11","id":2767,"lifeAct":"","Pubidid":225,"lifeDie":""},{"playTimelength":18,"Advname":"就55","publishDate":"2019-8-7 16:27:42","id":1946,"lifeAct":"","Pubidid":208,"lifeDie":""},{"playTimelength":27,"Advname":"我爱我家","publishDate":"2019-09-28 15:07:09","id":2775,"lifeAct":"","Pubidid":226,"lifeDie":""},{"playTimelength":9,"Advname":"扇子","publishDate":"2019-8-29 10:46:12","id":2109,"lifeAct":"","Pubidid":219,"lifeDie":""},{"playTimelength":12,"Advname":"新思维","publishDate":"2019-10-01 15:55:43","id":2895,"lifeAct":"","Pubidid":232,"lifeDie":""},{"playTimelength":22,"Advname":"有","publishDate":"2019-10-12 18:06:54","id":3066,"lifeAct":"","Pubidid":233,"lifeDie":""},{"playTimelength":8,"Advname":"白酒","publishDate":"2019-8-20 13:30:46","id":2040,"lifeAct":"","Pubidid":214,"lifeDie":""},{"playTimelength":8,"Advname":"百事","publishDate":"2019-8-29 10:44:08","id":2108,"lifeAct":"","Pubidid":215,"lifeDie":""},{"playTimelength":7,"Advname":"马峰1","publishDate":"2019-8-7 14:15:47","id":1943,"lifeAct":"","Pubidid":206,"lifeDie":""},{"playTimelength":7,"Advname":"马峰2","publishDate":"2019-8-7 14:15:47","id":1944,"lifeAct":"","Pubidid":207,"lifeDie":""},{"playTimelength":5,"Advname":"鱼","publishDate":"2019-8-29 10:44:08","id":2111,"lifeAct":"","Pubidid":216,"lifeDie":""}]===
2019-10-21 12:52:39,707 INFO (auditMangerController.java:30)- /auditManger Open
2019-10-21 12:52:39,843 INFO (auditMangerController.java:45)- ===用户:admin/getadvListbyGrpidState===
2019-10-21 12:52:40,906 INFO (advMangerController.java:72)- ===用户:admin/getadvListbyGrpid===
2019-10-21 12:52:40,998 INFO (advMangerController.java:395)- ===用户:admin 广告id:3109获取显示项返回结果:{"result":"success","itemlist":[]}===
2019-10-21 12:52:42,342 INFO (auditMangerController.java:30)- /auditManger Open
2019-10-21 12:52:42,476 INFO (auditMangerController.java:45)- ===用户:admin/getadvListbyGrpidState===
2019-10-21 12:52:43,639 INFO (infoListController.java:52)- ===用户:admin 获取广告播放列表返回结果:[{"Playlistname":"1111","Programlist":"[{\"infoid\":3108,\"timelenght\":7,\"indexNo\":0,\"lifeAct\":\"\",\"lifeDie\":\"\",\"infoname\":\"1014111\"},{\"infoid\":3107,\"timelenght\":16,\"indexNo\":1,\"lifeAct\":\"\",\"lifeDie\":\"\",\"infoname\":\"10141\"},{\"infoid\":2108,\"timelenght\":8,\"indexNo\":2,\"lifeAct\":\"\",\"lifeDie\":\"\",\"infoname\":\"百事\"},{\"infoid\":2109,\"timelenght\":9,\"indexNo\":3,\"lifeAct\":\"\",\"lifeDie\":\"\",\"infoname\":\"扇子\"}]","Playlistlifedie":"","pubid":"237","id":2915,"Timequantum":"{\"listcycle\":\"300\",\"timelist\":[{\"lifeAct\":\"0\",\"lifeDie\":\"0\"}]}","Delindex":0,"Grpid":2,"Playlistlevel":1,"Scheduletype":2,"Playlistlifeact":""}]===
2019-10-21 12:52:43,732 INFO (infoListController.java:66)- ===用户:admin 获取已发布广告信息返回结果:[{"playTimelength":2,"Advname":"01","publishDate":"2019-8-8 15:21:24","id":1959,"lifeAct":"","Pubidid":209,"lifeDie":""},{"playTimelength":3,"Advname":"02","publishDate":"2019-8-8 15:21:24","id":1960,"lifeAct":"","Pubidid":210,"lifeDie":""},{"playTimelength":4,"Advname":"03","publishDate":"2019-8-8 15:21:24","id":1961,"lifeAct":"","Pubidid":211,"lifeDie":""},{"playTimelength":2,"Advname":"04","publishDate":"2019-8-8 15:21:24","id":1962,"lifeAct":"","Pubidid":212,"lifeDie":""},{"playTimelength":2,"Advname":"05","publishDate":"2019-8-8 15:21:24","id":1963,"lifeAct":"","Pubidid":213,"lifeDie":""},{"playTimelength":18,"Advname":"1","publishDate":"2019-8-7 13:53:27","id":1942,"lifeAct":"","Pubidid":205,"lifeDie":""},{"playTimelength":0,"Advname":"10 12","publishDate":"2019-10-12 18:33:36","id":3068,"lifeAct":"","Pubidid":234,"lifeDie":""},{"playTimelength":0,"Advname":"10 1212","publishDate":"2019-10-12 18:39:12","id":3069,"lifeAct":"","Pubidid":235,"lifeDie":""},{"playTimelength":9,"Advname":"1014","publishDate":"2019-10-14 18:16:27","id":3102,"lifeAct":"","Pubidid":237,"lifeDie":""},{"playTimelength":16,"Advname":"10141","publishDate":"2019-10-14 18:18:18","id":3107,"lifeAct":"","Pubidid":238,"lifeDie":""},{"playTimelength":7,"Advname":"1014111","publishDate":"2019-10-14 17:57:03","id":3108,"lifeAct":"","Pubidid":236,"lifeDie":""},{"playTimelength":33,"Advname":"70周年","id":2484,"lifeAct":"","Pubidid":220,"lifeDie":""},{"playTimelength":33,"Advname":"70周年1","publishDate":"2019-09-23 11:52:45","id":2485,"lifeAct":"","Pubidid":221,"lifeDie":""},{"playTimelength":34,"Advname":"70周年11","publishDate":"2019-09-23 11:57:01","id":2489,"lifeAct":"","Pubidid":222,"lifeDie":""},{"playTimelength":27,"Advname":"70周年111","publishDate":"2019-10-14 18:22:51","id":2766,"lifeAct":"","Pubidid":228,"lifeDie":""},{"playTimelength":5,"Advname":"ertet","publishDate":"2019-7-13 14:24:25","id":358,"lifeAct":"","Pubidid":204,"lifeDie":""},{"playTimelength":6,"Advname":"不忘初心","publishDate":"2019-09-30 10:22:45","id":2837,"lifeAct":"","Pubidid":230,"lifeDie":""},{"playTimelength":6,"Advname":"人民","publishDate":"2019-8-29 10:44:08","id":2110,"lifeAct":"","Pubidid":218,"lifeDie":""},{"playTimelength":11,"Advname":"仲兴","publishDate":"2019-09-30 12:55:43","id":2771,"lifeAct":"","Pubidid":231,"lifeDie":""},{"playTimelength":8,"Advname":"国庆","publishDate":"2019-09-30 10:22:45","id":2836,"lifeAct":"","Pubidid":229,"lifeDie":""},{"playTimelength":27,"Advname":"大凡","publishDate":"2019-09-29 10:23:24","id":2784,"lifeAct":"","Pubidid":227,"lifeDie":""},{"playTimelength":14,"Advname":"宣传","publishDate":"2019-09-27 16:37:12","id":2763,"lifeAct":"","Pubidid":223,"lifeDie":""},{"playTimelength":15,"Advname":"宣传1","publishDate":"2019-09-27 16:57:31","id":2765,"lifeAct":"","Pubidid":224,"lifeDie":""},{"playTimelength":15,"Advname":"宣传11","id":2767,"lifeAct":"","Pubidid":225,"lifeDie":""},{"playTimelength":18,"Advname":"就55","publishDate":"2019-8-7 16:27:42","id":1946,"lifeAct":"","Pubidid":208,"lifeDie":""},{"playTimelength":27,"Advname":"我爱我家","publishDate":"2019-09-28 15:07:09","id":2775,"lifeAct":"","Pubidid":226,"lifeDie":""},{"playTimelength":9,"Advname":"扇子","publishDate":"2019-8-29 10:46:12","id":2109,"lifeAct":"","Pubidid":219,"lifeDie":""},{"playTimelength":12,"Advname":"新思维","publishDate":"2019-10-01 15:55:43","id":2895,"lifeAct":"","Pubidid":232,"lifeDie":""},{"playTimelength":22,"Advname":"有","publishDate":"2019-10-12 18:06:54","id":3066,"lifeAct":"","Pubidid":233,"lifeDie":""},{"playTimelength":8,"Advname":"白酒","publishDate":"2019-8-20 13:30:46","id":2040,"lifeAct":"","Pubidid":214,"lifeDie":""},{"playTimelength":8,"Advname":"百事","publishDate":"2019-8-29 10:44:08","id":2108,"lifeAct":"","Pubidid":215,"lifeDie":""},{"playTimelength":7,"Advname":"马峰1","publishDate":"2019-8-7 14:15:47","id":1943,"lifeAct":"","Pubidid":206,"lifeDie":""},{"playTimelength":7,"Advname":"马峰2","publishDate":"2019-8-7 14:15:47","id":1944,"lifeAct":"","Pubidid":207,"lifeDie":""},{"playTimelength":5,"Advname":"鱼","publishDate":"2019-8-29 10:44:08","id":2111,"lifeAct":"","Pubidid":216,"lifeDie":""}]===
2019-10-21 12:52:44,989 INFO (recycleMangerController.java:28)- /recycleManger Open
2019-10-21 12:52:45,290 INFO (recycleMangerController.java:44)- ===用户:admin/getDelinfolistbypageNum===
2019-10-21 12:52:46,836 INFO (auditMangerController.java:30)- /auditManger Open
2019-10-21 12:52:46,974 INFO (auditMangerController.java:45)- ===用户:admin/getadvListbyGrpidState===
2019-10-21 12:52:48,293 INFO (infoListController.java:52)- ===用户:admin 获取广告播放列表返回结果:[{"Playlistname":"1111","Programlist":"[{\"infoid\":3108,\"timelenght\":7,\"indexNo\":0,\"lifeAct\":\"\",\"lifeDie\":\"\",\"infoname\":\"1014111\"},{\"infoid\":3107,\"timelenght\":16,\"indexNo\":1,\"lifeAct\":\"\",\"lifeDie\":\"\",\"infoname\":\"10141\"},{\"infoid\":2108,\"timelenght\":8,\"indexNo\":2,\"lifeAct\":\"\",\"lifeDie\":\"\",\"infoname\":\"百事\"},{\"infoid\":2109,\"timelenght\":9,\"indexNo\":3,\"lifeAct\":\"\",\"lifeDie\":\"\",\"infoname\":\"扇子\"}]","Playlistlifedie":"","pubid":"237","id":2915,"Timequantum":"{\"listcycle\":\"300\",\"timelist\":[{\"lifeAct\":\"0\",\"lifeDie\":\"0\"}]}","Delindex":0,"Grpid":2,"Playlistlevel":1,"Scheduletype":2,"Playlistlifeact":""}]===
2019-10-21 12:52:48,377 INFO (infoListController.java:66)- ===用户:admin 获取已发布广告信息返回结果:[{"playTimelength":2,"Advname":"01","publishDate":"2019-8-8 15:21:24","id":1959,"lifeAct":"","Pubidid":209,"lifeDie":""},{"playTimelength":3,"Advname":"02","publishDate":"2019-8-8 15:21:24","id":1960,"lifeAct":"","Pubidid":210,"lifeDie":""},{"playTimelength":4,"Advname":"03","publishDate":"2019-8-8 15:21:24","id":1961,"lifeAct":"","Pubidid":211,"lifeDie":""},{"playTimelength":2,"Advname":"04","publishDate":"2019-8-8 15:21:24","id":1962,"lifeAct":"","Pubidid":212,"lifeDie":""},{"playTimelength":2,"Advname":"05","publishDate":"2019-8-8 15:21:24","id":1963,"lifeAct":"","Pubidid":213,"lifeDie":""},{"playTimelength":18,"Advname":"1","publishDate":"2019-8-7 13:53:27","id":1942,"lifeAct":"","Pubidid":205,"lifeDie":""},{"playTimelength":0,"Advname":"10 12","publishDate":"2019-10-12 18:33:36","id":3068,"lifeAct":"","Pubidid":234,"lifeDie":""},{"playTimelength":0,"Advname":"10 1212","publishDate":"2019-10-12 18:39:12","id":3069,"lifeAct":"","Pubidid":235,"lifeDie":""},{"playTimelength":9,"Advname":"1014","publishDate":"2019-10-14 18:16:27","id":3102,"lifeAct":"","Pubidid":237,"lifeDie":""},{"playTimelength":16,"Advname":"10141","publishDate":"2019-10-14 18:18:18","id":3107,"lifeAct":"","Pubidid":238,"lifeDie":""},{"playTimelength":7,"Advname":"1014111","publishDate":"2019-10-14 17:57:03","id":3108,"lifeAct":"","Pubidid":236,"lifeDie":""},{"playTimelength":33,"Advname":"70周年","id":2484,"lifeAct":"","Pubidid":220,"lifeDie":""},{"playTimelength":33,"Advname":"70周年1","publishDate":"2019-09-23 11:52:45","id":2485,"lifeAct":"","Pubidid":221,"lifeDie":""},{"playTimelength":34,"Advname":"70周年11","publishDate":"2019-09-23 11:57:01","id":2489,"lifeAct":"","Pubidid":222,"lifeDie":""},{"playTimelength":27,"Advname":"70周年111","publishDate":"2019-10-14 18:22:51","id":2766,"lifeAct":"","Pubidid":228,"lifeDie":""},{"playTimelength":5,"Advname":"ertet","publishDate":"2019-7-13 14:24:25","id":358,"lifeAct":"","Pubidid":204,"lifeDie":""},{"playTimelength":6,"Advname":"不忘初心","publishDate":"2019-09-30 10:22:45","id":2837,"lifeAct":"","Pubidid":230,"lifeDie":""},{"playTimelength":6,"Advname":"人民","publishDate":"2019-8-29 10:44:08","id":2110,"lifeAct":"","Pubidid":218,"lifeDie":""},{"playTimelength":11,"Advname":"仲兴","publishDate":"2019-09-30 12:55:43","id":2771,"lifeAct":"","Pubidid":231,"lifeDie":""},{"playTimelength":8,"Advname":"国庆","publishDate":"2019-09-30 10:22:45","id":2836,"lifeAct":"","Pubidid":229,"lifeDie":""},{"playTimelength":27,"Advname":"大凡","publishDate":"2019-09-29 10:23:24","id":2784,"lifeAct":"","Pubidid":227,"lifeDie":""},{"playTimelength":14,"Advname":"宣传","publishDate":"2019-09-27 16:37:12","id":2763,"lifeAct":"","Pubidid":223,"lifeDie":""},{"playTimelength":15,"Advname":"宣传1","publishDate":"2019-09-27 16:57:31","id":2765,"lifeAct":"","Pubidid":224,"lifeDie":""},{"playTimelength":15,"Advname":"宣传11","id":2767,"lifeAct":"","Pubidid":225,"lifeDie":""},{"playTimelength":18,"Advname":"就55","publishDate":"2019-8-7 16:27:42","id":1946,"lifeAct":"","Pubidid":208,"lifeDie":""},{"playTimelength":27,"Advname":"我爱我家","publishDate":"2019-09-28 15:07:09","id":2775,"lifeAct":"","Pubidid":226,"lifeDie":""},{"playTimelength":9,"Advname":"扇子","publishDate":"2019-8-29 10:46:12","id":2109,"lifeAct":"","Pubidid":219,"lifeDie":""},{"playTimelength":12,"Advname":"新思维","publishDate":"2019-10-01 15:55:43","id":2895,"lifeAct":"","Pubidid":232,"lifeDie":""},{"playTimelength":22,"Advname":"有","publishDate":"2019-10-12 18:06:54","id":3066,"lifeAct":"","Pubidid":233,"lifeDie":""},{"playTimelength":8,"Advname":"白酒","publishDate":"2019-8-20 13:30:46","id":2040,"lifeAct":"","Pubidid":214,"lifeDie":""},{"playTimelength":8,"Advname":"百事","publishDate":"2019-8-29 10:44:08","id":2108,"lifeAct":"","Pubidid":215,"lifeDie":""},{"playTimelength":7,"Advname":"马峰1","publishDate":"2019-8-7 14:15:47","id":1943,"lifeAct":"","Pubidid":206,"lifeDie":""},{"playTimelength":7,"Advname":"马峰2","publishDate":"2019-8-7 14:15:47","id":1944,"lifeAct":"","Pubidid":207,"lifeDie":""},{"playTimelength":5,"Advname":"鱼","publishDate":"2019-8-29 10:44:08","id":2111,"lifeAct":"","Pubidid":216,"lifeDie":""}]===
2019-10-21 12:52:49,006 INFO (recycleMangerController.java:28)- /recycleManger Open
2019-10-21 12:52:49,214 INFO (recycleMangerController.java:44)- ===用户:admin/getDelinfolistbypageNum===
2019-10-21 12:52:51,047 INFO (userMangerController.java:62)- ===用户:admin/getUserList===
2019-10-21 12:52:51,126 INFO (groupMangerController.java:110)- ===用户:admin 获取省份 返回结果:{"result":"success","ProvinceList":"北京|天津|上海|重庆|港澳台|辽宁|吉林|黑龙江|河南|河北|湖南|湖北|山东|山西|内蒙古|广东|广西|海南|江苏|浙江|福建|江西|安徽|四川|云南|贵州|陕西|甘肃|青海|宁夏|新疆|西藏"}
2019-10-21 12:52:51,141 INFO (groupMangerController.java:146)- ===用户:admin 获取城市 返回结果:{"result":"success","CityList":"北京|平谷|密云|顺义|通县|怀柔|大兴|房山|昌平|延庆"}
2019-10-21 12:52:55,263 INFO (userMangerController.java:29)- /userManger Open===
2019-10-21 12:52:55,426 INFO (userMangerController.java:62)- ===用户:admin/getUserList===
2019-10-21 12:52:55,440 INFO (userMangerController.java:43)- ===用户:admin/getUserList===
2019-10-21 12:52:59,774 INFO (taxiMangerController.java:38)- /taxiManger Open
2019-10-21 12:53:00,078 INFO (taxiMangerController.java:67)- ===用户:admin/getTerminalsbypageNum===
2019-10-21 12:53:03,569 INFO (projectMangerController.java:29)- /projectManger Open
2019-10-21 12:53:03,904 INFO (projectMangerController.java:42)- ===用户:admin/getProjectlist===
2019-10-21 12:53:07,832 INFO (advMangerController.java:72)- ===用户:admin/getadvListbyGrpid===
2019-10-21 12:53:07,925 INFO (advMangerController.java:395)- ===用户:admin 广告id:3109获取显示项返回结果:{"result":"success","itemlist":[]}===
2019-10-21 15:48:53,733 INFO (LoginController.java:44)- /Index Open
2019-10-21 15:48:55,180 INFO (LoginController.java:33)- ===用户登录:admin===
2019-10-21 15:48:55,180 INFO (LoginController.java:34)- ===用户登录数据:{"result":"success","adminInfo":{"adminRemarks":"VmpGYVYyRXhWWGxXYmtwT1ZteGFiMXBYZUV0VU1YQllaRWhPVDFKc1NuaFZWM1JMWVVaR1ZVMUVhejA9","admincount":0,"adminid":1,"adminlevel":1,"adminname":"admin","adminpermission":"1111111","adminpwd":"","adminstatus":0,"delindex":0,"grpcount":0,"issuperuser":1,"parentid":0,"projectid":""}}===
2019-10-21 15:48:55,192 INFO (MainController.java:27)- /main Open
2019-10-21 15:48:55,431 INFO (infoListController.java:38)- ===用户:admin/getGroup===
2019-10-21 15:48:56,942 INFO (userMangerController.java:29)- /userManger Open===
2019-10-21 15:48:57,159 INFO (userMangerController.java:62)- ===用户:admin/getUserList===
2019-10-21 15:48:57,163 INFO (userMangerController.java:43)- ===用户:admin/getUserList===
2019-10-21 15:48:59,852 INFO (userMangerController.java:62)- ===用户:admin/getUserList===
2019-10-21 15:48:59,897 INFO (groupMangerController.java:110)- ===用户:admin 获取省份 返回结果:{"result":"success","ProvinceList":"北京|天津|上海|重庆|港澳台|辽宁|吉林|黑龙江|河南|河北|湖南|湖北|山东|山西|内蒙古|广东|广西|海南|江苏|浙江|福建|江西|安徽|四川|云南|贵州|陕西|甘肃|青海|宁夏|新疆|西藏"}
2019-10-21 15:48:59,926 INFO (groupMangerController.java:146)- ===用户:admin 获取城市 返回结果:{"result":"success","CityList":"北京|平谷|密云|顺义|通县|怀柔|大兴|房山|昌平|延庆"}
2019-10-21 15:49:06,552 INFO (groupMangerController.java:177)- ===用户:admin 获取参数 返回结果:{"result":"success","MaxReceiveLen":512,"Showversion":1,"Energy":1,"Test":0,"BootstrapperWaitingTime":2,"LinkTime":2,"DTULink":3}
2019-10-21 15:59:04,201 INFO (groupMangerController.java:177)- ===用户:admin 获取参数 返回结果:{"result":"success","m_ZhaoMingTimeEnd":"07:00","AlarmText":"我被打劫,请报警!","DefaulText":"文明驾驶安全行车","m_ZhaoMingTimeStart":"17:00","setZhaoMingMode":0}
