2020-07-31 13:24:02,258 INFO (StartupInfoLogger.java:50)- Starting Application on DESKTOP-H8FS49Q with PID 3808 (D:\eclipse-workspace\spring-boot-ledediter\target\classes started by 86139 in D:\eclipse-workspace\spring-boot-ledediter)
2020-07-31 13:24:02,274 INFO (SpringApplication.java:675)- No active profile set, falling back to default profiles: default
2020-07-31 13:24:02,336 INFO (DeferredLog.java:227)- Devtools property defaults active! Set 'spring.devtools.add-properties' to 'false' to disable
2020-07-31 13:24:02,336 INFO (DeferredLog.java:227)- For additional web related logging consider setting the 'logging.level.web' property to 'DEBUG'
2020-07-31 13:24:03,945 INFO (PostProcessorRegistrationDelegate.java:330)- Bean 'shiroConfig' of type [org.hds.config.ShiroConfig$$EnhancerBySpringCGLIB$$e14c9592] is not eligible for getting processed by all BeanPostProcessors (for example: not eligible for auto-proxying)
2020-07-31 13:24:04,780 INFO (PostProcessorRegistrationDelegate.java:330)- Bean 'druidDBConfig' of type [org.hds.config.DruidDBConfig$$EnhancerBySpringCGLIB$$e8f7b301] is not eligible for getting processed by all BeanPostProcessors (for example: not eligible for auto-proxying)
2020-07-31 13:24:04,873 INFO (PostProcessorRegistrationDelegate.java:330)- Bean 'PrimaryDataSource' of type [com.alibaba.druid.pool.DruidDataSource] is not eligible for getting processed by all BeanPostProcessors (for example: not eligible for auto-proxying)
2020-07-31 13:24:04,920 INFO (PostProcessorRegistrationDelegate.java:330)- Bean 'PrimarydbSqlSessionFactory' of type [org.apache.ibatis.session.defaults.DefaultSqlSessionFactory] is not eligible for getting processed by all BeanPostProcessors (for example: not eligible for auto-proxying)
2020-07-31 13:24:04,966 INFO (PostProcessorRegistrationDelegate.java:330)- Bean 'userMapper' of type [org.mybatis.spring.mapper.MapperFactoryBean] is not eligible for getting processed by all BeanPostProcessors (for example: not eligible for auto-proxying)
2020-07-31 13:24:04,971 INFO (PostProcessorRegistrationDelegate.java:330)- Bean 'userMapper' of type [com.sun.proxy.$Proxy66] is not eligible for getting processed by all BeanPostProcessors (for example: not eligible for auto-proxying)
2020-07-31 13:24:04,971 INFO (PostProcessorRegistrationDelegate.java:330)- Bean 'customRealm' of type [org.hds.config.MyShiroRealm] is not eligible for getting processed by all BeanPostProcessors (for example: not eligible for auto-proxying)
2020-07-31 13:24:04,971 INFO (PostProcessorRegistrationDelegate.java:330)- Bean 'securityManager' of type [org.apache.shiro.web.mgt.DefaultWebSecurityManager] is not eligible for getting processed by all BeanPostProcessors (for example: not eligible for auto-proxying)
2020-07-31 13:24:05,033 INFO (PostProcessorRegistrationDelegate.java:330)- Bean 'org.springframework.transaction.annotation.ProxyTransactionManagementConfiguration' of type [org.springframework.transaction.annotation.ProxyTransactionManagementConfiguration$$EnhancerBySpringCGLIB$$69d41ec5] is not eligible for getting processed by all BeanPostProcessors (for example: not eligible for auto-proxying)
2020-07-31 13:24:05,033 INFO (PostProcessorRegistrationDelegate.java:330)- Bean 'authorizationAttributeSourceAdvisor' of type [org.apache.shiro.spring.security.interceptor.AuthorizationAttributeSourceAdvisor] is not eligible for getting processed by all BeanPostProcessors (for example: not eligible for auto-proxying)
2020-07-31 13:24:05,658 INFO (TomcatWebServer.java:90)- Tomcat initialized with port(s): 8011 (http)
2020-07-31 13:24:05,674 INFO (DirectJDKLog.java:173)- Initializing ProtocolHandler ["http-nio-8011"]
2020-07-31 13:24:05,689 INFO (DirectJDKLog.java:173)- Starting service [Tomcat]
2020-07-31 13:24:05,689 INFO (DirectJDKLog.java:173)- Starting Servlet engine: [Apache Tomcat/9.0.16]
2020-07-31 13:24:05,689 INFO (DirectJDKLog.java:173)- The APR based Apache Tomcat Native library which allows optimal performance in production environments was not found on the java.library.path: [C:\Program Files\Java\jre1.8.0_241\bin;C:\WINDOWS\Sun\Java\bin;C:\WINDOWS\system32;C:\WINDOWS;C:/Program Files/Java/jre1.8.0_241/bin/server;C:/Program Files/Java/jre1.8.0_241/bin;C:/Program Files/Java/jre1.8.0_241/lib/amd64;C:\Program Files (x86)\Common Files\Oracle\Java\javapath;C:\Program Files (x86)\Intel\Intel(R) Management Engine Components\iCLS\;C:\Program Files\Intel\Intel(R) Management Engine Components\iCLS\;C:\Windows\system32;C:\Windows;C:\Windows\System32\Wbem;C:\Windows\System32\WindowsPowerShell\v1.0\;C:\Windows\System32\OpenSSH\;C:\Program Files (x86)\Intel\Intel(R) Management Engine Components\DAL;C:\Program Files\Intel\Intel(R) Management Engine Components\DAL;C:\Program Files (x86)\Intel\Intel(R) Management Engine Components\IPT;C:\Program Files\Intel\Intel(R) Management Engine Components\IPT;C:\Program Files (x86)\NVIDIA Corporation\PhysX\Common;C:\Program Files\NVIDIA Corporation\NVIDIA NvDLISR;C:\Program Files\MySQL\bin;C:\Program Files\Java\jre1.8.0_202\bin;C:\Program Files\Microsoft\Web Platform Installer\;C:\Program Files (x86)\Microsoft ASP.NET\ASP.NET Web Pages\v1.0\;C:\Program Files (x86)\Windows Kits\8.0\Windows Performance Toolkit\;C:\Program Files\Microsoft SQL Server\110\Tools\Binn\;C:\Program Files (x86)\Microsoft SQL Server\100\Tools\Binn\;C:\Program Files\Microsoft SQL Server\100\Tools\Binn\;C:\Program Files\Microsoft SQL Server\100\DTS\Binn\;C:\Program Files (x86)\Microsoft SQL Server\100\Tools\Binn\VSShell\Common7\IDE\;C:\Program Files (x86)\Microsoft Visual Studio 9.0\Common7\IDE\PrivateAssemblies\;C:\Program Files (x86)\Microsoft SQL Server\100\DTS\Binn\;d:\Program Files\Git\cmd;C:\WINDOWS\system32;C:\WINDOWS;C:\WINDOWS\System32\Wbem;C:\WINDOWS\System32\WindowsPowerShell\v1.0\;C:\WINDOWS\System32\OpenSSH\;D:\Program Files\apache-maven-3.6.3\bin;C:\Users\86139\AppData\Local\Programs\Python\Python38-32\Scripts\;C:\Users\86139\AppData\Local\Programs\Python\Python38-32\;C:\Users\86139\AppData\Local\Microsoft\WindowsApps;;D:\eclipse;;.]
2020-07-31 13:24:05,835 INFO (DirectJDKLog.java:173)- Initializing Spring embedded WebApplicationContext
2020-07-31 13:24:05,835 INFO (ServletWebServerApplicationContext.java:296)- Root WebApplicationContext: initialization completed in 3499 ms
2020-07-31 13:24:06,928 INFO (ExecutorConfigurationSupport.java:171)- Initializing ExecutorService 'applicationTaskExecutor'
2020-07-31 13:24:07,149 WARN (TemplateMode.java:150)- [THYMELEAF][restartedMain] Template Mode 'LEGACYHTML5' is deprecated. Using Template Mode 'HTML' instead.
2020-07-31 13:24:07,196 INFO (WelcomePageHandlerMapping.java:61)- Adding welcome page template: index
2020-07-31 13:24:07,305 INFO (ExecutorConfigurationSupport.java:171)- Initializing ExecutorService 'taskScheduler'
2020-07-31 13:24:08,523 INFO (OptionalLiveReloadServer.java:57)- LiveReload server is running on port 35729
2020-07-31 13:24:08,569 INFO (DirectJDKLog.java:173)- Starting ProtocolHandler ["http-nio-8011"]
2020-07-31 13:24:08,600 INFO (TomcatWebServer.java:204)- Tomcat started on port(s): 8011 (http) with context path ''
2020-07-31 13:24:08,600 INFO (StartupInfoLogger.java:59)- Started Application in 6.912 seconds (JVM running for 7.43)
2020-07-31 13:24:26,195 INFO (DirectJDKLog.java:173)- A cookie header was received [1596170068; Hm_lpvt_b393d153aeb26b46e9431fabaf0f6190=1596170068] that contained an invalid cookie. That cookie will be ignored.
 Note: further occurrences of this error will be logged at DEBUG level.
2020-07-31 13:24:26,207 INFO (DirectJDKLog.java:173)- Initializing Spring DispatcherServlet 'dispatcherServlet'
2020-07-31 13:24:26,207 INFO (FrameworkServlet.java:524)- Initializing Servlet 'dispatcherServlet'
2020-07-31 13:24:26,217 INFO (FrameworkServlet.java:546)- Completed initialization in 10 ms
2020-07-31 13:24:26,308 INFO (LoginController.java:49)- /Index Open
2020-07-31 13:24:27,061 INFO (LoginController.java:49)- /Index Open
2020-07-31 13:24:35,844 INFO (DruidDataSource.java:930)- {dataSource-1} inited
2020-07-31 13:24:36,330 INFO (operateLog.java:29)- ===用户登录:admin返回结果:{"result":"success","adminInfo":{"adminRemarks":"VmpGYVYyRXhWWGxXYmtwT1ZteGFiMXBYZUV0VU1YQllaRWhPVDFKc1NuaFZWM1JMWVVaR1ZVMUVhejA9","admincount":0,"adminid":1,"adminlevel":1,"adminname":"admin","adminpermission":"1111111","adminpwd":"","adminstatus":0,"delindex":0,"grpcount":0,"issuperuser":1,"parentid":0,"projectid":""}}===
2020-07-31 13:24:36,361 INFO (DruidDataSource.java:930)- {dataSource-2} inited
2020-07-31 13:24:36,485 INFO (MainController.java:27)- /main Open
2020-07-31 13:24:36,900 INFO (operateLog.java:29)- ===用户:admin/getGroup===
2020-07-31 13:24:38,835 INFO (taxiMangerController.java:42)- /taxiManger Open
2020-07-31 13:24:38,986 INFO (operateLog.java:29)- ===用户:admin/getProjectListbyuser===
2020-07-31 13:24:39,007 INFO (operateLog.java:29)- ===用户:admin/getGroupbyProjectid===
2020-07-31 13:24:39,314 INFO (operateLog.java:29)- ===用户:admin/getTerminalsbypageNum===
